INFO-FLOW: Workspace C:/Users/lexoi/OneDrive/Bureau/Automne2024/INF3610/lab2/code_de_depart/hls_architecture2/architecture_exploration/hls_mmult_prj/solution2_2 opened at Wed Dec 04 01:20:06 -0500 2024
Execute     config_clock -quiet -name default -period 10 -default=false 
INFO: [SYN 201-201] Setting up clock 'default' with a period of 10ns.
Execute     open_platform DefaultPlatform 
Execute     import_lib C:/Xilinx/Vivado/2018.3/common/technology/xilinx/zynq/zynq 
Execute       source C:/Xilinx/Vivado/2018.3/common/technology/xilinx/common/xilinx.lib 
Execute         source C:/Xilinx/Vivado/2018.3/common/technology/xilinx/interface/xilinx_interface.lib 
Execute           source C:/Xilinx/Vivado/2018.3/common/technology/xilinx/interface/plb46.lib 
Execute           source C:/Xilinx/Vivado/2018.3/common/technology/xilinx/interface/fsl.lib 
Execute           source C:/Xilinx/Vivado/2018.3/common/technology/xilinx/interface/axi4.lib 
Execute           source C:/Xilinx/Vivado/2018.3/common/technology/xilinx/interface/maxi.lib 
Execute           source C:/Xilinx/Vivado/2018.3/common/technology/xilinx/interface/saxilite.lib 
Execute         source C:/Xilinx/Vivado/2018.3/common/technology/xilinx/common/dsp48.lib 
Execute         source C:/Xilinx/Vivado/2018.3/common/technology/xilinx/ip/dds_compiler.lib 
Execute         source C:/Xilinx/Vivado/2018.3/common/technology/xilinx/ip/xfft.lib 
Execute         source C:/Xilinx/Vivado/2018.3/common/technology/xilinx/ip/xfir.lib 
Execute       source C:/Xilinx/Vivado/2018.3/common/technology/xilinx/common/xilinx_old.lib 
Execute       source C:/Xilinx/Vivado/2018.3/common/technology/xilinx/common/xilinx_vivado.lib 
Execute       source C:/Xilinx/Vivado/2018.3/common/technology/xilinx/common/xilinx.hlp 
Execute         source C:/Xilinx/Vivado/2018.3/common/technology/xilinx/common/target_info.tcl 
Execute         source C:/Xilinx/Vivado/2018.3/common/technology/xilinx/interface/xilinx_interface.hlp 
Execute           source C:/Xilinx/Vivado/2018.3/common/technology/xilinx/interface/maxi.hlp 
Execute           source C:/Xilinx/Vivado/2018.3/common/technology/xilinx/interface/saxilite.hlp 
Execute         source C:/Xilinx/Vivado/2018.3/common/technology/xilinx/common/dsp48.hlp 
Execute       source C:/Xilinx/Vivado/2018.3/common/technology/xilinx/zynq/dsp48e1.hlp 
Execute       get_default_platform 
Execute       config_chip_info -quiet -resource  {SLICE 13300}  {LUT 53200}     {FF 106400} {DSP48E 220}   {BRAM 280}  
Execute       config_chip_info -quiet -speed medium 
Execute       source C:/Xilinx/Vivado/2018.3/common/technology/xilinx/common/xilinx.hlp 
Execute         source C:/Xilinx/Vivado/2018.3/common/technology/xilinx/common/target_info.tcl 
Execute         source C:/Xilinx/Vivado/2018.3/common/technology/xilinx/interface/xilinx_interface.hlp 
Execute           source C:/Xilinx/Vivado/2018.3/common/technology/xilinx/interface/maxi.hlp 
Execute           source C:/Xilinx/Vivado/2018.3/common/technology/xilinx/interface/saxilite.hlp 
Execute         source C:/Xilinx/Vivado/2018.3/common/technology/xilinx/common/dsp48.hlp 
Execute     source C:/Xilinx/Vivado/2018.3/common/technology/xilinx/zynq/zynq.gen 
Execute       source C:/Xilinx/Vivado/2018.3/common/technology/xilinx/common/virtex.gen 
Execute         source C:/Xilinx/Vivado/2018.3/common/technology/xilinx/common/xilinx.gen 
Execute           source C:/Xilinx/Vivado/2018.3/common/technology/xilinx/interface/plb46.gen 
Execute           source C:/Xilinx/Vivado/2018.3/common/technology/xilinx/interface/fsl.gen 
Execute           source C:/Xilinx/Vivado/2018.3/common/technology/xilinx/interface/axi4.gen 
Execute           source C:/Xilinx/Vivado/2018.3/common/technology/xilinx/interface/nativeAXI4.gen 
Execute             source C:/Xilinx/Vivado/2018.3/common/technology/xilinx/interface/saxilite.gen 
Execute             source C:/Xilinx/Vivado/2018.3/common/technology/xilinx/interface/maxi.gen 
Execute           source C:/Xilinx/Vivado/2018.3/common/technology/xilinx/scripts/xilinxcoregen.gen 
Execute           source C:/Xilinx/Vivado/2018.3/common/technology/xilinx/interface/XilEDKCoreGen.gen 
Execute           source C:/Xilinx/Vivado/2018.3/common/technology/xilinx/ip/dds_compiler.gen 
Execute           source C:/Xilinx/Vivado/2018.3/common/technology/xilinx/ip/util.gen 
Execute           source C:/Xilinx/Vivado/2018.3/common/technology/xilinx/ip/xfft.gen 
Command           ap_source done; 0.206 sec.
Execute           source C:/Xilinx/Vivado/2018.3/common/technology/xilinx/ip/xfir.gen 
Command         ap_source done; 0.327 sec.
Execute         source C:/Xilinx/Vivado/2018.3/common/technology/xilinx/common/dsp48.gen 
Command       ap_source done; 0.338 sec.
Command     ap_source done; 0.34 sec.
Execute     open_platform DefaultPlatform 
Execute     import_lib C:/Xilinx/Vivado/2018.3/common/technology/xilinx/zynq/zynq_fpv6 
Execute       source C:/Xilinx/Vivado/2018.3/common/technology/xilinx/common/xilinx_fpv7.lib 
Execute         source C:/Xilinx/Vivado/2018.3/common/technology/xilinx/common/xilinx_hp.lib 
Execute       source C:/Xilinx/Vivado/2018.3/common/technology/xilinx/common/xilinx_fpv.hlp 
Execute         source C:/Xilinx/Vivado/2018.3/common/technology/xilinx/common/xilinx.hlp 
Execute           source C:/Xilinx/Vivado/2018.3/common/technology/xilinx/common/target_info.tcl 
Execute           source C:/Xilinx/Vivado/2018.3/common/technology/xilinx/interface/xilinx_interface.hlp 
Execute             source C:/Xilinx/Vivado/2018.3/common/technology/xilinx/interface/maxi.hlp 
Execute             source C:/Xilinx/Vivado/2018.3/common/technology/xilinx/interface/saxilite.hlp 
Execute           source C:/Xilinx/Vivado/2018.3/common/technology/xilinx/common/dsp48.hlp 
Execute       source C:/Xilinx/Vivado/2018.3/common/technology/xilinx/zynq/zynq_hp.hlp 
Execute     source C:/Xilinx/Vivado/2018.3/common/technology/xilinx/zynq/zynq_fpv6.gen 
Execute       source C:/Xilinx/Vivado/2018.3/common/technology/xilinx/common/xilinx_fpv6.gen 
Execute     set_part xc7z020clg484-1 
Execute       add_library xilinx/zynq/zynq:xc7z020:clg484:-1 
Execute         get_default_platform 
Execute         license_isbetapart xc7z020 
Command         license_isbetapart done; error code: 1; 
Execute         get_default_platform 
Execute         config_chip_info -quiet -resource  {SLICE 13300}  {LUT 53200}     {FF 106400} {DSP48E 220}   {BRAM 280}  
Execute         config_chip_info -quiet -speed slow 
Execute       add_library xilinx/zynq/zynq_fpv6 
Execute         get_default_platform 
INFO: [HLS 200-10] Setting target device to 'xc7z020clg484-1'
Execute       get_default_platform 
Command     set_part done; 0.148 sec.
Execute     get_default_platform 
Execute     config_chip_info -quiet -resource  {SLICE 13300}  {LUT 53200}     {FF 106400} {DSP48E 220}   {BRAM 280}  
Execute     config_chip_info -quiet -speed slow 
Command   open_solution done; 0.759 sec.
Execute   set_part xc7z020clg484-1 
Execute     add_library xilinx/zynq/zynq:xc7z020:clg484:-1 
Execute       get_default_platform 
Execute       license_isbetapart xc7z020 
Command       license_isbetapart done; error code: 1; 
Execute       get_default_platform 
Execute       config_chip_info -quiet -resource  {SLICE 13300}  {LUT 53200}     {FF 106400} {DSP48E 220}   {BRAM 280}  
Execute       config_chip_info -quiet -speed slow 
Execute     add_library xilinx/zynq/zynq_fpv6 
Execute       get_default_platform 
Execute     get_default_platform 
Execute   create_clock -period 10 -name default 
Execute   source ./hls_mmult_prj/solution2_2/directives.tcl 
Execute     set_directive_pipeline -II 1 mmult_hw/L2 
INFO-FLOW: Setting directive 'PIPELINE' II=1 
Execute     set_directive_array_partition -type complete -dim 2 mmult_hw a 
INFO-FLOW: Setting directive 'PIPELINE' II=1 
INFO-FLOW: Setting directive 'ARRAY_PARTITION' partition=positionBooleanCmd variable=positionBooleanTextRequireda complete=positionBoolean0type dim=2 
Execute     set_directive_array_partition -type complete -dim 1 mmult_hw b 
INFO-FLOW: Setting directive 'PIPELINE' II=1 
INFO-FLOW: Setting directive 'ARRAY_PARTITION' partition=positionBooleanCmd variable=positionBooleanTextRequireda complete=positionBoolean0type dim=2 
INFO-FLOW: Setting directive 'ARRAY_PARTITION' partition=positionBooleanCmd variable=positionBooleanTextRequiredb complete=positionBoolean0type dim=1 
Execute   csynth_design 
Execute     get_config_compile -effort 
Execute     get_config_compile -enable_clang39 
Execute     get_config_compile -g 
Execute     get_config_compile -lm 
Execute     get_config_compile -ng 
Execute     get_config_compile -opt_fp 
Execute     get_config_compile -skip_cdt 
Execute     get_config_compile -skip_syncheck 
Execute     get_config_compile -skip_transform 
Execute     config_compile -blackbox  
Command     config_compile done; 0.118 sec.
Execute     get_config_compile -keep_printf 
Execute     elaborate -effort=medium -skip_syncheck=0 -keep_printf=0 -lm=0 -skip_cdt=0 -skip_transform=0 -ng=0 -g=0 -opt_fp=0 -from_csynth_design=1 
Execute       get_config_schedule -relax_ii_for_timing 
INFO: [SCHED 204-61] Option 'relax_ii_for_timing' is enabled, will increase II to preserve clock frequency constraints.
Execute       get_config_schedule -suppress_dependence_error_break 
INFO: [HLS 200-10] Analyzing design file 'mmult_accel.cpp' ... 
INFO-FLOW: Compiling one TU...
Execute       is_m_axi_addr64 
INFO-FLOW: Handling mmult_accel.cpp as C++
Execute       get_default_platform 
Execute       is_encrypted mmult_accel.cpp 
Execute       get_default_platform 
INFO-FLOW: Running: GCC PP
INFO-FLOW: Source preprocessing
Execute       clang  -fno-limit-debug-info -gcc-toolchain "C:/Xilinx/Vivado/2018.3/msys" -hls  -fno-exceptions  -D__llvm__  -E "mmult_accel.cpp"     -fno-math-errno -c -emit-llvm -O0  -mllvm -disable-llvm-optzns -fno-threadsafe-statics  -fno-use-cxa-atexit  -fno-threadsafe-statics -fno-use-cxa-atexit -D__CLANG_3_1__ -D__cdecl= -DAESL_SYN -D__SYNTHESIS__ -D__HLS_SYN__ -I "C:/Xilinx/Vivado/2018.3/common/technology/autopilot" -I "C:/Xilinx/Vivado/2018.3/common/technology/autopilot/ap_sysc" -include etc/autopilot_ssdm_op.h -D__DSP48E1__  -o "C:/Users/lexoi/OneDrive/Bureau/Automne2024/INF3610/lab2/code_de_depart/hls_architecture2/architecture_exploration/hls_mmult_prj/solution2_2/.autopilot/db/mmult_accel.pp.0.cpp" 
INFO-FLOW: exec C:/Xilinx/Vivado/2018.3/win64/tools/clang/bin/clang -fno-limit-debug-info -gcc-toolchain C:/Xilinx/Vivado/2018.3/msys -hls -fno-exceptions -D__llvm__ -E mmult_accel.cpp -fno-math-errno -c -emit-llvm -O0 -mllvm -disable-llvm-optzns -fno-threadsafe-statics -fno-use-cxa-atexit -fno-threadsafe-statics -fno-use-cxa-atexit -D__CLANG_3_1__ -D__cdecl= -DAESL_SYN -D__SYNTHESIS__ -D__HLS_SYN__ -I C:/Xilinx/Vivado/2018.3/common/technology/autopilot -I C:/Xilinx/Vivado/2018.3/common/technology/autopilot/ap_sysc -include etc/autopilot_ssdm_op.h -D__DSP48E1__ -o C:/Users/lexoi/OneDrive/Bureau/Automne2024/INF3610/lab2/code_de_depart/hls_architecture2/architecture_exploration/hls_mmult_prj/solution2_2/.autopilot/db/mmult_accel.pp.0.cpp
Command       clang done; 1.866 sec.
Execute       tidy_31 xilinx-xfmat-array-geometry C:/Users/lexoi/OneDrive/Bureau/Automne2024/INF3610/lab2/code_de_depart/hls_architecture2/architecture_exploration/hls_mmult_prj/solution2_2/.autopilot/db/mmult_accel.pp.0.cpp std=gnu++98 
INFO-FLOW: exec C:/Xilinx/Vivado/2018.3/win64/tools/clang-3.9-csynth/bin/tidy-3.1 -header-filter=.* -checks=-*,xilinx-xfmat-array-geometry -quiet -fix C:/Users/lexoi/OneDrive/Bureau/Automne2024/INF3610/lab2/code_de_depart/hls_architecture2/architecture_exploration/hls_mmult_prj/solution2_2/.autopilot/db/mmult_accel.pp.0.cpp -- -std=gnu++98 -fhls -ferror-limit=0
Command       tidy_31 done; 0.729 sec.
INFO-FLOW: Syntax Checking before pre-processing...
Execute       clang -syntaxcheck -src C:/Users/lexoi/OneDrive/Bureau/Automne2024/INF3610/lab2/code_de_depart/hls_architecture2/architecture_exploration/hls_mmult_prj/solution2_2/.autopilot/db/mmult_accel.pp.0.cpp  -fno-limit-debug-info -gcc-toolchain "C:/Xilinx/Vivado/2018.3/msys" -hls    -fno-math-errno -c -emit-llvm -O0  -mllvm -disable-llvm-optzns -fno-threadsafe-statics  -fno-use-cxa-atexit  -fno-threadsafe-statics -fno-use-cxa-atexit -D__CLANG_3_1__ -D__cdecl= -DAESL_SYN -D__SYNTHESIS__ -D__HLS_SYN__ -I "C:/Xilinx/Vivado/2018.3/common/technology/autopilot" -I "C:/Xilinx/Vivado/2018.3/common/technology/autopilot/ap_sysc" -include etc/autopilot_ssdm_op.h -D__DSP48E1__  "C:/Users/lexoi/OneDrive/Bureau/Automne2024/INF3610/lab2/code_de_depart/hls_architecture2/architecture_exploration/hls_mmult_prj/solution2_2/.autopilot/db/mmult_accel.pp.0.cpp"  -o "C:/Users/lexoi/OneDrive/Bureau/Automne2024/INF3610/lab2/code_de_depart/hls_architecture2/architecture_exploration/hls_mmult_prj/solution2_2/.autopilot/db/useless.bc"  
INFO-FLOW: exec C:/Xilinx/Vivado/2018.3/win64/tools/clang/bin/clang -fno-limit-debug-info -gcc-toolchain C:/Xilinx/Vivado/2018.3/msys -hls -fno-math-errno -c -emit-llvm -O0 -mllvm -disable-llvm-optzns -fno-threadsafe-statics -fno-use-cxa-atexit -fno-threadsafe-statics -fno-use-cxa-atexit -D__CLANG_3_1__ -D__cdecl= -DAESL_SYN -D__SYNTHESIS__ -D__HLS_SYN__ -I C:/Xilinx/Vivado/2018.3/common/technology/autopilot -I C:/Xilinx/Vivado/2018.3/common/technology/autopilot/ap_sysc -include etc/autopilot_ssdm_op.h -D__DSP48E1__ C:/Users/lexoi/OneDrive/Bureau/Automne2024/INF3610/lab2/code_de_depart/hls_architecture2/architecture_exploration/hls_mmult_prj/solution2_2/.autopilot/db/mmult_accel.pp.0.cpp -o C:/Users/lexoi/OneDrive/Bureau/Automne2024/INF3610/lab2/code_de_depart/hls_architecture2/architecture_exploration/hls_mmult_prj/solution2_2/.autopilot/db/useless.bc
Command       clang done; 1.596 sec.
INFO-FLOW: Done: GCC PP time: 4.2 seconds per iteration
INFO-FLOW: Setting directive 'PIPELINE' II=1 
INFO-FLOW: Setting directive 'ARRAY_PARTITION' partition=positionBooleanCmd variable=positionBooleanTextRequireda complete=positionBoolean0type dim=2 
INFO-FLOW: Setting directive 'ARRAY_PARTITION' partition=positionBooleanCmd variable=positionBooleanTextRequiredb complete=positionBoolean0type dim=1 
INFO-FLOW: Setting directive 'PIPELINE' II=1 
INFO-FLOW: Setting directive 'ARRAY_PARTITION' partition=positionBooleanCmd variable=positionBooleanTextRequireda complete=positionBoolean0type dim=2 
INFO-FLOW: Setting directive 'ARRAY_PARTITION' partition=positionBooleanCmd variable=positionBooleanTextRequiredb complete=positionBoolean0type dim=1 
Execute       list_core -type functional_unit 
Execute       tidy_31 xilinx-systemc-detector C:/Users/lexoi/OneDrive/Bureau/Automne2024/INF3610/lab2/code_de_depart/hls_architecture2/architecture_exploration/hls_mmult_prj/solution2_2/.autopilot/db/mmult_accel.pp.0.cpp std=gnu++98 -directive=C:/Users/lexoi/OneDrive/Bureau/Automne2024/INF3610/lab2/code_de_depart/hls_architecture2/architecture_exploration/hls_mmult_prj/solution2_2/.autopilot/db/.systemc_flag 
INFO-FLOW: exec C:/Xilinx/Vivado/2018.3/win64/tools/clang-3.9-csynth/bin/tidy-3.1 -header-filter=.* -checks=-*,xilinx-systemc-detector -import-directive=C:/Users/lexoi/OneDrive/Bureau/Automne2024/INF3610/lab2/code_de_depart/hls_architecture2/architecture_exploration/hls_mmult_prj/solution2_2/.autopilot/db/.systemc_flag -quiet -fix-errors C:/Users/lexoi/OneDrive/Bureau/Automne2024/INF3610/lab2/code_de_depart/hls_architecture2/architecture_exploration/hls_mmult_prj/solution2_2/.autopilot/db/mmult_accel.pp.0.cpp -- -std=gnu++98 -fhls -ferror-limit=0
Command       tidy_31 done; 0.49 sec.
INFO-FLOW: Running: tidy-3.1 CDT preprocess
Execute       tidy_31 xilinx-directive2pragma C:/Users/lexoi/OneDrive/Bureau/Automne2024/INF3610/lab2/code_de_depart/hls_architecture2/architecture_exploration/hls_mmult_prj/solution2_2/.autopilot/db/mmult_accel.pp.0.cpp std=gnu++98 -directive=C:/Users/lexoi/OneDrive/Bureau/Automne2024/INF3610/lab2/code_de_depart/hls_architecture2/architecture_exploration/hls_mmult_prj/solution2_2/.autopilot/db/all.directive.json 
INFO-FLOW: exec C:/Xilinx/Vivado/2018.3/win64/tools/clang-3.9-csynth/bin/tidy-3.1 -header-filter=.* -checks=-*,xilinx-directive2pragma -import-directive=C:/Users/lexoi/OneDrive/Bureau/Automne2024/INF3610/lab2/code_de_depart/hls_architecture2/architecture_exploration/hls_mmult_prj/solution2_2/.autopilot/db/all.directive.json -quiet -fix-errors C:/Users/lexoi/OneDrive/Bureau/Automne2024/INF3610/lab2/code_de_depart/hls_architecture2/architecture_exploration/hls_mmult_prj/solution2_2/.autopilot/db/mmult_accel.pp.0.cpp -- -std=gnu++98 -fhls -ferror-limit=0
Command       tidy_31 done; 1.188 sec.
Execute       get_config_dataflow -strict_mode 
Execute       ap_eval exec -ignorestderr C:/Xilinx/Vivado/2018.3/win64/tools/clang-3.9-csynth/bin/xilinx-dataflow-lawyer -export-fixes=C:/Users/lexoi/OneDrive/Bureau/Automne2024/INF3610/lab2/code_de_depart/hls_architecture2/architecture_exploration/hls_mmult_prj/solution2_2/.autopilot/db/xilinx-dataflow-lawyer.mmult_accel.pp.0.cpp.diag.yml C:/Users/lexoi/OneDrive/Bureau/Automne2024/INF3610/lab2/code_de_depart/hls_architecture2/architecture_exploration/hls_mmult_prj/solution2_2/.autopilot/db/mmult_accel.pp.0.cpp -- -std=gnu++98 -fhls -ferror-limit=0 -fstrict-dataflow > C:/Users/lexoi/OneDrive/Bureau/Automne2024/INF3610/lab2/code_de_depart/hls_architecture2/architecture_exploration/hls_mmult_prj/solution2_2/.autopilot/db/xilinx-dataflow-lawyer.mmult_accel.pp.0.cpp.out.log 2> C:/Users/lexoi/OneDrive/Bureau/Automne2024/INF3610/lab2/code_de_depart/hls_architecture2/architecture_exploration/hls_mmult_prj/solution2_2/.autopilot/db/xilinx-dataflow-lawyer.mmult_accel.pp.0.cpp.err.log 
Command       ap_eval done; 0.49 sec.
Execute       tidy_31 -errorcheck xilinx-constantarray-param,xilinx-resource-pragma-transformer,xilinx-xfmat-array-geometry C:/Users/lexoi/OneDrive/Bureau/Automne2024/INF3610/lab2/code_de_depart/hls_architecture2/architecture_exploration/hls_mmult_prj/solution2_2/.autopilot/db/mmult_accel.pp.0.cpp std=gnu++98 
Execute         ap_eval exec -ignorestderr C:/Xilinx/Vivado/2018.3/win64/tools/clang-3.9-csynth/bin/tidy-3.1 -export-fixes=C:/Users/lexoi/OneDrive/Bureau/Automne2024/INF3610/lab2/code_de_depart/hls_architecture2/architecture_exploration/hls_mmult_prj/solution2_2/.autopilot/db/tidy-3.1.mmult_accel.pp.0.cpp.diag.yml -header-filter=.* -checks=-*,xilinx-constantarray-param,xilinx-resource-pragma-transformer,xilinx-xfmat-array-geometry -quiet -fix-errors C:/Users/lexoi/OneDrive/Bureau/Automne2024/INF3610/lab2/code_de_depart/hls_architecture2/architecture_exploration/hls_mmult_prj/solution2_2/.autopilot/db/mmult_accel.pp.0.cpp -- -std=gnu++98 -fhls -ferror-limit=0 > C:/Users/lexoi/OneDrive/Bureau/Automne2024/INF3610/lab2/code_de_depart/hls_architecture2/architecture_exploration/hls_mmult_prj/solution2_2/.autopilot/db/tidy-3.1.mmult_accel.pp.0.cpp.out.log 2> C:/Users/lexoi/OneDrive/Bureau/Automne2024/INF3610/lab2/code_de_depart/hls_architecture2/architecture_exploration/hls_mmult_prj/solution2_2/.autopilot/db/tidy-3.1.mmult_accel.pp.0.cpp.err.log 
Command         ap_eval done; 1.051 sec.
Execute         ap_eval exec -ignorestderr C:/Xilinx/Vivado/2018.3/win64/tools/clang-3.9-csynth/bin/xilinx-legacy-rewriter C:/Users/lexoi/OneDrive/Bureau/Automne2024/INF3610/lab2/code_de_depart/hls_architecture2/architecture_exploration/hls_mmult_prj/solution2_2/.autopilot/db/mmult_accel.pp.0.cpp -- -std=gnu++98 -fhls -ferror-limit=0 > C:/Users/lexoi/OneDrive/Bureau/Automne2024/INF3610/lab2/code_de_depart/hls_architecture2/architecture_exploration/hls_mmult_prj/solution2_2/.autopilot/db/xilinx-legacy-rewriter.mmult_accel.pp.0.cpp.out.log 2> C:/Users/lexoi/OneDrive/Bureau/Automne2024/INF3610/lab2/code_de_depart/hls_architecture2/architecture_exploration/hls_mmult_prj/solution2_2/.autopilot/db/xilinx-legacy-rewriter.mmult_accel.pp.0.cpp.err.log 
Command         ap_eval done; 0.516 sec.
Command       tidy_31 done; 1.62 sec.
INFO-FLOW: Done: tidy-3.1 CDT preprocess time: 3.3 seconds per iteration
INFO-FLOW: Pragma Handling...
Execute       tidy_31 xilinx-ssdm-intrinsics-arguments C:/Users/lexoi/OneDrive/Bureau/Automne2024/INF3610/lab2/code_de_depart/hls_architecture2/architecture_exploration/hls_mmult_prj/solution2_2/.autopilot/db/mmult_accel.pragma.1.cpp std=gnu++98 
INFO-FLOW: exec C:/Xilinx/Vivado/2018.3/win64/tools/clang-3.9-csynth/bin/tidy-3.1 -header-filter=.* -checks=-*,xilinx-ssdm-intrinsics-arguments -quiet -fix-errors C:/Users/lexoi/OneDrive/Bureau/Automne2024/INF3610/lab2/code_de_depart/hls_architecture2/architecture_exploration/hls_mmult_prj/solution2_2/.autopilot/db/mmult_accel.pragma.1.cpp -- -std=gnu++98 -fhls -ferror-limit=0
Command       tidy_31 done; 0.993 sec.
Execute       get_default_platform 
INFO-FLOW: Processing labels
Execute       clang -src C:/Users/lexoi/OneDrive/Bureau/Automne2024/INF3610/lab2/code_de_depart/hls_architecture2/architecture_exploration/hls_mmult_prj/solution2_2/.autopilot/db/mmult_accel.pragma.2.cpp  -fno-limit-debug-info -gcc-toolchain C:/Xilinx/Vivado/2018.3/msys -hls -hls-analyze-label -hls-analyze-pragma -fno-exceptions  -D__llvm__  -w  "C:/Users/lexoi/OneDrive/Bureau/Automne2024/INF3610/lab2/code_de_depart/hls_architecture2/architecture_exploration/hls_mmult_prj/solution2_2/.autopilot/db/mmult_accel.pragma.2.cpp"    -fno-math-errno -c -emit-llvm -O0  -mllvm -disable-llvm-optzns -fno-threadsafe-statics  -fno-use-cxa-atexit -DAESL_SYN -D__SYNTHESIS__ -D__HLS_SYN__ -I "C:/Xilinx/Vivado/2018.3/common/technology/autopilot" -I "C:/Xilinx/Vivado/2018.3/common/technology/autopilot/ap_sysc" -include etc/autopilot_ssdm_op.h -D__DSP48E1__ -g -o "C:/Users/lexoi/OneDrive/Bureau/Automne2024/INF3610/lab2/code_de_depart/hls_architecture2/architecture_exploration/hls_mmult_prj/solution2_2/.autopilot/db/mmult_accel.bc" 
INFO-FLOW: exec C:/Xilinx/Vivado/2018.3/win64/tools/clang/bin/clang -fno-limit-debug-info -gcc-toolchain C:/Xilinx/Vivado/2018.3/msys -hls -hls-analyze-label -hls-analyze-pragma -fno-exceptions -D__llvm__ -w C:/Users/lexoi/OneDrive/Bureau/Automne2024/INF3610/lab2/code_de_depart/hls_architecture2/architecture_exploration/hls_mmult_prj/solution2_2/.autopilot/db/mmult_accel.pragma.2.cpp -fno-math-errno -c -emit-llvm -O0 -mllvm -disable-llvm-optzns -fno-threadsafe-statics -fno-use-cxa-atexit -DAESL_SYN -D__SYNTHESIS__ -D__HLS_SYN__ -I C:/Xilinx/Vivado/2018.3/common/technology/autopilot -I C:/Xilinx/Vivado/2018.3/common/technology/autopilot/ap_sysc -include etc/autopilot_ssdm_op.h -D__DSP48E1__ -g -o C:/Users/lexoi/OneDrive/Bureau/Automne2024/INF3610/lab2/code_de_depart/hls_architecture2/architecture_exploration/hls_mmult_prj/solution2_2/.autopilot/db/mmult_accel.bc
Command       clang done; 1.392 sec.
INFO-FLOW: Linking Debug ...
Execute       llvm-ld C:/Users/lexoi/OneDrive/Bureau/Automne2024/INF3610/lab2/code_de_depart/hls_architecture2/architecture_exploration/hls_mmult_prj/solution2_2/.autopilot/db/mmult_accel.g.bc -hls-opt -except-internalize mmult_hw -LC:/Xilinx/Vivado/2018.3/win64/lib -lhlsm -lhlsmc++ -o C:/Users/lexoi/OneDrive/Bureau/Automne2024/INF3610/lab2/code_de_depart/hls_architecture2/architecture_exploration/hls_mmult_prj/solution2_2/.autopilot/db/a.g 
Command       llvm-ld done; 1.792 sec.
INFO: [HLS 200-111] Finished Linking Time (s): cpu = 00:00:01 ; elapsed = 00:00:15 . Memory (MB): peak = 102.934 ; gain = 18.375
INFO: [HLS 200-111] Finished Checking Pragmas Time (s): cpu = 00:00:01 ; elapsed = 00:00:15 . Memory (MB): peak = 102.934 ; gain = 18.375
Execute       get_config_sdx -target 
Execute       opt_and_import_c a -opt_level=2 -skip_syncheck=0 -ng=0 -keep_printf=0 
Execute         cleanup_all_models 
INFO: [HLS 200-10] Starting code transformations ...
Execute         transform -promote-dbg-pointer C:/Users/lexoi/OneDrive/Bureau/Automne2024/INF3610/lab2/code_de_depart/hls_architecture2/architecture_exploration/hls_mmult_prj/solution2_2/.autopilot/db/a.pp.bc -o C:/Users/lexoi/OneDrive/Bureau/Automne2024/INF3610/lab2/code_de_depart/hls_architecture2/architecture_exploration/hls_mmult_prj/solution2_2/.autopilot/db/a.pp.0.bc -f 
Execute         llvm-ld C:/Users/lexoi/OneDrive/Bureau/Automne2024/INF3610/lab2/code_de_depart/hls_architecture2/architecture_exploration/hls_mmult_prj/solution2_2/.autopilot/db/a.pp.0.bc -disable-opt -LC:/Xilinx/Vivado/2018.3/win64/lib -lfloatconversion -o C:/Users/lexoi/OneDrive/Bureau/Automne2024/INF3610/lab2/code_de_depart/hls_architecture2/architecture_exploration/hls_mmult_prj/solution2_2/.autopilot/db/a.g.0 
Command         llvm-ld done; 0.421 sec.
INFO-FLOW: Running Standard Transforms...
Execute         transform -hls -share-std-xform -demangle-name -inline-byval-memcpy -always-inline -promote-dbg-pointer -interface-preproc -mem2reg -lower-blackbox -scalarrepl -mem2reg -keep-read-access -instcombine -dce -promote-dbg-pointer -bitop-raise -loop-simplify -indvarspre -indvars -loop-simplify -xunroll -constprop -instcombine -simplifycfg -indvars -simplifycfg -dce -globaldce -basicaa -simplifycfg -mem2reg -globalopt -global-constprop -deadargelim -instcombine -simplifycfg -prune-eh -simplifycfg -scalarrepl -instcombine -reassociate -licm -simplifycfg -loop-simplify -indvars -instcombine -simplifycfg -mem2reg -loop-simplify -indvars -instcombine -gvn -gvn -instcombine -adce -break-crit-edges -simplifycfg -loop-delete -global-array-opt -dce -dse -adce -find-syn-modules -top mmult_hw -deadargelim -mem2reg -instcombine -dce -presyn-prepare -auto-rom-infer -interface-preproc -syn-check -check-rec-only -find-region -simplifycfg -func-extr -function-inline -globaldce -mem2reg -instcombine -dce -gvn -globaldce -adce -adse -constprop -instcombine -bit-constprop -instcombine -dce -simplifycfg -bitop-raise -simplifycfg -dce -loop-delete -reassociate -globalopt -global-privatize -mem2reg -dce -global-constprop -pointer-simplify -constprop -dce -func-inst -deadargelim -auto-shift-reg-idiom -promote-dbg-pointer -norm-name C:/Users/lexoi/OneDrive/Bureau/Automne2024/INF3610/lab2/code_de_depart/hls_architecture2/architecture_exploration/hls_mmult_prj/solution2_2/.autopilot/db/a.g.0.bc -o C:/Users/lexoi/OneDrive/Bureau/Automne2024/INF3610/lab2/code_de_depart/hls_architecture2/architecture_exploration/hls_mmult_prj/solution2_2/.autopilot/db/a.g.1.bc -f -phase std-opt 
INFO: [HLS 200-111] Finished Standard Transforms Time (s): cpu = 00:00:01 ; elapsed = 00:00:16 . Memory (MB): peak = 104.309 ; gain = 19.750
INFO: [HLS 200-10] Checking synthesizability ...
INFO-FLOW: Checking Synthesizability 1/2..
Execute         transform -hls -syn-check -check-rec-only -disaggr -scalarrepl -norm-name -dce -mem2reg -instcombine -function-uniquify -directive-preproc -mem2reg -dse -dce -auto-rom-infer -dce -pag -array-normalize -instcombine -dce -warn-fifo-pointer -array-seg-normalize -instcombine -dce -array-flatten -instcombine -dce -array-burst -dce -deadargelim -promote-global-argument -simplifycfg -mem2reg -globaldce -resolve-double-ptr -dce -deadargelim -dce -instcombine -function-inline -globaldce -dce -doublePtrSimplify -doublePtrElim -dce -doublePtrSimplify -promote-dbg-pointer -dce -scalarrepl -dse -adse -instcombine -ptrLegalization -simplifycfg -dce -instcombine -pointer-simplify -ptrArgReplace -dce -instcombine -disaggr -scalarrepl -norm-name -dce -mem2reg -instcombine -ptrLegalization -simplifycfg -deadargelim -instcombine -dce -inst-simplify -function-uniquify -directive-preproc -mem2reg -dse -dce -globaldce -check-dspbuiltin C:/Users/lexoi/OneDrive/Bureau/Automne2024/INF3610/lab2/code_de_depart/hls_architecture2/architecture_exploration/hls_mmult_prj/solution2_2/.autopilot/db/a.g.1.bc -o C:/Users/lexoi/OneDrive/Bureau/Automne2024/INF3610/lab2/code_de_depart/hls_architecture2/architecture_exploration/hls_mmult_prj/solution2_2/.autopilot/db/a.g.2.prechk.bc -f 
INFO-FLOW: Checking Synthesizability 2/2..
Execute         transform -syn-check C:/Users/lexoi/OneDrive/Bureau/Automne2024/INF3610/lab2/code_de_depart/hls_architecture2/architecture_exploration/hls_mmult_prj/solution2_2/.autopilot/db/a.g.2.prechk.bc -o C:/Users/lexoi/OneDrive/Bureau/Automne2024/INF3610/lab2/code_de_depart/hls_architecture2/architecture_exploration/hls_mmult_prj/solution2_2/.autopilot/db/a.g.2.bc -f -phase syn-check 
INFO: [HLS 200-111] Finished Checking Synthesizability Time (s): cpu = 00:00:01 ; elapsed = 00:00:16 . Memory (MB): peak = 104.566 ; gain = 20.008
INFO-FLOW: Compiler optimizing ...
INFO-FLOW: Share syncheck's 1.bc for syn flow: copy C:/Users/lexoi/OneDrive/Bureau/Automne2024/INF3610/lab2/code_de_depart/hls_architecture2/architecture_exploration/hls_mmult_prj/solution2_2/.autopilot/db/a.g.1.bc to C:/Users/lexoi/OneDrive/Bureau/Automne2024/INF3610/lab2/code_de_depart/hls_architecture2/architecture_exploration/hls_mmult_prj/solution2_2/.autopilot/db/a.o.1.bc
INFO-FLOW: Presyn 1...
Execute         transform -hls -tmp C:/Users/lexoi/OneDrive/Bureau/Automne2024/INF3610/lab2/code_de_depart/hls_architecture2/architecture_exploration/hls_mmult_prj/solution2_2/.autopilot/db -interface-port-rename -type-info -function-uniquify -directive-preproc -mem2reg -dse -dce -disaggr -scalarrepl -norm-name -deadargelim -mem2reg -instcombine -dce -simplifycfg -auto-rom-infer -dce -function-uniquify -resource-proc -simplifycfg -mem2reg -globaldce -resolve-double-ptr -dce -deadargelim -dce -instcombine -clib-intrinsic-prepare -dce -func-buffer -dce -pag -array-normalize -func-legal -instcombine -gvn -constprop -dce -ptrArgReplace -mem2reg -instcombine -dce -array-seg-normalize -deadargelim -instcombine -dce -pointer-simplify -dce -port-alignment -dce -interface-preproc -data-pack -instcombine -dce -basicaa -aggr-aa -aggrmodref-aa -aggr-aa -gvn -gvn -basicaa -aggr-aa -aggrmodref-aa -aggr-aa -dse -adse -adce -loop-simplify -indvars -instcombine -gvn -loop-simplify -mem2reg -dce -find-region -instcombine -auto-loop-pipeline -inst-simplify -interface-preproc -cfgopt -instcombine -indvars -auto-loop-unroll -loop-simplify -loop-bound -xunroll -constprop -instcombine -simplifycfg -indvars -simplifycfg -dce -globaldce -clean-region -attach-range -gvn -inst-simplify -constprop -simplifycfg -dce -pointer-simplify -dce -globalopt -constprop -dce -array-promote -constprop -instcombine -dce -ptrArgReplace -mem2reg -instcombine -simplifycfg -dce -auto-par -instcombine -dce -array-transform-check -array-reshape -instcombine -simplifycfg -dce -ptrArgReplace -deadargelim -mem2reg -instcombine -simplifycfg -dce -indvars -loop-simplify -loop-bound -xunroll -constprop -instcombine -simplifycfg -indvars -simplifycfg -dce -globaldce -basicaa -aggr-aa -aggrmodref-aa -aggr-aa -dse -duplicate-dataflow-processes -globaldce -instcombine -array-partition -instcombine -simplifycfg -dce -ptrArgReplace -global-constprop -deadargelim -mem2reg -func-legal -instcombine -dce -global-constprop -deadargelim -mem2reg -instcombine -simplifycfg -dce -merge-param -deadargelim -globalopt -constprop -dce -array-promote -constprop -instcombine -dce -ptrArgReplace -mem2reg -instcombine -simplifycfg -dce -mem-intrinsic-preproc -dce -global-internalize -global-privatize -mem2reg -globaldce -promote-global-argument -ptrArgReplace -mem2reg -instcombine -dce -globalopt -mergereturn -simplify-global-access -mem2reg -dce -pointer-simplify -dce -functionattrs -basicaa -aggr-aa -aggrmodref-aa -aggr-aa -gvn -gvn -basicaa -aggr-aa -aggrmodref-aa -aggr-aa -dse -adse -adce -inst-simplify -dce -norm-name -function-inline -globaldce -func-inst -constprop -instcombine -simplifycfg -dce -func-legal -dce -loop-bound -arraycheck -bitwidthmin -on-by-dataflow -loop-delete -instcombine -simplifycfg -globaldce -dce -gvn -deadargelim -dce -loop-simplify -clean-region -simplifycfg -propagate-stable-arguments -loop-stream -instcombine -simplifycfg -dce -globaldce -duplicate-dataflow-processes -stream-intrinsic-preproc -dce -check-ap-stream -loop-simplify -eliminate-keepreads -extract-dataflow-in-loop -loop-simplify -dce -gvn -deadargelim -dse -check-dataflow-syntax -legalize-stream-variable -legalize-global -extract-subproc -dce -dead-channel-elimination -canonicalize-gep -globaldce -dce -gvn -deadargelim -annotate-dataflow-channels -scalar-propagation -deadargelim -globaldce -mem2reg -check-dataflow-channels -function-stream -dce -globaldce -prop-fifo-spec -internal-stream-gen -canonicalize-gep -globaldce -dce -gvn -deadargelim -mergereturn -indvars -loop-simplify -instcombine -array-stream -array-seg-normalize -array-partition -func-legal -instcombine -simplifycfg -dce -bundle-memfifo-ops -deadargelim -function-uniquify -directive-preproc -mem2reg -dse -dce -group-axi-access -licm -simplifycfg -dce -loop-delete -norm-name C:/Users/lexoi/OneDrive/Bureau/Automne2024/INF3610/lab2/code_de_depart/hls_architecture2/architecture_exploration/hls_mmult_prj/solution2_2/.autopilot/db/a.o.1.bc -o C:/Users/lexoi/OneDrive/Bureau/Automne2024/INF3610/lab2/code_de_depart/hls_architecture2/architecture_exploration/hls_mmult_prj/solution2_2/.autopilot/db/a.o.1.tmp.bc -f 
INFO: [XFORM 203-502] Unrolling all sub-loops inside loop 'L2' (mmult_accel.cpp:17) in function 'mmult_hw' for pipelining.
INFO: [HLS 200-489] Unrolling loop 'L3' (mmult_accel.cpp:21) in function 'mmult_hw' completely with a factor of 54.
INFO: [XFORM 203-101] Partitioning array 'a' (mmult_accel.cpp:11) in dimension 2 completely.
INFO: [XFORM 203-101] Partitioning array 'b' (mmult_accel.cpp:11) in dimension 1 completely.
Command         transform done; 0.442 sec.
INFO-FLOW: Presyn 2...
Execute         transform -hls -keep-callgraph -scalarrepl -mem2reg -port-alignment -attach-range -dce -pipe-mux-gen -indvars -loop-bound -inst-simplify -instcombine -dce -merge-array-access -mem2reg -dce -clean-region -mergereturn -if-conv -instcombine -dce -constprop -basicaa -aggr-aa -aggrmodref-aa -aggr-aa -gvn -gvn -basicaa -aggr-aa -aggrmodref-aa -aggr-aa -dse -adse -adce -scalarrepl -mem2reg -global-constprop -deadargelim -deadargelim -instcombine -dce -simplifycfg -ptrArgReplace -mem2reg -function-inline -globaldce -mem2reg -instcombine -dce -expr-balance -instcombine -dce -bitwidthmin -interface-preproc -directive-preproc -inst-rectify -instcombine -dce -functionattrs -constprop -instcombine -bit-constprop -simplify-global-access -globalopt -globaldce -inst-simplify -instcombine -elimdeaddata -dce -loop-delete -simplifycfg -loop-simplify -auto-burst -norm-name C:/Users/lexoi/OneDrive/Bureau/Automne2024/INF3610/lab2/code_de_depart/hls_architecture2/architecture_exploration/hls_mmult_prj/solution2_2/.autopilot/db/a.o.1.tmp.bc -o C:/Users/lexoi/OneDrive/Bureau/Automne2024/INF3610/lab2/code_de_depart/hls_architecture2/architecture_exploration/hls_mmult_prj/solution2_2/.autopilot/db/a.o.2.bc -f -phase presyn 
Command         transform done; 0.241 sec.
INFO: [HLS 200-111] Finished Pre-synthesis Time (s): cpu = 00:00:01 ; elapsed = 00:00:16 . Memory (MB): peak = 127.289 ; gain = 42.730
INFO-FLOW: Building ssdm...
Execute         transform -hls -function-uniquify -auto-function-inline -globaldce -ptrArgReplace -mem2reg -instcombine -dce -reset-lda -loop-simplify -indvars -licm -loop-dep -loop-bound -licm -loop-simplify -flattenloopnest -array-flatten -gvn -instcombine -dce -array-map -dce -func-legal -gvn -adce -instcombine -cfgopt -simplifycfg -loop-simplify -array-burst -promote-global-argument -dce -axi4-lower -array-seg-normalize -basicaa -aggrmodref-aa -globalsmodref-aa -aggr-aa -gvn -gvn -basicaa -aggrmodref-aa -globalsmodref-aa -aggr-aa -dse -adse -adce -licm -inst-simplify -dce -globaldce -instcombine -array-stream -eliminate-keepreads -instcombine -dce -deadargelim -doublePtrSimplify -doublePtrElim -dce -doublePtrSimplify -promote-dbg-pointer -dce -scalarrepl -mem2reg -disaggr -norm-name -mem2reg -instcombine -dse -adse -adce -ptrLegalization -dce -auto-rom-infer -array-flatten -dce -instcombine -check-doubleptr -loop-rot -constprop -cfgopt -simplifycfg -loop-simplify -indvars -pointer-simplify -dce -loop-bound -loop-simplify -loop-preproc -constprop -global-constprop -gvn -mem2reg -instcombine -dce -loop-bound -loop-merge -dce -bitwidthmin -deadargelim -dce -canonicalize-dataflow -dce -scalar-propagation -deadargelim -globaldce -mem2reg -read-loop-dep -interface-preproc -directive-preproc -interface-gen -bram-byte-enable -deadargelim -inst-simplify -dce -gvn -mem2reg -instcombine -dce -adse -loop-bound -instcombine -cfgopt -simplifycfg -loop-simplify -clean-region -io-protocol -find-region -mem2reg -bitop-raise -inst-simplify -inst-rectify -instcombine -adce -deadargelim -loop-simplify -phi-opt -bitop-raise -cfgopt -simplifycfg -strip-dead-prototypes -interface-lower -bitop-lower -intrinsic-lower -auto-function-inline -basicaa -aggrmodref-aa -globalsmodref-aa -aggr-aa -inst-simplify -simplifycfg -loop-simplify -mergereturn -inst-simplify -inst-rectify -dce -load-elim -bitop-lower -loop-rewind -pointer-simplify -dce -cfgopt -dce -bitwidth -loop-bound -loop-dep -read-loop-dep -dce -check-stream -norm-name -legalize -validate-dataflow -inst-clarity -cdfg-build C:/Users/lexoi/OneDrive/Bureau/Automne2024/INF3610/lab2/code_de_depart/hls_architecture2/architecture_exploration/hls_mmult_prj/solution2_2/.autopilot/db/a.o.2.bc -o C:/Users/lexoi/OneDrive/Bureau/Automne2024/INF3610/lab2/code_de_depart/hls_architecture2/architecture_exploration/hls_mmult_prj/solution2_2/.autopilot/db/a.o.3.bc -f -phase build-ssdm 
INFO: [XFORM 203-541] Flattening a loop nest 'L1' (mmult_accel.cpp:16:3) in function 'mmult_hw'.
Command         transform done; 0.619 sec.
INFO: [HLS 200-111] Finished Architecture Synthesis Time (s): cpu = 00:00:02 ; elapsed = 00:00:17 . Memory (MB): peak = 127.480 ; gain = 42.922
INFO-FLOW: Finish building internal data model.
Command       opt_and_import_c done; 1.969 sec.
Command     elaborate done; 14.589 sec.
Execute     autosyn -from_csynth_design=1 
INFO: [HLS 200-10] Starting hardware synthesis ...
INFO-FLOW: Synthesizing C/C++ design ...
INFO: [HLS 200-10] Synthesizing 'mmult_hw' ...
Execute       ap_set_top_model mmult_hw 
Execute       get_model_list mmult_hw -filter all-wo-channel -topdown 
Execute       preproc_iomode -model mmult_hw 
Execute       get_model_list mmult_hw -filter all-wo-channel 
INFO-FLOW: Model list for configure: mmult_hw
INFO-FLOW: Configuring Module : mmult_hw ...
Execute       set_default_model mmult_hw 
Execute       apply_spec_resource_limit mmult_hw 
INFO-FLOW: Model list for preprocess: mmult_hw
INFO-FLOW: Preprocessing Module: mmult_hw ...
Execute       set_default_model mmult_hw 
Execute       cdfg_preprocess -model mmult_hw 
Execute       rtl_gen_preprocess mmult_hw 
WARNING: [SYN 201-107] Renaming port name 'mmult_hw/out' to 'mmult_hw/out_r' to avoid the conflict with HDL keywords or other object names.
INFO-FLOW: Model list for synthesis: mmult_hw
INFO: [HLS 200-10] ----------------------------------------------------------------
INFO: [HLS 200-42] -- Implementing module 'mmult_hw' 
INFO: [HLS 200-10] ----------------------------------------------------------------
Execute       set_default_model mmult_hw 
Execute       schedule -model mmult_hw 
INFO: [SCHED 204-11] Starting scheduling ...
INFO: [SCHED 204-61] Pipelining loop 'L1_L2'.
INFO: [SCHED 204-61] Pipelining result : Target II = 1, Final II = 1, Depth = 277.
WARNING: [SCHED 204-21] Estimated clock period (9.634ns) exceeds the target (target clock period: 10ns, clock uncertainty: 1.25ns, effective delay budget: 8.75ns).
WARNING: [SCHED 204-21] The critical path in module 'mmult_hw' consists of the following:
	'mul' operation of DSP[243] ('tmp', mmult_accel.cpp:22) [237]  (3.36 ns)
	'add' operation of DSP[243] ('tmp_1', mmult_accel.cpp:22) [243]  (3.02 ns)
	'getelementptr' operation ('out_addr', mmult_accel.cpp:22) [245]  (0 ns)
	'store' operation (mmult_accel.cpp:22) of variable 'sum_1_52', mmult_accel.cpp:21 on array 'out_r' [570]  (3.25 ns)
INFO: [SCHED 204-11] Finished scheduling.
Command       schedule done; 0.827 sec.
INFO: [HLS 200-111]  Elapsed time: 18.027 seconds; current allocated memory: 81.568 MB.
Execute       report -o C:/Users/lexoi/OneDrive/Bureau/Automne2024/INF3610/lab2/code_de_depart/hls_architecture2/architecture_exploration/hls_mmult_prj/solution2_2/.autopilot/db/mmult_hw.verbose.sched.rpt -verbose -f 
Command       report done; 0.566 sec.
Execute       db_write -o C:/Users/lexoi/OneDrive/Bureau/Automne2024/INF3610/lab2/code_de_depart/hls_architecture2/architecture_exploration/hls_mmult_prj/solution2_2/.autopilot/db/mmult_hw.sched.adb -f 
Command       db_write done; 0.133 sec.
INFO-FLOW: Finish scheduling mmult_hw.
Execute       set_default_model mmult_hw 
Execute       bind -model mmult_hw 
BIND OPTION: fu_weight=[ 0.0 -- 1.0 ]
BIND OPTION: model=mmult_hw
BIND OPTION: reg_weight=[ 0.0 -- 1.0 ]
INFO: [BIND 205-100] Starting micro-architecture generation ...
INFO: [BIND 205-101] Performing variable lifetime analysis.
INFO: [BIND 205-101] Exploring resource sharing.
INFO: [BIND 205-101] Binding ...
INFO: [BIND 205-100] Finished micro-architecture generation.
Command       bind done; 0.257 sec.
INFO: [HLS 200-111]  Elapsed time: 0.976 seconds; current allocated memory: 84.940 MB.
Execute       report -o C:/Users/lexoi/OneDrive/Bureau/Automne2024/INF3610/lab2/code_de_depart/hls_architecture2/architecture_exploration/hls_mmult_prj/solution2_2/.autopilot/db/mmult_hw.verbose.bind.rpt -verbose -f 
Command       report done; 0.815 sec.
Execute       db_write -o C:/Users/lexoi/OneDrive/Bureau/Automne2024/INF3610/lab2/code_de_depart/hls_architecture2/architecture_exploration/hls_mmult_prj/solution2_2/.autopilot/db/mmult_hw.bind.adb -f 
Command       db_write done; 0.177 sec.
INFO-FLOW: Finish binding mmult_hw.
Execute       get_model_list mmult_hw -filter all-wo-channel 
INFO-FLOW: Preprocessing for RTLGen ...
Execute       rtl_gen_preprocess mmult_hw 
INFO-FLOW: Model list for RTL generation: mmult_hw
INFO: [HLS 200-10] ----------------------------------------------------------------
INFO: [HLS 200-10] -- Generating RTL for module 'mmult_hw' 
INFO: [HLS 200-10] ----------------------------------------------------------------
Execute       get_config_rtl -prefix 
Execute       get_config_rtl -auto_prefix 
Execute       create_rtl_model mmult_hw -vendor xilinx -mg_file C:/Users/lexoi/OneDrive/Bureau/Automne2024/INF3610/lab2/code_de_depart/hls_architecture2/architecture_exploration/hls_mmult_prj/solution2_2/.autopilot/db/mmult_hw.compgen.tcl 
INFO: [RTGEN 206-500] Setting interface mode on port 'mmult_hw/a_0' to 'ap_memory'.
INFO: [RTGEN 206-500] Setting interface mode on port 'mmult_hw/a_1' to 'ap_memory'.
INFO: [RTGEN 206-500] Setting interface mode on port 'mmult_hw/a_2' to 'ap_memory'.
INFO: [RTGEN 206-500] Setting interface mode on port 'mmult_hw/a_3' to 'ap_memory'.
INFO: [RTGEN 206-500] Setting interface mode on port 'mmult_hw/a_4' to 'ap_memory'.
INFO: [RTGEN 206-500] Setting interface mode on port 'mmult_hw/a_5' to 'ap_memory'.
INFO: [RTGEN 206-500] Setting interface mode on port 'mmult_hw/a_6' to 'ap_memory'.
INFO: [RTGEN 206-500] Setting interface mode on port 'mmult_hw/a_7' to 'ap_memory'.
INFO: [RTGEN 206-500] Setting interface mode on port 'mmult_hw/a_8' to 'ap_memory'.
INFO: [RTGEN 206-500] Setting interface mode on port 'mmult_hw/a_9' to 'ap_memory'.
INFO: [RTGEN 206-500] Setting interface mode on port 'mmult_hw/a_10' to 'ap_memory'.
INFO: [RTGEN 206-500] Setting interface mode on port 'mmult_hw/a_11' to 'ap_memory'.
INFO: [RTGEN 206-500] Setting interface mode on port 'mmult_hw/a_12' to 'ap_memory'.
INFO: [RTGEN 206-500] Setting interface mode on port 'mmult_hw/a_13' to 'ap_memory'.
INFO: [RTGEN 206-500] Setting interface mode on port 'mmult_hw/a_14' to 'ap_memory'.
INFO: [RTGEN 206-500] Setting interface mode on port 'mmult_hw/a_15' to 'ap_memory'.
INFO: [RTGEN 206-500] Setting interface mode on port 'mmult_hw/a_16' to 'ap_memory'.
INFO: [RTGEN 206-500] Setting interface mode on port 'mmult_hw/a_17' to 'ap_memory'.
INFO: [RTGEN 206-500] Setting interface mode on port 'mmult_hw/a_18' to 'ap_memory'.
INFO: [RTGEN 206-500] Setting interface mode on port 'mmult_hw/a_19' to 'ap_memory'.
INFO: [RTGEN 206-500] Setting interface mode on port 'mmult_hw/a_20' to 'ap_memory'.
INFO: [RTGEN 206-500] Setting interface mode on port 'mmult_hw/a_21' to 'ap_memory'.
INFO: [RTGEN 206-500] Setting interface mode on port 'mmult_hw/a_22' to 'ap_memory'.
INFO: [RTGEN 206-500] Setting interface mode on port 'mmult_hw/a_23' to 'ap_memory'.
INFO: [RTGEN 206-500] Setting interface mode on port 'mmult_hw/a_24' to 'ap_memory'.
INFO: [RTGEN 206-500] Setting interface mode on port 'mmult_hw/a_25' to 'ap_memory'.
INFO: [RTGEN 206-500] Setting interface mode on port 'mmult_hw/a_26' to 'ap_memory'.
INFO: [RTGEN 206-500] Setting interface mode on port 'mmult_hw/a_27' to 'ap_memory'.
INFO: [RTGEN 206-500] Setting interface mode on port 'mmult_hw/a_28' to 'ap_memory'.
INFO: [RTGEN 206-500] Setting interface mode on port 'mmult_hw/a_29' to 'ap_memory'.
INFO: [RTGEN 206-500] Setting interface mode on port 'mmult_hw/a_30' to 'ap_memory'.
INFO: [RTGEN 206-500] Setting interface mode on port 'mmult_hw/a_31' to 'ap_memory'.
INFO: [RTGEN 206-500] Setting interface mode on port 'mmult_hw/a_32' to 'ap_memory'.
INFO: [RTGEN 206-500] Setting interface mode on port 'mmult_hw/a_33' to 'ap_memory'.
INFO: [RTGEN 206-500] Setting interface mode on port 'mmult_hw/a_34' to 'ap_memory'.
INFO: [RTGEN 206-500] Setting interface mode on port 'mmult_hw/a_35' to 'ap_memory'.
INFO: [RTGEN 206-500] Setting interface mode on port 'mmult_hw/a_36' to 'ap_memory'.
INFO: [RTGEN 206-500] Setting interface mode on port 'mmult_hw/a_37' to 'ap_memory'.
INFO: [RTGEN 206-500] Setting interface mode on port 'mmult_hw/a_38' to 'ap_memory'.
INFO: [RTGEN 206-500] Setting interface mode on port 'mmult_hw/a_39' to 'ap_memory'.
INFO: [RTGEN 206-500] Setting interface mode on port 'mmult_hw/a_40' to 'ap_memory'.
INFO: [RTGEN 206-500] Setting interface mode on port 'mmult_hw/a_41' to 'ap_memory'.
INFO: [RTGEN 206-500] Setting interface mode on port 'mmult_hw/a_42' to 'ap_memory'.
INFO: [RTGEN 206-500] Setting interface mode on port 'mmult_hw/a_43' to 'ap_memory'.
INFO: [RTGEN 206-500] Setting interface mode on port 'mmult_hw/a_44' to 'ap_memory'.
INFO: [RTGEN 206-500] Setting interface mode on port 'mmult_hw/a_45' to 'ap_memory'.
INFO: [RTGEN 206-500] Setting interface mode on port 'mmult_hw/a_46' to 'ap_memory'.
INFO: [RTGEN 206-500] Setting interface mode on port 'mmult_hw/a_47' to 'ap_memory'.
INFO: [RTGEN 206-500] Setting interface mode on port 'mmult_hw/a_48' to 'ap_memory'.
INFO: [RTGEN 206-500] Setting interface mode on port 'mmult_hw/a_49' to 'ap_memory'.
INFO: [RTGEN 206-500] Setting interface mode on port 'mmult_hw/a_50' to 'ap_memory'.
INFO: [RTGEN 206-500] Setting interface mode on port 'mmult_hw/a_51' to 'ap_memory'.
INFO: [RTGEN 206-500] Setting interface mode on port 'mmult_hw/a_52' to 'ap_memory'.
INFO: [RTGEN 206-500] Setting interface mode on port 'mmult_hw/a_53' to 'ap_memory'.
INFO: [RTGEN 206-500] Setting interface mode on port 'mmult_hw/b_0' to 'ap_memory'.
INFO: [RTGEN 206-500] Setting interface mode on port 'mmult_hw/b_1' to 'ap_memory'.
INFO: [RTGEN 206-500] Setting interface mode on port 'mmult_hw/b_2' to 'ap_memory'.
INFO: [RTGEN 206-500] Setting interface mode on port 'mmult_hw/b_3' to 'ap_memory'.
INFO: [RTGEN 206-500] Setting interface mode on port 'mmult_hw/b_4' to 'ap_memory'.
INFO: [RTGEN 206-500] Setting interface mode on port 'mmult_hw/b_5' to 'ap_memory'.
INFO: [RTGEN 206-500] Setting interface mode on port 'mmult_hw/b_6' to 'ap_memory'.
INFO: [RTGEN 206-500] Setting interface mode on port 'mmult_hw/b_7' to 'ap_memory'.
INFO: [RTGEN 206-500] Setting interface mode on port 'mmult_hw/b_8' to 'ap_memory'.
INFO: [RTGEN 206-500] Setting interface mode on port 'mmult_hw/b_9' to 'ap_memory'.
INFO: [RTGEN 206-500] Setting interface mode on port 'mmult_hw/b_10' to 'ap_memory'.
INFO: [RTGEN 206-500] Setting interface mode on port 'mmult_hw/b_11' to 'ap_memory'.
INFO: [RTGEN 206-500] Setting interface mode on port 'mmult_hw/b_12' to 'ap_memory'.
INFO: [RTGEN 206-500] Setting interface mode on port 'mmult_hw/b_13' to 'ap_memory'.
INFO: [RTGEN 206-500] Setting interface mode on port 'mmult_hw/b_14' to 'ap_memory'.
INFO: [RTGEN 206-500] Setting interface mode on port 'mmult_hw/b_15' to 'ap_memory'.
INFO: [RTGEN 206-500] Setting interface mode on port 'mmult_hw/b_16' to 'ap_memory'.
INFO: [RTGEN 206-500] Setting interface mode on port 'mmult_hw/b_17' to 'ap_memory'.
INFO: [RTGEN 206-500] Setting interface mode on port 'mmult_hw/b_18' to 'ap_memory'.
INFO: [RTGEN 206-500] Setting interface mode on port 'mmult_hw/b_19' to 'ap_memory'.
INFO: [RTGEN 206-500] Setting interface mode on port 'mmult_hw/b_20' to 'ap_memory'.
INFO: [RTGEN 206-500] Setting interface mode on port 'mmult_hw/b_21' to 'ap_memory'.
INFO: [RTGEN 206-500] Setting interface mode on port 'mmult_hw/b_22' to 'ap_memory'.
INFO: [RTGEN 206-500] Setting interface mode on port 'mmult_hw/b_23' to 'ap_memory'.
INFO: [RTGEN 206-500] Setting interface mode on port 'mmult_hw/b_24' to 'ap_memory'.
INFO: [RTGEN 206-500] Setting interface mode on port 'mmult_hw/b_25' to 'ap_memory'.
INFO: [RTGEN 206-500] Setting interface mode on port 'mmult_hw/b_26' to 'ap_memory'.
INFO: [RTGEN 206-500] Setting interface mode on port 'mmult_hw/b_27' to 'ap_memory'.
INFO: [RTGEN 206-500] Setting interface mode on port 'mmult_hw/b_28' to 'ap_memory'.
INFO: [RTGEN 206-500] Setting interface mode on port 'mmult_hw/b_29' to 'ap_memory'.
INFO: [RTGEN 206-500] Setting interface mode on port 'mmult_hw/b_30' to 'ap_memory'.
INFO: [RTGEN 206-500] Setting interface mode on port 'mmult_hw/b_31' to 'ap_memory'.
INFO: [RTGEN 206-500] Setting interface mode on port 'mmult_hw/b_32' to 'ap_memory'.
INFO: [RTGEN 206-500] Setting interface mode on port 'mmult_hw/b_33' to 'ap_memory'.
INFO: [RTGEN 206-500] Setting interface mode on port 'mmult_hw/b_34' to 'ap_memory'.
INFO: [RTGEN 206-500] Setting interface mode on port 'mmult_hw/b_35' to 'ap_memory'.
INFO: [RTGEN 206-500] Setting interface mode on port 'mmult_hw/b_36' to 'ap_memory'.
INFO: [RTGEN 206-500] Setting interface mode on port 'mmult_hw/b_37' to 'ap_memory'.
INFO: [RTGEN 206-500] Setting interface mode on port 'mmult_hw/b_38' to 'ap_memory'.
INFO: [RTGEN 206-500] Setting interface mode on port 'mmult_hw/b_39' to 'ap_memory'.
INFO: [RTGEN 206-500] Setting interface mode on port 'mmult_hw/b_40' to 'ap_memory'.
INFO: [RTGEN 206-500] Setting interface mode on port 'mmult_hw/b_41' to 'ap_memory'.
INFO: [RTGEN 206-500] Setting interface mode on port 'mmult_hw/b_42' to 'ap_memory'.
INFO: [RTGEN 206-500] Setting interface mode on port 'mmult_hw/b_43' to 'ap_memory'.
INFO: [RTGEN 206-500] Setting interface mode on port 'mmult_hw/b_44' to 'ap_memory'.
INFO: [RTGEN 206-500] Setting interface mode on port 'mmult_hw/b_45' to 'ap_memory'.
INFO: [RTGEN 206-500] Setting interface mode on port 'mmult_hw/b_46' to 'ap_memory'.
INFO: [RTGEN 206-500] Setting interface mode on port 'mmult_hw/b_47' to 'ap_memory'.
INFO: [RTGEN 206-500] Setting interface mode on port 'mmult_hw/b_48' to 'ap_memory'.
INFO: [RTGEN 206-500] Setting interface mode on port 'mmult_hw/b_49' to 'ap_memory'.
INFO: [RTGEN 206-500] Setting interface mode on port 'mmult_hw/b_50' to 'ap_memory'.
INFO: [RTGEN 206-500] Setting interface mode on port 'mmult_hw/b_51' to 'ap_memory'.
INFO: [RTGEN 206-500] Setting interface mode on port 'mmult_hw/b_52' to 'ap_memory'.
INFO: [RTGEN 206-500] Setting interface mode on port 'mmult_hw/b_53' to 'ap_memory'.
INFO: [RTGEN 206-500] Setting interface mode on port 'mmult_hw/out_r' to 'ap_memory'.
INFO: [RTGEN 206-500] Setting interface mode on function 'mmult_hw' to 'ap_ctrl_hs'.
INFO: [SYN 201-210] Renamed object name 'mmult_hw_hadd_16ns_16ns_16_5_full_dsp_1' to 'mmult_hw_hadd_16nbkb' due to the length limit 20
INFO: [SYN 201-210] Renamed object name 'mmult_hw_hmul_16ns_16ns_16_4_max_dsp_1' to 'mmult_hw_hmul_16ncud' due to the length limit 20
INFO: [SYN 201-210] Renamed object name 'mmult_hw_mac_muladd_6ns_7ns_6ns_12_1_1' to 'mmult_hw_mac_muladEe' due to the length limit 20
INFO: [RTGEN 206-104] Estimated max fanout for 'mmult_hw' is 37226 from HDL expression: (1'b0 == ap_block_pp0_stage0_11001)
INFO: [RTGEN 206-100] Generating core module 'mmult_hw_hadd_16nbkb': 54 instance(s).
INFO: [RTGEN 206-100] Generating core module 'mmult_hw_hmul_16ncud': 54 instance(s).
INFO: [RTGEN 206-100] Generating core module 'mmult_hw_mac_muladEe': 1 instance(s).
INFO: [RTGEN 206-100] Finished creating RTL model for 'mmult_hw'.
Command       create_rtl_model done; 3.116 sec.
INFO: [HLS 200-111]  Elapsed time: 4.181 seconds; current allocated memory: 94.875 MB.
Execute       source C:/Users/lexoi/OneDrive/Bureau/Automne2024/INF3610/lab2/code_de_depart/hls_architecture2/architecture_exploration/hls_mmult_prj/solution2_2/.autopilot/db/mmult_hw.rtl_wrap.cfg.tcl 
Execute       gen_rtl mmult_hw -istop -style xilinx -tracefl mytrace -tracefmt vcd -traceopt all -f -lang sc -o C:/Users/lexoi/OneDrive/Bureau/Automne2024/INF3610/lab2/code_de_depart/hls_architecture2/architecture_exploration/hls_mmult_prj/solution2_2/syn/systemc/mmult_hw -synmodules mmult_hw 
Execute       gen_rtl mmult_hw -istop -style xilinx -f -lang vhdl -o C:/Users/lexoi/OneDrive/Bureau/Automne2024/INF3610/lab2/code_de_depart/hls_architecture2/architecture_exploration/hls_mmult_prj/solution2_2/syn/vhdl/mmult_hw 
Command       gen_rtl done; 0.166 sec.
Execute       gen_rtl mmult_hw -istop -style xilinx -f -lang vlog -o C:/Users/lexoi/OneDrive/Bureau/Automne2024/INF3610/lab2/code_de_depart/hls_architecture2/architecture_exploration/hls_mmult_prj/solution2_2/syn/verilog/mmult_hw 
Command       gen_rtl done; 0.103 sec.
Execute       export_constraint_db -o C:/Users/lexoi/OneDrive/Bureau/Automne2024/INF3610/lab2/code_de_depart/hls_architecture2/architecture_exploration/hls_mmult_prj/solution2_2/.autopilot/db/mmult_hw.constraint.tcl -f -tool general 
Execute       report -model mmult_hw -o C:/Users/lexoi/OneDrive/Bureau/Automne2024/INF3610/lab2/code_de_depart/hls_architecture2/architecture_exploration/hls_mmult_prj/solution2_2/.autopilot/db/mmult_hw.design.xml -verbose -f -dv 
Command       report done; 0.17 sec.
Execute       report -model mmult_hw -o C:/Users/lexoi/OneDrive/Bureau/Automne2024/INF3610/lab2/code_de_depart/hls_architecture2/architecture_exploration/hls_mmult_prj/solution2_2/.autopilot/db/mmult_hw.sdaccel.xml -verbose -f -sdaccel 
Command       report done; 0.212 sec.
Execute       gen_tb_info mmult_hw -o C:/Users/lexoi/OneDrive/Bureau/Automne2024/INF3610/lab2/code_de_depart/hls_architecture2/architecture_exploration/hls_mmult_prj/solution2_2/.autopilot/db/mmult_hw -p C:/Users/lexoi/OneDrive/Bureau/Automne2024/INF3610/lab2/code_de_depart/hls_architecture2/architecture_exploration/hls_mmult_prj/solution2_2/.autopilot/db 
Execute       report -model mmult_hw -o C:/Users/lexoi/OneDrive/Bureau/Automne2024/INF3610/lab2/code_de_depart/hls_architecture2/architecture_exploration/hls_mmult_prj/solution2_2/syn/report/mmult_hw_csynth.rpt -f 
Command       report done; 0.103 sec.
Execute       report -model mmult_hw -o C:/Users/lexoi/OneDrive/Bureau/Automne2024/INF3610/lab2/code_de_depart/hls_architecture2/architecture_exploration/hls_mmult_prj/solution2_2/syn/report/mmult_hw_csynth.xml -f -x 
Execute       report -model mmult_hw -o C:/Users/lexoi/OneDrive/Bureau/Automne2024/INF3610/lab2/code_de_depart/hls_architecture2/architecture_exploration/hls_mmult_prj/solution2_2/.autopilot/db/mmult_hw.verbose.rpt -verbose -f 
Command       report done; 0.674 sec.
Execute       db_write -model mmult_hw -o C:/Users/lexoi/OneDrive/Bureau/Automne2024/INF3610/lab2/code_de_depart/hls_architecture2/architecture_exploration/hls_mmult_prj/solution2_2/.autopilot/db/mmult_hw.adb -f 
Command       db_write done; 0.367 sec.
Execute       sc_get_clocks mmult_hw 
Execute       get_config_export -vivado_clock 
Execute       sc_get_portdomain mmult_hw 
INFO-FLOW: Model list for RTL component generation: mmult_hw
INFO-FLOW: Handling components in module [mmult_hw] ... 
Execute       source C:/Users/lexoi/OneDrive/Bureau/Automne2024/INF3610/lab2/code_de_depart/hls_architecture2/architecture_exploration/hls_mmult_prj/solution2_2/.autopilot/db/mmult_hw.compgen.tcl 
INFO-FLOW: Found component mmult_hw_hadd_16nbkb.
INFO-FLOW: Append model mmult_hw_hadd_16nbkb
INFO-FLOW: Found component mmult_hw_hmul_16ncud.
INFO-FLOW: Append model mmult_hw_hmul_16ncud
INFO-FLOW: Found component mmult_hw_mac_muladEe.
INFO-FLOW: Append model mmult_hw_mac_muladEe
INFO-FLOW: Append model mmult_hw
INFO-FLOW: Generating RTL model list ...
INFO-FLOW: All models in this session: mmult_hw_hadd_16nbkb mmult_hw_hmul_16ncud mmult_hw_mac_muladEe mmult_hw
INFO-FLOW: To file: write model mmult_hw_hadd_16nbkb
INFO-FLOW: To file: write model mmult_hw_hmul_16ncud
INFO-FLOW: To file: write model mmult_hw_mac_muladEe
INFO-FLOW: To file: write model mmult_hw
INFO-FLOW: Finished generating RTL model list.


INFO-FLOW: RTL Generation done.
INFO-FLOW: CAS Generation done.
INFO-FLOW: CBC Generation done.
INFO-FLOW: DBG:CMD: auto_generate_csynth_design
INFO-FLOW: DBG:CMD:     auto_generate --sim-model -phase csynth_design -d C:/Users/lexoi/OneDrive/Bureau/Automne2024/INF3610/lab2/code_de_depart/hls_architecture2/architecture_exploration/hls_mmult_prj/solution2_2
Execute       source C:/Users/lexoi/OneDrive/Bureau/Automne2024/INF3610/lab2/code_de_depart/hls_architecture2/architecture_exploration/hls_mmult_prj/solution2_2/.autopilot/db/global.setting.tcl 
INFO-FLOW: DBG:CMD: read_platform_lib C:/Users/lexoi/OneDrive/Bureau/Automne2024/INF3610/lab2/code_de_depart/hls_architecture2/architecture_exploration/hls_mmult_prj/solution2_2/.autopilot/db/global.setting.tcl
Execute       source C:/Xilinx/Vivado/2018.3/common/technology/generic/autopilot/common.gen 
Execute         source C:/Xilinx/Vivado/2018.3/common/technology/generic/autopilot/APCoreGen.gen 
Execute       source C:/Xilinx/Vivado/2018.3/common/technology/generic/autopilot/op.gen 
Execute       source C:/Xilinx/Vivado/2018.3/common/technology/generic/autopilot/op_simcore.gen 
Execute       source C:/Xilinx/Vivado/2018.3/common/technology/generic/autopilot/interface.gen 
Execute       source C:/Users/lexoi/OneDrive/Bureau/Automne2024/INF3610/lab2/code_de_depart/hls_architecture2/architecture_exploration/hls_mmult_prj/solution2_2/.autopilot/db/global.setting.tcl 
Execute       source C:/Xilinx/Vivado/2018.3/common/technology/xilinx/zynq/zynq.gen 
Execute         source C:/Xilinx/Vivado/2018.3/common/technology/xilinx/common/virtex.gen 
Execute           source C:/Xilinx/Vivado/2018.3/common/technology/xilinx/common/xilinx.gen 
Execute             source C:/Xilinx/Vivado/2018.3/common/technology/xilinx/interface/plb46.gen 
Execute             source C:/Xilinx/Vivado/2018.3/common/technology/xilinx/interface/fsl.gen 
Execute             source C:/Xilinx/Vivado/2018.3/common/technology/xilinx/interface/axi4.gen 
Execute             source C:/Xilinx/Vivado/2018.3/common/technology/xilinx/interface/nativeAXI4.gen 
Execute               source C:/Xilinx/Vivado/2018.3/common/technology/xilinx/interface/saxilite.gen 
Execute               source C:/Xilinx/Vivado/2018.3/common/technology/xilinx/interface/maxi.gen 
Execute             source C:/Xilinx/Vivado/2018.3/common/technology/xilinx/scripts/xilinxcoregen.gen 
Execute             source C:/Xilinx/Vivado/2018.3/common/technology/xilinx/interface/XilEDKCoreGen.gen 
Execute             source C:/Xilinx/Vivado/2018.3/common/technology/xilinx/ip/dds_compiler.gen 
Execute             source C:/Xilinx/Vivado/2018.3/common/technology/xilinx/ip/util.gen 
Execute             source C:/Xilinx/Vivado/2018.3/common/technology/xilinx/ip/xfft.gen 
Execute             source C:/Xilinx/Vivado/2018.3/common/technology/xilinx/ip/xfir.gen 
Command           ap_source done; 0.148 sec.
Execute           source C:/Xilinx/Vivado/2018.3/common/technology/xilinx/common/dsp48.gen 
Command         ap_source done; 0.152 sec.
Command       ap_source done; 0.152 sec.
Execute       source C:/Xilinx/Vivado/2018.3/common/technology/xilinx/zynq/zynq_fpv6.gen 
Execute         source C:/Xilinx/Vivado/2018.3/common/technology/xilinx/common/xilinx_fpv6.gen 
INFO-FLOW: DBG:CMD:   using AESL_AUTOCG::g_clock_period=10.000 (was NA)
INFO-FLOW: DBG:CMD:       generate_ip_cores sim=1 export=0 expOnly=0 dstVlogDir=syn/verilog
Execute       source C:/Users/lexoi/OneDrive/Bureau/Automne2024/INF3610/lab2/code_de_depart/hls_architecture2/architecture_exploration/hls_mmult_prj/solution2_2/.autopilot/db/global.setting.tcl 
Execute       source C:/Users/lexoi/OneDrive/Bureau/Automne2024/INF3610/lab2/code_de_depart/hls_architecture2/architecture_exploration/hls_mmult_prj/solution2_2/.autopilot/db/global.setting.tcl 
Execute       source C:/Users/lexoi/OneDrive/Bureau/Automne2024/INF3610/lab2/code_de_depart/hls_architecture2/architecture_exploration/hls_mmult_prj/solution2_2/.autopilot/db/global.setting.tcl 
Execute       source C:/Users/lexoi/OneDrive/Bureau/Automne2024/INF3610/lab2/code_de_depart/hls_architecture2/architecture_exploration/hls_mmult_prj/solution2_2/.autopilot/db/mmult_hw.compgen.tcl 
Command       ap_source done; 0.133 sec.
INFO-FLOW: DBG:CMD:     auto_generate -export -impltomg_flag -rtl both -tool Vivado -pcore_version 1.00.a -phase csynth_design -d C:/Users/lexoi/OneDrive/Bureau/Automne2024/INF3610/lab2/code_de_depart/hls_architecture2/architecture_exploration/hls_mmult_prj/solution2_2
Execute       source C:/Users/lexoi/OneDrive/Bureau/Automne2024/INF3610/lab2/code_de_depart/hls_architecture2/architecture_exploration/hls_mmult_prj/solution2_2/.autopilot/db/global.setting.tcl 
INFO-FLOW: DBG:CMD: read_platform_lib C:/Users/lexoi/OneDrive/Bureau/Automne2024/INF3610/lab2/code_de_depart/hls_architecture2/architecture_exploration/hls_mmult_prj/solution2_2/.autopilot/db/global.setting.tcl
Execute       source C:/Xilinx/Vivado/2018.3/common/technology/generic/autopilot/common.gen 
Execute         source C:/Xilinx/Vivado/2018.3/common/technology/generic/autopilot/APCoreGen.gen 
Execute       source C:/Xilinx/Vivado/2018.3/common/technology/generic/autopilot/op.gen 
Execute       source C:/Xilinx/Vivado/2018.3/common/technology/generic/autopilot/op_simcore.gen 
Execute       source C:/Xilinx/Vivado/2018.3/common/technology/generic/autopilot/interface.gen 
Execute       source C:/Users/lexoi/OneDrive/Bureau/Automne2024/INF3610/lab2/code_de_depart/hls_architecture2/architecture_exploration/hls_mmult_prj/solution2_2/.autopilot/db/global.setting.tcl 
Execute       source C:/Xilinx/Vivado/2018.3/common/technology/xilinx/zynq/zynq.gen 
Execute         source C:/Xilinx/Vivado/2018.3/common/technology/xilinx/common/virtex.gen 
Execute           source C:/Xilinx/Vivado/2018.3/common/technology/xilinx/common/xilinx.gen 
Execute             source C:/Xilinx/Vivado/2018.3/common/technology/xilinx/interface/plb46.gen 
Execute             source C:/Xilinx/Vivado/2018.3/common/technology/xilinx/interface/fsl.gen 
Execute             source C:/Xilinx/Vivado/2018.3/common/technology/xilinx/interface/axi4.gen 
Execute             source C:/Xilinx/Vivado/2018.3/common/technology/xilinx/interface/nativeAXI4.gen 
Execute               source C:/Xilinx/Vivado/2018.3/common/technology/xilinx/interface/saxilite.gen 
Execute               source C:/Xilinx/Vivado/2018.3/common/technology/xilinx/interface/maxi.gen 
Execute             source C:/Xilinx/Vivado/2018.3/common/technology/xilinx/scripts/xilinxcoregen.gen 
Execute             source C:/Xilinx/Vivado/2018.3/common/technology/xilinx/interface/XilEDKCoreGen.gen 
Execute             source C:/Xilinx/Vivado/2018.3/common/technology/xilinx/ip/dds_compiler.gen 
Execute             source C:/Xilinx/Vivado/2018.3/common/technology/xilinx/ip/util.gen 
Execute             source C:/Xilinx/Vivado/2018.3/common/technology/xilinx/ip/xfft.gen 
Command             ap_source done; 0.117 sec.
Execute             source C:/Xilinx/Vivado/2018.3/common/technology/xilinx/ip/xfir.gen 
Command           ap_source done; 0.181 sec.
Execute           source C:/Xilinx/Vivado/2018.3/common/technology/xilinx/common/dsp48.gen 
Command         ap_source done; 0.185 sec.
Command       ap_source done; 0.186 sec.
Execute       source C:/Xilinx/Vivado/2018.3/common/technology/xilinx/zynq/zynq_fpv6.gen 
Execute         source C:/Xilinx/Vivado/2018.3/common/technology/xilinx/common/xilinx_fpv6.gen 
INFO-FLOW: DBG:CMD:       initCTypeInfo top_module=mmult_hw xml_exists=0
Execute       source C:/Users/lexoi/OneDrive/Bureau/Automne2024/INF3610/lab2/code_de_depart/hls_architecture2/architecture_exploration/hls_mmult_prj/solution2_2/.autopilot/db/mmult_hw.rtl_wrap.cfg.tcl 
Execute       source C:/Users/lexoi/OneDrive/Bureau/Automne2024/INF3610/lab2/code_de_depart/hls_architecture2/architecture_exploration/hls_mmult_prj/solution2_2/.autopilot/db/mmult_hw.rtl_wrap.cfg.tcl 
Execute       source C:/Users/lexoi/OneDrive/Bureau/Automne2024/INF3610/lab2/code_de_depart/hls_architecture2/architecture_exploration/hls_mmult_prj/solution2_2/.autopilot/db/mmult_hw.rtl_wrap.cfg.tcl 
Execute       source C:/Users/lexoi/OneDrive/Bureau/Automne2024/INF3610/lab2/code_de_depart/hls_architecture2/architecture_exploration/hls_mmult_prj/solution2_2/.autopilot/db/mmult_hw.tbgen.tcl 
Execute       source C:/Users/lexoi/OneDrive/Bureau/Automne2024/INF3610/lab2/code_de_depart/hls_architecture2/architecture_exploration/hls_mmult_prj/solution2_2/.autopilot/db/mmult_hw.tbgen.tcl 
INFO-FLOW: DBG:CMD:       export_impl_rtl
INFO-FLOW: DBG:CMD:       generate_ip_cores sim=0 export=0 expOnly=0 dstVlogDir=impl/.verilog
Execute       source C:/Users/lexoi/OneDrive/Bureau/Automne2024/INF3610/lab2/code_de_depart/hls_architecture2/architecture_exploration/hls_mmult_prj/solution2_2/.autopilot/db/global.setting.tcl 
Execute       source C:/Users/lexoi/OneDrive/Bureau/Automne2024/INF3610/lab2/code_de_depart/hls_architecture2/architecture_exploration/hls_mmult_prj/solution2_2/.autopilot/db/mmult_hw.compgen.tcl 
Command       ap_source done; 0.115 sec.
INFO-FLOW: DBG:CMD:       generate_ip_cores sim=0 export=1 expOnly=1 dstVlogDir=impl/.pcores/verilog
Execute       source C:/Users/lexoi/OneDrive/Bureau/Automne2024/INF3610/lab2/code_de_depart/hls_architecture2/architecture_exploration/hls_mmult_prj/solution2_2/.autopilot/db/global.setting.tcl 
Execute       source C:/Users/lexoi/OneDrive/Bureau/Automne2024/INF3610/lab2/code_de_depart/hls_architecture2/architecture_exploration/hls_mmult_prj/solution2_2/.autopilot/db/mmult_hw.compgen.tcl 
Execute         source C:/Users/lexoi/OneDrive/Bureau/Automne2024/INF3610/lab2/code_de_depart/hls_architecture2/architecture_exploration/hls_mmult_prj/solution2_2/.autopilot/db/mmult_hw.tbgen.tcl 
Execute         source C:/Users/lexoi/OneDrive/Bureau/Automne2024/INF3610/lab2/code_de_depart/hls_architecture2/architecture_exploration/hls_mmult_prj/solution2_2/.autopilot/db/mmult_hw.tbgen.tcl 
Execute         source C:/Users/lexoi/OneDrive/Bureau/Automne2024/INF3610/lab2/code_de_depart/hls_architecture2/architecture_exploration/hls_mmult_prj/solution2_2/.autopilot/db/mmult_hw.tbgen.tcl 
Execute         source C:/Users/lexoi/OneDrive/Bureau/Automne2024/INF3610/lab2/code_de_depart/hls_architecture2/architecture_exploration/hls_mmult_prj/solution2_2/.autopilot/db/mmult_hw.tbgen.tcl 
Execute         source C:/Users/lexoi/OneDrive/Bureau/Automne2024/INF3610/lab2/code_de_depart/hls_architecture2/architecture_exploration/hls_mmult_prj/solution2_2/.autopilot/db/mmult_hw.tbgen.tcl 
Execute         source C:/Users/lexoi/OneDrive/Bureau/Automne2024/INF3610/lab2/code_de_depart/hls_architecture2/architecture_exploration/hls_mmult_prj/solution2_2/.autopilot/db/mmult_hw.tbgen.tcl 
Execute         source C:/Users/lexoi/OneDrive/Bureau/Automne2024/INF3610/lab2/code_de_depart/hls_architecture2/architecture_exploration/hls_mmult_prj/solution2_2/.autopilot/db/mmult_hw.tbgen.tcl 
Execute         source C:/Users/lexoi/OneDrive/Bureau/Automne2024/INF3610/lab2/code_de_depart/hls_architecture2/architecture_exploration/hls_mmult_prj/solution2_2/.autopilot/db/mmult_hw.tbgen.tcl 
Execute         source C:/Users/lexoi/OneDrive/Bureau/Automne2024/INF3610/lab2/code_de_depart/hls_architecture2/architecture_exploration/hls_mmult_prj/solution2_2/.autopilot/db/mmult_hw.tbgen.tcl 
Execute         source C:/Users/lexoi/OneDrive/Bureau/Automne2024/INF3610/lab2/code_de_depart/hls_architecture2/architecture_exploration/hls_mmult_prj/solution2_2/.autopilot/db/mmult_hw.tbgen.tcl 
Execute         source C:/Users/lexoi/OneDrive/Bureau/Automne2024/INF3610/lab2/code_de_depart/hls_architecture2/architecture_exploration/hls_mmult_prj/solution2_2/.autopilot/db/mmult_hw.tbgen.tcl 
Execute         source C:/Users/lexoi/OneDrive/Bureau/Automne2024/INF3610/lab2/code_de_depart/hls_architecture2/architecture_exploration/hls_mmult_prj/solution2_2/.autopilot/db/mmult_hw.tbgen.tcl 
Execute         source C:/Users/lexoi/OneDrive/Bureau/Automne2024/INF3610/lab2/code_de_depart/hls_architecture2/architecture_exploration/hls_mmult_prj/solution2_2/.autopilot/db/mmult_hw.tbgen.tcl 
Execute         source C:/Users/lexoi/OneDrive/Bureau/Automne2024/INF3610/lab2/code_de_depart/hls_architecture2/architecture_exploration/hls_mmult_prj/solution2_2/.autopilot/db/mmult_hw.tbgen.tcl 
Execute         source C:/Users/lexoi/OneDrive/Bureau/Automne2024/INF3610/lab2/code_de_depart/hls_architecture2/architecture_exploration/hls_mmult_prj/solution2_2/.autopilot/db/mmult_hw.tbgen.tcl 
Execute         source C:/Users/lexoi/OneDrive/Bureau/Automne2024/INF3610/lab2/code_de_depart/hls_architecture2/architecture_exploration/hls_mmult_prj/solution2_2/.autopilot/db/mmult_hw.tbgen.tcl 
Execute         source C:/Users/lexoi/OneDrive/Bureau/Automne2024/INF3610/lab2/code_de_depart/hls_architecture2/architecture_exploration/hls_mmult_prj/solution2_2/.autopilot/db/mmult_hw.tbgen.tcl 
Execute         source C:/Users/lexoi/OneDrive/Bureau/Automne2024/INF3610/lab2/code_de_depart/hls_architecture2/architecture_exploration/hls_mmult_prj/solution2_2/.autopilot/db/mmult_hw.tbgen.tcl 
Execute         source C:/Users/lexoi/OneDrive/Bureau/Automne2024/INF3610/lab2/code_de_depart/hls_architecture2/architecture_exploration/hls_mmult_prj/solution2_2/.autopilot/db/mmult_hw.tbgen.tcl 
Execute         source C:/Users/lexoi/OneDrive/Bureau/Automne2024/INF3610/lab2/code_de_depart/hls_architecture2/architecture_exploration/hls_mmult_prj/solution2_2/.autopilot/db/mmult_hw.tbgen.tcl 
Execute         source C:/Users/lexoi/OneDrive/Bureau/Automne2024/INF3610/lab2/code_de_depart/hls_architecture2/architecture_exploration/hls_mmult_prj/solution2_2/.autopilot/db/mmult_hw.tbgen.tcl 
Execute         source C:/Users/lexoi/OneDrive/Bureau/Automne2024/INF3610/lab2/code_de_depart/hls_architecture2/architecture_exploration/hls_mmult_prj/solution2_2/.autopilot/db/mmult_hw.tbgen.tcl 
Execute         source C:/Users/lexoi/OneDrive/Bureau/Automne2024/INF3610/lab2/code_de_depart/hls_architecture2/architecture_exploration/hls_mmult_prj/solution2_2/.autopilot/db/mmult_hw.tbgen.tcl 
Execute         source C:/Users/lexoi/OneDrive/Bureau/Automne2024/INF3610/lab2/code_de_depart/hls_architecture2/architecture_exploration/hls_mmult_prj/solution2_2/.autopilot/db/mmult_hw.tbgen.tcl 
Execute         source C:/Users/lexoi/OneDrive/Bureau/Automne2024/INF3610/lab2/code_de_depart/hls_architecture2/architecture_exploration/hls_mmult_prj/solution2_2/.autopilot/db/mmult_hw.tbgen.tcl 
Execute         source C:/Users/lexoi/OneDrive/Bureau/Automne2024/INF3610/lab2/code_de_depart/hls_architecture2/architecture_exploration/hls_mmult_prj/solution2_2/.autopilot/db/mmult_hw.tbgen.tcl 
Execute         source C:/Users/lexoi/OneDrive/Bureau/Automne2024/INF3610/lab2/code_de_depart/hls_architecture2/architecture_exploration/hls_mmult_prj/solution2_2/.autopilot/db/mmult_hw.tbgen.tcl 
Execute         source C:/Users/lexoi/OneDrive/Bureau/Automne2024/INF3610/lab2/code_de_depart/hls_architecture2/architecture_exploration/hls_mmult_prj/solution2_2/.autopilot/db/mmult_hw.tbgen.tcl 
Execute         source C:/Users/lexoi/OneDrive/Bureau/Automne2024/INF3610/lab2/code_de_depart/hls_architecture2/architecture_exploration/hls_mmult_prj/solution2_2/.autopilot/db/mmult_hw.tbgen.tcl 
Execute         source C:/Users/lexoi/OneDrive/Bureau/Automne2024/INF3610/lab2/code_de_depart/hls_architecture2/architecture_exploration/hls_mmult_prj/solution2_2/.autopilot/db/mmult_hw.tbgen.tcl 
Execute         source C:/Users/lexoi/OneDrive/Bureau/Automne2024/INF3610/lab2/code_de_depart/hls_architecture2/architecture_exploration/hls_mmult_prj/solution2_2/.autopilot/db/mmult_hw.tbgen.tcl 
Execute         source C:/Users/lexoi/OneDrive/Bureau/Automne2024/INF3610/lab2/code_de_depart/hls_architecture2/architecture_exploration/hls_mmult_prj/solution2_2/.autopilot/db/mmult_hw.tbgen.tcl 
Execute         source C:/Users/lexoi/OneDrive/Bureau/Automne2024/INF3610/lab2/code_de_depart/hls_architecture2/architecture_exploration/hls_mmult_prj/solution2_2/.autopilot/db/mmult_hw.tbgen.tcl 
Execute         source C:/Users/lexoi/OneDrive/Bureau/Automne2024/INF3610/lab2/code_de_depart/hls_architecture2/architecture_exploration/hls_mmult_prj/solution2_2/.autopilot/db/mmult_hw.tbgen.tcl 
Execute         source C:/Users/lexoi/OneDrive/Bureau/Automne2024/INF3610/lab2/code_de_depart/hls_architecture2/architecture_exploration/hls_mmult_prj/solution2_2/.autopilot/db/mmult_hw.tbgen.tcl 
Execute         source C:/Users/lexoi/OneDrive/Bureau/Automne2024/INF3610/lab2/code_de_depart/hls_architecture2/architecture_exploration/hls_mmult_prj/solution2_2/.autopilot/db/mmult_hw.tbgen.tcl 
Execute         source C:/Users/lexoi/OneDrive/Bureau/Automne2024/INF3610/lab2/code_de_depart/hls_architecture2/architecture_exploration/hls_mmult_prj/solution2_2/.autopilot/db/mmult_hw.tbgen.tcl 
Execute         source C:/Users/lexoi/OneDrive/Bureau/Automne2024/INF3610/lab2/code_de_depart/hls_architecture2/architecture_exploration/hls_mmult_prj/solution2_2/.autopilot/db/mmult_hw.tbgen.tcl 
Execute         source C:/Users/lexoi/OneDrive/Bureau/Automne2024/INF3610/lab2/code_de_depart/hls_architecture2/architecture_exploration/hls_mmult_prj/solution2_2/.autopilot/db/mmult_hw.tbgen.tcl 
Execute         source C:/Users/lexoi/OneDrive/Bureau/Automne2024/INF3610/lab2/code_de_depart/hls_architecture2/architecture_exploration/hls_mmult_prj/solution2_2/.autopilot/db/mmult_hw.tbgen.tcl 
Execute         source C:/Users/lexoi/OneDrive/Bureau/Automne2024/INF3610/lab2/code_de_depart/hls_architecture2/architecture_exploration/hls_mmult_prj/solution2_2/.autopilot/db/mmult_hw.tbgen.tcl 
Execute         source C:/Users/lexoi/OneDrive/Bureau/Automne2024/INF3610/lab2/code_de_depart/hls_architecture2/architecture_exploration/hls_mmult_prj/solution2_2/.autopilot/db/mmult_hw.tbgen.tcl 
Execute         source C:/Users/lexoi/OneDrive/Bureau/Automne2024/INF3610/lab2/code_de_depart/hls_architecture2/architecture_exploration/hls_mmult_prj/solution2_2/.autopilot/db/mmult_hw.tbgen.tcl 
Execute         source C:/Users/lexoi/OneDrive/Bureau/Automne2024/INF3610/lab2/code_de_depart/hls_architecture2/architecture_exploration/hls_mmult_prj/solution2_2/.autopilot/db/mmult_hw.tbgen.tcl 
Execute         source C:/Users/lexoi/OneDrive/Bureau/Automne2024/INF3610/lab2/code_de_depart/hls_architecture2/architecture_exploration/hls_mmult_prj/solution2_2/.autopilot/db/mmult_hw.tbgen.tcl 
Execute         source C:/Users/lexoi/OneDrive/Bureau/Automne2024/INF3610/lab2/code_de_depart/hls_architecture2/architecture_exploration/hls_mmult_prj/solution2_2/.autopilot/db/mmult_hw.tbgen.tcl 
Execute         source C:/Users/lexoi/OneDrive/Bureau/Automne2024/INF3610/lab2/code_de_depart/hls_architecture2/architecture_exploration/hls_mmult_prj/solution2_2/.autopilot/db/mmult_hw.tbgen.tcl 
Execute         source C:/Users/lexoi/OneDrive/Bureau/Automne2024/INF3610/lab2/code_de_depart/hls_architecture2/architecture_exploration/hls_mmult_prj/solution2_2/.autopilot/db/mmult_hw.tbgen.tcl 
Execute         source C:/Users/lexoi/OneDrive/Bureau/Automne2024/INF3610/lab2/code_de_depart/hls_architecture2/architecture_exploration/hls_mmult_prj/solution2_2/.autopilot/db/mmult_hw.tbgen.tcl 
Execute         source C:/Users/lexoi/OneDrive/Bureau/Automne2024/INF3610/lab2/code_de_depart/hls_architecture2/architecture_exploration/hls_mmult_prj/solution2_2/.autopilot/db/mmult_hw.tbgen.tcl 
Execute         source C:/Users/lexoi/OneDrive/Bureau/Automne2024/INF3610/lab2/code_de_depart/hls_architecture2/architecture_exploration/hls_mmult_prj/solution2_2/.autopilot/db/mmult_hw.tbgen.tcl 
Execute         source C:/Users/lexoi/OneDrive/Bureau/Automne2024/INF3610/lab2/code_de_depart/hls_architecture2/architecture_exploration/hls_mmult_prj/solution2_2/.autopilot/db/mmult_hw.tbgen.tcl 
Execute         source C:/Users/lexoi/OneDrive/Bureau/Automne2024/INF3610/lab2/code_de_depart/hls_architecture2/architecture_exploration/hls_mmult_prj/solution2_2/.autopilot/db/mmult_hw.tbgen.tcl 
Execute         source C:/Users/lexoi/OneDrive/Bureau/Automne2024/INF3610/lab2/code_de_depart/hls_architecture2/architecture_exploration/hls_mmult_prj/solution2_2/.autopilot/db/mmult_hw.tbgen.tcl 
Execute         source C:/Users/lexoi/OneDrive/Bureau/Automne2024/INF3610/lab2/code_de_depart/hls_architecture2/architecture_exploration/hls_mmult_prj/solution2_2/.autopilot/db/mmult_hw.tbgen.tcl 
Execute         source C:/Users/lexoi/OneDrive/Bureau/Automne2024/INF3610/lab2/code_de_depart/hls_architecture2/architecture_exploration/hls_mmult_prj/solution2_2/.autopilot/db/mmult_hw.tbgen.tcl 
Execute         source C:/Users/lexoi/OneDrive/Bureau/Automne2024/INF3610/lab2/code_de_depart/hls_architecture2/architecture_exploration/hls_mmult_prj/solution2_2/.autopilot/db/mmult_hw.tbgen.tcl 
Execute         source C:/Users/lexoi/OneDrive/Bureau/Automne2024/INF3610/lab2/code_de_depart/hls_architecture2/architecture_exploration/hls_mmult_prj/solution2_2/.autopilot/db/mmult_hw.tbgen.tcl 
Execute         source C:/Users/lexoi/OneDrive/Bureau/Automne2024/INF3610/lab2/code_de_depart/hls_architecture2/architecture_exploration/hls_mmult_prj/solution2_2/.autopilot/db/mmult_hw.tbgen.tcl 
Execute         source C:/Users/lexoi/OneDrive/Bureau/Automne2024/INF3610/lab2/code_de_depart/hls_architecture2/architecture_exploration/hls_mmult_prj/solution2_2/.autopilot/db/mmult_hw.tbgen.tcl 
Execute         source C:/Users/lexoi/OneDrive/Bureau/Automne2024/INF3610/lab2/code_de_depart/hls_architecture2/architecture_exploration/hls_mmult_prj/solution2_2/.autopilot/db/mmult_hw.tbgen.tcl 
Execute         source C:/Users/lexoi/OneDrive/Bureau/Automne2024/INF3610/lab2/code_de_depart/hls_architecture2/architecture_exploration/hls_mmult_prj/solution2_2/.autopilot/db/mmult_hw.tbgen.tcl 
Execute         source C:/Users/lexoi/OneDrive/Bureau/Automne2024/INF3610/lab2/code_de_depart/hls_architecture2/architecture_exploration/hls_mmult_prj/solution2_2/.autopilot/db/mmult_hw.tbgen.tcl 
Execute         source C:/Users/lexoi/OneDrive/Bureau/Automne2024/INF3610/lab2/code_de_depart/hls_architecture2/architecture_exploration/hls_mmult_prj/solution2_2/.autopilot/db/mmult_hw.tbgen.tcl 
Execute         source C:/Users/lexoi/OneDrive/Bureau/Automne2024/INF3610/lab2/code_de_depart/hls_architecture2/architecture_exploration/hls_mmult_prj/solution2_2/.autopilot/db/mmult_hw.tbgen.tcl 
Execute         source C:/Users/lexoi/OneDrive/Bureau/Automne2024/INF3610/lab2/code_de_depart/hls_architecture2/architecture_exploration/hls_mmult_prj/solution2_2/.autopilot/db/mmult_hw.tbgen.tcl 
Execute         source C:/Users/lexoi/OneDrive/Bureau/Automne2024/INF3610/lab2/code_de_depart/hls_architecture2/architecture_exploration/hls_mmult_prj/solution2_2/.autopilot/db/mmult_hw.tbgen.tcl 
Execute         source C:/Users/lexoi/OneDrive/Bureau/Automne2024/INF3610/lab2/code_de_depart/hls_architecture2/architecture_exploration/hls_mmult_prj/solution2_2/.autopilot/db/mmult_hw.tbgen.tcl 
Execute         source C:/Users/lexoi/OneDrive/Bureau/Automne2024/INF3610/lab2/code_de_depart/hls_architecture2/architecture_exploration/hls_mmult_prj/solution2_2/.autopilot/db/mmult_hw.tbgen.tcl 
Execute         source C:/Users/lexoi/OneDrive/Bureau/Automne2024/INF3610/lab2/code_de_depart/hls_architecture2/architecture_exploration/hls_mmult_prj/solution2_2/.autopilot/db/mmult_hw.tbgen.tcl 
Execute         source C:/Users/lexoi/OneDrive/Bureau/Automne2024/INF3610/lab2/code_de_depart/hls_architecture2/architecture_exploration/hls_mmult_prj/solution2_2/.autopilot/db/mmult_hw.tbgen.tcl 
Execute         source C:/Users/lexoi/OneDrive/Bureau/Automne2024/INF3610/lab2/code_de_depart/hls_architecture2/architecture_exploration/hls_mmult_prj/solution2_2/.autopilot/db/mmult_hw.tbgen.tcl 
Execute         source C:/Users/lexoi/OneDrive/Bureau/Automne2024/INF3610/lab2/code_de_depart/hls_architecture2/architecture_exploration/hls_mmult_prj/solution2_2/.autopilot/db/mmult_hw.tbgen.tcl 
Execute         source C:/Users/lexoi/OneDrive/Bureau/Automne2024/INF3610/lab2/code_de_depart/hls_architecture2/architecture_exploration/hls_mmult_prj/solution2_2/.autopilot/db/mmult_hw.tbgen.tcl 
Execute         source C:/Users/lexoi/OneDrive/Bureau/Automne2024/INF3610/lab2/code_de_depart/hls_architecture2/architecture_exploration/hls_mmult_prj/solution2_2/.autopilot/db/mmult_hw.tbgen.tcl 
Execute         source C:/Users/lexoi/OneDrive/Bureau/Automne2024/INF3610/lab2/code_de_depart/hls_architecture2/architecture_exploration/hls_mmult_prj/solution2_2/.autopilot/db/mmult_hw.tbgen.tcl 
Execute         source C:/Users/lexoi/OneDrive/Bureau/Automne2024/INF3610/lab2/code_de_depart/hls_architecture2/architecture_exploration/hls_mmult_prj/solution2_2/.autopilot/db/mmult_hw.tbgen.tcl 
Execute         source C:/Users/lexoi/OneDrive/Bureau/Automne2024/INF3610/lab2/code_de_depart/hls_architecture2/architecture_exploration/hls_mmult_prj/solution2_2/.autopilot/db/mmult_hw.tbgen.tcl 
Execute         source C:/Users/lexoi/OneDrive/Bureau/Automne2024/INF3610/lab2/code_de_depart/hls_architecture2/architecture_exploration/hls_mmult_prj/solution2_2/.autopilot/db/mmult_hw.tbgen.tcl 
Execute         source C:/Users/lexoi/OneDrive/Bureau/Automne2024/INF3610/lab2/code_de_depart/hls_architecture2/architecture_exploration/hls_mmult_prj/solution2_2/.autopilot/db/mmult_hw.tbgen.tcl 
Execute         source C:/Users/lexoi/OneDrive/Bureau/Automne2024/INF3610/lab2/code_de_depart/hls_architecture2/architecture_exploration/hls_mmult_prj/solution2_2/.autopilot/db/mmult_hw.tbgen.tcl 
Execute         source C:/Users/lexoi/OneDrive/Bureau/Automne2024/INF3610/lab2/code_de_depart/hls_architecture2/architecture_exploration/hls_mmult_prj/solution2_2/.autopilot/db/mmult_hw.tbgen.tcl 
Execute         source C:/Users/lexoi/OneDrive/Bureau/Automne2024/INF3610/lab2/code_de_depart/hls_architecture2/architecture_exploration/hls_mmult_prj/solution2_2/.autopilot/db/mmult_hw.tbgen.tcl 
Execute         source C:/Users/lexoi/OneDrive/Bureau/Automne2024/INF3610/lab2/code_de_depart/hls_architecture2/architecture_exploration/hls_mmult_prj/solution2_2/.autopilot/db/mmult_hw.tbgen.tcl 
Execute         source C:/Users/lexoi/OneDrive/Bureau/Automne2024/INF3610/lab2/code_de_depart/hls_architecture2/architecture_exploration/hls_mmult_prj/solution2_2/.autopilot/db/mmult_hw.tbgen.tcl 
Execute         source C:/Users/lexoi/OneDrive/Bureau/Automne2024/INF3610/lab2/code_de_depart/hls_architecture2/architecture_exploration/hls_mmult_prj/solution2_2/.autopilot/db/mmult_hw.tbgen.tcl 
Execute         source C:/Users/lexoi/OneDrive/Bureau/Automne2024/INF3610/lab2/code_de_depart/hls_architecture2/architecture_exploration/hls_mmult_prj/solution2_2/.autopilot/db/mmult_hw.tbgen.tcl 
Execute         source C:/Users/lexoi/OneDrive/Bureau/Automne2024/INF3610/lab2/code_de_depart/hls_architecture2/architecture_exploration/hls_mmult_prj/solution2_2/.autopilot/db/mmult_hw.tbgen.tcl 
Execute         source C:/Users/lexoi/OneDrive/Bureau/Automne2024/INF3610/lab2/code_de_depart/hls_architecture2/architecture_exploration/hls_mmult_prj/solution2_2/.autopilot/db/mmult_hw.tbgen.tcl 
Execute         source C:/Users/lexoi/OneDrive/Bureau/Automne2024/INF3610/lab2/code_de_depart/hls_architecture2/architecture_exploration/hls_mmult_prj/solution2_2/.autopilot/db/mmult_hw.tbgen.tcl 
Execute         source C:/Users/lexoi/OneDrive/Bureau/Automne2024/INF3610/lab2/code_de_depart/hls_architecture2/architecture_exploration/hls_mmult_prj/solution2_2/.autopilot/db/mmult_hw.tbgen.tcl 
Execute         source C:/Users/lexoi/OneDrive/Bureau/Automne2024/INF3610/lab2/code_de_depart/hls_architecture2/architecture_exploration/hls_mmult_prj/solution2_2/.autopilot/db/mmult_hw.tbgen.tcl 
Execute         source C:/Users/lexoi/OneDrive/Bureau/Automne2024/INF3610/lab2/code_de_depart/hls_architecture2/architecture_exploration/hls_mmult_prj/solution2_2/.autopilot/db/mmult_hw.tbgen.tcl 
Execute         source C:/Users/lexoi/OneDrive/Bureau/Automne2024/INF3610/lab2/code_de_depart/hls_architecture2/architecture_exploration/hls_mmult_prj/solution2_2/.autopilot/db/mmult_hw.tbgen.tcl 
Execute         source C:/Users/lexoi/OneDrive/Bureau/Automne2024/INF3610/lab2/code_de_depart/hls_architecture2/architecture_exploration/hls_mmult_prj/solution2_2/.autopilot/db/mmult_hw.tbgen.tcl 
Execute         source C:/Users/lexoi/OneDrive/Bureau/Automne2024/INF3610/lab2/code_de_depart/hls_architecture2/architecture_exploration/hls_mmult_prj/solution2_2/.autopilot/db/mmult_hw.tbgen.tcl 
Execute         source C:/Users/lexoi/OneDrive/Bureau/Automne2024/INF3610/lab2/code_de_depart/hls_architecture2/architecture_exploration/hls_mmult_prj/solution2_2/.autopilot/db/mmult_hw.tbgen.tcl 
Execute         source C:/Users/lexoi/OneDrive/Bureau/Automne2024/INF3610/lab2/code_de_depart/hls_architecture2/architecture_exploration/hls_mmult_prj/solution2_2/.autopilot/db/mmult_hw.tbgen.tcl 
Execute         source C:/Users/lexoi/OneDrive/Bureau/Automne2024/INF3610/lab2/code_de_depart/hls_architecture2/architecture_exploration/hls_mmult_prj/solution2_2/.autopilot/db/mmult_hw.tbgen.tcl 
Execute         source C:/Users/lexoi/OneDrive/Bureau/Automne2024/INF3610/lab2/code_de_depart/hls_architecture2/architecture_exploration/hls_mmult_prj/solution2_2/.autopilot/db/mmult_hw.tbgen.tcl 
Execute         source C:/Users/lexoi/OneDrive/Bureau/Automne2024/INF3610/lab2/code_de_depart/hls_architecture2/architecture_exploration/hls_mmult_prj/solution2_2/.autopilot/db/mmult_hw.tbgen.tcl 
Execute         source C:/Users/lexoi/OneDrive/Bureau/Automne2024/INF3610/lab2/code_de_depart/hls_architecture2/architecture_exploration/hls_mmult_prj/solution2_2/.autopilot/db/mmult_hw.tbgen.tcl 
Execute         source C:/Users/lexoi/OneDrive/Bureau/Automne2024/INF3610/lab2/code_de_depart/hls_architecture2/architecture_exploration/hls_mmult_prj/solution2_2/.autopilot/db/mmult_hw.tbgen.tcl 
Execute         source C:/Users/lexoi/OneDrive/Bureau/Automne2024/INF3610/lab2/code_de_depart/hls_architecture2/architecture_exploration/hls_mmult_prj/solution2_2/.autopilot/db/mmult_hw.tbgen.tcl 
Execute         source C:/Users/lexoi/OneDrive/Bureau/Automne2024/INF3610/lab2/code_de_depart/hls_architecture2/architecture_exploration/hls_mmult_prj/solution2_2/.autopilot/db/mmult_hw.tbgen.tcl 
Execute         source C:/Users/lexoi/OneDrive/Bureau/Automne2024/INF3610/lab2/code_de_depart/hls_architecture2/architecture_exploration/hls_mmult_prj/solution2_2/.autopilot/db/mmult_hw.tbgen.tcl 
Execute         source C:/Users/lexoi/OneDrive/Bureau/Automne2024/INF3610/lab2/code_de_depart/hls_architecture2/architecture_exploration/hls_mmult_prj/solution2_2/.autopilot/db/mmult_hw.tbgen.tcl 
Execute         source C:/Users/lexoi/OneDrive/Bureau/Automne2024/INF3610/lab2/code_de_depart/hls_architecture2/architecture_exploration/hls_mmult_prj/solution2_2/.autopilot/db/mmult_hw.tbgen.tcl 
Execute         source C:/Users/lexoi/OneDrive/Bureau/Automne2024/INF3610/lab2/code_de_depart/hls_architecture2/architecture_exploration/hls_mmult_prj/solution2_2/.autopilot/db/mmult_hw.tbgen.tcl 
Command       ap_source done; 5.37 sec.
INFO-FLOW: DBG:CMD:       generate_ip_cores sim=0 export=0 expOnly=0 dstVlogDir=impl/.pcores/verilog_sim
Execute       source C:/Users/lexoi/OneDrive/Bureau/Automne2024/INF3610/lab2/code_de_depart/hls_architecture2/architecture_exploration/hls_mmult_prj/solution2_2/.autopilot/db/global.setting.tcl 
Execute       source C:/Users/lexoi/OneDrive/Bureau/Automne2024/INF3610/lab2/code_de_depart/hls_architecture2/architecture_exploration/hls_mmult_prj/solution2_2/.autopilot/db/mmult_hw.compgen.tcl 
Execute       source C:/Users/lexoi/OneDrive/Bureau/Automne2024/INF3610/lab2/code_de_depart/hls_architecture2/architecture_exploration/hls_mmult_prj/solution2_2/.autopilot/db/global.setting.tcl 
Execute       source C:/Users/lexoi/OneDrive/Bureau/Automne2024/INF3610/lab2/code_de_depart/hls_architecture2/architecture_exploration/hls_mmult_prj/solution2_2/.autopilot/db/mmult_hw.constraint.tcl 
Execute       source C:/Users/lexoi/OneDrive/Bureau/Automne2024/INF3610/lab2/code_de_depart/hls_architecture2/architecture_exploration/hls_mmult_prj/solution2_2/.autopilot/db/mmult_hw.tbgen.tcl 
INFO-FLOW: DBG:CMD:       hasPcoreIpAdapter=false #gSsdmPorts=220
INFO-FLOW: DBG:CMD: Skipping loadAnalyze_DB, #g_database=109
INFO-FLOW: DBG:CMD:       generate_json is_phase_csynth=1 g_has_adaptors=false generate_bd_files=0 #modelList=4 #gSsdmPorts=220
Execute       source C:/Users/lexoi/OneDrive/Bureau/Automne2024/INF3610/lab2/code_de_depart/hls_architecture2/architecture_exploration/hls_mmult_prj/solution2_2/.autopilot/db/global.setting.tcl 
Execute       source C:/Users/lexoi/OneDrive/Bureau/Automne2024/INF3610/lab2/code_de_depart/hls_architecture2/architecture_exploration/hls_mmult_prj/solution2_2/.autopilot/db/global.setting.tcl 
Execute       source C:/Users/lexoi/OneDrive/Bureau/Automne2024/INF3610/lab2/code_de_depart/hls_architecture2/architecture_exploration/hls_mmult_prj/solution2_2/.autopilot/db/mmult_hw.tbgen.tcl 
Execute       source C:/Users/lexoi/OneDrive/Bureau/Automne2024/INF3610/lab2/code_de_depart/hls_architecture2/architecture_exploration/hls_mmult_prj/solution2_2/.autopilot/db/mmult_hw.tbgen.tcl 
Execute       source C:/Users/lexoi/OneDrive/Bureau/Automne2024/INF3610/lab2/code_de_depart/hls_architecture2/architecture_exploration/hls_mmult_prj/solution2_2/.autopilot/db/global.setting.tcl 
Execute       get_config_sdx -target 
Execute       get_config_export -xo 
Execute       source C:/Users/lexoi/OneDrive/Bureau/Automne2024/INF3610/lab2/code_de_depart/hls_architecture2/architecture_exploration/hls_mmult_prj/solution2_2/.autopilot/db/global.setting.tcl 
Execute       source C:/Users/lexoi/OneDrive/Bureau/Automne2024/INF3610/lab2/code_de_depart/hls_architecture2/architecture_exploration/hls_mmult_prj/solution2_2/.autopilot/db/mmult_hw.constraint.tcl 
Execute       sc_get_clocks mmult_hw 
Execute       source C:/Users/lexoi/OneDrive/Bureau/Automne2024/INF3610/lab2/code_de_depart/hls_architecture2/architecture_exploration/hls_mmult_prj/solution2_2/.autopilot/db/global.setting.tcl 
Execute       source C:/Users/lexoi/OneDrive/Bureau/Automne2024/INF3610/lab2/code_de_depart/hls_architecture2/architecture_exploration/hls_mmult_prj/solution2_2/impl/misc/mmult_hw_ap_hadd_3_full_dsp_16_ip.tcl 
Execute       source C:/Users/lexoi/OneDrive/Bureau/Automne2024/INF3610/lab2/code_de_depart/hls_architecture2/architecture_exploration/hls_mmult_prj/solution2_2/impl/misc/mmult_hw_ap_hmul_2_max_dsp_16_ip.tcl 
Execute       get_config_sdx -target 
Execute       get_config_sdx -profile 
Execute       ::config_rtl 
INFO-FLOW: DBG:CMD: add_json_sdx_info kernel file does not exist: C:/Users/lexoi/OneDrive/Bureau/Automne2024/INF3610/lab2/code_de_depart/hls_architecture2/architecture_exploration/hls_mmult_prj/solution2_2/.autopilot/db/kernel.internal.xml
INFO-FLOW: DBG:CMD:       delete-temp-dirs (skipped for debug)
INFO: [HLS 200-111] Finished generating all RTL models Time (s): cpu = 00:00:14 ; elapsed = 00:00:50 . Memory (MB): peak = 167.152 ; gain = 82.594
INFO: [SYSC 207-301] Generating SystemC RTL for mmult_hw.
INFO: [VHDL 208-304] Generating VHDL RTL for mmult_hw.
INFO: [VLOG 209-307] Generating Verilog RTL for mmult_hw.
Command     autosyn done; 32.601 sec.
Execute     get_part 
Execute     get_config_export -sdx_tcl 
Command   csynth_design done; 47.351 sec.
Command ap_source done; 48.314 sec.
Execute cleanup_all 
