
*** Running vivado
    with args -log design_1_wrapper.vdi -applog -m64 -product Vivado -messageDb vivado.pb -mode batch -source design_1_wrapper.tcl -notrace



****** Vivado v2022.1 (64-bit)
  **** SW Build 3526262 on Mon Apr 18 15:48:16 MDT 2022
  **** IP Build 3524634 on Mon Apr 18 20:55:01 MDT 2022
    ** Copyright 1986-2022 Xilinx, Inc. All Rights Reserved.

source design_1_wrapper.tcl -notrace
INFO: [IP_Flow 19-234] Refreshing IP repositories
INFO: [IP_Flow 19-1700] Loaded user IP repository 'c:/Users/ombenv/Desktop/INF3610/tp4/part2/architecture_impl_sol2_2/hls_wrapped_mmult_prj/solution2_2/impl/ip'.
INFO: [IP_Flow 19-2313] Loaded Vivado IP repository 'C:/Logiciels/Xilinx/Vivado/2022.1/data/ip'.
add_files: Time (s): cpu = 00:00:01 ; elapsed = 00:00:05 . Memory (MB): peak = 1609.188 ; gain = 0.000
Command: link_design -top design_1_wrapper -part xc7z020clg400-1
Design is defaulting to srcset: sources_1
Design is defaulting to constrset: constrs_1
INFO: [Device 21-403] Loading part xc7z020clg400-1
INFO: [Project 1-454] Reading design checkpoint 'c:/Users/ombenv/Desktop/INF3610/tp4/part2/projet_sol2_2/projet_sol2_2.gen/sources_1/bd/design_1/ip/design_1_HLS_accel_1_0/design_1_HLS_accel_1_0.dcp' for cell 'design_1_i/HLS_accel_1'
INFO: [Project 1-454] Reading design checkpoint 'c:/Users/ombenv/Desktop/INF3610/tp4/part2/projet_sol2_2/projet_sol2_2.gen/sources_1/bd/design_1/ip/design_1_axi_dma_1_0/design_1_axi_dma_1_0.dcp' for cell 'design_1_i/axi_dma_1'
INFO: [Project 1-454] Reading design checkpoint 'c:/Users/ombenv/Desktop/INF3610/tp4/part2/projet_sol2_2/projet_sol2_2.gen/sources_1/bd/design_1/ip/design_1_axi_timer_1_0/design_1_axi_timer_1_0.dcp' for cell 'design_1_i/axi_timer_1'
INFO: [Project 1-454] Reading design checkpoint 'c:/Users/ombenv/Desktop/INF3610/tp4/part2/projet_sol2_2/projet_sol2_2.gen/sources_1/bd/design_1/ip/design_1_proc_sys_reset_0/design_1_proc_sys_reset_0.dcp' for cell 'design_1_i/proc_sys_reset'
INFO: [Project 1-454] Reading design checkpoint 'c:/Users/ombenv/Desktop/INF3610/tp4/part2/projet_sol2_2/projet_sol2_2.gen/sources_1/bd/design_1/ip/design_1_processing_system7_0_0/design_1_processing_system7_0_0.dcp' for cell 'design_1_i/processing_system7_0'
INFO: [Project 1-454] Reading design checkpoint 'c:/Users/ombenv/Desktop/INF3610/tp4/part2/projet_sol2_2/projet_sol2_2.gen/sources_1/bd/design_1/ip/design_1_xbar_0/design_1_xbar_0.dcp' for cell 'design_1_i/axi_interconnect_0/xbar'
INFO: [Project 1-454] Reading design checkpoint 'c:/Users/ombenv/Desktop/INF3610/tp4/part2/projet_sol2_2/projet_sol2_2.gen/sources_1/bd/design_1/ip/design_1_auto_pc_0/design_1_auto_pc_0.dcp' for cell 'design_1_i/axi_interconnect_0/m00_couplers/auto_pc'
INFO: [Project 1-454] Reading design checkpoint 'c:/Users/ombenv/Desktop/INF3610/tp4/part2/projet_sol2_2/projet_sol2_2.gen/sources_1/bd/design_1/ip/design_1_auto_us_0/design_1_auto_us_0.dcp' for cell 'design_1_i/axi_interconnect_0/s00_couplers/auto_us'
INFO: [Project 1-454] Reading design checkpoint 'c:/Users/ombenv/Desktop/INF3610/tp4/part2/projet_sol2_2/projet_sol2_2.gen/sources_1/bd/design_1/ip/design_1_auto_us_1/design_1_auto_us_1.dcp' for cell 'design_1_i/axi_interconnect_0/s01_couplers/auto_us'
INFO: [Project 1-454] Reading design checkpoint 'c:/Users/ombenv/Desktop/INF3610/tp4/part2/projet_sol2_2/projet_sol2_2.gen/sources_1/bd/design_1/ip/design_1_xbar_1/design_1_xbar_1.dcp' for cell 'design_1_i/axi_interconnect_1/xbar'
INFO: [Project 1-454] Reading design checkpoint 'c:/Users/ombenv/Desktop/INF3610/tp4/part2/projet_sol2_2/projet_sol2_2.gen/sources_1/bd/design_1/ip/design_1_auto_pc_1/design_1_auto_pc_1.dcp' for cell 'design_1_i/axi_interconnect_1/s00_couplers/auto_pc'
Netlist sorting complete. Time (s): cpu = 00:00:00 ; elapsed = 00:00:00.903 . Memory (MB): peak = 1609.188 ; gain = 0.000
INFO: [Netlist 29-17] Analyzing 6969 Unisim elements for replacement
INFO: [Netlist 29-28] Unisim Transformation completed in 2 CPU seconds
INFO: [Project 1-479] Netlist was created with Vivado 2018.3
INFO: [Project 1-570] Preparing netlist for logic optimization
Parsing XDC File [c:/Users/ombenv/Desktop/INF3610/tp4/part2/projet_sol2_2/projet_sol2_2.gen/sources_1/bd/design_1/ip/design_1_axi_dma_1_0/design_1_axi_dma_1_0.xdc] for cell 'design_1_i/axi_dma_1/U0'
Finished Parsing XDC File [c:/Users/ombenv/Desktop/INF3610/tp4/part2/projet_sol2_2/projet_sol2_2.gen/sources_1/bd/design_1/ip/design_1_axi_dma_1_0/design_1_axi_dma_1_0.xdc] for cell 'design_1_i/axi_dma_1/U0'
Parsing XDC File [c:/Users/ombenv/Desktop/INF3610/tp4/part2/projet_sol2_2/projet_sol2_2.gen/sources_1/bd/design_1/ip/design_1_axi_timer_1_0/design_1_axi_timer_1_0.xdc] for cell 'design_1_i/axi_timer_1/U0'
Finished Parsing XDC File [c:/Users/ombenv/Desktop/INF3610/tp4/part2/projet_sol2_2/projet_sol2_2.gen/sources_1/bd/design_1/ip/design_1_axi_timer_1_0/design_1_axi_timer_1_0.xdc] for cell 'design_1_i/axi_timer_1/U0'
Parsing XDC File [c:/Users/ombenv/Desktop/INF3610/tp4/part2/projet_sol2_2/projet_sol2_2.gen/sources_1/bd/design_1/ip/design_1_proc_sys_reset_0/design_1_proc_sys_reset_0_board.xdc] for cell 'design_1_i/proc_sys_reset/U0'
Finished Parsing XDC File [c:/Users/ombenv/Desktop/INF3610/tp4/part2/projet_sol2_2/projet_sol2_2.gen/sources_1/bd/design_1/ip/design_1_proc_sys_reset_0/design_1_proc_sys_reset_0_board.xdc] for cell 'design_1_i/proc_sys_reset/U0'
Parsing XDC File [c:/Users/ombenv/Desktop/INF3610/tp4/part2/projet_sol2_2/projet_sol2_2.gen/sources_1/bd/design_1/ip/design_1_proc_sys_reset_0/design_1_proc_sys_reset_0.xdc] for cell 'design_1_i/proc_sys_reset/U0'
Finished Parsing XDC File [c:/Users/ombenv/Desktop/INF3610/tp4/part2/projet_sol2_2/projet_sol2_2.gen/sources_1/bd/design_1/ip/design_1_proc_sys_reset_0/design_1_proc_sys_reset_0.xdc] for cell 'design_1_i/proc_sys_reset/U0'
Parsing XDC File [c:/Users/ombenv/Desktop/INF3610/tp4/part2/projet_sol2_2/projet_sol2_2.gen/sources_1/bd/design_1/ip/design_1_processing_system7_0_0/design_1_processing_system7_0_0.xdc] for cell 'design_1_i/processing_system7_0/inst'
Finished Parsing XDC File [c:/Users/ombenv/Desktop/INF3610/tp4/part2/projet_sol2_2/projet_sol2_2.gen/sources_1/bd/design_1/ip/design_1_processing_system7_0_0/design_1_processing_system7_0_0.xdc] for cell 'design_1_i/processing_system7_0/inst'
Parsing XDC File [c:/Users/ombenv/Desktop/INF3610/tp4/part2/projet_sol2_2/projet_sol2_2.gen/sources_1/bd/design_1/ip/design_1_axi_dma_1_0/design_1_axi_dma_1_0_clocks.xdc] for cell 'design_1_i/axi_dma_1/U0'
Finished Parsing XDC File [c:/Users/ombenv/Desktop/INF3610/tp4/part2/projet_sol2_2/projet_sol2_2.gen/sources_1/bd/design_1/ip/design_1_axi_dma_1_0/design_1_axi_dma_1_0_clocks.xdc] for cell 'design_1_i/axi_dma_1/U0'
Parsing XDC File [c:/Users/ombenv/Desktop/INF3610/tp4/part2/projet_sol2_2/projet_sol2_2.gen/sources_1/bd/design_1/ip/design_1_auto_us_0/design_1_auto_us_0_clocks.xdc] for cell 'design_1_i/axi_interconnect_0/s00_couplers/auto_us/inst'
Finished Parsing XDC File [c:/Users/ombenv/Desktop/INF3610/tp4/part2/projet_sol2_2/projet_sol2_2.gen/sources_1/bd/design_1/ip/design_1_auto_us_0/design_1_auto_us_0_clocks.xdc] for cell 'design_1_i/axi_interconnect_0/s00_couplers/auto_us/inst'
Parsing XDC File [c:/Users/ombenv/Desktop/INF3610/tp4/part2/projet_sol2_2/projet_sol2_2.gen/sources_1/bd/design_1/ip/design_1_auto_us_1/design_1_auto_us_1_clocks.xdc] for cell 'design_1_i/axi_interconnect_0/s01_couplers/auto_us/inst'
Finished Parsing XDC File [c:/Users/ombenv/Desktop/INF3610/tp4/part2/projet_sol2_2/projet_sol2_2.gen/sources_1/bd/design_1/ip/design_1_auto_us_1/design_1_auto_us_1_clocks.xdc] for cell 'design_1_i/axi_interconnect_0/s01_couplers/auto_us/inst'
INFO: [Project 1-1714] 6 XPM XDC files have been applied to the design.
INFO: [Opt 31-138] Pushed 0 inverter(s) to 0 load pin(s).
Netlist sorting complete. Time (s): cpu = 00:00:00 ; elapsed = 00:00:00.082 . Memory (MB): peak = 1609.188 ; gain = 0.000
INFO: [Project 1-111] Unisim Transformation Summary:
  A total of 5568 instances were transformed.
  LUT6_2 => LUT6_2 (LUT5, LUT6): 378 instances
  RAM16X1S => RAM32X1S (RAMS32): 3456 instances
  RAM32M => RAM32M (RAMD32(x6), RAMS32(x2)): 5 instances
  RAM32X1D => RAM32X1D (RAMD32(x2)): 1 instance 
  RAM32X1S => RAM32X1S (RAMS32): 1728 instances

22 Infos, 0 Warnings, 0 Critical Warnings and 0 Errors encountered.
link_design completed successfully
link_design: Time (s): cpu = 00:00:21 ; elapsed = 00:00:34 . Memory (MB): peak = 1609.188 ; gain = 0.000
Command: opt_design
Attempting to get a license for feature 'Implementation' and/or device 'xc7z020'
INFO: [Common 17-349] Got license for feature 'Implementation' and/or device 'xc7z020'
Running DRC as a precondition to command opt_design

Starting DRC Task
INFO: [DRC 23-27] Running DRC with 2 threads
INFO: [Project 1-461] DRC finished with 0 Errors
INFO: [Project 1-462] Please refer to the DRC report (report_drc) for more information.

Time (s): cpu = 00:00:01 ; elapsed = 00:00:01 . Memory (MB): peak = 1617.828 ; gain = 8.641

Starting Cache Timing Information Task
INFO: [Timing 38-35] Done setting XDC timing constraints.
Ending Cache Timing Information Task | Checksum: 202ce2ec2

Time (s): cpu = 00:00:10 ; elapsed = 00:00:11 . Memory (MB): peak = 2274.273 ; gain = 656.445

Starting Logic Optimization Task

Phase 1 Retarget
INFO: [Opt 31-1287] Pulled Inverter design_1_i/HLS_accel_1/inst/j2_0_i_reg_2812[5]_i_1 into driver instance design_1_i/HLS_accel_1/inst/b_2_U/HLS_accel_a_0_ram_U/INPUT_STREAM_dest_V_0_state[1]_i_4, which resulted in an inversion of 21 pins
INFO: [Opt 31-1287] Pulled Inverter design_1_i/HLS_accel_1/inst/j_0_i_reg_2779[5]_i_2 into driver instance design_1_i/HLS_accel_1/inst/a_48_U/HLS_accel_a_0_ram_U/INPUT_STREAM_dest_V_0_state[1]_i_3, which resulted in an inversion of 12 pins
INFO: [Opt 31-1287] Pulled Inverter design_1_i/axi_dma_1/U0/I_PRMRY_DATAMOVER/GEN_MM2S_FULL.I_MM2S_FULL_WRAPPER/I_RD_DATA_CNTL/GEN_DATA_CNTL_FIFO.I_DATA_CNTL_FIFO/USE_SRL_FIFO.I_SYNC_FIFO/I_SRL_FIFO_RBU_F/CNTR_INCR_DECR_ADDN_F_I/sig_next_cmd_cmplt_reg_i_2 into driver instance design_1_i/axi_dma_1/U0/I_PRMRY_DATAMOVER/GEN_MM2S_FULL.I_MM2S_FULL_WRAPPER/I_RD_DATA_CNTL/GEN_DATA_CNTL_FIFO.I_DATA_CNTL_FIFO/USE_SRL_FIFO.I_SYNC_FIFO/I_SRL_FIFO_RBU_F/CNTR_INCR_DECR_ADDN_F_I/INFERRED_GEN.cnt_i[2]_i_2__0, which resulted in an inversion of 18 pins
INFO: [Opt 31-1287] Pulled Inverter design_1_i/axi_dma_1/U0/I_PRMRY_DATAMOVER/GEN_S2MM_FULL.I_S2MM_FULL_WRAPPER/GEN_INCLUDE_IBTTCC.I_S2MM_MSTR_IBTTCC/sig_realign_cmd_cmplt_reg_i_1 into driver instance design_1_i/axi_dma_1/U0/I_PRMRY_DATAMOVER/GEN_S2MM_FULL.I_S2MM_FULL_WRAPPER/GEN_INCLUDE_IBTTCC.I_S2MM_MSTR_IBTTCC/sig_realigner_btt2[13]_i_2, which resulted in an inversion of 16 pins
INFO: [Opt 31-1287] Pulled Inverter design_1_i/axi_dma_1/U0/I_PRMRY_DATAMOVER/GEN_S2MM_FULL.I_S2MM_FULL_WRAPPER/GEN_INCLUDE_REALIGNER.I_S2MM_REALIGNER/GEN_INCLUDE_SCATTER.I_S2MM_SCATTER/I_TSTRB_FIFO/USE_SRL_FIFO.I_SYNC_FIFO/I_SRL_FIFO_RBU_F/DYNSHREG_F_I/GEN_INPUT_REG[1].sig_input_data_reg[1][9]_i_3__0 into driver instance design_1_i/axi_dma_1/U0/I_PRMRY_DATAMOVER/GEN_S2MM_FULL.I_S2MM_FULL_WRAPPER/GEN_INCLUDE_REALIGNER.I_S2MM_REALIGNER/GEN_INCLUDE_SCATTER.I_S2MM_SCATTER/I_TSTRB_FIFO/USE_SRL_FIFO.I_SYNC_FIFO/I_SRL_FIFO_RBU_F/DYNSHREG_F_I/GEN_INPUT_REG[0].sig_input_data_reg[0][9]_i_7, which resulted in an inversion of 6 pins
INFO: [Opt 31-1287] Pulled Inverter design_1_i/axi_interconnect_1/s00_couplers/auto_pc/inst/gen_axilite.gen_b2s_conv.axilite_b2s/RD.ar_channel_0/ar_cmd_fsm_0/axaddr_offset_r[0]_i_1__0 into driver instance design_1_i/axi_interconnect_1/s00_couplers/auto_pc/inst/gen_axilite.gen_b2s_conv.axilite_b2s/RD.ar_channel_0/ar_cmd_fsm_0/axaddr_offset_r[0]_i_2__0, which resulted in an inversion of 9 pins
INFO: [Opt 31-1287] Pulled Inverter design_1_i/axi_interconnect_1/s00_couplers/auto_pc/inst/gen_axilite.gen_b2s_conv.axilite_b2s/WR.aw_channel_0/aw_cmd_fsm_0/axaddr_offset_r[0]_i_1 into driver instance design_1_i/axi_interconnect_1/s00_couplers/auto_pc/inst/gen_axilite.gen_b2s_conv.axilite_b2s/WR.aw_channel_0/aw_cmd_fsm_0/axaddr_offset_r[0]_i_2, which resulted in an inversion of 9 pins
INFO: [Opt 31-138] Pushed 110 inverter(s) to 444 load pin(s).
In IDDR TRANSFORM
INFO: [Opt 31-49] Retargeted 0 cell(s).
Phase 1 Retarget | Checksum: 27023b7ca

Time (s): cpu = 00:00:03 ; elapsed = 00:00:04 . Memory (MB): peak = 2596.824 ; gain = 0.000
INFO: [Opt 31-389] Phase Retarget created 1454 cells and removed 1687 cells
INFO: [Opt 31-1021] In phase Retarget, 6 netlist objects are constrained preventing optimization. Please run opt_design with -debug_log to get more detail. 

Phase 2 Constant propagation
INFO: [Opt 31-138] Pushed 2 inverter(s) to 9 load pin(s).
Phase 2 Constant propagation | Checksum: 1a2ff5615

Time (s): cpu = 00:00:03 ; elapsed = 00:00:04 . Memory (MB): peak = 2596.824 ; gain = 0.000
INFO: [Opt 31-389] Phase Constant propagation created 455 cells and removed 1051 cells
INFO: [Opt 31-1021] In phase Constant propagation, 6 netlist objects are constrained preventing optimization. Please run opt_design with -debug_log to get more detail. 

Phase 3 Sweep
Phase 3 Sweep | Checksum: 213634b48

Time (s): cpu = 00:00:05 ; elapsed = 00:00:06 . Memory (MB): peak = 2596.824 ; gain = 0.000
INFO: [Opt 31-389] Phase Sweep created 0 cells and removed 1386 cells
INFO: [Opt 31-1021] In phase Sweep, 78 netlist objects are constrained preventing optimization. Please run opt_design with -debug_log to get more detail. 

Phase 4 BUFG optimization
Phase 4 BUFG optimization | Checksum: 213634b48

Time (s): cpu = 00:00:06 ; elapsed = 00:00:07 . Memory (MB): peak = 2596.824 ; gain = 0.000
INFO: [Opt 31-662] Phase BUFG optimization created 0 cells of which 0 are BUFGs and removed 0 cells.

Phase 5 Shift Register Optimization
INFO: [Opt 31-1064] SRL Remap converted 0 SRLs to 0 registers and converted 0 registers of register chains to 0 SRLs
Phase 5 Shift Register Optimization | Checksum: 1de1ceb2c

Time (s): cpu = 00:00:06 ; elapsed = 00:00:07 . Memory (MB): peak = 2596.824 ; gain = 0.000
INFO: [Opt 31-389] Phase Shift Register Optimization created 0 cells and removed 0 cells

Phase 6 Post Processing Netlist
Phase 6 Post Processing Netlist | Checksum: 1f09df373

Time (s): cpu = 00:00:06 ; elapsed = 00:00:07 . Memory (MB): peak = 2596.824 ; gain = 0.000
INFO: [Opt 31-389] Phase Post Processing Netlist created 0 cells and removed 0 cells
INFO: [Opt 31-1021] In phase Post Processing Netlist, 15 netlist objects are constrained preventing optimization. Please run opt_design with -debug_log to get more detail. 
Opt_design Change Summary
=========================


-------------------------------------------------------------------------------------------------------------------------
|  Phase                        |  #Cells created  |  #Cells Removed  |  #Constrained objects preventing optimizations  |
-------------------------------------------------------------------------------------------------------------------------
|  Retarget                     |            1454  |            1687  |                                              6  |
|  Constant propagation         |             455  |            1051  |                                              6  |
|  Sweep                        |               0  |            1386  |                                             78  |
|  BUFG optimization            |               0  |               0  |                                              0  |
|  Shift Register Optimization  |               0  |               0  |                                              0  |
|  Post Processing Netlist      |               0  |               0  |                                             15  |
-------------------------------------------------------------------------------------------------------------------------



Starting Connectivity Check Task

Time (s): cpu = 00:00:00 ; elapsed = 00:00:00.089 . Memory (MB): peak = 2596.824 ; gain = 0.000
Ending Logic Optimization Task | Checksum: 15d2b8448

Time (s): cpu = 00:00:07 ; elapsed = 00:00:09 . Memory (MB): peak = 2596.824 ; gain = 0.000

Starting Power Optimization Task
INFO: [Pwropt 34-132] Skipping clock gating for clocks with a period < 2.00 ns.
INFO: [Pwropt 34-9] Applying IDT optimizations ...
INFO: [Pwropt 34-10] Applying ODC optimizations ...
INFO: [Timing 38-35] Done setting XDC timing constraints.
Running Vector-less Activity Propagation...

Finished Running Vector-less Activity Propagation


Starting PowerOpt Patch Enables Task
INFO: [Pwropt 34-162] WRITE_MODE attribute of 0 BRAM(s) out of a total of 8 has been updated to save power. Run report_power_opt to get a complete listing of the BRAMs updated.
INFO: [Pwropt 34-201] Structural ODC has moved 0 WE to EN ports
Number of BRAM Ports augmented: 4 newly gated: 0 Total Ports: 16
Ending PowerOpt Patch Enables Task | Checksum: 1c86af4da

Time (s): cpu = 00:00:00 ; elapsed = 00:00:00.275 . Memory (MB): peak = 2798.980 ; gain = 0.000
Ending Power Optimization Task | Checksum: 1c86af4da

Time (s): cpu = 00:00:10 ; elapsed = 00:00:09 . Memory (MB): peak = 2798.980 ; gain = 202.156

Starting Final Cleanup Task
Ending Final Cleanup Task | Checksum: 1c86af4da

Time (s): cpu = 00:00:00 ; elapsed = 00:00:00.010 . Memory (MB): peak = 2798.980 ; gain = 0.000

Starting Netlist Obfuscation Task
Netlist sorting complete. Time (s): cpu = 00:00:00 ; elapsed = 00:00:00.084 . Memory (MB): peak = 2798.980 ; gain = 0.000
Ending Netlist Obfuscation Task | Checksum: 1b21e9d34

Time (s): cpu = 00:00:00 ; elapsed = 00:00:00.094 . Memory (MB): peak = 2798.980 ; gain = 0.000
INFO: [Common 17-83] Releasing license: Implementation
55 Infos, 0 Warnings, 0 Critical Warnings and 0 Errors encountered.
opt_design completed successfully
opt_design: Time (s): cpu = 00:00:30 ; elapsed = 00:00:33 . Memory (MB): peak = 2798.980 ; gain = 1189.793
INFO: [Timing 38-480] Writing timing data to binary archive.
Writing XDEF routing.
Writing XDEF routing logical nets.
Writing XDEF routing special nets.
Write XDEF Complete: Time (s): cpu = 00:00:00 ; elapsed = 00:00:00.091 . Memory (MB): peak = 2798.980 ; gain = 0.000
INFO: [Common 17-1381] The checkpoint 'C:/Users/ombenv/Desktop/INF3610/tp4/part2/projet_sol2_2/projet_sol2_2.runs/impl_1/design_1_wrapper_opt.dcp' has been generated.
write_checkpoint: Time (s): cpu = 00:00:06 ; elapsed = 00:00:07 . Memory (MB): peak = 2798.980 ; gain = 0.000
INFO: [runtcl-4] Executing : report_drc -file design_1_wrapper_drc_opted.rpt -pb design_1_wrapper_drc_opted.pb -rpx design_1_wrapper_drc_opted.rpx
Command: report_drc -file design_1_wrapper_drc_opted.rpt -pb design_1_wrapper_drc_opted.pb -rpx design_1_wrapper_drc_opted.rpx
INFO: [IP_Flow 19-1839] IP Catalog is up to date.
INFO: [Timing 38-35] Done setting XDC timing constraints.
INFO: [DRC 23-27] Running DRC with 2 threads
INFO: [Vivado_Tcl 2-168] The results of DRC are in file C:/Users/ombenv/Desktop/INF3610/tp4/part2/projet_sol2_2/projet_sol2_2.runs/impl_1/design_1_wrapper_drc_opted.rpt.
report_drc completed successfully
report_drc: Time (s): cpu = 00:00:09 ; elapsed = 00:00:10 . Memory (MB): peak = 2798.980 ; gain = 0.000
Command: place_design
Attempting to get a license for feature 'Implementation' and/or device 'xc7z020'
INFO: [Common 17-349] Got license for feature 'Implementation' and/or device 'xc7z020'
INFO: [DRC 23-27] Running DRC with 2 threads
INFO: [Vivado_Tcl 4-198] DRC finished with 0 Errors
INFO: [Vivado_Tcl 4-199] Please refer to the DRC report (report_drc) for more information.
Running DRC as a precondition to command place_design
INFO: [DRC 23-27] Running DRC with 2 threads
INFO: [Vivado_Tcl 4-198] DRC finished with 0 Errors
INFO: [Vivado_Tcl 4-199] Please refer to the DRC report (report_drc) for more information.

Starting Placer Task
INFO: [Place 30-611] Multithreading enabled for place_design using a maximum of 2 CPUs

Phase 1 Placer Initialization

Phase 1.1 Placer Initialization Netlist Sorting
Netlist sorting complete. Time (s): cpu = 00:00:00 ; elapsed = 00:00:00.066 . Memory (MB): peak = 2798.980 ; gain = 0.000
Phase 1.1 Placer Initialization Netlist Sorting | Checksum: ebf58e85

Time (s): cpu = 00:00:00 ; elapsed = 00:00:00.083 . Memory (MB): peak = 2798.980 ; gain = 0.000
Netlist sorting complete. Time (s): cpu = 00:00:00 ; elapsed = 00:00:00.066 . Memory (MB): peak = 2798.980 ; gain = 0.000

Phase 1.2 IO Placement/ Clock Placement/ Build Placer Device
Phase 1.2 IO Placement/ Clock Placement/ Build Placer Device | Checksum: 13a9a7de4

Time (s): cpu = 00:00:08 ; elapsed = 00:00:11 . Memory (MB): peak = 2798.980 ; gain = 0.000

Phase 1.3 Build Placer Netlist Model
Phase 1.3 Build Placer Netlist Model | Checksum: 12c596daa

Time (s): cpu = 00:00:15 ; elapsed = 00:00:20 . Memory (MB): peak = 2798.980 ; gain = 0.000

Phase 1.4 Constrain Clocks/Macros
Phase 1.4 Constrain Clocks/Macros | Checksum: 12c596daa

Time (s): cpu = 00:00:15 ; elapsed = 00:00:21 . Memory (MB): peak = 2798.980 ; gain = 0.000
Phase 1 Placer Initialization | Checksum: 12c596daa

Time (s): cpu = 00:00:16 ; elapsed = 00:00:21 . Memory (MB): peak = 2798.980 ; gain = 0.000

Phase 2 Global Placement

Phase 2.1 Floorplanning
Phase 2.1 Floorplanning | Checksum: e63d06ab

Time (s): cpu = 00:00:17 ; elapsed = 00:00:23 . Memory (MB): peak = 2798.980 ; gain = 0.000

Phase 2.2 Update Timing before SLR Path Opt
Phase 2.2 Update Timing before SLR Path Opt | Checksum: f1ef1694

Time (s): cpu = 00:00:19 ; elapsed = 00:00:25 . Memory (MB): peak = 2798.980 ; gain = 0.000

Phase 2.3 Post-Processing in Floorplanning
Phase 2.3 Post-Processing in Floorplanning | Checksum: f1ef1694

Time (s): cpu = 00:00:19 ; elapsed = 00:00:25 . Memory (MB): peak = 2798.980 ; gain = 0.000

Phase 2.4 Global Placement Core

Phase 2.4.1 Physical Synthesis In Placer
INFO: [Physopt 32-1035] Found 48 LUTNM shape to break, 2549 LUT instances to create LUTNM shape
INFO: [Physopt 32-1044] Break lutnm for timing: one critical 47, two critical 1, total 13, new lutff created 13
INFO: [Physopt 32-1138] End 1 Pass. Optimized 1182 nets or LUTs. Breaked 13 LUTs, combined 1169 existing LUTs and moved 0 existing LUT
INFO: [Physopt 32-65] No nets found for high-fanout optimization.
INFO: [Physopt 32-232] Optimized 0 net. Created 0 new instance.
INFO: [Physopt 32-775] End 1 Pass. Optimized 0 net or cell. Created 0 new cell, deleted 0 existing cell and moved 0 existing cell
INFO: [Physopt 32-457] Pass 1. Identified 24 candidate cells for DSP register optimization.
INFO: [Physopt 32-666] Processed cell design_1_i/HLS_accel_1/inst/HLS_accel_hadd_16bkb_U42/HLS_accel_ap_hadd_3_full_dsp_16_u/U0/i_synth/ADDSUB_OP.ADDSUB/SPEED_OP.DSP.OP/DSP48E1_BODY_HP.ALIGN_ADD/DSP2/DSP. No change.
INFO: [Physopt 32-666] Processed cell design_1_i/HLS_accel_1/inst/HLS_accel_hadd_16bkb_U42/HLS_accel_ap_hadd_3_full_dsp_16_u/U0/i_synth/ADDSUB_OP.ADDSUB/SPEED_OP.DSP.OP/DSP48E1_BODY_HP.NORM_RND/FULL_USAGE_DSP.SHIFT_RND/DSP. No change.
INFO: [Physopt 32-665] Processed cell design_1_i/HLS_accel_1/inst/HLS_accel_hadd_16bkb_U53/HLS_accel_ap_hadd_3_full_dsp_16_u/U0/i_synth/ADDSUB_OP.ADDSUB/SPEED_OP.DSP.OP/DSP48E1_BODY_HP.ALIGN_ADD/DSP2/DSP. 15 registers were pushed out.
INFO: [Physopt 32-665] Processed cell design_1_i/HLS_accel_1/inst/HLS_accel_hadd_16bkb_U39/HLS_accel_ap_hadd_3_full_dsp_16_u/U0/i_synth/ADDSUB_OP.ADDSUB/SPEED_OP.DSP.OP/DSP48E1_BODY_HP.ALIGN_ADD/DSP2/DSP. 15 registers were pushed out.
INFO: [Physopt 32-665] Processed cell design_1_i/HLS_accel_1/inst/HLS_accel_hadd_16bkb_U3/HLS_accel_ap_hadd_3_full_dsp_16_u/U0/i_synth/ADDSUB_OP.ADDSUB/SPEED_OP.DSP.OP/DSP48E1_BODY_HP.ALIGN_ADD/DSP2/DSP. 15 registers were pushed out.
INFO: [Physopt 32-665] Processed cell design_1_i/HLS_accel_1/inst/HLS_accel_hadd_16bkb_U30/HLS_accel_ap_hadd_3_full_dsp_16_u/U0/i_synth/ADDSUB_OP.ADDSUB/SPEED_OP.DSP.OP/DSP48E1_BODY_HP.ALIGN_ADD/DSP2/DSP. 15 registers were pushed out.
INFO: [Physopt 32-665] Processed cell design_1_i/HLS_accel_1/inst/HLS_accel_hadd_16bkb_U21/HLS_accel_ap_hadd_3_full_dsp_16_u/U0/i_synth/ADDSUB_OP.ADDSUB/SPEED_OP.DSP.OP/DSP48E1_BODY_HP.ALIGN_ADD/DSP2/DSP. 15 registers were pushed out.
INFO: [Physopt 32-665] Processed cell design_1_i/HLS_accel_1/inst/HLS_accel_hadd_16bkb_U48/HLS_accel_ap_hadd_3_full_dsp_16_u/U0/i_synth/ADDSUB_OP.ADDSUB/SPEED_OP.DSP.OP/DSP48E1_BODY_HP.ALIGN_ADD/DSP2/DSP. 15 registers were pushed out.
INFO: [Physopt 32-665] Processed cell design_1_i/HLS_accel_1/inst/HLS_accel_hadd_16bkb_U19/HLS_accel_ap_hadd_3_full_dsp_16_u/U0/i_synth/ADDSUB_OP.ADDSUB/SPEED_OP.DSP.OP/DSP48E1_BODY_HP.ALIGN_ADD/DSP2/DSP. 15 registers were pushed out.
INFO: [Physopt 32-665] Processed cell design_1_i/HLS_accel_1/inst/HLS_accel_hadd_16bkb_U28/HLS_accel_ap_hadd_3_full_dsp_16_u/U0/i_synth/ADDSUB_OP.ADDSUB/SPEED_OP.DSP.OP/DSP48E1_BODY_HP.ALIGN_ADD/DSP2/DSP. 15 registers were pushed out.
INFO: [Physopt 32-665] Processed cell design_1_i/HLS_accel_1/inst/HLS_accel_hadd_16bkb_U22/HLS_accel_ap_hadd_3_full_dsp_16_u/U0/i_synth/ADDSUB_OP.ADDSUB/SPEED_OP.DSP.OP/DSP48E1_BODY_HP.ALIGN_ADD/DSP2/DSP. 15 registers were pushed out.
INFO: [Physopt 32-665] Processed cell design_1_i/HLS_accel_1/inst/HLS_accel_hadd_16bkb_U15/HLS_accel_ap_hadd_3_full_dsp_16_u/U0/i_synth/ADDSUB_OP.ADDSUB/SPEED_OP.DSP.OP/DSP48E1_BODY_HP.ALIGN_ADD/DSP2/DSP. 15 registers were pushed out.
INFO: [Physopt 32-665] Processed cell design_1_i/HLS_accel_1/inst/HLS_accel_hadd_16bkb_U46/HLS_accel_ap_hadd_3_full_dsp_16_u/U0/i_synth/ADDSUB_OP.ADDSUB/SPEED_OP.DSP.OP/DSP48E1_BODY_HP.ALIGN_ADD/DSP2/DSP. 15 registers were pushed out.
INFO: [Physopt 32-665] Processed cell design_1_i/HLS_accel_1/inst/HLS_accel_hadd_16bkb_U2/HLS_accel_ap_hadd_3_full_dsp_16_u/U0/i_synth/ADDSUB_OP.ADDSUB/SPEED_OP.DSP.OP/DSP48E1_BODY_HP.ALIGN_ADD/DSP2/DSP. 15 registers were pushed out.
INFO: [Physopt 32-665] Processed cell design_1_i/HLS_accel_1/inst/HLS_accel_hadd_16bkb_U45/HLS_accel_ap_hadd_3_full_dsp_16_u/U0/i_synth/ADDSUB_OP.ADDSUB/SPEED_OP.DSP.OP/DSP48E1_BODY_HP.ALIGN_ADD/DSP2/DSP. 15 registers were pushed out.
INFO: [Physopt 32-665] Processed cell design_1_i/HLS_accel_1/inst/HLS_accel_hadd_16bkb_U25/HLS_accel_ap_hadd_3_full_dsp_16_u/U0/i_synth/ADDSUB_OP.ADDSUB/SPEED_OP.DSP.OP/DSP48E1_BODY_HP.ALIGN_ADD/DSP2/DSP. 15 registers were pushed out.
INFO: [Physopt 32-665] Processed cell design_1_i/HLS_accel_1/inst/HLS_accel_hadd_16bkb_U44/HLS_accel_ap_hadd_3_full_dsp_16_u/U0/i_synth/ADDSUB_OP.ADDSUB/SPEED_OP.DSP.OP/DSP48E1_BODY_HP.ALIGN_ADD/DSP2/DSP. 15 registers were pushed out.
INFO: [Physopt 32-665] Processed cell design_1_i/HLS_accel_1/inst/HLS_accel_hadd_16bkb_U18/HLS_accel_ap_hadd_3_full_dsp_16_u/U0/i_synth/ADDSUB_OP.ADDSUB/SPEED_OP.DSP.OP/DSP48E1_BODY_HP.ALIGN_ADD/DSP2/DSP. 15 registers were pushed out.
INFO: [Physopt 32-665] Processed cell design_1_i/HLS_accel_1/inst/HLS_accel_hadd_16bkb_U23/HLS_accel_ap_hadd_3_full_dsp_16_u/U0/i_synth/ADDSUB_OP.ADDSUB/SPEED_OP.DSP.OP/DSP48E1_BODY_HP.ALIGN_ADD/DSP2/DSP. 15 registers were pushed out.
INFO: [Physopt 32-666] Processed cell design_1_i/HLS_accel_1/inst/HLS_accel_hadd_16bkb_U24/HLS_accel_ap_hadd_3_full_dsp_16_u/U0/i_synth/ADDSUB_OP.ADDSUB/SPEED_OP.DSP.OP/DSP48E1_BODY_HP.ALIGN_ADD/DSP2/DSP. No change.
INFO: [Physopt 32-666] Processed cell design_1_i/HLS_accel_1/inst/HLS_accel_hadd_16bkb_U49/HLS_accel_ap_hadd_3_full_dsp_16_u/U0/i_synth/ADDSUB_OP.ADDSUB/SPEED_OP.DSP.OP/DSP48E1_BODY_HP.ALIGN_ADD/DSP2/DSP. No change.
INFO: [Physopt 32-666] Processed cell design_1_i/HLS_accel_1/inst/HLS_accel_hadd_16bkb_U43/HLS_accel_ap_hadd_3_full_dsp_16_u/U0/i_synth/ADDSUB_OP.ADDSUB/SPEED_OP.DSP.OP/DSP48E1_BODY_HP.ALIGN_ADD/DSP2/DSP. No change.
INFO: [Physopt 32-665] Processed cell design_1_i/HLS_accel_1/inst/HLS_accel_hadd_16bkb_U54/HLS_accel_ap_hadd_3_full_dsp_16_u/U0/i_synth/ADDSUB_OP.ADDSUB/SPEED_OP.DSP.OP/DSP48E1_BODY_HP.ALIGN_ADD/DSP2/DSP. 15 registers were pushed out.
INFO: [Physopt 32-666] Processed cell design_1_i/HLS_accel_1/inst/HLS_accel_hadd_16bkb_U50/HLS_accel_ap_hadd_3_full_dsp_16_u/U0/i_synth/ADDSUB_OP.ADDSUB/SPEED_OP.DSP.OP/DSP48E1_BODY_HP.ALIGN_ADD/DSP2/DSP. No change.
INFO: [Physopt 32-457] Pass 2. Identified 1 candidate cell for DSP register optimization.
INFO: [Physopt 32-457] Pass 2. Identified 6 candidate cells for DSP register optimization.
INFO: [Physopt 32-666] Processed cell design_1_i/HLS_accel_1/inst/HLS_accel_hadd_16bkb_U48/HLS_accel_ap_hadd_3_full_dsp_16_u/U0/i_synth/ADDSUB_OP.ADDSUB/SPEED_OP.DSP.OP/DSP48E1_BODY_HP.ALIGN_ADD/DSP2/DSP. No change.
INFO: [Physopt 32-666] Processed cell design_1_i/HLS_accel_1/inst/HLS_accel_hadd_16bkb_U42/HLS_accel_ap_hadd_3_full_dsp_16_u/U0/i_synth/ADDSUB_OP.ADDSUB/SPEED_OP.DSP.OP/DSP48E1_BODY_HP.ALIGN_ADD/DSP2/DSP. No change.
INFO: [Physopt 32-666] Processed cell design_1_i/HLS_accel_1/inst/HLS_accel_hadd_16bkb_U42/HLS_accel_ap_hadd_3_full_dsp_16_u/U0/i_synth/ADDSUB_OP.ADDSUB/SPEED_OP.DSP.OP/DSP48E1_BODY_HP.NORM_RND/FULL_USAGE_DSP.SHIFT_RND/DSP. No change.
INFO: [Physopt 32-666] Processed cell design_1_i/HLS_accel_1/inst/HLS_accel_hadd_16bkb_U24/HLS_accel_ap_hadd_3_full_dsp_16_u/U0/i_synth/ADDSUB_OP.ADDSUB/SPEED_OP.DSP.OP/DSP48E1_BODY_HP.ALIGN_ADD/DSP2/DSP. No change.
INFO: [Physopt 32-666] Processed cell design_1_i/HLS_accel_1/inst/HLS_accel_hadd_16bkb_U49/HLS_accel_ap_hadd_3_full_dsp_16_u/U0/i_synth/ADDSUB_OP.ADDSUB/SPEED_OP.DSP.OP/DSP48E1_BODY_HP.ALIGN_ADD/DSP2/DSP. No change.
INFO: [Physopt 32-666] Processed cell design_1_i/HLS_accel_1/inst/HLS_accel_hadd_16bkb_U43/HLS_accel_ap_hadd_3_full_dsp_16_u/U0/i_synth/ADDSUB_OP.ADDSUB/SPEED_OP.DSP.OP/DSP48E1_BODY_HP.ALIGN_ADD/DSP2/DSP. No change.
INFO: [Physopt 32-666] Processed cell design_1_i/HLS_accel_1/inst/HLS_accel_hadd_16bkb_U50/HLS_accel_ap_hadd_3_full_dsp_16_u/U0/i_synth/ADDSUB_OP.ADDSUB/SPEED_OP.DSP.OP/DSP48E1_BODY_HP.ALIGN_ADD/DSP2/DSP. No change.
INFO: [Physopt 32-775] End 2 Pass. Optimized 18 nets or cells. Created 270 new cells, deleted 0 existing cell and moved 0 existing cell
Netlist sorting complete. Time (s): cpu = 00:00:01 ; elapsed = 00:00:00.119 . Memory (MB): peak = 2798.980 ; gain = 0.000
INFO: [Physopt 32-1123] No candidate cells found for Shift Register to Pipeline optimization
INFO: [Physopt 32-775] End 1 Pass. Optimized 0 net or cell. Created 0 new cell, deleted 0 existing cell and moved 0 existing cell
INFO: [Physopt 32-677] No candidate cells for Shift Register optimization found in the design
INFO: [Physopt 32-775] End 1 Pass. Optimized 0 net or cell. Created 0 new cell, deleted 0 existing cell and moved 0 existing cell
INFO: [Physopt 32-526] No candidate cells for BRAM register optimization found in the design
INFO: [Physopt 32-775] End 1 Pass. Optimized 0 net or cell. Created 0 new cell, deleted 0 existing cell and moved 0 existing cell
INFO: [Physopt 32-846] No candidate cells for URAM register optimization found in the design
INFO: [Physopt 32-775] End 2 Pass. Optimized 0 net or cell. Created 0 new cell, deleted 0 existing cell and moved 0 existing cell
INFO: [Physopt 32-949] No candidate nets found for dynamic/static region interface net replication
INFO: [Physopt 32-775] End 1 Pass. Optimized 0 net or cell. Created 0 new cell, deleted 0 existing cell and moved 0 existing cell
Netlist sorting complete. Time (s): cpu = 00:00:00 ; elapsed = 00:00:00.065 . Memory (MB): peak = 2798.980 ; gain = 0.000

Summary of Physical Synthesis Optimizations
============================================


-----------------------------------------------------------------------------------------------------------------------------------------------------------
|  Optimization                                     |  Added Cells  |  Removed Cells  |  Optimized Cells/Nets  |  Dont Touch  |  Iterations  |  Elapsed   |
-----------------------------------------------------------------------------------------------------------------------------------------------------------
|  LUT Combining                                    |           13  |           1169  |                  1182  |           0  |           1  |  00:00:01  |
|  Retime                                           |            0  |              0  |                     0  |           0  |           1  |  00:00:00  |
|  Very High Fanout                                 |            0  |              0  |                     0  |           0  |           1  |  00:00:00  |
|  DSP Register                                     |          270  |              0  |                    18  |           0  |           1  |  00:00:04  |
|  Shift Register to Pipeline                       |            0  |              0  |                     0  |           0  |           1  |  00:00:00  |
|  Shift Register                                   |            0  |              0  |                     0  |           0  |           1  |  00:00:00  |
|  BRAM Register                                    |            0  |              0  |                     0  |           0  |           1  |  00:00:00  |
|  URAM Register                                    |            0  |              0  |                     0  |           0  |           1  |  00:00:00  |
|  Dynamic/Static Region Interface Net Replication  |            0  |              0  |                     0  |           0  |           1  |  00:00:00  |
|  Total                                            |          283  |           1169  |                  1200  |           0  |           9  |  00:00:06  |
-----------------------------------------------------------------------------------------------------------------------------------------------------------


Phase 2.4.1 Physical Synthesis In Placer | Checksum: f6864fb9

Time (s): cpu = 00:00:38 ; elapsed = 00:00:51 . Memory (MB): peak = 2798.980 ; gain = 0.000
Phase 2.4 Global Placement Core | Checksum: 213b6ce00

Time (s): cpu = 00:00:39 ; elapsed = 00:00:53 . Memory (MB): peak = 2798.980 ; gain = 0.000
Phase 2 Global Placement | Checksum: 213b6ce00

Time (s): cpu = 00:00:39 ; elapsed = 00:00:53 . Memory (MB): peak = 2798.980 ; gain = 0.000

Phase 3 Detail Placement

Phase 3.1 Commit Multi Column Macros
Phase 3.1 Commit Multi Column Macros | Checksum: 2551f1914

Time (s): cpu = 00:00:41 ; elapsed = 00:00:55 . Memory (MB): peak = 2798.980 ; gain = 0.000

Phase 3.2 Commit Most Macros & LUTRAMs
Phase 3.2 Commit Most Macros & LUTRAMs | Checksum: 16843b824

Time (s): cpu = 00:00:44 ; elapsed = 00:01:01 . Memory (MB): peak = 2798.980 ; gain = 0.000

Phase 3.3 Area Swap Optimization
Phase 3.3 Area Swap Optimization | Checksum: cd0ab1e3

Time (s): cpu = 00:00:44 ; elapsed = 00:01:01 . Memory (MB): peak = 2798.980 ; gain = 0.000

Phase 3.4 Pipeline Register Optimization
Phase 3.4 Pipeline Register Optimization | Checksum: 17d977948

Time (s): cpu = 00:00:44 ; elapsed = 00:01:01 . Memory (MB): peak = 2798.980 ; gain = 0.000

Phase 3.5 Fast Optimization
Phase 3.5 Fast Optimization | Checksum: 1623de35e

Time (s): cpu = 00:00:46 ; elapsed = 00:01:07 . Memory (MB): peak = 2798.980 ; gain = 0.000

Phase 3.6 Small Shape Detail Placement
Phase 3.6 Small Shape Detail Placement | Checksum: 1c289db85

Time (s): cpu = 00:00:50 ; elapsed = 00:01:15 . Memory (MB): peak = 2798.980 ; gain = 0.000

Phase 3.7 Re-assign LUT pins
Phase 3.7 Re-assign LUT pins | Checksum: 1a7481fe9

Time (s): cpu = 00:00:51 ; elapsed = 00:01:16 . Memory (MB): peak = 2798.980 ; gain = 0.000

Phase 3.8 Pipeline Register Optimization
Phase 3.8 Pipeline Register Optimization | Checksum: 233957ff6

Time (s): cpu = 00:00:51 ; elapsed = 00:01:17 . Memory (MB): peak = 2798.980 ; gain = 0.000

Phase 3.9 Fast Optimization
Phase 3.9 Fast Optimization | Checksum: 14dce4c6a

Time (s): cpu = 00:00:53 ; elapsed = 00:01:24 . Memory (MB): peak = 2798.980 ; gain = 0.000
Phase 3 Detail Placement | Checksum: 14dce4c6a

Time (s): cpu = 00:00:53 ; elapsed = 00:01:24 . Memory (MB): peak = 2798.980 ; gain = 0.000

Phase 4 Post Placement Optimization and Clean-Up

Phase 4.1 Post Commit Optimization
INFO: [Timing 38-35] Done setting XDC timing constraints.

Phase 4.1.1 Post Placement Optimization
Post Placement Optimization Initialization | Checksum: 9378baf5

Phase 4.1.1.1 BUFG Insertion

Starting Physical Synthesis Task

Phase 1 Physical Synthesis Initialization
INFO: [Physopt 32-721] Multithreading enabled for phys_opt_design using a maximum of 2 CPUs
INFO: [Physopt 32-619] Estimated Timing Summary | WNS=-0.326 | TNS=-4.029 |
Phase 1 Physical Synthesis Initialization | Checksum: 9a9dcea6

Time (s): cpu = 00:00:00 ; elapsed = 00:00:02 . Memory (MB): peak = 2801.715 ; gain = 0.000
INFO: [Place 46-56] BUFG insertion identified 0 candidate nets. Inserted BUFG: 0, Replicated BUFG Driver: 0, Skipped due to Placement/Routing Conflicts: 0, Skipped due to Timing Degradation: 0, Skipped due to Illegal Netlist: 0.
Ending Physical Synthesis Task | Checksum: a02d4455

Time (s): cpu = 00:00:01 ; elapsed = 00:00:02 . Memory (MB): peak = 2801.715 ; gain = 0.000
Phase 4.1.1.1 BUFG Insertion | Checksum: 9378baf5

Time (s): cpu = 00:01:01 ; elapsed = 00:01:37 . Memory (MB): peak = 2801.715 ; gain = 2.734

Phase 4.1.1.2 Post Placement Timing Optimization
INFO: [Place 30-746] Post Placement Timing Summary WNS=0.322. For the most accurate timing information please run report_timing.
Phase 4.1.1.2 Post Placement Timing Optimization | Checksum: 1ac86386d

Time (s): cpu = 00:01:04 ; elapsed = 00:01:42 . Memory (MB): peak = 2801.715 ; gain = 2.734

Time (s): cpu = 00:01:04 ; elapsed = 00:01:42 . Memory (MB): peak = 2801.715 ; gain = 2.734
Phase 4.1 Post Commit Optimization | Checksum: 1ac86386d

Time (s): cpu = 00:01:05 ; elapsed = 00:01:42 . Memory (MB): peak = 2801.715 ; gain = 2.734

Phase 4.2 Post Placement Cleanup
Phase 4.2 Post Placement Cleanup | Checksum: 1ac86386d

Time (s): cpu = 00:01:05 ; elapsed = 00:01:43 . Memory (MB): peak = 2801.715 ; gain = 2.734

Phase 4.3 Placer Reporting

Phase 4.3.1 Print Estimated Congestion
INFO: [Place 30-612] Post-Placement Estimated Congestion 
 ____________________________________________________
|           | Global Congestion | Short Congestion  |
| Direction | Region Size       | Region Size       |
|___________|___________________|___________________|
|      North|                1x1|                2x2|
|___________|___________________|___________________|
|      South|                1x1|                2x2|
|___________|___________________|___________________|
|       East|                1x1|                2x2|
|___________|___________________|___________________|
|       West|                1x1|                1x1|
|___________|___________________|___________________|

Phase 4.3.1 Print Estimated Congestion | Checksum: 1ac86386d

Time (s): cpu = 00:01:05 ; elapsed = 00:01:43 . Memory (MB): peak = 2801.715 ; gain = 2.734
Phase 4.3 Placer Reporting | Checksum: 1ac86386d

Time (s): cpu = 00:01:05 ; elapsed = 00:01:43 . Memory (MB): peak = 2801.715 ; gain = 2.734

Phase 4.4 Final Placement Cleanup
Netlist sorting complete. Time (s): cpu = 00:00:00 ; elapsed = 00:00:00.069 . Memory (MB): peak = 2801.715 ; gain = 0.000

Time (s): cpu = 00:01:05 ; elapsed = 00:01:43 . Memory (MB): peak = 2801.715 ; gain = 2.734
Phase 4 Post Placement Optimization and Clean-Up | Checksum: 1e2d46c91

Time (s): cpu = 00:01:05 ; elapsed = 00:01:43 . Memory (MB): peak = 2801.715 ; gain = 2.734
Ending Placer Task | Checksum: 12c4ee150

Time (s): cpu = 00:01:06 ; elapsed = 00:01:44 . Memory (MB): peak = 2801.715 ; gain = 2.734
INFO: [Common 17-83] Releasing license: Implementation
128 Infos, 0 Warnings, 0 Critical Warnings and 0 Errors encountered.
place_design completed successfully
place_design: Time (s): cpu = 00:01:09 ; elapsed = 00:01:46 . Memory (MB): peak = 2801.715 ; gain = 2.734
INFO: [Timing 38-480] Writing timing data to binary archive.
Writing XDEF routing.
Writing XDEF routing logical nets.
Writing XDEF routing special nets.
Write XDEF Complete: Time (s): cpu = 00:00:06 ; elapsed = 00:00:03 . Memory (MB): peak = 2821.934 ; gain = 20.219
INFO: [Common 17-1381] The checkpoint 'C:/Users/ombenv/Desktop/INF3610/tp4/part2/projet_sol2_2/projet_sol2_2.runs/impl_1/design_1_wrapper_placed.dcp' has been generated.
write_checkpoint: Time (s): cpu = 00:00:10 ; elapsed = 00:00:11 . Memory (MB): peak = 2821.934 ; gain = 20.219
INFO: [runtcl-4] Executing : report_io -file design_1_wrapper_io_placed.rpt
report_io: Time (s): cpu = 00:00:00 ; elapsed = 00:00:00.055 . Memory (MB): peak = 2821.934 ; gain = 0.000
INFO: [runtcl-4] Executing : report_utilization -file design_1_wrapper_utilization_placed.rpt -pb design_1_wrapper_utilization_placed.pb
INFO: [runtcl-4] Executing : report_control_sets -verbose -file design_1_wrapper_control_sets_placed.rpt
report_control_sets: Time (s): cpu = 00:00:00 ; elapsed = 00:00:00.146 . Memory (MB): peak = 2821.934 ; gain = 0.000
Command: route_design
Attempting to get a license for feature 'Implementation' and/or device 'xc7z020'
INFO: [Common 17-349] Got license for feature 'Implementation' and/or device 'xc7z020'
Running DRC as a precondition to command route_design
INFO: [DRC 23-27] Running DRC with 2 threads
INFO: [Vivado_Tcl 4-198] DRC finished with 0 Errors
INFO: [Vivado_Tcl 4-199] Please refer to the DRC report (report_drc) for more information.


Starting Routing Task
INFO: [Route 35-254] Multithreading enabled for route_design using a maximum of 2 CPUs

Phase 1 Build RT Design
Checksum: PlaceDB: d3ed4c74 ConstDB: 0 ShapeSum: 586194dc RouteDB: 0
Post Restoration Checksum: NetGraph: 15aef08f NumContArr: cbbab3d7 Constraints: 0 Timing: 0
Phase 1 Build RT Design | Checksum: e169a466

Time (s): cpu = 00:00:25 ; elapsed = 00:00:29 . Memory (MB): peak = 2941.945 ; gain = 83.852

Phase 2 Router Initialization

Phase 2.1 Fix Topology Constraints
Phase 2.1 Fix Topology Constraints | Checksum: e169a466

Time (s): cpu = 00:00:25 ; elapsed = 00:00:29 . Memory (MB): peak = 2942.367 ; gain = 84.273

Phase 2.2 Pre Route Cleanup
Phase 2.2 Pre Route Cleanup | Checksum: e169a466

Time (s): cpu = 00:00:25 ; elapsed = 00:00:30 . Memory (MB): peak = 2942.367 ; gain = 84.273
 Number of Nodes with overlaps = 0

Phase 2.3 Update Timing
Phase 2.3 Update Timing | Checksum: 183d77180

Time (s): cpu = 00:00:33 ; elapsed = 00:00:41 . Memory (MB): peak = 2987.883 ; gain = 129.789
INFO: [Route 35-416] Intermediate Timing Summary | WNS=0.320  | TNS=0.000  | WHS=-0.276 | THS=-330.343|


Router Utilization Summary
  Global Vertical Routing Utilization    = 0 %
  Global Horizontal Routing Utilization  = 0 %
  Routable Net Status*
  *Does not include unroutable nets such as driverless and loadless.
  Run report_route_status for detailed report.
  Number of Failed Nets               = 36782
    (Failed Nets is the sum of unrouted and partially routed nets)
  Number of Unrouted Nets             = 36782
  Number of Partially Routed Nets     = 0
  Number of Node Overlaps             = 0

Phase 2 Router Initialization | Checksum: 10d65e8d9

Time (s): cpu = 00:00:37 ; elapsed = 00:00:47 . Memory (MB): peak = 3226.508 ; gain = 368.414

Phase 3 Initial Routing

Phase 3.1 Global Routing
Phase 3.1 Global Routing | Checksum: 10d65e8d9

Time (s): cpu = 00:00:37 ; elapsed = 00:00:47 . Memory (MB): peak = 3226.508 ; gain = 368.414
Phase 3 Initial Routing | Checksum: 14820f8b4

Time (s): cpu = 00:00:41 ; elapsed = 00:00:51 . Memory (MB): peak = 3226.508 ; gain = 368.414

Phase 4 Rip-up And Reroute

Phase 4.1 Global Iteration 0
 Number of Nodes with overlaps = 2690
 Number of Nodes with overlaps = 508
 Number of Nodes with overlaps = 222
 Number of Nodes with overlaps = 105
 Number of Nodes with overlaps = 31
 Number of Nodes with overlaps = 4
 Number of Nodes with overlaps = 3
 Number of Nodes with overlaps = 0
INFO: [Route 35-416] Intermediate Timing Summary | WNS=-0.126 | TNS=-0.126 | WHS=N/A    | THS=N/A    |

Phase 4.1 Global Iteration 0 | Checksum: 1749d1e88

Time (s): cpu = 00:00:58 ; elapsed = 00:01:15 . Memory (MB): peak = 3226.508 ; gain = 368.414

Phase 4.2 Global Iteration 1
 Number of Nodes with overlaps = 418
 Number of Nodes with overlaps = 185
 Number of Nodes with overlaps = 48
 Number of Nodes with overlaps = 23
 Number of Nodes with overlaps = 12
 Number of Nodes with overlaps = 5
 Number of Nodes with overlaps = 1
 Number of Nodes with overlaps = 0
INFO: [Route 35-416] Intermediate Timing Summary | WNS=0.287  | TNS=0.000  | WHS=N/A    | THS=N/A    |

Phase 4.2 Global Iteration 1 | Checksum: 28c980312

Time (s): cpu = 00:01:04 ; elapsed = 00:01:23 . Memory (MB): peak = 3226.508 ; gain = 368.414
Phase 4 Rip-up And Reroute | Checksum: 28c980312

Time (s): cpu = 00:01:04 ; elapsed = 00:01:23 . Memory (MB): peak = 3226.508 ; gain = 368.414

Phase 5 Delay and Skew Optimization

Phase 5.1 Delay CleanUp

Phase 5.1.1 Update Timing
Phase 5.1.1 Update Timing | Checksum: 1ce8ce1d0

Time (s): cpu = 00:01:05 ; elapsed = 00:01:25 . Memory (MB): peak = 3226.508 ; gain = 368.414
INFO: [Route 35-416] Intermediate Timing Summary | WNS=0.359  | TNS=0.000  | WHS=N/A    | THS=N/A    |

Phase 5.1 Delay CleanUp | Checksum: 1ce8ce1d0

Time (s): cpu = 00:01:05 ; elapsed = 00:01:25 . Memory (MB): peak = 3226.508 ; gain = 368.414

Phase 5.2 Clock Skew Optimization
Phase 5.2 Clock Skew Optimization | Checksum: 1ce8ce1d0

Time (s): cpu = 00:01:05 ; elapsed = 00:01:25 . Memory (MB): peak = 3226.508 ; gain = 368.414
Phase 5 Delay and Skew Optimization | Checksum: 1ce8ce1d0

Time (s): cpu = 00:01:05 ; elapsed = 00:01:25 . Memory (MB): peak = 3226.508 ; gain = 368.414

Phase 6 Post Hold Fix

Phase 6.1 Hold Fix Iter

Phase 6.1.1 Update Timing
Phase 6.1.1 Update Timing | Checksum: 200e6a15e

Time (s): cpu = 00:01:07 ; elapsed = 00:01:28 . Memory (MB): peak = 3226.508 ; gain = 368.414
INFO: [Route 35-416] Intermediate Timing Summary | WNS=0.359  | TNS=0.000  | WHS=0.018  | THS=0.000  |

Phase 6.1 Hold Fix Iter | Checksum: 1f0dd09e7

Time (s): cpu = 00:01:07 ; elapsed = 00:01:28 . Memory (MB): peak = 3226.508 ; gain = 368.414
Phase 6 Post Hold Fix | Checksum: 1f0dd09e7

Time (s): cpu = 00:01:07 ; elapsed = 00:01:28 . Memory (MB): peak = 3226.508 ; gain = 368.414

Phase 7 Route finalize

Router Utilization Summary
  Global Vertical Routing Utilization    = 8.42063 %
  Global Horizontal Routing Utilization  = 10.7996 %
  Routable Net Status*
  *Does not include unroutable nets such as driverless and loadless.
  Run report_route_status for detailed report.
  Number of Failed Nets               = 0
    (Failed Nets is the sum of unrouted and partially routed nets)
  Number of Unrouted Nets             = 0
  Number of Partially Routed Nets     = 0
  Number of Node Overlaps             = 0

Phase 7 Route finalize | Checksum: 1ced12092

Time (s): cpu = 00:01:07 ; elapsed = 00:01:28 . Memory (MB): peak = 3226.508 ; gain = 368.414

Phase 8 Verifying routed nets

 Verification completed successfully
Phase 8 Verifying routed nets | Checksum: 1ced12092

Time (s): cpu = 00:01:07 ; elapsed = 00:01:28 . Memory (MB): peak = 3226.508 ; gain = 368.414

Phase 9 Depositing Routes
Phase 9 Depositing Routes | Checksum: 129bdf61f

Time (s): cpu = 00:01:08 ; elapsed = 00:01:31 . Memory (MB): peak = 3226.508 ; gain = 368.414

Phase 10 Post Router Timing
INFO: [Route 35-57] Estimated Timing Summary | WNS=0.359  | TNS=0.000  | WHS=0.018  | THS=0.000  |

INFO: [Route 35-327] The final timing numbers are based on the router estimated timing analysis. For a complete and accurate timing signoff, please run report_timing_summary.
Phase 10 Post Router Timing | Checksum: 129bdf61f

Time (s): cpu = 00:01:10 ; elapsed = 00:01:33 . Memory (MB): peak = 3226.508 ; gain = 368.414
INFO: [Route 35-16] Router Completed Successfully

Time (s): cpu = 00:01:10 ; elapsed = 00:01:33 . Memory (MB): peak = 3226.508 ; gain = 368.414

Routing Is Done.
INFO: [Common 17-83] Releasing license: Implementation
147 Infos, 0 Warnings, 0 Critical Warnings and 0 Errors encountered.
route_design completed successfully
route_design: Time (s): cpu = 00:01:19 ; elapsed = 00:01:46 . Memory (MB): peak = 3226.508 ; gain = 404.574
INFO: [Timing 38-480] Writing timing data to binary archive.
Writing XDEF routing.
Writing XDEF routing logical nets.
Writing XDEF routing special nets.
Write XDEF Complete: Time (s): cpu = 00:00:06 ; elapsed = 00:00:04 . Memory (MB): peak = 3226.508 ; gain = 0.000
INFO: [Common 17-1381] The checkpoint 'C:/Users/ombenv/Desktop/INF3610/tp4/part2/projet_sol2_2/projet_sol2_2.runs/impl_1/design_1_wrapper_routed.dcp' has been generated.
write_checkpoint: Time (s): cpu = 00:00:12 ; elapsed = 00:00:12 . Memory (MB): peak = 3226.508 ; gain = 0.000
INFO: [runtcl-4] Executing : report_drc -file design_1_wrapper_drc_routed.rpt -pb design_1_wrapper_drc_routed.pb -rpx design_1_wrapper_drc_routed.rpx
Command: report_drc -file design_1_wrapper_drc_routed.rpt -pb design_1_wrapper_drc_routed.pb -rpx design_1_wrapper_drc_routed.rpx
INFO: [IP_Flow 19-1839] IP Catalog is up to date.
INFO: [DRC 23-27] Running DRC with 2 threads
INFO: [Vivado_Tcl 2-168] The results of DRC are in file C:/Users/ombenv/Desktop/INF3610/tp4/part2/projet_sol2_2/projet_sol2_2.runs/impl_1/design_1_wrapper_drc_routed.rpt.
report_drc completed successfully
report_drc: Time (s): cpu = 00:00:17 ; elapsed = 00:00:12 . Memory (MB): peak = 3226.508 ; gain = 0.000
INFO: [runtcl-4] Executing : report_methodology -file design_1_wrapper_methodology_drc_routed.rpt -pb design_1_wrapper_methodology_drc_routed.pb -rpx design_1_wrapper_methodology_drc_routed.rpx
Command: report_methodology -file design_1_wrapper_methodology_drc_routed.rpt -pb design_1_wrapper_methodology_drc_routed.pb -rpx design_1_wrapper_methodology_drc_routed.rpx
INFO: [Timing 38-35] Done setting XDC timing constraints.
INFO: [DRC 23-133] Running Methodology with 2 threads
INFO: [Vivado_Tcl 2-1520] The results of Report Methodology are in file C:/Users/ombenv/Desktop/INF3610/tp4/part2/projet_sol2_2/projet_sol2_2.runs/impl_1/design_1_wrapper_methodology_drc_routed.rpt.
report_methodology completed successfully
report_methodology: Time (s): cpu = 00:00:09 ; elapsed = 00:00:09 . Memory (MB): peak = 3226.508 ; gain = 0.000
INFO: [runtcl-4] Executing : report_power -file design_1_wrapper_power_routed.rpt -pb design_1_wrapper_power_summary_routed.pb -rpx design_1_wrapper_power_routed.rpx
Command: report_power -file design_1_wrapper_power_routed.rpt -pb design_1_wrapper_power_summary_routed.pb -rpx design_1_wrapper_power_routed.rpx
INFO: [Timing 38-35] Done setting XDC timing constraints.
Running Vector-less Activity Propagation...

Finished Running Vector-less Activity Propagation
WARNING: [Power 33-332] Found switching activity that implies high-fanout reset nets being asserted for excessive periods of time which may result in inaccurate power analysis.
Resolution: To review and fix problems, please run Power Constraints Advisor in the GUI from Tools > Power Constraints Advisor or run report_power with the -advisory option to generate a text report.
159 Infos, 1 Warnings, 0 Critical Warnings and 0 Errors encountered.
report_power completed successfully
report_power: Time (s): cpu = 00:00:12 ; elapsed = 00:00:10 . Memory (MB): peak = 3226.508 ; gain = 0.000
INFO: [runtcl-4] Executing : report_route_status -file design_1_wrapper_route_status.rpt -pb design_1_wrapper_route_status.pb
INFO: [runtcl-4] Executing : report_timing_summary -max_paths 10 -file design_1_wrapper_timing_summary_routed.rpt -pb design_1_wrapper_timing_summary_routed.pb -rpx design_1_wrapper_timing_summary_routed.rpx -warn_on_violation 
INFO: [Timing 38-91] UpdateTimingParams: Speed grade: -1, Delay Type: min_max.
INFO: [Timing 38-191] Multithreading enabled for timing update using a maximum of 2 CPUs
INFO: [runtcl-4] Executing : report_incremental_reuse -file design_1_wrapper_incremental_reuse_routed.rpt
INFO: [Vivado_Tcl 4-1062] Incremental flow is disabled. No incremental reuse Info to report.
INFO: [runtcl-4] Executing : report_clock_utilization -file design_1_wrapper_clock_utilization_routed.rpt
INFO: [runtcl-4] Executing : report_bus_skew -warn_on_violation -file design_1_wrapper_bus_skew_routed.rpt -pb design_1_wrapper_bus_skew_routed.pb -rpx design_1_wrapper_bus_skew_routed.rpx
INFO: [Timing 38-91] UpdateTimingParams: Speed grade: -1, Delay Type: min_max.
INFO: [Timing 38-191] Multithreading enabled for timing update using a maximum of 2 CPUs
INFO: [Common 17-206] Exiting Vivado at Tue Dec  3 19:39:09 2024...
