Copyright 1986-2018 Xilinx, Inc. All Rights Reserved.
------------------------------------------------------------------------------------
| Tool Version : Vivado v.2018.3 (win64) Build 2405991 Thu Dec  6 23:38:27 MST 2018
| Date         : Sun Dec  1 21:42:12 2024
| Host         : LAPTOP-G11L2QA5 running 64-bit major release  (build 9200)
| Command      : report_timing_summary -file ./report/HLS_accel_timing_routed.rpt
| Design       : bd_0_wrapper
| Device       : 7z020-clg484
| Speed File   : -1  PRODUCTION 1.11 2014-09-11
------------------------------------------------------------------------------------

Timing Summary Report

------------------------------------------------------------------------------------------------
| Timer Settings
| --------------
------------------------------------------------------------------------------------------------

  Enable Multi Corner Analysis               :  Yes
  Enable Pessimism Removal                   :  Yes
  Pessimism Removal Resolution               :  Nearest Common Node
  Enable Input Delay Default Clock           :  No
  Enable Preset / Clear Arcs                 :  No
  Disable Flight Delays                      :  No
  Ignore I/O Paths                           :  No
  Timing Early Launch at Borrowing Latches   :  false

  Corner  Analyze    Analyze    
  Name    Max Paths  Min Paths  
  ------  ---------  ---------  
  Slow    Yes        Yes        
  Fast    Yes        Yes        



check_timing report

Table of Contents
-----------------
1. checking no_clock
2. checking constant_clock
3. checking pulse_width_clock
4. checking unconstrained_internal_endpoints
5. checking no_input_delay
6. checking no_output_delay
7. checking multiple_clock
8. checking generated_clocks
9. checking loops
10. checking partial_input_delay
11. checking partial_output_delay
12. checking latch_loops

1. checking no_clock
--------------------
 There are 0 register/latch pins with no clock.


2. checking constant_clock
--------------------------
 There are 0 register/latch pins with constant_clock.


3. checking pulse_width_clock
-----------------------------
 There are 0 register/latch pins which need pulse_width check


4. checking unconstrained_internal_endpoints
--------------------------------------------
 There are 0 pins that are not constrained for maximum delay.

 There are 0 pins that are not constrained for maximum delay due to constant clock.


5. checking no_input_delay
--------------------------
 There are 36 input ports with no input delay specified. (HIGH)

 There are 0 input ports with no input delay but user has a false path constraint.


6. checking no_output_delay
---------------------------
 There are 30 ports with no output delay specified. (HIGH)

 There are 0 ports with no output delay but user has a false path constraint

 There are 0 ports with no output delay but with a timing clock defined on it or propagating through it


7. checking multiple_clock
--------------------------
 There are 0 register/latch pins with multiple clocks.


8. checking generated_clocks
----------------------------
 There are 0 generated clocks that are not connected to a clock source.


9. checking loops
-----------------
 There are 0 combinational loops in the design.


10. checking partial_input_delay
--------------------------------
 There are 0 input ports with partial input delay specified.


11. checking partial_output_delay
---------------------------------
 There are 0 ports with partial output delay specified.


12. checking latch_loops
------------------------
 There are 0 combinational latch loops in the design through latch input



------------------------------------------------------------------------------------------------
| Design Timing Summary
| ---------------------
------------------------------------------------------------------------------------------------

    WNS(ns)      TNS(ns)  TNS Failing Endpoints  TNS Total Endpoints      WHS(ns)      THS(ns)  THS Failing Endpoints  THS Total Endpoints     WPWS(ns)     TPWS(ns)  TPWS Failing Endpoints  TPWS Total Endpoints  
    -------      -------  ---------------------  -------------------      -------      -------  ---------------------  -------------------     --------     --------  ----------------------  --------------------  
      0.021        0.000                      0               117658        0.165        0.000                      0               117658        3.750        0.000                       0                 14568  


All user specified timing constraints are met.


------------------------------------------------------------------------------------------------
| Clock Summary
| -------------
------------------------------------------------------------------------------------------------

Clock   Waveform(ns)       Period(ns)      Frequency(MHz)
-----   ------------       ----------      --------------
ap_clk  {0.000 5.000}      10.000          100.000         


------------------------------------------------------------------------------------------------
| Intra Clock Table
| -----------------
------------------------------------------------------------------------------------------------

Clock             WNS(ns)      TNS(ns)  TNS Failing Endpoints  TNS Total Endpoints      WHS(ns)      THS(ns)  THS Failing Endpoints  THS Total Endpoints     WPWS(ns)     TPWS(ns)  TPWS Failing Endpoints  TPWS Total Endpoints  
-----             -------      -------  ---------------------  -------------------      -------      -------  ---------------------  -------------------     --------     --------  ----------------------  --------------------  
ap_clk              0.021        0.000                      0               117658        0.165        0.000                      0               117658        3.750        0.000                       0                 14568  


------------------------------------------------------------------------------------------------
| Inter Clock Table
| -----------------
------------------------------------------------------------------------------------------------

From Clock    To Clock          WNS(ns)      TNS(ns)  TNS Failing Endpoints  TNS Total Endpoints      WHS(ns)      THS(ns)  THS Failing Endpoints  THS Total Endpoints  
----------    --------          -------      -------  ---------------------  -------------------      -------      -------  ---------------------  -------------------  


------------------------------------------------------------------------------------------------
| Other Path Groups Table
| -----------------------
------------------------------------------------------------------------------------------------

Path Group    From Clock    To Clock          WNS(ns)      TNS(ns)  TNS Failing Endpoints  TNS Total Endpoints      WHS(ns)      THS(ns)  THS Failing Endpoints  THS Total Endpoints  
----------    ----------    --------          -------      -------  ---------------------  -------------------      -------      -------  ---------------------  -------------------  


------------------------------------------------------------------------------------------------
| Timing Details
| --------------
------------------------------------------------------------------------------------------------


---------------------------------------------------------------------------------------------------
From Clock:  ap_clk
  To Clock:  ap_clk

Setup :            0  Failing Endpoints,  Worst Slack        0.021ns,  Total Violation        0.000ns
Hold  :            0  Failing Endpoints,  Worst Slack        0.165ns,  Total Violation        0.000ns
PW    :            0  Failing Endpoints,  Worst Slack        3.750ns,  Total Violation        0.000ns
---------------------------------------------------------------------------------------------------


Max Delay Paths
--------------------------------------------------------------------------------------
Slack (MET) :             0.021ns  (required time - arrival time)
  Source:                 bd_0_i/hls_inst/inst/j_0_i_reg_9786_reg[2]/C
                            (rising edge-triggered cell FDRE clocked by ap_clk  {rise@0.000ns fall@5.000ns period=10.000ns})
  Destination:            bd_0_i/hls_inst/inst/tmp_15_170_reg_16097_reg/A[14]
                            (rising edge-triggered cell DSP48E1 clocked by ap_clk  {rise@0.000ns fall@5.000ns period=10.000ns})
  Path Group:             ap_clk
  Path Type:              Setup (Max at Slow Process Corner)
  Requirement:            10.000ns  (ap_clk rise@10.000ns - ap_clk rise@0.000ns)
  Data Path Delay:        9.533ns  (logic 1.452ns (15.228%)  route 8.081ns (84.772%))
  Logic Levels:           7  (LUT3=1 LUT4=3 LUT5=2 RAMS64E=1)
  Clock Path Skew:        -0.049ns (DCD - SCD + CPR)
    Destination Clock Delay (DCD):    0.924ns = ( 10.924 - 10.000 ) 
    Source Clock Delay      (SCD):    0.973ns
    Clock Pessimism Removal (CPR):    0.000ns
  Clock Uncertainty:      0.035ns  ((TSJ^2 + TIJ^2)^1/2 + DJ) / 2 + PE
    Total System Jitter     (TSJ):    0.071ns
    Total Input Jitter      (TIJ):    0.000ns
    Discrete Jitter          (DJ):    0.000ns
    Phase Error              (PE):    0.000ns

    Location             Delay type                Incr(ns)  Path(ns)    Netlist Resource(s)
  -------------------------------------------------------------------    -------------------
                         (clock ap_clk rise edge)     0.000     0.000 r  
                                                      0.000     0.000 r  ap_clk (IN)
                         net (fo=14621, unset)        0.973     0.973    bd_0_i/hls_inst/inst/ap_clk
    SLICE_X65Y65         FDRE                                         r  bd_0_i/hls_inst/inst/j_0_i_reg_9786_reg[2]/C
  -------------------------------------------------------------------    -------------------
    SLICE_X65Y65         FDRE (Prop_fdre_C_Q)         0.419     1.392 f  bd_0_i/hls_inst/inst/j_0_i_reg_9786_reg[2]/Q
                         net (fo=26, routed)          0.716     2.108    bd_0_i/hls_inst/inst/a_82_U/HLS_accel_a_0_ram_U/Q[2]
    SLICE_X65Y65         LUT4 (Prop_lut4_I2_O)        0.296     2.404 r  bd_0_i/hls_inst/inst/a_82_U/HLS_accel_a_0_ram_U/ram_reg_i_33/O
                         net (fo=4, routed)           0.333     2.738    bd_0_i/hls_inst/inst/a_82_U/HLS_accel_a_0_ram_U/j_0_i_reg_9786_reg[1]_0
    SLICE_X63Y65         LUT5 (Prop_lut5_I4_O)        0.124     2.862 r  bd_0_i/hls_inst/inst/a_82_U/HLS_accel_a_0_ram_U/ram_reg_i_29__0/O
                         net (fo=593, routed)         0.684     3.545    bd_0_i/hls_inst/inst/a_185_U/HLS_accel_a_0_ram_U/exitcond4_i_fu_10318_p2
    SLICE_X61Y67         LUT4 (Prop_lut4_I2_O)        0.124     3.669 r  bd_0_i/hls_inst/inst/a_185_U/HLS_accel_a_0_ram_U/i_0_i_reg_9775[2]_i_1/O
                         net (fo=37, routed)          0.271     3.940    bd_0_i/hls_inst/inst/a_171_U/HLS_accel_a_0_ram_U/tmp_1_mid2_v_fu_10332_p3[0]
    SLICE_X61Y67         LUT4 (Prop_lut4_I3_O)        0.124     4.064 r  bd_0_i/hls_inst/inst/a_171_U/HLS_accel_a_0_ram_U/ram_reg_0_127_0_0_i_4__5/O
                         net (fo=64, routed)          2.204     6.268    bd_0_i/hls_inst/inst/a_171_U/HLS_accel_a_0_ram_U/ram_reg_0_63_0_0__13/A2
    SLICE_X46Y95         RAMS64E (Prop_rams64e_ADR2_O)
                                                      0.117     6.384 r  bd_0_i/hls_inst/inst/a_171_U/HLS_accel_a_0_ram_U/ram_reg_0_63_0_0__13/SP/O
                         net (fo=1, routed)           1.097     7.481    bd_0_i/hls_inst/inst/a_171_U/HLS_accel_a_0_ram_U/ram_reg_0_63_0_0__13_n_3
    SLICE_X47Y91         LUT5 (Prop_lut5_I4_O)        0.124     7.605 r  bd_0_i/hls_inst/inst/a_171_U/HLS_accel_a_0_ram_U/tmp_15_170_reg_16097_reg_i_18/O
                         net (fo=1, routed)           1.083     8.688    bd_0_i/hls_inst/inst/a_171_U/HLS_accel_a_0_ram_U/tmp_15_170_reg_16097_reg_i_18_n_3
    SLICE_X57Y87         LUT3 (Prop_lut3_I0_O)        0.124     8.812 r  bd_0_i/hls_inst/inst/a_171_U/HLS_accel_a_0_ram_U/tmp_15_170_reg_16097_reg_i_2/O
                         net (fo=1, routed)           1.694    10.506    bd_0_i/hls_inst/inst/a_171_U_n_5
    DSP48_X3Y38          DSP48E1                                      r  bd_0_i/hls_inst/inst/tmp_15_170_reg_16097_reg/A[14]
  -------------------------------------------------------------------    -------------------

                         (clock ap_clk rise edge)    10.000    10.000 r  
                                                      0.000    10.000 r  ap_clk (IN)
                         net (fo=14621, unset)        0.924    10.924    bd_0_i/hls_inst/inst/ap_clk
    DSP48_X3Y38          DSP48E1                                      r  bd_0_i/hls_inst/inst/tmp_15_170_reg_16097_reg/CLK
                         clock pessimism              0.000    10.924    
                         clock uncertainty           -0.035    10.889    
    DSP48_X3Y38          DSP48E1 (Setup_dsp48e1_CLK_A[14])
                                                     -0.362    10.527    bd_0_i/hls_inst/inst/tmp_15_170_reg_16097_reg
  -------------------------------------------------------------------
                         required time                         10.527    
                         arrival time                         -10.506    
  -------------------------------------------------------------------
                         slack                                  0.021    





Min Delay Paths
--------------------------------------------------------------------------------------
Slack (MET) :             0.165ns  (arrival time - required time)
  Source:                 bd_0_i/hls_inst/inst/tmp_5_reg_12569_reg[0]/C
                            (rising edge-triggered cell FDRE clocked by ap_clk  {rise@0.000ns fall@5.000ns period=10.000ns})
  Destination:            bd_0_i/hls_inst/inst/tmp_5_reg_12569_pp2_iter1_reg_reg[0]/D
                            (rising edge-triggered cell FDRE clocked by ap_clk  {rise@0.000ns fall@5.000ns period=10.000ns})
  Path Group:             ap_clk
  Path Type:              Hold (Min at Fast Process Corner)
  Requirement:            0.000ns  (ap_clk rise@0.000ns - ap_clk rise@0.000ns)
  Data Path Delay:        0.257ns  (logic 0.141ns (54.885%)  route 0.116ns (45.115%))
  Logic Levels:           0  
  Clock Path Skew:        0.022ns (DCD - SCD - CPR)
    Destination Clock Delay (DCD):    0.432ns
    Source Clock Delay      (SCD):    0.410ns
    Clock Pessimism Removal (CPR):    -0.000ns

    Location             Delay type                Incr(ns)  Path(ns)    Netlist Resource(s)
  -------------------------------------------------------------------    -------------------
                         (clock ap_clk rise edge)     0.000     0.000 r  
                                                      0.000     0.000 r  ap_clk (IN)
                         net (fo=14621, unset)        0.410     0.410    bd_0_i/hls_inst/inst/ap_clk
    SLICE_X43Y82         FDRE                                         r  bd_0_i/hls_inst/inst/tmp_5_reg_12569_reg[0]/C
  -------------------------------------------------------------------    -------------------
    SLICE_X43Y82         FDRE (Prop_fdre_C_Q)         0.141     0.551 r  bd_0_i/hls_inst/inst/tmp_5_reg_12569_reg[0]/Q
                         net (fo=2, routed)           0.116     0.667    bd_0_i/hls_inst/inst/tmp_5_reg_12569_reg__0[0]
    SLICE_X40Y82         FDRE                                         r  bd_0_i/hls_inst/inst/tmp_5_reg_12569_pp2_iter1_reg_reg[0]/D
  -------------------------------------------------------------------    -------------------

                         (clock ap_clk rise edge)     0.000     0.000 r  
                                                      0.000     0.000 r  ap_clk (IN)
                         net (fo=14621, unset)        0.432     0.432    bd_0_i/hls_inst/inst/ap_clk
    SLICE_X40Y82         FDRE                                         r  bd_0_i/hls_inst/inst/tmp_5_reg_12569_pp2_iter1_reg_reg[0]/C
                         clock pessimism              0.000     0.432    
    SLICE_X40Y82         FDRE (Hold_fdre_C_D)         0.070     0.502    bd_0_i/hls_inst/inst/tmp_5_reg_12569_pp2_iter1_reg_reg[0]
  -------------------------------------------------------------------
                         required time                         -0.502    
                         arrival time                           0.667    
  -------------------------------------------------------------------
                         slack                                  0.165    





Pulse Width Checks
--------------------------------------------------------------------------------------
Clock Name:         ap_clk
Waveform(ns):       { 0.000 5.000 }
Period(ns):         10.000
Sources:            { ap_clk }

Check Type        Corner  Lib Pin      Reference Pin  Required(ns)  Actual(ns)  Slack(ns)  Location      Pin
Min Period        n/a     DSP48E1/CLK  n/a            3.884         10.000      6.116      DSP48_X1Y2    bd_0_i/hls_inst/inst/tmp118_reg_17202_reg/CLK
Low Pulse Width   Fast    RAMS64E/CLK  n/a            1.250         5.000       3.750      SLICE_X94Y87  bd_0_i/hls_inst/inst/a_0_U/HLS_accel_a_0_ram_U/ram_reg_0_127_0_0/HIGH/CLK
High Pulse Width  Slow    RAMS64E/CLK  n/a            1.250         5.000       3.750      SLICE_X94Y87  bd_0_i/hls_inst/inst/a_0_U/HLS_accel_a_0_ram_U/ram_reg_0_127_0_0/HIGH/CLK



