Copyright 1986-2018 Xilinx, Inc. All Rights Reserved.
------------------------------------------------------------------------------------
| Tool Version : Vivado v.2018.3 (win64) Build 2405991 Thu Dec  6 23:38:27 MST 2018
| Date         : Wed Dec  4 03:57:51 2024
| Host         : Yacine running 64-bit major release  (build 9200)
| Command      : report_timing_summary -file ./report/HLS_accel_timing_routed.rpt
| Design       : bd_0_wrapper
| Device       : 7z020-clg484
| Speed File   : -1  PRODUCTION 1.11 2014-09-11
------------------------------------------------------------------------------------

Timing Summary Report

------------------------------------------------------------------------------------------------
| Timer Settings
| --------------
------------------------------------------------------------------------------------------------

  Enable Multi Corner Analysis               :  Yes
  Enable Pessimism Removal                   :  Yes
  Pessimism Removal Resolution               :  Nearest Common Node
  Enable Input Delay Default Clock           :  No
  Enable Preset / Clear Arcs                 :  No
  Disable Flight Delays                      :  No
  Ignore I/O Paths                           :  No
  Timing Early Launch at Borrowing Latches   :  false

  Corner  Analyze    Analyze    
  Name    Max Paths  Min Paths  
  ------  ---------  ---------  
  Slow    Yes        Yes        
  Fast    Yes        Yes        



check_timing report

Table of Contents
-----------------
1. checking no_clock
2. checking constant_clock
3. checking pulse_width_clock
4. checking unconstrained_internal_endpoints
5. checking no_input_delay
6. checking no_output_delay
7. checking multiple_clock
8. checking generated_clocks
9. checking loops
10. checking partial_input_delay
11. checking partial_output_delay
12. checking latch_loops

1. checking no_clock
--------------------
 There are 0 register/latch pins with no clock.


2. checking constant_clock
--------------------------
 There are 0 register/latch pins with constant_clock.


3. checking pulse_width_clock
-----------------------------
 There are 0 register/latch pins which need pulse_width check


4. checking unconstrained_internal_endpoints
--------------------------------------------
 There are 0 pins that are not constrained for maximum delay.

 There are 0 pins that are not constrained for maximum delay due to constant clock.


5. checking no_input_delay
--------------------------
 There are 36 input ports with no input delay specified. (HIGH)

 There are 0 input ports with no input delay but user has a false path constraint.


6. checking no_output_delay
---------------------------
 There are 30 ports with no output delay specified. (HIGH)

 There are 0 ports with no output delay but user has a false path constraint

 There are 0 ports with no output delay but with a timing clock defined on it or propagating through it


7. checking multiple_clock
--------------------------
 There are 0 register/latch pins with multiple clocks.


8. checking generated_clocks
----------------------------
 There are 0 generated clocks that are not connected to a clock source.


9. checking loops
-----------------
 There are 0 combinational loops in the design.


10. checking partial_input_delay
--------------------------------
 There are 0 input ports with partial input delay specified.


11. checking partial_output_delay
---------------------------------
 There are 0 ports with partial output delay specified.


12. checking latch_loops
------------------------
 There are 0 combinational latch loops in the design through latch input



------------------------------------------------------------------------------------------------
| Design Timing Summary
| ---------------------
------------------------------------------------------------------------------------------------

    WNS(ns)      TNS(ns)  TNS Failing Endpoints  TNS Total Endpoints      WHS(ns)      THS(ns)  THS Failing Endpoints  THS Total Endpoints     WPWS(ns)     TPWS(ns)  TPWS Failing Endpoints  TPWS Total Endpoints  
    -------      -------  ---------------------  -------------------      -------      -------  ---------------------  -------------------     --------     --------  ----------------------  --------------------  
      0.603        0.000                      0                67202        0.055        0.000                      0                67202        3.750        0.000                       0                 25188  


All user specified timing constraints are met.


------------------------------------------------------------------------------------------------
| Clock Summary
| -------------
------------------------------------------------------------------------------------------------

Clock   Waveform(ns)       Period(ns)      Frequency(MHz)
-----   ------------       ----------      --------------
ap_clk  {0.000 5.000}      10.000          100.000         


------------------------------------------------------------------------------------------------
| Intra Clock Table
| -----------------
------------------------------------------------------------------------------------------------

Clock             WNS(ns)      TNS(ns)  TNS Failing Endpoints  TNS Total Endpoints      WHS(ns)      THS(ns)  THS Failing Endpoints  THS Total Endpoints     WPWS(ns)     TPWS(ns)  TPWS Failing Endpoints  TPWS Total Endpoints  
-----             -------      -------  ---------------------  -------------------      -------      -------  ---------------------  -------------------     --------     --------  ----------------------  --------------------  
ap_clk              0.603        0.000                      0                67202        0.055        0.000                      0                67202        3.750        0.000                       0                 25188  


------------------------------------------------------------------------------------------------
| Inter Clock Table
| -----------------
------------------------------------------------------------------------------------------------

From Clock    To Clock          WNS(ns)      TNS(ns)  TNS Failing Endpoints  TNS Total Endpoints      WHS(ns)      THS(ns)  THS Failing Endpoints  THS Total Endpoints  
----------    --------          -------      -------  ---------------------  -------------------      -------      -------  ---------------------  -------------------  


------------------------------------------------------------------------------------------------
| Other Path Groups Table
| -----------------------
------------------------------------------------------------------------------------------------

Path Group    From Clock    To Clock          WNS(ns)      TNS(ns)  TNS Failing Endpoints  TNS Total Endpoints      WHS(ns)      THS(ns)  THS Failing Endpoints  THS Total Endpoints  
----------    ----------    --------          -------      -------  ---------------------  -------------------      -------      -------  ---------------------  -------------------  


------------------------------------------------------------------------------------------------
| Timing Details
| --------------
------------------------------------------------------------------------------------------------


---------------------------------------------------------------------------------------------------
From Clock:  ap_clk
  To Clock:  ap_clk

Setup :            0  Failing Endpoints,  Worst Slack        0.603ns,  Total Violation        0.000ns
Hold  :            0  Failing Endpoints,  Worst Slack        0.055ns,  Total Violation        0.000ns
PW    :            0  Failing Endpoints,  Worst Slack        3.750ns,  Total Violation        0.000ns
---------------------------------------------------------------------------------------------------


Max Delay Paths
--------------------------------------------------------------------------------------
Slack (MET) :             0.603ns  (required time - arrival time)
  Source:                 bd_0_i/hls_inst/inst/HLS_accel_hadd_16bkb_U22/HLS_accel_ap_hadd_3_full_dsp_16_u/U0/i_synth/ADDSUB_OP.ADDSUB/SPEED_OP.DSP.OP/DSP48E1_BODY_HP.ALIGN_ADD/DSP2/DSP/CLK
                            (rising edge-triggered cell DSP48E1 clocked by ap_clk  {rise@0.000ns fall@5.000ns period=10.000ns})
  Destination:            bd_0_i/hls_inst/inst/HLS_accel_hadd_16bkb_U22/HLS_accel_ap_hadd_3_full_dsp_16_u/U0/i_synth/ADDSUB_OP.ADDSUB/SPEED_OP.DSP.OP/DSP48E1_BODY_HP.EXP/NOT_LOW_LATENCY_NORM_DIST.SIGDELAY/i_pipe/opt_has_pipe.first_q_reg[0]/D
                            (rising edge-triggered cell FDRE clocked by ap_clk  {rise@0.000ns fall@5.000ns period=10.000ns})
  Path Group:             ap_clk
  Path Type:              Setup (Max at Slow Process Corner)
  Requirement:            10.000ns  (ap_clk rise@10.000ns - ap_clk rise@0.000ns)
  Data Path Delay:        9.232ns  (logic 3.324ns (36.005%)  route 5.908ns (63.995%))
  Logic Levels:           11  (CARRY4=4 LUT2=1 LUT3=1 LUT4=1 LUT5=1 LUT6=3)
  Clock Path Skew:        -0.049ns (DCD - SCD + CPR)
    Destination Clock Delay (DCD):    0.924ns = ( 10.924 - 10.000 ) 
    Source Clock Delay      (SCD):    0.973ns
    Clock Pessimism Removal (CPR):    0.000ns
  Clock Uncertainty:      0.035ns  ((TSJ^2 + TIJ^2)^1/2 + DJ) / 2 + PE
    Total System Jitter     (TSJ):    0.071ns
    Total Input Jitter      (TIJ):    0.000ns
    Discrete Jitter          (DJ):    0.000ns
    Phase Error              (PE):    0.000ns

    Location             Delay type                Incr(ns)  Path(ns)    Netlist Resource(s)
  -------------------------------------------------------------------    -------------------
                         (clock ap_clk rise edge)     0.000     0.000 r  
                                                      0.000     0.000 r  ap_clk (IN)
                         net (fo=25350, unset)        0.973     0.973    bd_0_i/hls_inst/inst/HLS_accel_hadd_16bkb_U22/HLS_accel_ap_hadd_3_full_dsp_16_u/U0/i_synth/ADDSUB_OP.ADDSUB/SPEED_OP.DSP.OP/DSP48E1_BODY_HP.ALIGN_ADD/DSP2/aclk
    DSP48_X3Y28          DSP48E1                                      r  bd_0_i/hls_inst/inst/HLS_accel_hadd_16bkb_U22/HLS_accel_ap_hadd_3_full_dsp_16_u/U0/i_synth/ADDSUB_OP.ADDSUB/SPEED_OP.DSP.OP/DSP48E1_BODY_HP.ALIGN_ADD/DSP2/DSP/CLK
  -------------------------------------------------------------------    -------------------
    DSP48_X3Y28          DSP48E1 (Prop_dsp48e1_CLK_P[19])
                                                      0.434     1.407 f  bd_0_i/hls_inst/inst/HLS_accel_hadd_16bkb_U22/HLS_accel_ap_hadd_3_full_dsp_16_u/U0/i_synth/ADDSUB_OP.ADDSUB/SPEED_OP.DSP.OP/DSP48E1_BODY_HP.ALIGN_ADD/DSP2/DSP/P[19]
                         net (fo=5, routed)           1.650     3.057    bd_0_i/hls_inst/inst/HLS_accel_hadd_16bkb_U22/HLS_accel_ap_hadd_3_full_dsp_16_u/U0/i_synth/ADDSUB_OP.ADDSUB/SPEED_OP.DSP.OP/DSP48E1_BODY_HP.NORM_RND/FULL_USAGE_DSP.LOD/P[6]
    SLICE_X88Y63         LUT4 (Prop_lut4_I0_O)        0.124     3.181 r  bd_0_i/hls_inst/inst/HLS_accel_hadd_16bkb_U22/HLS_accel_ap_hadd_3_full_dsp_16_u/U0/i_synth/ADDSUB_OP.ADDSUB/SPEED_OP.DSP.OP/DSP48E1_BODY_HP.NORM_RND/FULL_USAGE_DSP.LOD/DIST_ENC[1].i_det_lut1/O
                         net (fo=1, routed)           0.000     3.181    bd_0_i/hls_inst/inst/HLS_accel_hadd_16bkb_U22/HLS_accel_ap_hadd_3_full_dsp_16_u/U0/i_synth/ADDSUB_OP.ADDSUB/SPEED_OP.DSP.OP/DSP48E1_BODY_HP.NORM_RND/FULL_USAGE_DSP.LOD/det_lut_lzd_3
    SLICE_X88Y63         CARRY4 (Prop_carry4_S[3]_CO[3])
                                                      0.401     3.582 r  bd_0_i/hls_inst/inst/HLS_accel_hadd_16bkb_U22/HLS_accel_ap_hadd_3_full_dsp_16_u/U0/i_synth/ADDSUB_OP.ADDSUB/SPEED_OP.DSP.OP/DSP48E1_BODY_HP.NORM_RND/FULL_USAGE_DSP.LOD/DET_GEN[0].CARRY_MUX_CARRY4/CO[3]
                         net (fo=10, routed)          0.000     3.582    bd_0_i/hls_inst/inst/HLS_accel_hadd_16bkb_U22/HLS_accel_ap_hadd_3_full_dsp_16_u/U0/i_synth/ADDSUB_OP.ADDSUB/SPEED_OP.DSP.OP/DSP48E1_BODY_HP.NORM_RND/FULL_USAGE_DSP.LOD/DSP_0
    SLICE_X88Y64         CARRY4 (Prop_carry4_CI_CO[1])
                                                      0.157     3.739 r  bd_0_i/hls_inst/inst/HLS_accel_hadd_16bkb_U22/HLS_accel_ap_hadd_3_full_dsp_16_u/U0/i_synth/ADDSUB_OP.ADDSUB/SPEED_OP.DSP.OP/DSP48E1_BODY_HP.NORM_RND/FULL_USAGE_DSP.LOD/DET_GEN[4].CARRY_MUX_CARRY4/CO[1]
                         net (fo=5, routed)           0.466     4.205    bd_0_i/hls_inst/inst/HLS_accel_hadd_16bkb_U22/HLS_accel_ap_hadd_3_full_dsp_16_u/U0/i_synth/ADDSUB_OP.ADDSUB/SPEED_OP.DSP.OP/DSP48E1_BODY_HP.NORM_RND/FULL_USAGE_DSP.LOD/zero_pair_lzd_6
    SLICE_X87Y63         LUT3 (Prop_lut3_I0_O)        0.329     4.534 r  bd_0_i/hls_inst/inst/HLS_accel_hadd_16bkb_U22/HLS_accel_ap_hadd_3_full_dsp_16_u/U0/i_synth/ADDSUB_OP.ADDSUB/SPEED_OP.DSP.OP/DSP48E1_BODY_HP.NORM_RND/FULL_USAGE_DSP.LOD/gen_lut_pairs[2].lutpairmode1.lutXo6_i_1/O
                         net (fo=3, routed)           0.416     4.951    bd_0_i/hls_inst/inst/HLS_accel_hadd_16bkb_U22/HLS_accel_ap_hadd_3_full_dsp_16_u/U0/i_synth/ADDSUB_OP.ADDSUB/SPEED_OP.DSP.OP/DSP48E1_BODY_HP.NORM_RND/FULL_USAGE_DSP.LOD/NORM_DIST[2]
    SLICE_X87Y63         LUT6 (Prop_lut6_I3_O)        0.124     5.075 f  bd_0_i/hls_inst/inst/HLS_accel_hadd_16bkb_U22/HLS_accel_ap_hadd_3_full_dsp_16_u/U0/i_synth/ADDSUB_OP.ADDSUB/SPEED_OP.DSP.OP/DSP48E1_BODY_HP.NORM_RND/FULL_USAGE_DSP.LOD/LSBaddmode1.lut0o6_i_1/O
                         net (fo=2, routed)           0.852     5.927    bd_0_i/hls_inst/inst/HLS_accel_hadd_16bkb_U22/HLS_accel_ap_hadd_3_full_dsp_16_u/U0/i_synth/ADDSUB_OP.ADDSUB/SPEED_OP.DSP.OP/DSP48E1_BODY_HP.EXP/NOT_LOW_LATENCY_NORM_DIST.STRUCT_ADD/LSBaddmode1.lut0o6/I4
    SLICE_X67Y63         LUT5 (Prop_lut5_I4_O)        0.118     6.045 r  bd_0_i/hls_inst/inst/HLS_accel_hadd_16bkb_U22/HLS_accel_ap_hadd_3_full_dsp_16_u/U0/i_synth/ADDSUB_OP.ADDSUB/SPEED_OP.DSP.OP/DSP48E1_BODY_HP.EXP/NOT_LOW_LATENCY_NORM_DIST.STRUCT_ADD/LSBaddmode1.lut0o6/LUT5/O
                         net (fo=3, routed)           0.469     6.514    bd_0_i/hls_inst/inst/HLS_accel_hadd_16bkb_U22/HLS_accel_ap_hadd_3_full_dsp_16_u/U0/i_synth/ADDSUB_OP.ADDSUB/SPEED_OP.DSP.OP/DSP48E1_BODY_HP.EXP/NOT_LOW_LATENCY_NORM_DIST.STRUCT_ADD/gen_lut_pairs[1].lutpairmode1.lutXo6/I4
    SLICE_X67Y63         LUT6 (Prop_lut6_I4_O)        0.326     6.840 r  bd_0_i/hls_inst/inst/HLS_accel_hadd_16bkb_U22/HLS_accel_ap_hadd_3_full_dsp_16_u/U0/i_synth/ADDSUB_OP.ADDSUB/SPEED_OP.DSP.OP/DSP48E1_BODY_HP.EXP/NOT_LOW_LATENCY_NORM_DIST.STRUCT_ADD/gen_lut_pairs[1].lutpairmode1.lutXo6/LUT6/O
                         net (fo=1, routed)           0.000     6.840    bd_0_i/hls_inst/inst/HLS_accel_hadd_16bkb_U22/HLS_accel_ap_hadd_3_full_dsp_16_u/U0/i_synth/ADDSUB_OP.ADDSUB/SPEED_OP.DSP.OP/DSP48E1_BODY_HP.EXP/NOT_LOW_LATENCY_NORM_DIST.STRUCT_ADD/o6lut_i_1
    SLICE_X67Y63         CARRY4 (Prop_carry4_S[1]_CO[3])
                                                      0.550     7.390 r  bd_0_i/hls_inst/inst/HLS_accel_hadd_16bkb_U22/HLS_accel_ap_hadd_3_full_dsp_16_u/U0/i_synth/ADDSUB_OP.ADDSUB/SPEED_OP.DSP.OP/DSP48E1_BODY_HP.EXP/NOT_LOW_LATENCY_NORM_DIST.STRUCT_ADD/gen_carry4s[0].gen_carry4.y0.mcy00_CARRY4/CO[3]
                         net (fo=1, routed)           0.000     7.390    bd_0_i/hls_inst/inst/HLS_accel_hadd_16bkb_U22/HLS_accel_ap_hadd_3_full_dsp_16_u/U0/i_synth/ADDSUB_OP.ADDSUB/SPEED_OP.DSP.OP/DSP48E1_BODY_HP.EXP/NOT_LOW_LATENCY_NORM_DIST.STRUCT_ADD/carry_out_3
    SLICE_X67Y64         CARRY4 (Prop_carry4_CI_O[1])
                                                      0.334     7.724 f  bd_0_i/hls_inst/inst/HLS_accel_hadd_16bkb_U22/HLS_accel_ap_hadd_3_full_dsp_16_u/U0/i_synth/ADDSUB_OP.ADDSUB/SPEED_OP.DSP.OP/DSP48E1_BODY_HP.EXP/NOT_LOW_LATENCY_NORM_DIST.STRUCT_ADD/gen_carry4s[1].gen_carry4.yn.mcy00_CARRY4/O[1]
                         net (fo=2, routed)           0.964     8.688    bd_0_i/hls_inst/inst/HLS_accel_hadd_16bkb_U22/HLS_accel_ap_hadd_3_full_dsp_16_u/U0/i_synth/ADDSUB_OP.ADDSUB/SPEED_OP.DSP.OP/DSP48E1_BODY_HP.EXP/NOT_LOW_LATENCY_NORM_DIST.STRUCT_ADD/norm_exp_pad[5]
    SLICE_X66Y64         LUT6 (Prop_lut6_I1_O)        0.303     8.991 r  bd_0_i/hls_inst/inst/HLS_accel_hadd_16bkb_U22/HLS_accel_ap_hadd_3_full_dsp_16_u/U0/i_synth/ADDSUB_OP.ADDSUB/SPEED_OP.DSP.OP/DSP48E1_BODY_HP.EXP/NOT_LOW_LATENCY_NORM_DIST.STRUCT_ADD/opt_has_pipe.first_q[2]_i_2/O
                         net (fo=1, routed)           0.464     9.455    bd_0_i/hls_inst/inst/HLS_accel_hadd_16bkb_U22/HLS_accel_ap_hadd_3_full_dsp_16_u/U0/i_synth/ADDSUB_OP.ADDSUB/SPEED_OP.DSP.OP/DSP48E1_BODY_HP.EXP/NOT_LOW_LATENCY_NORM_DIST.STRUCT_ADD/exp_over_int
    SLICE_X66Y64         LUT2 (Prop_lut2_I0_O)        0.124     9.579 r  bd_0_i/hls_inst/inst/HLS_accel_hadd_16bkb_U22/HLS_accel_ap_hadd_3_full_dsp_16_u/U0/i_synth/ADDSUB_OP.ADDSUB/SPEED_OP.DSP.OP/DSP48E1_BODY_HP.EXP/NOT_LOW_LATENCY_NORM_DIST.STRUCT_ADD/opt_has_pipe.first_q[0]_i_1__6/O
                         net (fo=1, routed)           0.626    10.205    bd_0_i/hls_inst/inst/HLS_accel_hadd_16bkb_U22/HLS_accel_ap_hadd_3_full_dsp_16_u/U0/i_synth/ADDSUB_OP.ADDSUB/SPEED_OP.DSP.OP/DSP48E1_BODY_HP.EXP/NOT_LOW_LATENCY_NORM_DIST.SIGDELAY/i_pipe/D[0]
    SLICE_X59Y64         FDRE                                         r  bd_0_i/hls_inst/inst/HLS_accel_hadd_16bkb_U22/HLS_accel_ap_hadd_3_full_dsp_16_u/U0/i_synth/ADDSUB_OP.ADDSUB/SPEED_OP.DSP.OP/DSP48E1_BODY_HP.EXP/NOT_LOW_LATENCY_NORM_DIST.SIGDELAY/i_pipe/opt_has_pipe.first_q_reg[0]/D
  -------------------------------------------------------------------    -------------------

                         (clock ap_clk rise edge)    10.000    10.000 r  
                                                      0.000    10.000 r  ap_clk (IN)
                         net (fo=25350, unset)        0.924    10.924    bd_0_i/hls_inst/inst/HLS_accel_hadd_16bkb_U22/HLS_accel_ap_hadd_3_full_dsp_16_u/U0/i_synth/ADDSUB_OP.ADDSUB/SPEED_OP.DSP.OP/DSP48E1_BODY_HP.EXP/NOT_LOW_LATENCY_NORM_DIST.SIGDELAY/i_pipe/aclk
    SLICE_X59Y64         FDRE                                         r  bd_0_i/hls_inst/inst/HLS_accel_hadd_16bkb_U22/HLS_accel_ap_hadd_3_full_dsp_16_u/U0/i_synth/ADDSUB_OP.ADDSUB/SPEED_OP.DSP.OP/DSP48E1_BODY_HP.EXP/NOT_LOW_LATENCY_NORM_DIST.SIGDELAY/i_pipe/opt_has_pipe.first_q_reg[0]/C
                         clock pessimism              0.000    10.924    
                         clock uncertainty           -0.035    10.889    
    SLICE_X59Y64         FDRE (Setup_fdre_C_D)       -0.081    10.808    bd_0_i/hls_inst/inst/HLS_accel_hadd_16bkb_U22/HLS_accel_ap_hadd_3_full_dsp_16_u/U0/i_synth/ADDSUB_OP.ADDSUB/SPEED_OP.DSP.OP/DSP48E1_BODY_HP.EXP/NOT_LOW_LATENCY_NORM_DIST.SIGDELAY/i_pipe/opt_has_pipe.first_q_reg[0]
  -------------------------------------------------------------------
                         required time                         10.808    
                         arrival time                         -10.205    
  -------------------------------------------------------------------
                         slack                                  0.603    





Min Delay Paths
--------------------------------------------------------------------------------------
Slack (MET) :             0.055ns  (arrival time - required time)
  Source:                 bd_0_i/hls_inst/inst/exitcond_flatten2_reg_3851_pp2_iter5_reg_reg[0]/C
                            (rising edge-triggered cell FDRE clocked by ap_clk  {rise@0.000ns fall@5.000ns period=10.000ns})
  Destination:            bd_0_i/hls_inst/inst/exitcond_flatten2_reg_3851_pp2_iter8_reg_reg[0]_srl3/D
                            (rising edge-triggered cell SRL16E clocked by ap_clk  {rise@0.000ns fall@5.000ns period=10.000ns})
  Path Group:             ap_clk
  Path Type:              Hold (Min at Fast Process Corner)
  Requirement:            0.000ns  (ap_clk rise@0.000ns - ap_clk rise@0.000ns)
  Data Path Delay:        0.260ns  (logic 0.141ns (54.222%)  route 0.119ns (45.778%))
  Logic Levels:           0  
  Clock Path Skew:        0.022ns (DCD - SCD - CPR)
    Destination Clock Delay (DCD):    0.432ns
    Source Clock Delay      (SCD):    0.410ns
    Clock Pessimism Removal (CPR):    -0.000ns

    Location             Delay type                Incr(ns)  Path(ns)    Netlist Resource(s)
  -------------------------------------------------------------------    -------------------
                         (clock ap_clk rise edge)     0.000     0.000 r  
                                                      0.000     0.000 r  ap_clk (IN)
                         net (fo=25350, unset)        0.410     0.410    bd_0_i/hls_inst/inst/ap_clk
    SLICE_X47Y28         FDRE                                         r  bd_0_i/hls_inst/inst/exitcond_flatten2_reg_3851_pp2_iter5_reg_reg[0]/C
  -------------------------------------------------------------------    -------------------
    SLICE_X47Y28         FDRE (Prop_fdre_C_Q)         0.141     0.551 r  bd_0_i/hls_inst/inst/exitcond_flatten2_reg_3851_pp2_iter5_reg_reg[0]/Q
                         net (fo=2, routed)           0.119     0.670    bd_0_i/hls_inst/inst/exitcond_flatten2_reg_3851_pp2_iter5_reg
    SLICE_X46Y28         SRL16E                                       r  bd_0_i/hls_inst/inst/exitcond_flatten2_reg_3851_pp2_iter8_reg_reg[0]_srl3/D
  -------------------------------------------------------------------    -------------------

                         (clock ap_clk rise edge)     0.000     0.000 r  
                                                      0.000     0.000 r  ap_clk (IN)
                         net (fo=25350, unset)        0.432     0.432    bd_0_i/hls_inst/inst/ap_clk
    SLICE_X46Y28         SRL16E                                       r  bd_0_i/hls_inst/inst/exitcond_flatten2_reg_3851_pp2_iter8_reg_reg[0]_srl3/CLK
                         clock pessimism              0.000     0.432    
    SLICE_X46Y28         SRL16E (Hold_srl16e_CLK_D)
                                                      0.183     0.615    bd_0_i/hls_inst/inst/exitcond_flatten2_reg_3851_pp2_iter8_reg_reg[0]_srl3
  -------------------------------------------------------------------
                         required time                         -0.615    
                         arrival time                           0.670    
  -------------------------------------------------------------------
                         slack                                  0.055    





Pulse Width Checks
--------------------------------------------------------------------------------------
Clock Name:         ap_clk
Waveform(ns):       { 0.000 5.000 }
Period(ns):         10.000
Sources:            { ap_clk }

Check Type        Corner  Lib Pin             Reference Pin  Required(ns)  Actual(ns)  Slack(ns)  Location      Pin
Min Period        n/a     RAMB36E1/CLKARDCLK  n/a            2.576         10.000      7.424      RAMB36_X2Y17  bd_0_i/hls_inst/inst/out_U/HLS_accel_out_ram_U/ram_reg_0/CLKARDCLK
Low Pulse Width   Fast    RAMS32/CLK          n/a            1.250         5.000       3.750      SLICE_X46Y32  bd_0_i/hls_inst/inst/a_0_U/HLS_accel_a_0_ram_U/ram_reg_0_15_0_0/SP/CLK
High Pulse Width  Slow    RAMS32/CLK          n/a            1.250         5.000       3.750      SLICE_X46Y32  bd_0_i/hls_inst/inst/a_0_U/HLS_accel_a_0_ram_U/ram_reg_0_15_0_0/SP/CLK



