00:42:01 INFO  : Registering command handlers for SDK TCF services
00:42:02 INFO  : Launching XSCT server: xsct.bat -interactive C:\Temp\code_de_depart_partie2\project_sol4_2\project_sol4_2.sdk\temp_xsdb_launch_script.tcl
00:42:05 INFO  : XSCT server has started successfully.
00:42:05 INFO  : Successfully done setting XSCT server connection channel  
00:42:06 INFO  : Successfully done setting SDK workspace  
00:42:06 INFO  : Processing command line option -hwspec C:/Temp/code_de_depart_partie2/project_sol4_2/project_sol4_2.sdk/design_1_wrapper.hdf.
00:52:56 INFO  : Connected to target on host '127.0.0.1' and port '3121'.
00:52:56 INFO  : Jtag cable 'Xilinx HW-FTDI-TEST FT2232H 1234-tulA' is selected.
00:52:56 INFO  : 'jtag frequency' command is executed.
00:52:56 INFO  : Sourcing of 'C:/Temp/code_de_depart_partie2/project_sol4_2/project_sol4_2.sdk/design_1_wrapper_hw_platform_0/ps7_init.tcl' is done.
00:52:56 INFO  : Context for 'APU' is selected.
00:52:56 INFO  : System reset is completed.
00:52:59 INFO  : 'after 3000' command is executed.
00:53:01 INFO  : 'targets -set -filter {jtag_cable_name =~ "Xilinx HW-FTDI-TEST FT2232H 1234-tulA" && level==0} -index 1' command is executed.
00:53:03 INFO  : FPGA configured successfully with bitstream "C:/Temp/code_de_depart_partie2/project_sol4_2/project_sol4_2.sdk/design_1_wrapper_hw_platform_0/design_1_wrapper.bit"
00:53:03 INFO  : Context for 'APU' is selected.
00:53:03 INFO  : Hardware design information is loaded from 'C:/Temp/code_de_depart_partie2/project_sol4_2/project_sol4_2.sdk/design_1_wrapper_hw_platform_0/system.hdf'.
00:53:03 INFO  : 'configparams force-mem-access 1' command is executed.
00:53:03 INFO  : Context for 'APU' is selected.
00:53:04 INFO  : 'ps7_init' command is executed.
00:53:04 INFO  : 'ps7_post_config' command is executed.
00:53:04 INFO  : 'configparams force-mem-access 0' command is executed.
00:53:04 INFO  : ----------------XSDB Script----------------
connect -url tcp:127.0.0.1:3121
source C:/Temp/code_de_depart_partie2/project_sol4_2/project_sol4_2.sdk/design_1_wrapper_hw_platform_0/ps7_init.tcl
targets -set -nocase -filter {name =~"APU*" && jtag_cable_name =~ "Xilinx HW-FTDI-TEST FT2232H 1234-tulA"} -index 0
rst -system
after 3000
targets -set -filter {jtag_cable_name =~ "Xilinx HW-FTDI-TEST FT2232H 1234-tulA" && level==0} -index 1
fpga -file C:/Temp/code_de_depart_partie2/project_sol4_2/project_sol4_2.sdk/design_1_wrapper_hw_platform_0/design_1_wrapper.bit
targets -set -nocase -filter {name =~"APU*" && jtag_cable_name =~ "Xilinx HW-FTDI-TEST FT2232H 1234-tulA"} -index 0
loadhw -hw C:/Temp/code_de_depart_partie2/project_sol4_2/project_sol4_2.sdk/design_1_wrapper_hw_platform_0/system.hdf -mem-ranges [list {0x40000000 0xbfffffff}]
configparams force-mem-access 1
targets -set -nocase -filter {name =~"APU*" && jtag_cable_name =~ "Xilinx HW-FTDI-TEST FT2232H 1234-tulA"} -index 0
ps7_init
ps7_post_config
configparams force-mem-access 0
----------------End of Script----------------

00:53:04 INFO  : Memory regions updated for context APU
00:53:04 INFO  : Launch script is exported to file 'C:\Temp\code_de_depart_partie2\project_sol4_2\project_sol4_2.sdk\.sdk\launch_scripts\xilinx_c-c++_application_(system_debugger)\system_debugger_on_local.tcl'
00:55:35 INFO  : Disconnected from the channel tcfchan#1.
00:55:36 INFO  : Connected to target on host '127.0.0.1' and port '3121'.
00:55:36 INFO  : Jtag cable 'Xilinx HW-FTDI-TEST FT2232H 1234-tulA' is selected.
00:55:36 INFO  : 'jtag frequency' command is executed.
00:55:36 INFO  : Sourcing of 'C:/Temp/code_de_depart_partie2/project_sol4_2/project_sol4_2.sdk/design_1_wrapper_hw_platform_0/ps7_init.tcl' is done.
00:55:36 INFO  : Context for 'APU' is selected.
00:55:36 INFO  : System reset is completed.
00:55:39 INFO  : 'after 3000' command is executed.
00:55:39 INFO  : 'targets -set -filter {jtag_cable_name =~ "Xilinx HW-FTDI-TEST FT2232H 1234-tulA" && level==0} -index 1' command is executed.
00:55:41 INFO  : FPGA configured successfully with bitstream "C:/Temp/code_de_depart_partie2/project_sol4_2/project_sol4_2.sdk/design_1_wrapper_hw_platform_0/design_1_wrapper.bit"
00:55:41 INFO  : Context for 'APU' is selected.
00:55:44 INFO  : Hardware design information is loaded from 'C:/Temp/code_de_depart_partie2/project_sol4_2/project_sol4_2.sdk/design_1_wrapper_hw_platform_0/system.hdf'.
00:55:44 INFO  : 'configparams force-mem-access 1' command is executed.
00:55:44 INFO  : Context for 'APU' is selected.
00:55:44 INFO  : 'ps7_init' command is executed.
00:55:44 INFO  : 'ps7_post_config' command is executed.
00:55:44 INFO  : Context for processor 'ps7_cortexa9_0' is selected.
00:55:45 INFO  : The application 'C:/Temp/code_de_depart_partie2/project_sol4_2/project_sol4_2.sdk/test_sol4_2/Debug/test_sol4_2.elf' is downloaded to processor 'ps7_cortexa9_0'.
00:55:45 INFO  : 'configparams force-mem-access 0' command is executed.
00:55:45 INFO  : ----------------XSDB Script----------------
connect -url tcp:127.0.0.1:3121
source C:/Temp/code_de_depart_partie2/project_sol4_2/project_sol4_2.sdk/design_1_wrapper_hw_platform_0/ps7_init.tcl
targets -set -nocase -filter {name =~"APU*" && jtag_cable_name =~ "Xilinx HW-FTDI-TEST FT2232H 1234-tulA"} -index 0
rst -system
after 3000
targets -set -filter {jtag_cable_name =~ "Xilinx HW-FTDI-TEST FT2232H 1234-tulA" && level==0} -index 1
fpga -file C:/Temp/code_de_depart_partie2/project_sol4_2/project_sol4_2.sdk/design_1_wrapper_hw_platform_0/design_1_wrapper.bit
targets -set -nocase -filter {name =~"APU*" && jtag_cable_name =~ "Xilinx HW-FTDI-TEST FT2232H 1234-tulA"} -index 0
loadhw -hw C:/Temp/code_de_depart_partie2/project_sol4_2/project_sol4_2.sdk/design_1_wrapper_hw_platform_0/system.hdf -mem-ranges [list {0x40000000 0xbfffffff}]
configparams force-mem-access 1
targets -set -nocase -filter {name =~"APU*" && jtag_cable_name =~ "Xilinx HW-FTDI-TEST FT2232H 1234-tulA"} -index 0
ps7_init
ps7_post_config
targets -set -nocase -filter {name =~ "ARM*#0" && jtag_cable_name =~ "Xilinx HW-FTDI-TEST FT2232H 1234-tulA"} -index 0
dow C:/Temp/code_de_depart_partie2/project_sol4_2/project_sol4_2.sdk/test_sol4_2/Debug/test_sol4_2.elf
configparams force-mem-access 0
----------------End of Script----------------

00:55:45 INFO  : Memory regions updated for context APU
00:55:45 INFO  : Context for processor 'ps7_cortexa9_0' is selected.
00:55:45 INFO  : 'con' command is executed.
00:55:45 INFO  : ----------------XSDB Script (After Launch)----------------
targets -set -nocase -filter {name =~ "ARM*#0" && jtag_cable_name =~ "Xilinx HW-FTDI-TEST FT2232H 1234-tulA"} -index 0
con
----------------End of Script----------------

00:55:45 INFO  : Launch script is exported to file 'C:\Temp\code_de_depart_partie2\project_sol4_2\project_sol4_2.sdk\.sdk\launch_scripts\xilinx_c-c++_application_(system_debugger)\system_debugger_on_local.tcl'
02:57:29 INFO  : Disconnected from the channel tcfchan#2.
22:11:47 INFO  : Registering command handlers for SDK TCF services
22:11:47 INFO  : Launching XSCT server: xsct.bat -interactive C:\Temp\code_de_depart_partie2\project_sol4_2\project_sol4_2.sdk\temp_xsdb_launch_script.tcl
22:11:48 INFO  : XSCT server has started successfully.
22:11:48 INFO  : Successfully done setting XSCT server connection channel  
22:11:49 INFO  : Successfully done setting SDK workspace  
22:11:49 INFO  : Processing command line option -hwspec C:/Temp/code_de_depart_partie2/project_sol4_2/project_sol4_2.sdk/design_1_wrapper.hdf.
22:11:49 INFO  : Checking for hwspec changes in the project design_1_wrapper_hw_platform_0.
22:11:51 INFO  : SDK has detected change in the last modified timestamps for source hardware specification file Source:1733281856688,  Project:1733204446537
22:11:51 INFO  : The hardware specification for project 'design_1_wrapper_hw_platform_0' is different from C:/Temp/code_de_depart_partie2/project_sol4_2/project_sol4_2.sdk/design_1_wrapper.hdf.
22:11:51 INFO  : Copied contents of C:/Temp/code_de_depart_partie2/project_sol4_2/project_sol4_2.sdk/design_1_wrapper.hdf into \design_1_wrapper_hw_platform_0\system.hdf.
22:11:54 INFO  : Synchronizing projects in the workspace with the hardware platform specification changes.
22:11:55 INFO  : 
22:11:56 INFO  : Updating hardware inferred compiler options for test_sol4_2.
22:11:56 INFO  : Clearing existing target manager status.
22:13:53 INFO  : Connected to target on host '127.0.0.1' and port '3121'.
22:13:54 INFO  : Jtag cable 'Xilinx HW-FTDI-TEST FT2232H 1234-tulA' is selected.
22:13:54 INFO  : 'jtag frequency' command is executed.
22:13:54 INFO  : Sourcing of 'C:/Temp/code_de_depart_partie2/project_sol4_2/project_sol4_2.sdk/design_1_wrapper_hw_platform_0/ps7_init.tcl' is done.
22:13:54 INFO  : Context for 'APU' is selected.
22:13:54 INFO  : System reset is completed.
22:13:57 INFO  : 'after 3000' command is executed.
22:13:57 INFO  : 'targets -set -filter {jtag_cable_name =~ "Xilinx HW-FTDI-TEST FT2232H 1234-tulA" && level==0} -index 1' command is executed.
22:14:00 INFO  : FPGA configured successfully with bitstream "C:/Temp/code_de_depart_partie2/project_sol4_2/project_sol4_2.sdk/design_1_wrapper_hw_platform_0/design_1_wrapper.bit"
22:14:00 INFO  : Context for 'APU' is selected.
22:14:00 INFO  : Hardware design information is loaded from 'C:/Temp/code_de_depart_partie2/project_sol4_2/project_sol4_2.sdk/design_1_wrapper_hw_platform_0/system.hdf'.
22:14:00 INFO  : 'configparams force-mem-access 1' command is executed.
22:14:00 INFO  : Context for 'APU' is selected.
22:14:00 INFO  : 'ps7_init' command is executed.
22:14:00 INFO  : 'ps7_post_config' command is executed.
22:14:00 INFO  : Context for processor 'ps7_cortexa9_0' is selected.
22:14:00 INFO  : The application 'C:/Temp/code_de_depart_partie2/project_sol4_2/project_sol4_2.sdk/test_sol4_2/Debug/test_sol4_2.elf' is downloaded to processor 'ps7_cortexa9_0'.
22:14:00 INFO  : 'configparams force-mem-access 0' command is executed.
22:14:00 INFO  : ----------------XSDB Script----------------
connect -url tcp:127.0.0.1:3121
source C:/Temp/code_de_depart_partie2/project_sol4_2/project_sol4_2.sdk/design_1_wrapper_hw_platform_0/ps7_init.tcl
targets -set -nocase -filter {name =~"APU*" && jtag_cable_name =~ "Xilinx HW-FTDI-TEST FT2232H 1234-tulA"} -index 0
rst -system
after 3000
targets -set -filter {jtag_cable_name =~ "Xilinx HW-FTDI-TEST FT2232H 1234-tulA" && level==0} -index 1
fpga -file C:/Temp/code_de_depart_partie2/project_sol4_2/project_sol4_2.sdk/design_1_wrapper_hw_platform_0/design_1_wrapper.bit
targets -set -nocase -filter {name =~"APU*" && jtag_cable_name =~ "Xilinx HW-FTDI-TEST FT2232H 1234-tulA"} -index 0
loadhw -hw C:/Temp/code_de_depart_partie2/project_sol4_2/project_sol4_2.sdk/design_1_wrapper_hw_platform_0/system.hdf -mem-ranges [list {0x40000000 0xbfffffff}]
configparams force-mem-access 1
targets -set -nocase -filter {name =~"APU*" && jtag_cable_name =~ "Xilinx HW-FTDI-TEST FT2232H 1234-tulA"} -index 0
ps7_init
ps7_post_config
targets -set -nocase -filter {name =~ "ARM*#0" && jtag_cable_name =~ "Xilinx HW-FTDI-TEST FT2232H 1234-tulA"} -index 0
dow C:/Temp/code_de_depart_partie2/project_sol4_2/project_sol4_2.sdk/test_sol4_2/Debug/test_sol4_2.elf
configparams force-mem-access 0
----------------End of Script----------------

22:14:00 INFO  : Memory regions updated for context APU
22:14:00 INFO  : Context for processor 'ps7_cortexa9_0' is selected.
22:14:00 INFO  : 'con' command is executed.
22:14:00 INFO  : ----------------XSDB Script (After Launch)----------------
targets -set -nocase -filter {name =~ "ARM*#0" && jtag_cable_name =~ "Xilinx HW-FTDI-TEST FT2232H 1234-tulA"} -index 0
con
----------------End of Script----------------

22:14:00 INFO  : Launch script is exported to file 'C:\Temp\code_de_depart_partie2\project_sol4_2\project_sol4_2.sdk\.sdk\launch_scripts\xilinx_c-c++_application_(system_debugger)\system_debugger_on_local.tcl'
22:15:48 INFO  : Disconnected from the channel tcfchan#1.
22:16:00 INFO  : Registering command handlers for SDK TCF services
22:16:00 INFO  : Launching XSCT server: xsct.bat -interactive C:\Temp\code_de_depart_partie2\project_sol4_2\project_sol4_2.sdk\temp_xsdb_launch_script.tcl
22:16:01 INFO  : XSCT server has started successfully.
22:16:01 INFO  : Successfully done setting XSCT server connection channel  
22:16:02 INFO  : Successfully done setting SDK workspace  
22:16:02 INFO  : Processing command line option -hwspec C:/Temp/code_de_depart_partie2/project_sol4_2/project_sol4_2.sdk/design_1_wrapper.hdf.
22:16:02 INFO  : Checking for hwspec changes in the project design_1_wrapper_hw_platform_0.
22:17:20 INFO  : Connected to target on host '127.0.0.1' and port '3121'.
22:17:26 INFO  : Jtag cable 'Xilinx HW-FTDI-TEST FT2232H 1234-tulA' is selected.
22:17:26 INFO  : 'jtag frequency' command is executed.
22:17:26 INFO  : Sourcing of 'C:/Temp/code_de_depart_partie2/project_sol4_2/project_sol4_2.sdk/design_1_wrapper_hw_platform_0/ps7_init.tcl' is done.
22:17:26 INFO  : Context for 'APU' is selected.
22:17:26 INFO  : System reset is completed.
22:17:29 INFO  : 'after 3000' command is executed.
22:17:30 INFO  : 'targets -set -filter {jtag_cable_name =~ "Xilinx HW-FTDI-TEST FT2232H 1234-tulA" && level==0} -index 1' command is executed.
22:17:32 INFO  : FPGA configured successfully with bitstream "C:/Temp/code_de_depart_partie2/project_sol4_2/project_sol4_2.sdk/design_1_wrapper_hw_platform_0/design_1_wrapper.bit"
22:17:32 INFO  : Context for 'APU' is selected.
22:17:32 INFO  : Hardware design information is loaded from 'C:/Temp/code_de_depart_partie2/project_sol4_2/project_sol4_2.sdk/design_1_wrapper_hw_platform_0/system.hdf'.
22:17:32 INFO  : 'configparams force-mem-access 1' command is executed.
22:17:32 INFO  : Context for 'APU' is selected.
22:17:33 INFO  : 'ps7_init' command is executed.
22:17:33 INFO  : 'ps7_post_config' command is executed.
22:17:33 INFO  : Context for processor 'ps7_cortexa9_0' is selected.
22:17:33 INFO  : The application 'C:/Temp/code_de_depart_partie2/project_sol4_2/project_sol4_2.sdk/test_sol4_2/Debug/test_sol4_2.elf' is downloaded to processor 'ps7_cortexa9_0'.
22:17:33 INFO  : 'configparams force-mem-access 0' command is executed.
22:17:33 INFO  : ----------------XSDB Script----------------
connect -url tcp:127.0.0.1:3121
source C:/Temp/code_de_depart_partie2/project_sol4_2/project_sol4_2.sdk/design_1_wrapper_hw_platform_0/ps7_init.tcl
targets -set -nocase -filter {name =~"APU*" && jtag_cable_name =~ "Xilinx HW-FTDI-TEST FT2232H 1234-tulA"} -index 0
rst -system
after 3000
targets -set -filter {jtag_cable_name =~ "Xilinx HW-FTDI-TEST FT2232H 1234-tulA" && level==0} -index 1
fpga -file C:/Temp/code_de_depart_partie2/project_sol4_2/project_sol4_2.sdk/design_1_wrapper_hw_platform_0/design_1_wrapper.bit
targets -set -nocase -filter {name =~"APU*" && jtag_cable_name =~ "Xilinx HW-FTDI-TEST FT2232H 1234-tulA"} -index 0
loadhw -hw C:/Temp/code_de_depart_partie2/project_sol4_2/project_sol4_2.sdk/design_1_wrapper_hw_platform_0/system.hdf -mem-ranges [list {0x40000000 0xbfffffff}]
configparams force-mem-access 1
targets -set -nocase -filter {name =~"APU*" && jtag_cable_name =~ "Xilinx HW-FTDI-TEST FT2232H 1234-tulA"} -index 0
ps7_init
ps7_post_config
targets -set -nocase -filter {name =~ "ARM*#0" && jtag_cable_name =~ "Xilinx HW-FTDI-TEST FT2232H 1234-tulA"} -index 0
dow C:/Temp/code_de_depart_partie2/project_sol4_2/project_sol4_2.sdk/test_sol4_2/Debug/test_sol4_2.elf
configparams force-mem-access 0
----------------End of Script----------------

22:17:33 INFO  : Memory regions updated for context APU
22:17:33 INFO  : Context for processor 'ps7_cortexa9_0' is selected.
22:17:33 INFO  : 'con' command is executed.
22:17:33 INFO  : ----------------XSDB Script (After Launch)----------------
targets -set -nocase -filter {name =~ "ARM*#0" && jtag_cable_name =~ "Xilinx HW-FTDI-TEST FT2232H 1234-tulA"} -index 0
con
----------------End of Script----------------

22:17:33 INFO  : Launch script is exported to file 'C:\Temp\code_de_depart_partie2\project_sol4_2\project_sol4_2.sdk\.sdk\launch_scripts\xilinx_c-c++_application_(system_debugger)\system_debugger_on_local.tcl'
22:24:26 INFO  : Disconnected from the channel tcfchan#1.
