

================================================================
== Vivado HLS Report for 'mmult_hw'
================================================================
* Date:           Tue Dec  3 19:41:06 2024

* Version:        2018.3 (Build 2405991 on Thu Dec 06 23:56:15 MST 2018)
* Project:        hls_mmult_prj
* Solution:       solution1_1
* Product family: zynq
* Target device:  xc7z020clg484-1


================================================================
== Performance Estimates
================================================================
+ Timing (ns): 
    * Summary: 
    +--------+-------+----------+------------+
    |  Clock | Target| Estimated| Uncertainty|
    +--------+-------+----------+------------+
    |ap_clk  |  10.00|     7.256|        1.25|
    +--------+-------+----------+------------+

+ Latency (clock cycles): 
    * Summary: 
    +--------+--------+--------+--------+---------+
    |     Latency     |     Interval    | Pipeline|
    |   min  |   max  |   min  |   max  |   Type  |
    +--------+--------+--------+--------+---------+
    |  818581|  818581|  818581|  818581|   none  |
    +--------+--------+--------+--------+---------+

    + Detail: 
        * Instance: 
        N/A

        * Loop: 
        +----------+--------+--------+----------+-----------+-----------+------+----------+
        |          |     Latency     | Iteration|  Initiation Interval  | Trip |          |
        | Loop Name|   min  |   max  |  Latency |  achieved |   target  | Count| Pipelined|
        +----------+--------+--------+----------+-----------+-----------+------+----------+
        |- L1      |  818580|  818580|     19490|          -|          -|    42|    no    |
        | + L2     |   19488|   19488|       464|          -|          -|    42|    no    |
        |  ++ L3   |     462|     462|        11|          -|          -|    42|    no    |
        +----------+--------+--------+----------+-----------+-----------+------+----------+



================================================================
== Utilization Estimates
================================================================
* Summary: 
+-----------------+---------+-------+--------+-------+
|       Name      | BRAM_18K| DSP48E|   FF   |  LUT  |
+-----------------+---------+-------+--------+-------+
|DSP              |        -|      -|       -|      -|
|Expression       |        -|      -|       0|    143|
|FIFO             |        -|      -|       -|      -|
|Instance         |        -|      5|     348|    711|
|Memory           |        -|      -|       -|      -|
|Multiplexer      |        -|      -|       -|    116|
|Register         |        -|      -|     239|      -|
+-----------------+---------+-------+--------+-------+
|Total            |        0|      5|     587|    970|
+-----------------+---------+-------+--------+-------+
|Available        |      280|    220|  106400|  53200|
+-----------------+---------+-------+--------+-------+
|Utilization (%)  |        0|      2|   ~0   |      1|
+-----------------+---------+-------+--------+-------+

+ Detail: 
    * Instance: 
    +-------------------------+----------------------+---------+-------+-----+-----+
    |         Instance        |        Module        | BRAM_18K| DSP48E|  FF | LUT |
    +-------------------------+----------------------+---------+-------+-----+-----+
    |mmult_hw_fadd_32nbkb_U1  |mmult_hw_fadd_32nbkb  |        0|      2|  205|  390|
    |mmult_hw_fmul_32ncud_U2  |mmult_hw_fmul_32ncud  |        0|      3|  143|  321|
    +-------------------------+----------------------+---------+-------+-----+-----+
    |Total                    |                      |        0|      5|  348|  711|
    +-------------------------+----------------------+---------+-------+-----+-----+

    * DSP48: 
    N/A

    * Memory: 
    N/A

    * FIFO: 
    N/A

    * Expression: 
    +---------------------+----------+-------+---+----+------------+------------+
    |    Variable Name    | Operation| DSP48E| FF| LUT| Bitwidth P0| Bitwidth P1|
    +---------------------+----------+-------+---+----+------------+------------+
    |ia_1_fu_170_p2       |     +    |      0|  0|  15|           6|           1|
    |ib_1_fu_182_p2       |     +    |      0|  0|  15|           6|           1|
    |id_1_fu_209_p2       |     +    |      0|  0|  15|           6|           1|
    |next_mul2_fu_158_p2  |     +    |      0|  0|  13|          11|           6|
    |next_mul_fu_230_p2   |     +    |      0|  0|  13|          11|           6|
    |tmp_7_fu_192_p2      |     +    |      0|  0|  13|          11|          11|
    |tmp_8_fu_219_p2      |     +    |      0|  0|  13|          11|          11|
    |tmp_s_fu_236_p2      |     +    |      0|  0|  13|          11|          11|
    |exitcond1_fu_176_p2  |   icmp   |      0|  0|  11|           6|           6|
    |exitcond2_fu_164_p2  |   icmp   |      0|  0|  11|           6|           6|
    |exitcond_fu_203_p2   |   icmp   |      0|  0|  11|           6|           6|
    +---------------------+----------+-------+---+----+------------+------------+
    |Total                |          |      0|  0| 143|          91|          66|
    +---------------------+----------+-------+---+----+------------+------------+

    * Multiplexer: 
    +-----------------+----+-----------+-----+-----------+
    |       Name      | LUT| Input Size| Bits| Total Bits|
    +-----------------+----+-----------+-----+-----------+
    |ap_NS_fsm        |  62|         15|    1|         15|
    |ia_reg_80        |   9|          2|    6|         12|
    |ib_reg_103       |   9|          2|    6|         12|
    |id_reg_127       |   9|          2|    6|         12|
    |phi_mul1_reg_91  |   9|          2|   11|         22|
    |phi_mul_reg_138  |   9|          2|   11|         22|
    |sum_reg_114      |   9|          2|   32|         64|
    +-----------------+----+-----------+-----+-----------+
    |Total            | 116|         27|   73|        159|
    +-----------------+----+-----------+-----+-----------+

    * Register: 
    +--------------------+----+----+-----+-----------+
    |        Name        | FF | LUT| Bits| Const Bits|
    +--------------------+----+----+-----+-----------+
    |a_load_reg_300      |  32|   0|   32|          0|
    |ap_CS_fsm           |  14|   0|   14|          0|
    |b_load_reg_305      |  32|   0|   32|          0|
    |ia_1_reg_254        |   6|   0|    6|          0|
    |ia_reg_80           |   6|   0|    6|          0|
    |ib_1_reg_262        |   6|   0|    6|          0|
    |ib_reg_103          |   6|   0|    6|          0|
    |id_1_reg_280        |   6|   0|    6|          0|
    |id_reg_127          |   6|   0|    6|          0|
    |next_mul2_reg_246   |  11|   0|   11|          0|
    |next_mul_reg_290    |  11|   0|   11|          0|
    |out_addr_reg_272    |  11|   0|   11|          0|
    |phi_mul1_reg_91     |  11|   0|   11|          0|
    |phi_mul_reg_138     |  11|   0|   11|          0|
    |sum_reg_114         |  32|   0|   32|          0|
    |tmp_2_cast_reg_267  |   6|   0|   11|          5|
    |tmp_5_reg_310       |  32|   0|   32|          0|
    +--------------------+----+----+-----+-----------+
    |Total               | 239|   0|  244|          5|
    +--------------------+----+----+-----+-----------+



================================================================
== Interface
================================================================
* Summary: 
+----------------+-----+-----+------------+--------------+--------------+
|    RTL Ports   | Dir | Bits|  Protocol  | Source Object|    C Type    |
+----------------+-----+-----+------------+--------------+--------------+
|ap_clk          |  in |    1| ap_ctrl_hs |   mmult_hw   | return value |
|ap_rst          |  in |    1| ap_ctrl_hs |   mmult_hw   | return value |
|ap_start        |  in |    1| ap_ctrl_hs |   mmult_hw   | return value |
|ap_done         | out |    1| ap_ctrl_hs |   mmult_hw   | return value |
|ap_idle         | out |    1| ap_ctrl_hs |   mmult_hw   | return value |
|ap_ready        | out |    1| ap_ctrl_hs |   mmult_hw   | return value |
|a_address0      | out |   11|  ap_memory |       a      |     array    |
|a_ce0           | out |    1|  ap_memory |       a      |     array    |
|a_q0            |  in |   32|  ap_memory |       a      |     array    |
|b_address0      | out |   11|  ap_memory |       b      |     array    |
|b_ce0           | out |    1|  ap_memory |       b      |     array    |
|b_q0            |  in |   32|  ap_memory |       b      |     array    |
|out_r_address0  | out |   11|  ap_memory |     out_r    |     array    |
|out_r_ce0       | out |    1|  ap_memory |     out_r    |     array    |
|out_r_we0       | out |    1|  ap_memory |     out_r    |     array    |
|out_r_d0        | out |   32|  ap_memory |     out_r    |     array    |
+----------------+-----+-----+------------+--------------+--------------+

