11:05:02 INFO  : Registering command handlers for SDK TCF services
11:05:03 INFO  : Launching XSCT server: xsct.bat -interactive C:\part2\project_sol2\project_sol2.sdk\temp_xsdb_launch_script.tcl
11:05:09 INFO  : XSCT server has started successfully.
11:05:15 INFO  : Successfully done setting XSCT server connection channel  
11:05:15 INFO  : Successfully done setting SDK workspace  
11:05:15 INFO  : Processing command line option -hwspec C:/part2/project_sol2/project_sol2.sdk/design_proj2_wrapper.hdf.
11:06:17 INFO  : Connected to target on host '127.0.0.1' and port '3121'.
11:06:18 INFO  : Jtag cable 'Xilinx HW-FTDI-TEST FT2232H 1234-tulA' is selected.
11:06:18 INFO  : 'jtag frequency' command is executed.
11:06:18 INFO  : Sourcing of 'C:/part2/project_sol2/project_sol2.sdk/design_proj2_wrapper_hw_platform_0/ps7_init.tcl' is done.
11:06:18 INFO  : Context for 'APU' is selected.
11:06:18 INFO  : System reset is completed.
11:06:21 INFO  : 'after 3000' command is executed.
11:06:22 INFO  : 'targets -set -filter {jtag_cable_name =~ "Xilinx HW-FTDI-TEST FT2232H 1234-tulA" && level==0} -index 1' command is executed.
11:06:24 INFO  : FPGA configured successfully with bitstream "C:/part2/project_sol2/project_sol2.sdk/design_proj2_wrapper_hw_platform_0/design_proj2_wrapper.bit"
11:06:25 INFO  : Context for 'APU' is selected.
11:06:25 INFO  : Hardware design information is loaded from 'C:/part2/project_sol2/project_sol2.sdk/design_proj2_wrapper_hw_platform_0/system.hdf'.
11:06:25 INFO  : 'configparams force-mem-access 1' command is executed.
11:06:25 INFO  : Context for 'APU' is selected.
11:06:26 INFO  : 'ps7_init' command is executed.
11:06:26 INFO  : 'ps7_post_config' command is executed.
11:06:26 INFO  : 'configparams force-mem-access 0' command is executed.
11:06:26 INFO  : ----------------XSDB Script----------------
connect -url tcp:127.0.0.1:3121
source C:/part2/project_sol2/project_sol2.sdk/design_proj2_wrapper_hw_platform_0/ps7_init.tcl
targets -set -nocase -filter {name =~"APU*" && jtag_cable_name =~ "Xilinx HW-FTDI-TEST FT2232H 1234-tulA"} -index 0
rst -system
after 3000
targets -set -filter {jtag_cable_name =~ "Xilinx HW-FTDI-TEST FT2232H 1234-tulA" && level==0} -index 1
fpga -file C:/part2/project_sol2/project_sol2.sdk/design_proj2_wrapper_hw_platform_0/design_proj2_wrapper.bit
targets -set -nocase -filter {name =~"APU*" && jtag_cable_name =~ "Xilinx HW-FTDI-TEST FT2232H 1234-tulA"} -index 0
loadhw -hw C:/part2/project_sol2/project_sol2.sdk/design_proj2_wrapper_hw_platform_0/system.hdf -mem-ranges [list {0x40000000 0xbfffffff}]
configparams force-mem-access 1
targets -set -nocase -filter {name =~"APU*" && jtag_cable_name =~ "Xilinx HW-FTDI-TEST FT2232H 1234-tulA"} -index 0
ps7_init
ps7_post_config
configparams force-mem-access 0
----------------End of Script----------------

11:06:26 INFO  : Memory regions updated for context APU
11:06:26 INFO  : Launch script is exported to file 'C:\part2\project_sol2\project_sol2.sdk\.sdk\launch_scripts\xilinx_c-c++_application_(system_debugger)\system_debugger_on_local.tcl'
11:07:51 INFO  : Disconnected from the channel tcfchan#1.
11:07:52 INFO  : Connected to target on host '127.0.0.1' and port '3121'.
11:07:52 INFO  : Jtag cable 'Xilinx HW-FTDI-TEST FT2232H 1234-tulA' is selected.
11:07:52 INFO  : 'jtag frequency' command is executed.
11:07:52 INFO  : Sourcing of 'C:/part2/project_sol2/project_sol2.sdk/design_proj2_wrapper_hw_platform_0/ps7_init.tcl' is done.
11:07:52 INFO  : Context for 'APU' is selected.
11:07:52 INFO  : System reset is completed.
11:07:55 INFO  : 'after 3000' command is executed.
11:07:55 INFO  : 'targets -set -filter {jtag_cable_name =~ "Xilinx HW-FTDI-TEST FT2232H 1234-tulA" && level==0} -index 1' command is executed.
11:07:58 INFO  : FPGA configured successfully with bitstream "C:/part2/project_sol2/project_sol2.sdk/design_proj2_wrapper_hw_platform_0/design_proj2_wrapper.bit"
11:07:58 INFO  : Context for 'APU' is selected.
11:08:00 INFO  : Hardware design information is loaded from 'C:/part2/project_sol2/project_sol2.sdk/design_proj2_wrapper_hw_platform_0/system.hdf'.
11:08:00 INFO  : 'configparams force-mem-access 1' command is executed.
11:08:00 INFO  : Context for 'APU' is selected.
11:08:00 INFO  : 'ps7_init' command is executed.
11:08:00 INFO  : 'ps7_post_config' command is executed.
11:08:00 INFO  : 'configparams force-mem-access 0' command is executed.
11:08:00 INFO  : ----------------XSDB Script----------------
connect -url tcp:127.0.0.1:3121
source C:/part2/project_sol2/project_sol2.sdk/design_proj2_wrapper_hw_platform_0/ps7_init.tcl
targets -set -nocase -filter {name =~"APU*" && jtag_cable_name =~ "Xilinx HW-FTDI-TEST FT2232H 1234-tulA"} -index 0
rst -system
after 3000
targets -set -filter {jtag_cable_name =~ "Xilinx HW-FTDI-TEST FT2232H 1234-tulA" && level==0} -index 1
fpga -file C:/part2/project_sol2/project_sol2.sdk/design_proj2_wrapper_hw_platform_0/design_proj2_wrapper.bit
targets -set -nocase -filter {name =~"APU*" && jtag_cable_name =~ "Xilinx HW-FTDI-TEST FT2232H 1234-tulA"} -index 0
loadhw -hw C:/part2/project_sol2/project_sol2.sdk/design_proj2_wrapper_hw_platform_0/system.hdf -mem-ranges [list {0x40000000 0xbfffffff}]
configparams force-mem-access 1
targets -set -nocase -filter {name =~"APU*" && jtag_cable_name =~ "Xilinx HW-FTDI-TEST FT2232H 1234-tulA"} -index 0
ps7_init
ps7_post_config
configparams force-mem-access 0
----------------End of Script----------------

11:08:01 INFO  : Memory regions updated for context APU
11:08:01 INFO  : Launch script is exported to file 'C:\part2\project_sol2\project_sol2.sdk\.sdk\launch_scripts\xilinx_c-c++_application_(system_debugger)\system_debugger_on_local.tcl'
11:24:21 INFO  : Disconnected from the channel tcfchan#2.
11:24:22 INFO  : Connected to target on host '127.0.0.1' and port '3121'.
11:24:22 INFO  : Jtag cable 'Xilinx HW-FTDI-TEST FT2232H 1234-tulA' is selected.
11:24:22 INFO  : 'jtag frequency' command is executed.
11:24:22 INFO  : Sourcing of 'C:/part2/project_sol2/project_sol2.sdk/design_proj2_wrapper_hw_platform_0/ps7_init.tcl' is done.
11:24:22 INFO  : Context for 'APU' is selected.
11:24:22 INFO  : System reset is completed.
11:24:25 INFO  : 'after 3000' command is executed.
11:24:25 INFO  : 'targets -set -filter {jtag_cable_name =~ "Xilinx HW-FTDI-TEST FT2232H 1234-tulA" && level==0} -index 1' command is executed.
11:24:28 INFO  : FPGA configured successfully with bitstream "C:/part2/project_sol2/project_sol2.sdk/design_proj2_wrapper_hw_platform_0/design_proj2_wrapper.bit"
11:24:28 INFO  : Context for 'APU' is selected.
11:24:31 INFO  : Hardware design information is loaded from 'C:/part2/project_sol2/project_sol2.sdk/design_proj2_wrapper_hw_platform_0/system.hdf'.
11:24:31 INFO  : 'configparams force-mem-access 1' command is executed.
11:24:31 INFO  : Context for 'APU' is selected.
11:24:32 INFO  : 'ps7_init' command is executed.
11:24:32 INFO  : 'ps7_post_config' command is executed.
11:24:32 INFO  : 'configparams force-mem-access 0' command is executed.
11:24:32 INFO  : ----------------XSDB Script----------------
connect -url tcp:127.0.0.1:3121
source C:/part2/project_sol2/project_sol2.sdk/design_proj2_wrapper_hw_platform_0/ps7_init.tcl
targets -set -nocase -filter {name =~"APU*" && jtag_cable_name =~ "Xilinx HW-FTDI-TEST FT2232H 1234-tulA"} -index 0
rst -system
after 3000
targets -set -filter {jtag_cable_name =~ "Xilinx HW-FTDI-TEST FT2232H 1234-tulA" && level==0} -index 1
fpga -file C:/part2/project_sol2/project_sol2.sdk/design_proj2_wrapper_hw_platform_0/design_proj2_wrapper.bit
targets -set -nocase -filter {name =~"APU*" && jtag_cable_name =~ "Xilinx HW-FTDI-TEST FT2232H 1234-tulA"} -index 0
loadhw -hw C:/part2/project_sol2/project_sol2.sdk/design_proj2_wrapper_hw_platform_0/system.hdf -mem-ranges [list {0x40000000 0xbfffffff}]
configparams force-mem-access 1
targets -set -nocase -filter {name =~"APU*" && jtag_cable_name =~ "Xilinx HW-FTDI-TEST FT2232H 1234-tulA"} -index 0
ps7_init
ps7_post_config
configparams force-mem-access 0
----------------End of Script----------------

11:24:32 INFO  : Memory regions updated for context APU
11:24:32 INFO  : Launch script is exported to file 'C:\part2\project_sol2\project_sol2.sdk\.sdk\launch_scripts\xilinx_c-c++_application_(system_debugger)\system_debugger_on_local.tcl'
11:25:33 INFO  : Disconnected from the channel tcfchan#3.
11:25:34 INFO  : Connected to target on host '127.0.0.1' and port '3121'.
11:25:34 INFO  : Jtag cable 'Xilinx HW-FTDI-TEST FT2232H 1234-tulA' is selected.
11:25:34 INFO  : 'jtag frequency' command is executed.
11:25:34 INFO  : Sourcing of 'C:/part2/project_sol2/project_sol2.sdk/design_proj2_wrapper_hw_platform_0/ps7_init.tcl' is done.
11:25:34 INFO  : Context for 'APU' is selected.
11:25:34 INFO  : System reset is completed.
11:25:37 INFO  : 'after 3000' command is executed.
11:25:37 INFO  : 'targets -set -filter {jtag_cable_name =~ "Xilinx HW-FTDI-TEST FT2232H 1234-tulA" && level==0} -index 1' command is executed.
11:25:40 INFO  : FPGA configured successfully with bitstream "C:/part2/project_sol2/project_sol2.sdk/design_proj2_wrapper_hw_platform_0/design_proj2_wrapper.bit"
11:25:40 INFO  : Context for 'APU' is selected.
11:25:42 INFO  : Hardware design information is loaded from 'C:/part2/project_sol2/project_sol2.sdk/design_proj2_wrapper_hw_platform_0/system.hdf'.
11:25:42 INFO  : 'configparams force-mem-access 1' command is executed.
11:25:42 INFO  : Context for 'APU' is selected.
11:25:43 INFO  : 'ps7_init' command is executed.
11:25:43 INFO  : 'ps7_post_config' command is executed.
11:25:43 INFO  : 'configparams force-mem-access 0' command is executed.
11:25:43 INFO  : ----------------XSDB Script----------------
connect -url tcp:127.0.0.1:3121
source C:/part2/project_sol2/project_sol2.sdk/design_proj2_wrapper_hw_platform_0/ps7_init.tcl
targets -set -nocase -filter {name =~"APU*" && jtag_cable_name =~ "Xilinx HW-FTDI-TEST FT2232H 1234-tulA"} -index 0
rst -system
after 3000
targets -set -filter {jtag_cable_name =~ "Xilinx HW-FTDI-TEST FT2232H 1234-tulA" && level==0} -index 1
fpga -file C:/part2/project_sol2/project_sol2.sdk/design_proj2_wrapper_hw_platform_0/design_proj2_wrapper.bit
targets -set -nocase -filter {name =~"APU*" && jtag_cable_name =~ "Xilinx HW-FTDI-TEST FT2232H 1234-tulA"} -index 0
loadhw -hw C:/part2/project_sol2/project_sol2.sdk/design_proj2_wrapper_hw_platform_0/system.hdf -mem-ranges [list {0x40000000 0xbfffffff}]
configparams force-mem-access 1
targets -set -nocase -filter {name =~"APU*" && jtag_cable_name =~ "Xilinx HW-FTDI-TEST FT2232H 1234-tulA"} -index 0
ps7_init
ps7_post_config
configparams force-mem-access 0
----------------End of Script----------------

11:25:43 INFO  : Memory regions updated for context APU
11:25:43 INFO  : Launch script is exported to file 'C:\part2\project_sol2\project_sol2.sdk\.sdk\launch_scripts\xilinx_c-c++_application_(system_debugger)\system_debugger_on_local.tcl'
11:26:17 INFO  : Disconnected from the channel tcfchan#4.
11:26:18 INFO  : Connected to target on host '127.0.0.1' and port '3121'.
11:26:18 INFO  : Jtag cable 'Xilinx HW-FTDI-TEST FT2232H 1234-tulA' is selected.
11:26:18 INFO  : 'jtag frequency' command is executed.
11:26:18 INFO  : Sourcing of 'C:/part2/project_sol2/project_sol2.sdk/design_proj2_wrapper_hw_platform_0/ps7_init.tcl' is done.
11:26:18 INFO  : Context for 'APU' is selected.
11:26:18 INFO  : System reset is completed.
11:26:21 INFO  : 'after 3000' command is executed.
11:26:21 INFO  : 'targets -set -filter {jtag_cable_name =~ "Xilinx HW-FTDI-TEST FT2232H 1234-tulA" && level==0} -index 1' command is executed.
11:26:24 INFO  : FPGA configured successfully with bitstream "C:/part2/project_sol2/project_sol2.sdk/design_proj2_wrapper_hw_platform_0/design_proj2_wrapper.bit"
11:26:24 INFO  : Context for 'APU' is selected.
11:26:26 INFO  : Hardware design information is loaded from 'C:/part2/project_sol2/project_sol2.sdk/design_proj2_wrapper_hw_platform_0/system.hdf'.
11:26:26 INFO  : 'configparams force-mem-access 1' command is executed.
11:26:26 INFO  : Context for 'APU' is selected.
11:26:27 INFO  : 'ps7_init' command is executed.
11:26:27 INFO  : 'ps7_post_config' command is executed.
11:26:27 INFO  : 'configparams force-mem-access 0' command is executed.
11:26:27 INFO  : ----------------XSDB Script----------------
connect -url tcp:127.0.0.1:3121
source C:/part2/project_sol2/project_sol2.sdk/design_proj2_wrapper_hw_platform_0/ps7_init.tcl
targets -set -nocase -filter {name =~"APU*" && jtag_cable_name =~ "Xilinx HW-FTDI-TEST FT2232H 1234-tulA"} -index 0
rst -system
after 3000
targets -set -filter {jtag_cable_name =~ "Xilinx HW-FTDI-TEST FT2232H 1234-tulA" && level==0} -index 1
fpga -file C:/part2/project_sol2/project_sol2.sdk/design_proj2_wrapper_hw_platform_0/design_proj2_wrapper.bit
targets -set -nocase -filter {name =~"APU*" && jtag_cable_name =~ "Xilinx HW-FTDI-TEST FT2232H 1234-tulA"} -index 0
loadhw -hw C:/part2/project_sol2/project_sol2.sdk/design_proj2_wrapper_hw_platform_0/system.hdf -mem-ranges [list {0x40000000 0xbfffffff}]
configparams force-mem-access 1
targets -set -nocase -filter {name =~"APU*" && jtag_cable_name =~ "Xilinx HW-FTDI-TEST FT2232H 1234-tulA"} -index 0
ps7_init
ps7_post_config
configparams force-mem-access 0
----------------End of Script----------------

11:26:27 INFO  : Memory regions updated for context APU
11:26:27 INFO  : Launch script is exported to file 'C:\part2\project_sol2\project_sol2.sdk\.sdk\launch_scripts\xilinx_c-c++_application_(system_debugger)\system_debugger_on_local.tcl'
11:27:07 INFO  : Disconnected from the channel tcfchan#5.
11:27:08 INFO  : Connected to target on host '127.0.0.1' and port '3121'.
11:27:08 INFO  : Jtag cable 'Xilinx HW-FTDI-TEST FT2232H 1234-tulA' is selected.
11:27:08 INFO  : 'jtag frequency' command is executed.
11:27:08 INFO  : Sourcing of 'C:/part2/project_sol2/project_sol2.sdk/design_proj2_wrapper_hw_platform_0/ps7_init.tcl' is done.
11:27:08 INFO  : Context for 'APU' is selected.
11:27:08 INFO  : System reset is completed.
11:27:11 INFO  : 'after 3000' command is executed.
11:27:11 INFO  : 'targets -set -filter {jtag_cable_name =~ "Xilinx HW-FTDI-TEST FT2232H 1234-tulA" && level==0} -index 1' command is executed.
11:27:14 INFO  : FPGA configured successfully with bitstream "C:/part2/project_sol2/project_sol2.sdk/design_proj2_wrapper_hw_platform_0/design_proj2_wrapper.bit"
11:27:14 INFO  : Context for 'APU' is selected.
11:27:16 INFO  : Hardware design information is loaded from 'C:/part2/project_sol2/project_sol2.sdk/design_proj2_wrapper_hw_platform_0/system.hdf'.
11:27:16 INFO  : 'configparams force-mem-access 1' command is executed.
11:27:16 INFO  : Context for 'APU' is selected.
11:27:17 INFO  : 'ps7_init' command is executed.
11:27:17 INFO  : 'ps7_post_config' command is executed.
11:27:17 INFO  : 'configparams force-mem-access 0' command is executed.
11:27:17 INFO  : ----------------XSDB Script----------------
connect -url tcp:127.0.0.1:3121
source C:/part2/project_sol2/project_sol2.sdk/design_proj2_wrapper_hw_platform_0/ps7_init.tcl
targets -set -nocase -filter {name =~"APU*" && jtag_cable_name =~ "Xilinx HW-FTDI-TEST FT2232H 1234-tulA"} -index 0
rst -system
after 3000
targets -set -filter {jtag_cable_name =~ "Xilinx HW-FTDI-TEST FT2232H 1234-tulA" && level==0} -index 1
fpga -file C:/part2/project_sol2/project_sol2.sdk/design_proj2_wrapper_hw_platform_0/design_proj2_wrapper.bit
targets -set -nocase -filter {name =~"APU*" && jtag_cable_name =~ "Xilinx HW-FTDI-TEST FT2232H 1234-tulA"} -index 0
loadhw -hw C:/part2/project_sol2/project_sol2.sdk/design_proj2_wrapper_hw_platform_0/system.hdf -mem-ranges [list {0x40000000 0xbfffffff}]
configparams force-mem-access 1
targets -set -nocase -filter {name =~"APU*" && jtag_cable_name =~ "Xilinx HW-FTDI-TEST FT2232H 1234-tulA"} -index 0
ps7_init
ps7_post_config
configparams force-mem-access 0
----------------End of Script----------------

11:27:17 INFO  : Memory regions updated for context APU
11:27:17 INFO  : Launch script is exported to file 'C:\part2\project_sol2\project_sol2.sdk\.sdk\launch_scripts\xilinx_c-c++_application_(system_debugger)\system_debugger_on_local.tcl'
12:05:30 INFO  : Disconnected from the channel tcfchan#6.
12:05:31 INFO  : Connected to target on host '127.0.0.1' and port '3121'.
12:05:31 INFO  : Jtag cable 'Xilinx HW-FTDI-TEST FT2232H 1234-tulA' is selected.
12:05:31 INFO  : 'jtag frequency' command is executed.
12:05:31 INFO  : Sourcing of 'C:/part2/project_sol2/project_sol2.sdk/design_proj2_wrapper_hw_platform_0/ps7_init.tcl' is done.
12:05:31 INFO  : Context for 'APU' is selected.
12:05:31 INFO  : System reset is completed.
12:05:34 INFO  : 'after 3000' command is executed.
12:05:35 INFO  : 'targets -set -filter {jtag_cable_name =~ "Xilinx HW-FTDI-TEST FT2232H 1234-tulA" && level==0} -index 1' command is executed.
12:05:37 INFO  : FPGA configured successfully with bitstream "C:/part2/project_sol2/project_sol2.sdk/design_proj2_wrapper_hw_platform_0/design_proj2_wrapper.bit"
12:05:37 INFO  : Context for 'APU' is selected.
12:05:40 INFO  : Hardware design information is loaded from 'C:/part2/project_sol2/project_sol2.sdk/design_proj2_wrapper_hw_platform_0/system.hdf'.
12:05:40 INFO  : 'configparams force-mem-access 1' command is executed.
12:05:40 INFO  : Context for 'APU' is selected.
12:05:40 INFO  : 'ps7_init' command is executed.
12:05:40 INFO  : 'ps7_post_config' command is executed.
12:05:40 INFO  : 'configparams force-mem-access 0' command is executed.
12:05:40 INFO  : ----------------XSDB Script----------------
connect -url tcp:127.0.0.1:3121
source C:/part2/project_sol2/project_sol2.sdk/design_proj2_wrapper_hw_platform_0/ps7_init.tcl
targets -set -nocase -filter {name =~"APU*" && jtag_cable_name =~ "Xilinx HW-FTDI-TEST FT2232H 1234-tulA"} -index 0
rst -system
after 3000
targets -set -filter {jtag_cable_name =~ "Xilinx HW-FTDI-TEST FT2232H 1234-tulA" && level==0} -index 1
fpga -file C:/part2/project_sol2/project_sol2.sdk/design_proj2_wrapper_hw_platform_0/design_proj2_wrapper.bit
targets -set -nocase -filter {name =~"APU*" && jtag_cable_name =~ "Xilinx HW-FTDI-TEST FT2232H 1234-tulA"} -index 0
loadhw -hw C:/part2/project_sol2/project_sol2.sdk/design_proj2_wrapper_hw_platform_0/system.hdf -mem-ranges [list {0x40000000 0xbfffffff}]
configparams force-mem-access 1
targets -set -nocase -filter {name =~"APU*" && jtag_cable_name =~ "Xilinx HW-FTDI-TEST FT2232H 1234-tulA"} -index 0
ps7_init
ps7_post_config
configparams force-mem-access 0
----------------End of Script----------------

12:05:40 INFO  : Memory regions updated for context APU
12:05:40 INFO  : Launch script is exported to file 'C:\part2\project_sol2\project_sol2.sdk\.sdk\launch_scripts\xilinx_c-c++_application_(system_debugger)\system_debugger_on_local.tcl'
12:08:41 INFO  : Disconnected from the channel tcfchan#7.
12:08:42 INFO  : Connected to target on host '127.0.0.1' and port '3121'.
12:08:42 INFO  : Jtag cable 'Xilinx HW-FTDI-TEST FT2232H 1234-tulA' is selected.
12:08:42 INFO  : 'jtag frequency' command is executed.
12:08:42 INFO  : Sourcing of 'C:/part2/project_sol2/project_sol2.sdk/design_proj2_wrapper_hw_platform_0/ps7_init.tcl' is done.
12:08:42 INFO  : Context for 'APU' is selected.
12:08:42 INFO  : System reset is completed.
12:08:45 INFO  : 'after 3000' command is executed.
12:08:45 INFO  : 'targets -set -filter {jtag_cable_name =~ "Xilinx HW-FTDI-TEST FT2232H 1234-tulA" && level==0} -index 1' command is executed.
12:08:48 INFO  : FPGA configured successfully with bitstream "C:/part2/project_sol2/project_sol2.sdk/design_proj2_wrapper_hw_platform_0/design_proj2_wrapper.bit"
12:08:48 INFO  : Context for 'APU' is selected.
12:08:50 INFO  : Hardware design information is loaded from 'C:/part2/project_sol2/project_sol2.sdk/design_proj2_wrapper_hw_platform_0/system.hdf'.
12:08:50 INFO  : 'configparams force-mem-access 1' command is executed.
12:08:50 INFO  : Context for 'APU' is selected.
12:08:51 INFO  : 'ps7_init' command is executed.
12:08:51 INFO  : 'ps7_post_config' command is executed.
12:08:51 INFO  : 'configparams force-mem-access 0' command is executed.
12:08:51 INFO  : ----------------XSDB Script----------------
connect -url tcp:127.0.0.1:3121
source C:/part2/project_sol2/project_sol2.sdk/design_proj2_wrapper_hw_platform_0/ps7_init.tcl
targets -set -nocase -filter {name =~"APU*" && jtag_cable_name =~ "Xilinx HW-FTDI-TEST FT2232H 1234-tulA"} -index 0
rst -system
after 3000
targets -set -filter {jtag_cable_name =~ "Xilinx HW-FTDI-TEST FT2232H 1234-tulA" && level==0} -index 1
fpga -file C:/part2/project_sol2/project_sol2.sdk/design_proj2_wrapper_hw_platform_0/design_proj2_wrapper.bit
targets -set -nocase -filter {name =~"APU*" && jtag_cable_name =~ "Xilinx HW-FTDI-TEST FT2232H 1234-tulA"} -index 0
loadhw -hw C:/part2/project_sol2/project_sol2.sdk/design_proj2_wrapper_hw_platform_0/system.hdf -mem-ranges [list {0x40000000 0xbfffffff}]
configparams force-mem-access 1
targets -set -nocase -filter {name =~"APU*" && jtag_cable_name =~ "Xilinx HW-FTDI-TEST FT2232H 1234-tulA"} -index 0
ps7_init
ps7_post_config
configparams force-mem-access 0
----------------End of Script----------------

12:08:51 INFO  : Memory regions updated for context APU
12:08:51 INFO  : Launch script is exported to file 'C:\part2\project_sol2\project_sol2.sdk\.sdk\launch_scripts\xilinx_c-c++_application_(system_debugger)\system_debugger_on_local.tcl'
12:12:08 INFO  : Disconnected from the channel tcfchan#8.
