19:26:05 INFO  : Registering command handlers for SDK TCF services
19:26:05 INFO  : Launching XSCT server: xsct.bat -interactive C:\Temp\code_de_depart_partie2\projet_sol3_3\projet_sol3_3.sdk\temp_xsdb_launch_script.tcl
19:26:07 INFO  : XSCT server has started successfully.
19:26:08 INFO  : Successfully done setting XSCT server connection channel  
19:26:08 INFO  : Successfully done setting SDK workspace  
19:26:08 INFO  : Processing command line option -hwspec C:/Temp/code_de_depart_partie2/projet_sol3_3/projet_sol3_3.sdk/design_1_wrapper.hdf.
20:01:01 INFO  : Attempting to launch Hardware server...
20:01:02 INFO  : Hardware server is launched successfully.
20:07:45 INFO  : Connected to target on host '127.0.0.1' and port '3121'.
20:07:45 INFO  : Jtag cable 'Xilinx HW-FTDI-TEST FT2232H 1234-tulA' is selected.
20:07:45 INFO  : 'jtag frequency' command is executed.
20:07:45 INFO  : Sourcing of 'C:/Temp/code_de_depart_partie2/projet_sol3_3/projet_sol3_3.sdk/design_1_wrapper_hw_platform_0/ps7_init.tcl' is done.
20:07:46 INFO  : 'targets -set -filter {jtag_cable_name =~ "Xilinx HW-FTDI-TEST FT2232H 1234-tulA" && level==0} -index 1' command is executed.
20:07:48 INFO  : FPGA configured successfully with bitstream "C:/Temp/code_de_depart_partie2/projet_sol3_3/projet_sol3_3.sdk/design_1_wrapper_hw_platform_0/design_1_wrapper.bit"
20:07:48 INFO  : Context for 'APU' is selected.
20:07:48 INFO  : Hardware design information is loaded from 'C:/Temp/code_de_depart_partie2/projet_sol3_3/projet_sol3_3.sdk/design_1_wrapper_hw_platform_0/system.hdf'.
20:07:48 INFO  : 'configparams force-mem-access 1' command is executed.
20:07:48 INFO  : Context for 'APU' is selected.
20:07:48 INFO  : 'stop' command is executed.
20:07:49 INFO  : 'ps7_init' command is executed.
20:07:49 INFO  : Context for processor 'ps7_cortexa9_1' is selected.
20:07:49 INFO  : Processor reset is completed for 'ps7_cortexa9_1'.
20:07:49 INFO  : Context for processor 'ps7_cortexa9_0' is selected.
20:07:49 INFO  : The application 'C:/Temp/code_de_depart_partie2/projet_sol3_3/projet_sol3_3.sdk/test_core0/Debug/test_core0.elf' is downloaded to processor 'ps7_cortexa9_0'.
20:07:49 INFO  : Context for processor 'ps7_cortexa9_1' is selected.
20:07:49 INFO  : The application 'C:/Temp/code_de_depart_partie2/projet_sol3_3/projet_sol3_3.sdk/test_core1/Debug/test_core1.elf' is downloaded to processor 'ps7_cortexa9_1'.
20:07:49 INFO  : 'configparams force-mem-access 0' command is executed.
20:07:49 INFO  : ----------------XSDB Script----------------
connect -url tcp:127.0.0.1:3121
source C:/Temp/code_de_depart_partie2/projet_sol3_3/projet_sol3_3.sdk/design_1_wrapper_hw_platform_0/ps7_init.tcl
targets -set -filter {jtag_cable_name =~ "Xilinx HW-FTDI-TEST FT2232H 1234-tulA" && level==0} -index 1
fpga -file C:/Temp/code_de_depart_partie2/projet_sol3_3/projet_sol3_3.sdk/design_1_wrapper_hw_platform_0/design_1_wrapper.bit
targets -set -nocase -filter {name =~"APU*" && jtag_cable_name =~ "Xilinx HW-FTDI-TEST FT2232H 1234-tulA"} -index 0
loadhw -hw C:/Temp/code_de_depart_partie2/projet_sol3_3/projet_sol3_3.sdk/design_1_wrapper_hw_platform_0/system.hdf -mem-ranges [list {0x40000000 0xbfffffff}]
configparams force-mem-access 1
targets -set -nocase -filter {name =~"APU*" && jtag_cable_name =~ "Xilinx HW-FTDI-TEST FT2232H 1234-tulA"} -index 0
stop
ps7_init
targets -set -nocase -filter {name =~ "ARM*#1" && jtag_cable_name =~ "Xilinx HW-FTDI-TEST FT2232H 1234-tulA"} -index 0
rst -processor
targets -set -nocase -filter {name =~ "ARM*#0" && jtag_cable_name =~ "Xilinx HW-FTDI-TEST FT2232H 1234-tulA"} -index 0
dow C:/Temp/code_de_depart_partie2/projet_sol3_3/projet_sol3_3.sdk/test_core0/Debug/test_core0.elf
targets -set -nocase -filter {name =~ "ARM*#1" && jtag_cable_name =~ "Xilinx HW-FTDI-TEST FT2232H 1234-tulA"} -index 0
dow C:/Temp/code_de_depart_partie2/projet_sol3_3/projet_sol3_3.sdk/test_core1/Debug/test_core1.elf
configparams force-mem-access 0
----------------End of Script----------------

20:07:49 INFO  : Memory regions updated for context APU
20:07:49 INFO  : Launch script is exported to file 'C:\Temp\code_de_depart_partie2\projet_sol3_3\projet_sol3_3.sdk\.sdk\launch_scripts\xilinx_c-c++_application_(system_debugger)\system_debugger_on_local.tcl'
20:15:05 INFO  : Disconnected from the channel tcfchan#1.
20:15:07 INFO  : Connected to target on host '127.0.0.1' and port '3121'.
20:15:07 INFO  : Jtag cable 'Xilinx HW-FTDI-TEST FT2232H 1234-tulA' is selected.
20:15:07 INFO  : 'jtag frequency' command is executed.
20:15:07 INFO  : Sourcing of 'C:/Temp/code_de_depart_partie2/projet_sol3_3/projet_sol3_3.sdk/design_1_wrapper_hw_platform_0/ps7_init.tcl' is done.
20:15:07 INFO  : 'targets -set -filter {jtag_cable_name =~ "Xilinx HW-FTDI-TEST FT2232H 1234-tulA" && level==0} -index 1' command is executed.
20:15:10 INFO  : FPGA configured successfully with bitstream "C:/Temp/code_de_depart_partie2/projet_sol3_3/projet_sol3_3.sdk/design_1_wrapper_hw_platform_0/design_1_wrapper.bit"
20:15:10 INFO  : Context for 'APU' is selected.
20:15:12 INFO  : Hardware design information is loaded from 'C:/Temp/code_de_depart_partie2/projet_sol3_3/projet_sol3_3.sdk/design_1_wrapper_hw_platform_0/system.hdf'.
20:15:12 INFO  : 'configparams force-mem-access 1' command is executed.
20:15:12 INFO  : Context for 'APU' is selected.
20:15:13 INFO  : 'stop' command is executed.
20:15:16 ERROR : Memory read error at 0xF8F00208. Cannot halt processor core, timeout
20:15:16 INFO  : ----------------XSDB Script----------------
connect -url tcp:127.0.0.1:3121
source C:/Temp/code_de_depart_partie2/projet_sol3_3/projet_sol3_3.sdk/design_1_wrapper_hw_platform_0/ps7_init.tcl
targets -set -filter {jtag_cable_name =~ "Xilinx HW-FTDI-TEST FT2232H 1234-tulA" && level==0} -index 1
fpga -file C:/Temp/code_de_depart_partie2/projet_sol3_3/projet_sol3_3.sdk/design_1_wrapper_hw_platform_0/design_1_wrapper.bit
targets -set -nocase -filter {name =~"APU*" && jtag_cable_name =~ "Xilinx HW-FTDI-TEST FT2232H 1234-tulA"} -index 0
loadhw -hw C:/Temp/code_de_depart_partie2/projet_sol3_3/projet_sol3_3.sdk/design_1_wrapper_hw_platform_0/system.hdf -mem-ranges [list {0x40000000 0xbfffffff}]
configparams force-mem-access 1
targets -set -nocase -filter {name =~"APU*" && jtag_cable_name =~ "Xilinx HW-FTDI-TEST FT2232H 1234-tulA"} -index 0
stop
ps7_init
----------------End of Script----------------

20:15:29 INFO  : Connected to target on host '127.0.0.1' and port '3121'.
20:15:38 INFO  : ----------------XSDB Script----------------
connect -url tcp:127.0.0.1:3121
----------------End of Script----------------

20:15:54 INFO  : Connected to target on host '127.0.0.1' and port '3121'.
20:16:03 INFO  : ----------------XSDB Script----------------
connect -url tcp:127.0.0.1:3121
----------------End of Script----------------

20:16:19 INFO  : Connected to target on host '127.0.0.1' and port '3121'.
20:16:19 INFO  : Jtag cable 'Xilinx HW-FTDI-TEST FT2232H 1234-tulA' is selected.
20:16:19 INFO  : 'jtag frequency' command is executed.
20:16:19 INFO  : Sourcing of 'C:/Temp/code_de_depart_partie2/projet_sol3_3/projet_sol3_3.sdk/design_1_wrapper_hw_platform_0/ps7_init.tcl' is done.
20:16:19 INFO  : 'targets -set -filter {jtag_cable_name =~ "Xilinx HW-FTDI-TEST FT2232H 1234-tulA" && level==0} -index 1' command is executed.
20:16:22 INFO  : FPGA configured successfully with bitstream "C:/Temp/code_de_depart_partie2/projet_sol3_3/projet_sol3_3.sdk/design_1_wrapper_hw_platform_0/design_1_wrapper.bit"
20:16:22 INFO  : Context for 'APU' is selected.
20:16:22 INFO  : Hardware design information is loaded from 'C:/Temp/code_de_depart_partie2/projet_sol3_3/projet_sol3_3.sdk/design_1_wrapper_hw_platform_0/system.hdf'.
20:16:22 INFO  : 'configparams force-mem-access 1' command is executed.
20:16:22 INFO  : Context for 'APU' is selected.
20:16:22 INFO  : 'stop' command is executed.
20:16:22 INFO  : 'ps7_init' command is executed.
20:16:22 INFO  : 'ps7_post_config' command is executed.
20:16:22 INFO  : Context for processor 'ps7_cortexa9_1' is selected.
20:16:22 INFO  : Processor reset is completed for 'ps7_cortexa9_1'.
20:16:22 INFO  : Context for processor 'ps7_cortexa9_0' is selected.
20:16:22 INFO  : The application 'C:/Temp/code_de_depart_partie2/projet_sol3_3/projet_sol3_3.sdk/test_core0/Debug/test_core0.elf' is downloaded to processor 'ps7_cortexa9_0'.
20:16:22 INFO  : Context for processor 'ps7_cortexa9_1' is selected.
20:16:23 INFO  : The application 'C:/Temp/code_de_depart_partie2/projet_sol3_3/projet_sol3_3.sdk/test_core1/Debug/test_core1.elf' is downloaded to processor 'ps7_cortexa9_1'.
20:16:23 INFO  : 'configparams force-mem-access 0' command is executed.
20:16:23 INFO  : ----------------XSDB Script----------------
connect -url tcp:127.0.0.1:3121
source C:/Temp/code_de_depart_partie2/projet_sol3_3/projet_sol3_3.sdk/design_1_wrapper_hw_platform_0/ps7_init.tcl
targets -set -filter {jtag_cable_name =~ "Xilinx HW-FTDI-TEST FT2232H 1234-tulA" && level==0} -index 1
fpga -file C:/Temp/code_de_depart_partie2/projet_sol3_3/projet_sol3_3.sdk/design_1_wrapper_hw_platform_0/design_1_wrapper.bit
targets -set -nocase -filter {name =~"APU*" && jtag_cable_name =~ "Xilinx HW-FTDI-TEST FT2232H 1234-tulA"} -index 0
loadhw -hw C:/Temp/code_de_depart_partie2/projet_sol3_3/projet_sol3_3.sdk/design_1_wrapper_hw_platform_0/system.hdf -mem-ranges [list {0x40000000 0xbfffffff}]
configparams force-mem-access 1
targets -set -nocase -filter {name =~"APU*" && jtag_cable_name =~ "Xilinx HW-FTDI-TEST FT2232H 1234-tulA"} -index 0
stop
ps7_init
ps7_post_config
targets -set -nocase -filter {name =~ "ARM*#1" && jtag_cable_name =~ "Xilinx HW-FTDI-TEST FT2232H 1234-tulA"} -index 0
rst -processor
targets -set -nocase -filter {name =~ "ARM*#0" && jtag_cable_name =~ "Xilinx HW-FTDI-TEST FT2232H 1234-tulA"} -index 0
dow C:/Temp/code_de_depart_partie2/projet_sol3_3/projet_sol3_3.sdk/test_core0/Debug/test_core0.elf
targets -set -nocase -filter {name =~ "ARM*#1" && jtag_cable_name =~ "Xilinx HW-FTDI-TEST FT2232H 1234-tulA"} -index 0
dow C:/Temp/code_de_depart_partie2/projet_sol3_3/projet_sol3_3.sdk/test_core1/Debug/test_core1.elf
configparams force-mem-access 0
----------------End of Script----------------

20:16:23 INFO  : Memory regions updated for context APU
20:16:23 INFO  : Launch script is exported to file 'C:\Temp\code_de_depart_partie2\projet_sol3_3\projet_sol3_3.sdk\.sdk\launch_scripts\xilinx_c-c++_application_(system_debugger)\system_debugger_on_local.tcl'
20:26:49 INFO  : Disconnected from the channel tcfchan#2.
20:26:51 INFO  : Connected to target on host '127.0.0.1' and port '3121'.
20:26:51 INFO  : Jtag cable 'Xilinx HW-FTDI-TEST FT2232H 1234-tulA' is selected.
20:26:51 INFO  : 'jtag frequency' command is executed.
20:26:51 INFO  : Sourcing of 'C:/Temp/code_de_depart_partie2/projet_sol3_3/projet_sol3_3.sdk/design_1_wrapper_hw_platform_0/ps7_init.tcl' is done.
20:26:52 INFO  : 'targets -set -filter {jtag_cable_name =~ "Xilinx HW-FTDI-TEST FT2232H 1234-tulA" && level==0} -index 1' command is executed.
20:26:54 INFO  : FPGA configured successfully with bitstream "C:/Temp/code_de_depart_partie2/projet_sol3_3/projet_sol3_3.sdk/design_1_wrapper_hw_platform_0/design_1_wrapper.bit"
20:26:54 INFO  : Context for 'APU' is selected.
20:26:56 INFO  : Hardware design information is loaded from 'C:/Temp/code_de_depart_partie2/projet_sol3_3/projet_sol3_3.sdk/design_1_wrapper_hw_platform_0/system.hdf'.
20:26:56 INFO  : 'configparams force-mem-access 1' command is executed.
20:26:56 INFO  : Context for 'APU' is selected.
20:26:57 INFO  : 'stop' command is executed.
20:26:57 INFO  : 'ps7_init' command is executed.
20:26:57 INFO  : 'ps7_post_config' command is executed.
20:26:57 INFO  : Context for processor 'ps7_cortexa9_1' is selected.
20:26:57 INFO  : Processor reset is completed for 'ps7_cortexa9_1'.
20:26:57 INFO  : Context for processor 'ps7_cortexa9_0' is selected.
20:26:57 INFO  : The application 'C:/Temp/code_de_depart_partie2/projet_sol3_3/projet_sol3_3.sdk/test_core0/Debug/test_core0.elf' is downloaded to processor 'ps7_cortexa9_0'.
20:26:57 INFO  : Context for processor 'ps7_cortexa9_1' is selected.
20:26:58 INFO  : The application 'C:/Temp/code_de_depart_partie2/projet_sol3_3/projet_sol3_3.sdk/test_core1/Debug/test_core1.elf' is downloaded to processor 'ps7_cortexa9_1'.
20:26:58 INFO  : 'configparams force-mem-access 0' command is executed.
20:26:58 INFO  : ----------------XSDB Script----------------
connect -url tcp:127.0.0.1:3121
source C:/Temp/code_de_depart_partie2/projet_sol3_3/projet_sol3_3.sdk/design_1_wrapper_hw_platform_0/ps7_init.tcl
targets -set -filter {jtag_cable_name =~ "Xilinx HW-FTDI-TEST FT2232H 1234-tulA" && level==0} -index 1
fpga -file C:/Temp/code_de_depart_partie2/projet_sol3_3/projet_sol3_3.sdk/design_1_wrapper_hw_platform_0/design_1_wrapper.bit
targets -set -nocase -filter {name =~"APU*" && jtag_cable_name =~ "Xilinx HW-FTDI-TEST FT2232H 1234-tulA"} -index 0
loadhw -hw C:/Temp/code_de_depart_partie2/projet_sol3_3/projet_sol3_3.sdk/design_1_wrapper_hw_platform_0/system.hdf -mem-ranges [list {0x40000000 0xbfffffff}]
configparams force-mem-access 1
targets -set -nocase -filter {name =~"APU*" && jtag_cable_name =~ "Xilinx HW-FTDI-TEST FT2232H 1234-tulA"} -index 0
stop
ps7_init
ps7_post_config
targets -set -nocase -filter {name =~ "ARM*#1" && jtag_cable_name =~ "Xilinx HW-FTDI-TEST FT2232H 1234-tulA"} -index 0
rst -processor
targets -set -nocase -filter {name =~ "ARM*#0" && jtag_cable_name =~ "Xilinx HW-FTDI-TEST FT2232H 1234-tulA"} -index 0
dow C:/Temp/code_de_depart_partie2/projet_sol3_3/projet_sol3_3.sdk/test_core0/Debug/test_core0.elf
targets -set -nocase -filter {name =~ "ARM*#1" && jtag_cable_name =~ "Xilinx HW-FTDI-TEST FT2232H 1234-tulA"} -index 0
dow C:/Temp/code_de_depart_partie2/projet_sol3_3/projet_sol3_3.sdk/test_core1/Debug/test_core1.elf
configparams force-mem-access 0
----------------End of Script----------------

20:26:58 INFO  : Memory regions updated for context APU
20:26:58 INFO  : Launch script is exported to file 'C:\Temp\code_de_depart_partie2\projet_sol3_3\projet_sol3_3.sdk\.sdk\launch_scripts\xilinx_c-c++_application_(system_debugger)\system_debugger_on_local.tcl'
20:33:11 INFO  : Disconnected from the channel tcfchan#3.
20:33:12 INFO  : Connected to target on host '127.0.0.1' and port '3121'.
20:33:12 INFO  : Jtag cable 'Xilinx HW-FTDI-TEST FT2232H 1234-tulA' is selected.
20:33:12 INFO  : 'jtag frequency' command is executed.
20:33:12 INFO  : Sourcing of 'C:/Temp/code_de_depart_partie2/projet_sol3_3/projet_sol3_3.sdk/design_1_wrapper_hw_platform_0/ps7_init.tcl' is done.
20:33:12 INFO  : 'targets -set -filter {jtag_cable_name =~ "Xilinx HW-FTDI-TEST FT2232H 1234-tulA" && level==0} -index 1' command is executed.
20:33:14 INFO  : FPGA configured successfully with bitstream "C:/Temp/code_de_depart_partie2/projet_sol3_3/projet_sol3_3.sdk/design_1_wrapper_hw_platform_0/design_1_wrapper.bit"
20:33:15 INFO  : Context for 'APU' is selected.
20:33:17 INFO  : Hardware design information is loaded from 'C:/Temp/code_de_depart_partie2/projet_sol3_3/projet_sol3_3.sdk/design_1_wrapper_hw_platform_0/system.hdf'.
20:33:17 INFO  : 'configparams force-mem-access 1' command is executed.
20:33:17 INFO  : Context for 'APU' is selected.
20:33:17 INFO  : 'stop' command is executed.
20:33:17 INFO  : 'ps7_init' command is executed.
20:33:17 INFO  : 'ps7_post_config' command is executed.
20:33:17 INFO  : Context for processor 'ps7_cortexa9_1' is selected.
20:33:17 INFO  : Processor reset is completed for 'ps7_cortexa9_1'.
20:33:17 INFO  : Context for processor 'ps7_cortexa9_1' is selected.
20:33:18 INFO  : The application 'C:/Temp/code_de_depart_partie2/projet_sol3_3/projet_sol3_3.sdk/test_core1/Debug/test_core1.elf' is downloaded to processor 'ps7_cortexa9_1'.
20:33:18 INFO  : 'configparams force-mem-access 0' command is executed.
20:33:18 INFO  : ----------------XSDB Script----------------
connect -url tcp:127.0.0.1:3121
source C:/Temp/code_de_depart_partie2/projet_sol3_3/projet_sol3_3.sdk/design_1_wrapper_hw_platform_0/ps7_init.tcl
targets -set -filter {jtag_cable_name =~ "Xilinx HW-FTDI-TEST FT2232H 1234-tulA" && level==0} -index 1
fpga -file C:/Temp/code_de_depart_partie2/projet_sol3_3/projet_sol3_3.sdk/design_1_wrapper_hw_platform_0/design_1_wrapper.bit
targets -set -nocase -filter {name =~"APU*" && jtag_cable_name =~ "Xilinx HW-FTDI-TEST FT2232H 1234-tulA"} -index 0
loadhw -hw C:/Temp/code_de_depart_partie2/projet_sol3_3/projet_sol3_3.sdk/design_1_wrapper_hw_platform_0/system.hdf -mem-ranges [list {0x40000000 0xbfffffff}]
configparams force-mem-access 1
targets -set -nocase -filter {name =~"APU*" && jtag_cable_name =~ "Xilinx HW-FTDI-TEST FT2232H 1234-tulA"} -index 0
stop
ps7_init
ps7_post_config
targets -set -nocase -filter {name =~ "ARM*#1" && jtag_cable_name =~ "Xilinx HW-FTDI-TEST FT2232H 1234-tulA"} -index 0
rst -processor
targets -set -nocase -filter {name =~ "ARM*#1" && jtag_cable_name =~ "Xilinx HW-FTDI-TEST FT2232H 1234-tulA"} -index 0
dow C:/Temp/code_de_depart_partie2/projet_sol3_3/projet_sol3_3.sdk/test_core1/Debug/test_core1.elf
configparams force-mem-access 0
----------------End of Script----------------

20:33:18 INFO  : Memory regions updated for context APU
20:33:18 INFO  : Launch script is exported to file 'C:\Temp\code_de_depart_partie2\projet_sol3_3\projet_sol3_3.sdk\.sdk\launch_scripts\xilinx_c-c++_application_(system_debugger)\system_debugger_on_local.tcl'
20:40:34 INFO  : Disconnected from the channel tcfchan#4.
20:40:35 INFO  : Connected to target on host '127.0.0.1' and port '3121'.
20:40:35 INFO  : Jtag cable 'Xilinx HW-FTDI-TEST FT2232H 1234-tulA' is selected.
20:40:35 INFO  : 'jtag frequency' command is executed.
20:40:35 INFO  : Sourcing of 'C:/Temp/code_de_depart_partie2/projet_sol3_3/projet_sol3_3.sdk/design_1_wrapper_hw_platform_0/ps7_init.tcl' is done.
20:40:35 INFO  : 'targets -set -filter {jtag_cable_name =~ "Xilinx HW-FTDI-TEST FT2232H 1234-tulA" && level==0} -index 1' command is executed.
20:40:37 INFO  : FPGA configured successfully with bitstream "C:/Temp/code_de_depart_partie2/projet_sol3_3/projet_sol3_3.sdk/design_1_wrapper_hw_platform_0/design_1_wrapper.bit"
20:40:37 INFO  : Context for 'APU' is selected.
20:40:39 INFO  : Hardware design information is loaded from 'C:/Temp/code_de_depart_partie2/projet_sol3_3/projet_sol3_3.sdk/design_1_wrapper_hw_platform_0/system.hdf'.
20:40:39 INFO  : 'configparams force-mem-access 1' command is executed.
20:40:39 INFO  : Context for 'APU' is selected.
20:40:40 INFO  : 'stop' command is executed.
20:40:40 INFO  : 'ps7_init' command is executed.
20:40:40 INFO  : 'ps7_post_config' command is executed.
20:40:40 INFO  : Context for processor 'ps7_cortexa9_1' is selected.
20:40:40 INFO  : Processor reset is completed for 'ps7_cortexa9_1'.
20:40:40 INFO  : Context for processor 'ps7_cortexa9_0' is selected.
20:40:40 INFO  : The application 'C:/Temp/code_de_depart_partie2/projet_sol3_3/projet_sol3_3.sdk/test_core0/Debug/test_core0.elf' is downloaded to processor 'ps7_cortexa9_0'.
20:40:40 INFO  : Context for processor 'ps7_cortexa9_1' is selected.
20:40:41 INFO  : The application 'C:/Temp/code_de_depart_partie2/projet_sol3_3/projet_sol3_3.sdk/test_core1/Debug/test_core1.elf' is downloaded to processor 'ps7_cortexa9_1'.
20:40:41 INFO  : 'configparams force-mem-access 0' command is executed.
20:40:41 INFO  : ----------------XSDB Script----------------
connect -url tcp:127.0.0.1:3121
source C:/Temp/code_de_depart_partie2/projet_sol3_3/projet_sol3_3.sdk/design_1_wrapper_hw_platform_0/ps7_init.tcl
targets -set -filter {jtag_cable_name =~ "Xilinx HW-FTDI-TEST FT2232H 1234-tulA" && level==0} -index 1
fpga -file C:/Temp/code_de_depart_partie2/projet_sol3_3/projet_sol3_3.sdk/design_1_wrapper_hw_platform_0/design_1_wrapper.bit
targets -set -nocase -filter {name =~"APU*" && jtag_cable_name =~ "Xilinx HW-FTDI-TEST FT2232H 1234-tulA"} -index 0
loadhw -hw C:/Temp/code_de_depart_partie2/projet_sol3_3/projet_sol3_3.sdk/design_1_wrapper_hw_platform_0/system.hdf -mem-ranges [list {0x40000000 0xbfffffff}]
configparams force-mem-access 1
targets -set -nocase -filter {name =~"APU*" && jtag_cable_name =~ "Xilinx HW-FTDI-TEST FT2232H 1234-tulA"} -index 0
stop
ps7_init
ps7_post_config
targets -set -nocase -filter {name =~ "ARM*#1" && jtag_cable_name =~ "Xilinx HW-FTDI-TEST FT2232H 1234-tulA"} -index 0
rst -processor
targets -set -nocase -filter {name =~ "ARM*#0" && jtag_cable_name =~ "Xilinx HW-FTDI-TEST FT2232H 1234-tulA"} -index 0
dow C:/Temp/code_de_depart_partie2/projet_sol3_3/projet_sol3_3.sdk/test_core0/Debug/test_core0.elf
targets -set -nocase -filter {name =~ "ARM*#1" && jtag_cable_name =~ "Xilinx HW-FTDI-TEST FT2232H 1234-tulA"} -index 0
dow C:/Temp/code_de_depart_partie2/projet_sol3_3/projet_sol3_3.sdk/test_core1/Debug/test_core1.elf
configparams force-mem-access 0
----------------End of Script----------------

20:40:41 INFO  : Memory regions updated for context APU
20:40:41 INFO  : Launch script is exported to file 'C:\Temp\code_de_depart_partie2\projet_sol3_3\projet_sol3_3.sdk\.sdk\launch_scripts\xilinx_c-c++_application_(system_debugger)\system_debugger_on_local.tcl'
20:41:59 INFO  : Disconnected from the channel tcfchan#5.
20:42:00 INFO  : Connected to target on host '127.0.0.1' and port '3121'.
20:42:00 INFO  : Jtag cable 'Xilinx HW-FTDI-TEST FT2232H 1234-tulA' is selected.
20:42:00 INFO  : 'jtag frequency' command is executed.
20:42:00 INFO  : Sourcing of 'C:/Temp/code_de_depart_partie2/projet_sol3_3/projet_sol3_3.sdk/design_1_wrapper_hw_platform_0/ps7_init.tcl' is done.
20:42:00 INFO  : 'targets -set -filter {jtag_cable_name =~ "Xilinx HW-FTDI-TEST FT2232H 1234-tulA" && level==0} -index 1' command is executed.
20:42:03 INFO  : FPGA configured successfully with bitstream "C:/Temp/code_de_depart_partie2/projet_sol3_3/projet_sol3_3.sdk/design_1_wrapper_hw_platform_0/design_1_wrapper.bit"
20:42:03 INFO  : Context for 'APU' is selected.
20:42:05 INFO  : Hardware design information is loaded from 'C:/Temp/code_de_depart_partie2/projet_sol3_3/projet_sol3_3.sdk/design_1_wrapper_hw_platform_0/system.hdf'.
20:42:05 INFO  : 'configparams force-mem-access 1' command is executed.
20:42:05 INFO  : Context for 'APU' is selected.
20:42:05 INFO  : 'stop' command is executed.
20:42:06 INFO  : 'ps7_init' command is executed.
20:42:06 INFO  : 'ps7_post_config' command is executed.
20:42:06 INFO  : Context for processor 'ps7_cortexa9_1' is selected.
20:42:06 INFO  : Processor reset is completed for 'ps7_cortexa9_1'.
20:42:06 INFO  : Context for processor 'ps7_cortexa9_0' is selected.
20:42:06 INFO  : The application 'C:/Temp/code_de_depart_partie2/projet_sol3_3/projet_sol3_3.sdk/test_core0/Debug/test_core0.elf' is downloaded to processor 'ps7_cortexa9_0'.
20:42:06 INFO  : Context for processor 'ps7_cortexa9_1' is selected.
20:42:06 INFO  : The application 'C:/Temp/code_de_depart_partie2/projet_sol3_3/projet_sol3_3.sdk/test_core1/Debug/test_core1.elf' is downloaded to processor 'ps7_cortexa9_1'.
20:42:06 INFO  : 'configparams force-mem-access 0' command is executed.
20:42:06 INFO  : ----------------XSDB Script----------------
connect -url tcp:127.0.0.1:3121
source C:/Temp/code_de_depart_partie2/projet_sol3_3/projet_sol3_3.sdk/design_1_wrapper_hw_platform_0/ps7_init.tcl
targets -set -filter {jtag_cable_name =~ "Xilinx HW-FTDI-TEST FT2232H 1234-tulA" && level==0} -index 1
fpga -file C:/Temp/code_de_depart_partie2/projet_sol3_3/projet_sol3_3.sdk/design_1_wrapper_hw_platform_0/design_1_wrapper.bit
targets -set -nocase -filter {name =~"APU*" && jtag_cable_name =~ "Xilinx HW-FTDI-TEST FT2232H 1234-tulA"} -index 0
loadhw -hw C:/Temp/code_de_depart_partie2/projet_sol3_3/projet_sol3_3.sdk/design_1_wrapper_hw_platform_0/system.hdf -mem-ranges [list {0x40000000 0xbfffffff}]
configparams force-mem-access 1
targets -set -nocase -filter {name =~"APU*" && jtag_cable_name =~ "Xilinx HW-FTDI-TEST FT2232H 1234-tulA"} -index 0
stop
ps7_init
ps7_post_config
targets -set -nocase -filter {name =~ "ARM*#1" && jtag_cable_name =~ "Xilinx HW-FTDI-TEST FT2232H 1234-tulA"} -index 0
rst -processor
targets -set -nocase -filter {name =~ "ARM*#0" && jtag_cable_name =~ "Xilinx HW-FTDI-TEST FT2232H 1234-tulA"} -index 0
dow C:/Temp/code_de_depart_partie2/projet_sol3_3/projet_sol3_3.sdk/test_core0/Debug/test_core0.elf
targets -set -nocase -filter {name =~ "ARM*#1" && jtag_cable_name =~ "Xilinx HW-FTDI-TEST FT2232H 1234-tulA"} -index 0
dow C:/Temp/code_de_depart_partie2/projet_sol3_3/projet_sol3_3.sdk/test_core1/Debug/test_core1.elf
configparams force-mem-access 0
----------------End of Script----------------

20:42:06 INFO  : Memory regions updated for context APU
20:42:06 INFO  : Launch script is exported to file 'C:\Temp\code_de_depart_partie2\projet_sol3_3\projet_sol3_3.sdk\.sdk\launch_scripts\xilinx_c-c++_application_(system_debugger)\system_debugger_on_local.tcl'
20:45:26 INFO  : Disconnected from the channel tcfchan#6.
20:45:27 INFO  : Connected to target on host '127.0.0.1' and port '3121'.
20:45:28 INFO  : Jtag cable 'Xilinx HW-FTDI-TEST FT2232H 1234-tulA' is selected.
20:45:28 INFO  : 'jtag frequency' command is executed.
20:45:28 INFO  : Sourcing of 'C:/Temp/code_de_depart_partie2/projet_sol3_3/projet_sol3_3.sdk/design_1_wrapper_hw_platform_0/ps7_init.tcl' is done.
20:45:28 INFO  : 'targets -set -filter {jtag_cable_name =~ "Xilinx HW-FTDI-TEST FT2232H 1234-tulA" && level==0} -index 1' command is executed.
20:45:30 INFO  : FPGA configured successfully with bitstream "C:/Temp/code_de_depart_partie2/projet_sol3_3/projet_sol3_3.sdk/design_1_wrapper_hw_platform_0/design_1_wrapper.bit"
20:45:30 INFO  : Context for 'APU' is selected.
20:45:33 INFO  : Hardware design information is loaded from 'C:/Temp/code_de_depart_partie2/projet_sol3_3/projet_sol3_3.sdk/design_1_wrapper_hw_platform_0/system.hdf'.
20:45:33 INFO  : 'configparams force-mem-access 1' command is executed.
20:45:33 INFO  : Context for 'APU' is selected.
20:45:33 INFO  : 'stop' command is executed.
20:45:33 INFO  : 'ps7_init' command is executed.
20:45:33 INFO  : 'ps7_post_config' command is executed.
20:45:33 INFO  : Context for processor 'ps7_cortexa9_1' is selected.
20:45:33 INFO  : Processor reset is completed for 'ps7_cortexa9_1'.
20:45:33 INFO  : Context for processor 'ps7_cortexa9_0' is selected.
20:45:34 INFO  : The application 'C:/Temp/code_de_depart_partie2/projet_sol3_3/projet_sol3_3.sdk/test_core0/Debug/test_core0.elf' is downloaded to processor 'ps7_cortexa9_0'.
20:45:34 INFO  : Context for processor 'ps7_cortexa9_1' is selected.
20:45:34 INFO  : The application 'C:/Temp/code_de_depart_partie2/projet_sol3_3/projet_sol3_3.sdk/test_core1/Debug/test_core1.elf' is downloaded to processor 'ps7_cortexa9_1'.
20:45:34 INFO  : 'configparams force-mem-access 0' command is executed.
20:45:34 INFO  : ----------------XSDB Script----------------
connect -url tcp:127.0.0.1:3121
source C:/Temp/code_de_depart_partie2/projet_sol3_3/projet_sol3_3.sdk/design_1_wrapper_hw_platform_0/ps7_init.tcl
targets -set -filter {jtag_cable_name =~ "Xilinx HW-FTDI-TEST FT2232H 1234-tulA" && level==0} -index 1
fpga -file C:/Temp/code_de_depart_partie2/projet_sol3_3/projet_sol3_3.sdk/design_1_wrapper_hw_platform_0/design_1_wrapper.bit
targets -set -nocase -filter {name =~"APU*" && jtag_cable_name =~ "Xilinx HW-FTDI-TEST FT2232H 1234-tulA"} -index 0
loadhw -hw C:/Temp/code_de_depart_partie2/projet_sol3_3/projet_sol3_3.sdk/design_1_wrapper_hw_platform_0/system.hdf -mem-ranges [list {0x40000000 0xbfffffff}]
configparams force-mem-access 1
targets -set -nocase -filter {name =~"APU*" && jtag_cable_name =~ "Xilinx HW-FTDI-TEST FT2232H 1234-tulA"} -index 0
stop
ps7_init
ps7_post_config
targets -set -nocase -filter {name =~ "ARM*#1" && jtag_cable_name =~ "Xilinx HW-FTDI-TEST FT2232H 1234-tulA"} -index 0
rst -processor
targets -set -nocase -filter {name =~ "ARM*#0" && jtag_cable_name =~ "Xilinx HW-FTDI-TEST FT2232H 1234-tulA"} -index 0
dow C:/Temp/code_de_depart_partie2/projet_sol3_3/projet_sol3_3.sdk/test_core0/Debug/test_core0.elf
targets -set -nocase -filter {name =~ "ARM*#1" && jtag_cable_name =~ "Xilinx HW-FTDI-TEST FT2232H 1234-tulA"} -index 0
dow C:/Temp/code_de_depart_partie2/projet_sol3_3/projet_sol3_3.sdk/test_core1/Debug/test_core1.elf
configparams force-mem-access 0
----------------End of Script----------------

20:45:34 INFO  : Memory regions updated for context APU
20:45:34 INFO  : Launch script is exported to file 'C:\Temp\code_de_depart_partie2\projet_sol3_3\projet_sol3_3.sdk\.sdk\launch_scripts\xilinx_c-c++_application_(system_debugger)\system_debugger_on_local.tcl'
20:51:41 INFO  : Disconnected from the channel tcfchan#7.
20:51:42 INFO  : Connected to target on host '127.0.0.1' and port '3121'.
20:51:42 INFO  : Jtag cable 'Xilinx HW-FTDI-TEST FT2232H 1234-tulA' is selected.
20:51:42 INFO  : 'jtag frequency' command is executed.
20:51:42 INFO  : Sourcing of 'C:/Temp/code_de_depart_partie2/projet_sol3_3/projet_sol3_3.sdk/design_1_wrapper_hw_platform_0/ps7_init.tcl' is done.
20:51:42 INFO  : Context for 'APU' is selected.
20:51:42 INFO  : System reset is completed.
20:51:45 INFO  : 'after 3000' command is executed.
20:51:45 INFO  : 'targets -set -filter {jtag_cable_name =~ "Xilinx HW-FTDI-TEST FT2232H 1234-tulA" && level==0} -index 1' command is executed.
20:51:48 INFO  : FPGA configured successfully with bitstream "C:/Temp/code_de_depart_partie2/projet_sol3_3/projet_sol3_3.sdk/design_1_wrapper_hw_platform_0/design_1_wrapper.bit"
20:51:48 INFO  : Context for 'APU' is selected.
20:51:50 INFO  : Hardware design information is loaded from 'C:/Temp/code_de_depart_partie2/projet_sol3_3/projet_sol3_3.sdk/design_1_wrapper_hw_platform_0/system.hdf'.
20:51:50 INFO  : 'configparams force-mem-access 1' command is executed.
20:51:50 INFO  : Context for 'APU' is selected.
20:51:51 INFO  : 'ps7_init' command is executed.
20:51:51 INFO  : 'ps7_post_config' command is executed.
20:51:51 INFO  : Context for processor 'ps7_cortexa9_1' is selected.
20:51:51 INFO  : The application 'C:/Temp/code_de_depart_partie2/projet_sol3_3/projet_sol3_3.sdk/test_core1/Debug/test_core1.elf' is downloaded to processor 'ps7_cortexa9_1'.
20:51:51 INFO  : 'configparams force-mem-access 0' command is executed.
20:51:51 INFO  : ----------------XSDB Script----------------
connect -url tcp:127.0.0.1:3121
source C:/Temp/code_de_depart_partie2/projet_sol3_3/projet_sol3_3.sdk/design_1_wrapper_hw_platform_0/ps7_init.tcl
targets -set -nocase -filter {name =~"APU*" && jtag_cable_name =~ "Xilinx HW-FTDI-TEST FT2232H 1234-tulA"} -index 0
rst -system
after 3000
targets -set -filter {jtag_cable_name =~ "Xilinx HW-FTDI-TEST FT2232H 1234-tulA" && level==0} -index 1
fpga -file C:/Temp/code_de_depart_partie2/projet_sol3_3/projet_sol3_3.sdk/design_1_wrapper_hw_platform_0/design_1_wrapper.bit
targets -set -nocase -filter {name =~"APU*" && jtag_cable_name =~ "Xilinx HW-FTDI-TEST FT2232H 1234-tulA"} -index 0
loadhw -hw C:/Temp/code_de_depart_partie2/projet_sol3_3/projet_sol3_3.sdk/design_1_wrapper_hw_platform_0/system.hdf -mem-ranges [list {0x40000000 0xbfffffff}]
configparams force-mem-access 1
targets -set -nocase -filter {name =~"APU*" && jtag_cable_name =~ "Xilinx HW-FTDI-TEST FT2232H 1234-tulA"} -index 0
ps7_init
ps7_post_config
targets -set -nocase -filter {name =~ "ARM*#1" && jtag_cable_name =~ "Xilinx HW-FTDI-TEST FT2232H 1234-tulA"} -index 0
dow C:/Temp/code_de_depart_partie2/projet_sol3_3/projet_sol3_3.sdk/test_core1/Debug/test_core1.elf
configparams force-mem-access 0
----------------End of Script----------------

20:51:51 INFO  : Memory regions updated for context APU
20:51:51 INFO  : Launch script is exported to file 'C:\Temp\code_de_depart_partie2\projet_sol3_3\projet_sol3_3.sdk\.sdk\launch_scripts\xilinx_c-c++_application_(system_debugger)\system_debugger_on_local.tcl'
20:53:48 INFO  : Disconnected from the channel tcfchan#8.
20:53:49 INFO  : Connected to target on host '127.0.0.1' and port '3121'.
20:53:49 INFO  : Jtag cable 'Xilinx HW-FTDI-TEST FT2232H 1234-tulA' is selected.
20:53:49 INFO  : 'jtag frequency' command is executed.
20:53:49 INFO  : Sourcing of 'C:/Temp/code_de_depart_partie2/projet_sol3_3/projet_sol3_3.sdk/design_1_wrapper_hw_platform_0/ps7_init.tcl' is done.
20:53:49 INFO  : Context for 'APU' is selected.
20:53:49 INFO  : System reset is completed.
20:53:52 INFO  : 'after 3000' command is executed.
20:53:52 INFO  : 'targets -set -filter {jtag_cable_name =~ "Xilinx HW-FTDI-TEST FT2232H 1234-tulA" && level==0} -index 1' command is executed.
20:53:55 INFO  : FPGA configured successfully with bitstream "C:/Temp/code_de_depart_partie2/projet_sol3_3/projet_sol3_3.sdk/design_1_wrapper_hw_platform_0/design_1_wrapper.bit"
20:53:55 INFO  : Context for 'APU' is selected.
20:53:57 INFO  : Hardware design information is loaded from 'C:/Temp/code_de_depart_partie2/projet_sol3_3/projet_sol3_3.sdk/design_1_wrapper_hw_platform_0/system.hdf'.
20:53:57 INFO  : 'configparams force-mem-access 1' command is executed.
20:53:57 INFO  : Context for 'APU' is selected.
20:53:57 INFO  : 'ps7_init' command is executed.
20:53:57 INFO  : 'ps7_post_config' command is executed.
20:53:57 INFO  : Context for processor 'ps7_cortexa9_1' is selected.
20:53:58 INFO  : The application 'C:/Temp/code_de_depart_partie2/projet_sol3_3/projet_sol3_3.sdk/test_core1/Debug/test_core1.elf' is downloaded to processor 'ps7_cortexa9_1'.
20:53:58 INFO  : 'configparams force-mem-access 0' command is executed.
20:53:58 INFO  : ----------------XSDB Script----------------
connect -url tcp:127.0.0.1:3121
source C:/Temp/code_de_depart_partie2/projet_sol3_3/projet_sol3_3.sdk/design_1_wrapper_hw_platform_0/ps7_init.tcl
targets -set -nocase -filter {name =~"APU*" && jtag_cable_name =~ "Xilinx HW-FTDI-TEST FT2232H 1234-tulA"} -index 0
rst -system
after 3000
targets -set -filter {jtag_cable_name =~ "Xilinx HW-FTDI-TEST FT2232H 1234-tulA" && level==0} -index 1
fpga -file C:/Temp/code_de_depart_partie2/projet_sol3_3/projet_sol3_3.sdk/design_1_wrapper_hw_platform_0/design_1_wrapper.bit
targets -set -nocase -filter {name =~"APU*" && jtag_cable_name =~ "Xilinx HW-FTDI-TEST FT2232H 1234-tulA"} -index 0
loadhw -hw C:/Temp/code_de_depart_partie2/projet_sol3_3/projet_sol3_3.sdk/design_1_wrapper_hw_platform_0/system.hdf -mem-ranges [list {0x40000000 0xbfffffff}]
configparams force-mem-access 1
targets -set -nocase -filter {name =~"APU*" && jtag_cable_name =~ "Xilinx HW-FTDI-TEST FT2232H 1234-tulA"} -index 0
ps7_init
ps7_post_config
targets -set -nocase -filter {name =~ "ARM*#1" && jtag_cable_name =~ "Xilinx HW-FTDI-TEST FT2232H 1234-tulA"} -index 0
dow C:/Temp/code_de_depart_partie2/projet_sol3_3/projet_sol3_3.sdk/test_core1/Debug/test_core1.elf
configparams force-mem-access 0
----------------End of Script----------------

20:53:58 INFO  : Memory regions updated for context APU
20:53:58 INFO  : Launch script is exported to file 'C:\Temp\code_de_depart_partie2\projet_sol3_3\projet_sol3_3.sdk\.sdk\launch_scripts\xilinx_c-c++_application_(system_debugger)\system_debugger_on_local.tcl'
20:54:36 INFO  : Disconnected from the channel tcfchan#9.
20:54:37 INFO  : Connected to target on host '127.0.0.1' and port '3121'.
20:54:38 INFO  : Jtag cable 'Xilinx HW-FTDI-TEST FT2232H 1234-tulA' is selected.
20:54:38 INFO  : 'jtag frequency' command is executed.
20:54:38 INFO  : Sourcing of 'C:/Temp/code_de_depart_partie2/projet_sol3_3/projet_sol3_3.sdk/design_1_wrapper_hw_platform_0/ps7_init.tcl' is done.
20:54:38 INFO  : Context for 'APU' is selected.
20:54:38 INFO  : System reset is completed.
20:54:41 INFO  : 'after 3000' command is executed.
20:54:41 INFO  : 'targets -set -filter {jtag_cable_name =~ "Xilinx HW-FTDI-TEST FT2232H 1234-tulA" && level==0} -index 1' command is executed.
20:54:43 INFO  : FPGA configured successfully with bitstream "C:/Temp/code_de_depart_partie2/projet_sol3_3/projet_sol3_3.sdk/design_1_wrapper_hw_platform_0/design_1_wrapper.bit"
20:54:43 INFO  : Context for 'APU' is selected.
20:54:45 INFO  : Hardware design information is loaded from 'C:/Temp/code_de_depart_partie2/projet_sol3_3/projet_sol3_3.sdk/design_1_wrapper_hw_platform_0/system.hdf'.
20:54:45 INFO  : 'configparams force-mem-access 1' command is executed.
20:54:45 INFO  : Context for 'APU' is selected.
20:54:46 INFO  : 'ps7_init' command is executed.
20:54:46 INFO  : 'ps7_post_config' command is executed.
20:54:46 INFO  : Context for processor 'ps7_cortexa9_1' is selected.
20:54:46 INFO  : The application 'C:/Temp/code_de_depart_partie2/projet_sol3_3/projet_sol3_3.sdk/test_core1/Debug/test_core1.elf' is downloaded to processor 'ps7_cortexa9_1'.
20:54:46 INFO  : 'configparams force-mem-access 0' command is executed.
20:54:46 INFO  : ----------------XSDB Script----------------
connect -url tcp:127.0.0.1:3121
source C:/Temp/code_de_depart_partie2/projet_sol3_3/projet_sol3_3.sdk/design_1_wrapper_hw_platform_0/ps7_init.tcl
targets -set -nocase -filter {name =~"APU*" && jtag_cable_name =~ "Xilinx HW-FTDI-TEST FT2232H 1234-tulA"} -index 0
rst -system
after 3000
targets -set -filter {jtag_cable_name =~ "Xilinx HW-FTDI-TEST FT2232H 1234-tulA" && level==0} -index 1
fpga -file C:/Temp/code_de_depart_partie2/projet_sol3_3/projet_sol3_3.sdk/design_1_wrapper_hw_platform_0/design_1_wrapper.bit
targets -set -nocase -filter {name =~"APU*" && jtag_cable_name =~ "Xilinx HW-FTDI-TEST FT2232H 1234-tulA"} -index 0
loadhw -hw C:/Temp/code_de_depart_partie2/projet_sol3_3/projet_sol3_3.sdk/design_1_wrapper_hw_platform_0/system.hdf -mem-ranges [list {0x40000000 0xbfffffff}]
configparams force-mem-access 1
targets -set -nocase -filter {name =~"APU*" && jtag_cable_name =~ "Xilinx HW-FTDI-TEST FT2232H 1234-tulA"} -index 0
ps7_init
ps7_post_config
targets -set -nocase -filter {name =~ "ARM*#1" && jtag_cable_name =~ "Xilinx HW-FTDI-TEST FT2232H 1234-tulA"} -index 0
dow C:/Temp/code_de_depart_partie2/projet_sol3_3/projet_sol3_3.sdk/test_core1/Debug/test_core1.elf
configparams force-mem-access 0
----------------End of Script----------------

20:54:46 INFO  : Memory regions updated for context APU
20:54:46 INFO  : Launch script is exported to file 'C:\Temp\code_de_depart_partie2\projet_sol3_3\projet_sol3_3.sdk\.sdk\launch_scripts\xilinx_c-c++_application_(system_debugger)\system_debugger_on_local.tcl'
20:56:17 INFO  : Disconnected from the channel tcfchan#10.
20:56:18 INFO  : Connected to target on host '127.0.0.1' and port '3121'.
20:56:18 INFO  : Jtag cable 'Xilinx HW-FTDI-TEST FT2232H 1234-tulA' is selected.
20:56:18 INFO  : 'jtag frequency' command is executed.
20:56:18 INFO  : Sourcing of 'C:/Temp/code_de_depart_partie2/projet_sol3_3/projet_sol3_3.sdk/design_1_wrapper_hw_platform_0/ps7_init.tcl' is done.
20:56:18 INFO  : Context for 'APU' is selected.
20:56:18 INFO  : System reset is completed.
20:56:21 INFO  : 'after 3000' command is executed.
20:56:21 INFO  : 'targets -set -filter {jtag_cable_name =~ "Xilinx HW-FTDI-TEST FT2232H 1234-tulA" && level==0} -index 1' command is executed.
20:56:23 INFO  : FPGA configured successfully with bitstream "C:/Temp/code_de_depart_partie2/projet_sol3_3/projet_sol3_3.sdk/design_1_wrapper_hw_platform_0/design_1_wrapper.bit"
20:56:24 INFO  : Context for 'APU' is selected.
20:56:26 INFO  : Hardware design information is loaded from 'C:/Temp/code_de_depart_partie2/projet_sol3_3/projet_sol3_3.sdk/design_1_wrapper_hw_platform_0/system.hdf'.
20:56:26 INFO  : 'configparams force-mem-access 1' command is executed.
20:56:26 INFO  : Context for 'APU' is selected.
20:56:26 INFO  : 'ps7_init' command is executed.
20:56:26 INFO  : 'ps7_post_config' command is executed.
20:56:26 INFO  : Context for processor 'ps7_cortexa9_0' is selected.
20:56:26 INFO  : The application 'C:/Temp/code_de_depart_partie2/projet_sol3_3/projet_sol3_3.sdk/test_core0/Debug/test_core0.elf' is downloaded to processor 'ps7_cortexa9_0'.
20:56:26 INFO  : 'configparams force-mem-access 0' command is executed.
20:56:26 INFO  : ----------------XSDB Script----------------
connect -url tcp:127.0.0.1:3121
source C:/Temp/code_de_depart_partie2/projet_sol3_3/projet_sol3_3.sdk/design_1_wrapper_hw_platform_0/ps7_init.tcl
targets -set -nocase -filter {name =~"APU*" && jtag_cable_name =~ "Xilinx HW-FTDI-TEST FT2232H 1234-tulA"} -index 0
rst -system
after 3000
targets -set -filter {jtag_cable_name =~ "Xilinx HW-FTDI-TEST FT2232H 1234-tulA" && level==0} -index 1
fpga -file C:/Temp/code_de_depart_partie2/projet_sol3_3/projet_sol3_3.sdk/design_1_wrapper_hw_platform_0/design_1_wrapper.bit
targets -set -nocase -filter {name =~"APU*" && jtag_cable_name =~ "Xilinx HW-FTDI-TEST FT2232H 1234-tulA"} -index 0
loadhw -hw C:/Temp/code_de_depart_partie2/projet_sol3_3/projet_sol3_3.sdk/design_1_wrapper_hw_platform_0/system.hdf -mem-ranges [list {0x40000000 0xbfffffff}]
configparams force-mem-access 1
targets -set -nocase -filter {name =~"APU*" && jtag_cable_name =~ "Xilinx HW-FTDI-TEST FT2232H 1234-tulA"} -index 0
ps7_init
ps7_post_config
targets -set -nocase -filter {name =~ "ARM*#0" && jtag_cable_name =~ "Xilinx HW-FTDI-TEST FT2232H 1234-tulA"} -index 0
dow C:/Temp/code_de_depart_partie2/projet_sol3_3/projet_sol3_3.sdk/test_core0/Debug/test_core0.elf
configparams force-mem-access 0
----------------End of Script----------------

20:56:26 INFO  : Memory regions updated for context APU
20:56:26 INFO  : Launch script is exported to file 'C:\Temp\code_de_depart_partie2\projet_sol3_3\projet_sol3_3.sdk\.sdk\launch_scripts\xilinx_c-c++_application_(system_debugger)\system_debugger_on_local.tcl'
21:01:02 INFO  : Disconnected from the channel tcfchan#11.
21:01:03 INFO  : Connected to target on host '127.0.0.1' and port '3121'.
21:01:03 INFO  : Jtag cable 'Xilinx HW-FTDI-TEST FT2232H 1234-tulA' is selected.
21:01:03 INFO  : 'jtag frequency' command is executed.
21:01:03 INFO  : Sourcing of 'C:/Temp/code_de_depart_partie2/projet_sol3_3/projet_sol3_3.sdk/design_1_wrapper_hw_platform_0/ps7_init.tcl' is done.
21:01:03 INFO  : Context for 'APU' is selected.
21:01:04 INFO  : System reset is completed.
21:01:07 INFO  : 'after 3000' command is executed.
21:01:07 INFO  : 'targets -set -filter {jtag_cable_name =~ "Xilinx HW-FTDI-TEST FT2232H 1234-tulA" && level==0} -index 1' command is executed.
21:01:09 INFO  : FPGA configured successfully with bitstream "C:/Temp/code_de_depart_partie2/projet_sol3_3/projet_sol3_3.sdk/design_1_wrapper_hw_platform_0/design_1_wrapper.bit"
21:01:09 INFO  : Context for 'APU' is selected.
21:01:11 INFO  : Hardware design information is loaded from 'C:/Temp/code_de_depart_partie2/projet_sol3_3/projet_sol3_3.sdk/design_1_wrapper_hw_platform_0/system.hdf'.
21:01:11 INFO  : 'configparams force-mem-access 1' command is executed.
21:01:11 INFO  : Context for 'APU' is selected.
21:01:12 INFO  : 'ps7_init' command is executed.
21:01:12 INFO  : 'ps7_post_config' command is executed.
21:01:12 INFO  : Context for processor 'ps7_cortexa9_0' is selected.
21:01:12 INFO  : The application 'C:/Temp/code_de_depart_partie2/projet_sol3_3/projet_sol3_3.sdk/test_core0/Debug/test_core0.elf' is downloaded to processor 'ps7_cortexa9_0'.
21:01:12 INFO  : 'configparams force-mem-access 0' command is executed.
21:01:12 INFO  : ----------------XSDB Script----------------
connect -url tcp:127.0.0.1:3121
source C:/Temp/code_de_depart_partie2/projet_sol3_3/projet_sol3_3.sdk/design_1_wrapper_hw_platform_0/ps7_init.tcl
targets -set -nocase -filter {name =~"APU*" && jtag_cable_name =~ "Xilinx HW-FTDI-TEST FT2232H 1234-tulA"} -index 0
rst -system
after 3000
targets -set -filter {jtag_cable_name =~ "Xilinx HW-FTDI-TEST FT2232H 1234-tulA" && level==0} -index 1
fpga -file C:/Temp/code_de_depart_partie2/projet_sol3_3/projet_sol3_3.sdk/design_1_wrapper_hw_platform_0/design_1_wrapper.bit
targets -set -nocase -filter {name =~"APU*" && jtag_cable_name =~ "Xilinx HW-FTDI-TEST FT2232H 1234-tulA"} -index 0
loadhw -hw C:/Temp/code_de_depart_partie2/projet_sol3_3/projet_sol3_3.sdk/design_1_wrapper_hw_platform_0/system.hdf -mem-ranges [list {0x40000000 0xbfffffff}]
configparams force-mem-access 1
targets -set -nocase -filter {name =~"APU*" && jtag_cable_name =~ "Xilinx HW-FTDI-TEST FT2232H 1234-tulA"} -index 0
ps7_init
ps7_post_config
targets -set -nocase -filter {name =~ "ARM*#0" && jtag_cable_name =~ "Xilinx HW-FTDI-TEST FT2232H 1234-tulA"} -index 0
dow C:/Temp/code_de_depart_partie2/projet_sol3_3/projet_sol3_3.sdk/test_core0/Debug/test_core0.elf
configparams force-mem-access 0
----------------End of Script----------------

21:01:12 INFO  : Memory regions updated for context APU
21:01:12 INFO  : Launch script is exported to file 'C:\Temp\code_de_depart_partie2\projet_sol3_3\projet_sol3_3.sdk\.sdk\launch_scripts\xilinx_c-c++_application_(system_debugger)\system_debugger_on_local.tcl'
21:38:46 INFO  : Disconnected from the channel tcfchan#12.
22:25:40 INFO  : Registering command handlers for SDK TCF services
22:25:41 INFO  : Launching XSCT server: xsct.bat -interactive C:\Temp\code_de_depart_partie2\projet_sol3_3\projet_sol3_3.sdk\temp_xsdb_launch_script.tcl
22:25:42 INFO  : XSCT server has started successfully.
22:25:42 INFO  : Successfully done setting XSCT server connection channel  
22:25:42 INFO  : Successfully done setting SDK workspace  
22:25:42 INFO  : Processing command line option -hwspec C:/Temp/code_de_depart_partie2/projet_sol3_3/projet_sol3_3.sdk/design_1_wrapper.hdf.
22:25:42 INFO  : Checking for hwspec changes in the project design_1_wrapper_hw_platform_0.
22:26:40 INFO  : Connected to target on host '127.0.0.1' and port '3121'.
22:26:40 INFO  : Jtag cable 'Xilinx HW-FTDI-TEST FT2232H 1234-tulA' is selected.
22:26:40 INFO  : 'jtag frequency' command is executed.
22:26:40 INFO  : Sourcing of 'C:/Temp/code_de_depart_partie2/projet_sol3_3/projet_sol3_3.sdk/design_1_wrapper_hw_platform_0/ps7_init.tcl' is done.
22:26:40 INFO  : 'targets -set -filter {jtag_cable_name =~ "Xilinx HW-FTDI-TEST FT2232H 1234-tulA" && level==0} -index 1' command is executed.
22:26:43 INFO  : FPGA configured successfully with bitstream "C:/Temp/code_de_depart_partie2/projet_sol3_3/projet_sol3_3.sdk/design_1_wrapper_hw_platform_0/design_1_wrapper.bit"
22:26:43 INFO  : Context for 'APU' is selected.
22:26:43 INFO  : Hardware design information is loaded from 'C:/Temp/code_de_depart_partie2/projet_sol3_3/projet_sol3_3.sdk/design_1_wrapper_hw_platform_0/system.hdf'.
22:26:43 INFO  : 'configparams force-mem-access 1' command is executed.
22:26:43 INFO  : Context for 'APU' is selected.
22:26:43 INFO  : 'stop' command is executed.
22:26:43 INFO  : 'ps7_init' command is executed.
22:26:43 INFO  : 'ps7_post_config' command is executed.
22:26:43 INFO  : Context for processor 'ps7_cortexa9_1' is selected.
22:26:43 INFO  : Processor reset is completed for 'ps7_cortexa9_1'.
22:26:44 INFO  : Context for processor 'ps7_cortexa9_0' is selected.
22:26:44 INFO  : The application 'C:/Temp/code_de_depart_partie2/projet_sol3_3/projet_sol3_3.sdk/test_core0/Debug/test_core0.elf' is downloaded to processor 'ps7_cortexa9_0'.
22:26:44 INFO  : Context for processor 'ps7_cortexa9_1' is selected.
22:26:44 INFO  : The application 'C:/Temp/code_de_depart_partie2/projet_sol3_3/projet_sol3_3.sdk/test_core1/Debug/test_core1.elf' is downloaded to processor 'ps7_cortexa9_1'.
22:26:44 INFO  : 'configparams force-mem-access 0' command is executed.
22:26:44 INFO  : ----------------XSDB Script----------------
connect -url tcp:127.0.0.1:3121
source C:/Temp/code_de_depart_partie2/projet_sol3_3/projet_sol3_3.sdk/design_1_wrapper_hw_platform_0/ps7_init.tcl
targets -set -filter {jtag_cable_name =~ "Xilinx HW-FTDI-TEST FT2232H 1234-tulA" && level==0} -index 1
fpga -file C:/Temp/code_de_depart_partie2/projet_sol3_3/projet_sol3_3.sdk/design_1_wrapper_hw_platform_0/design_1_wrapper.bit
targets -set -nocase -filter {name =~"APU*" && jtag_cable_name =~ "Xilinx HW-FTDI-TEST FT2232H 1234-tulA"} -index 0
loadhw -hw C:/Temp/code_de_depart_partie2/projet_sol3_3/projet_sol3_3.sdk/design_1_wrapper_hw_platform_0/system.hdf -mem-ranges [list {0x40000000 0xbfffffff}]
configparams force-mem-access 1
targets -set -nocase -filter {name =~"APU*" && jtag_cable_name =~ "Xilinx HW-FTDI-TEST FT2232H 1234-tulA"} -index 0
stop
ps7_init
ps7_post_config
targets -set -nocase -filter {name =~ "ARM*#1" && jtag_cable_name =~ "Xilinx HW-FTDI-TEST FT2232H 1234-tulA"} -index 0
rst -processor
targets -set -nocase -filter {name =~ "ARM*#0" && jtag_cable_name =~ "Xilinx HW-FTDI-TEST FT2232H 1234-tulA"} -index 0
dow C:/Temp/code_de_depart_partie2/projet_sol3_3/projet_sol3_3.sdk/test_core0/Debug/test_core0.elf
targets -set -nocase -filter {name =~ "ARM*#1" && jtag_cable_name =~ "Xilinx HW-FTDI-TEST FT2232H 1234-tulA"} -index 0
dow C:/Temp/code_de_depart_partie2/projet_sol3_3/projet_sol3_3.sdk/test_core1/Debug/test_core1.elf
configparams force-mem-access 0
----------------End of Script----------------

22:26:44 INFO  : Memory regions updated for context APU
22:26:44 INFO  : Context for processor 'ps7_cortexa9_0' is selected.
22:26:44 INFO  : 'con' command is executed.
22:26:44 INFO  : ----------------XSDB Script (After Launch)----------------
targets -set -nocase -filter {name =~ "ARM*#0" && jtag_cable_name =~ "Xilinx HW-FTDI-TEST FT2232H 1234-tulA"} -index 0
con
----------------End of Script----------------

22:26:44 INFO  : Launch script is exported to file 'C:\Temp\code_de_depart_partie2\projet_sol3_3\projet_sol3_3.sdk\.sdk\launch_scripts\xilinx_c-c++_application_(system_debugger)\system_debugger_on_local.tcl'
22:28:00 INFO  : Disconnected from the channel tcfchan#1.
22:28:01 INFO  : Connected to target on host '127.0.0.1' and port '3121'.
22:28:01 INFO  : Jtag cable 'Xilinx HW-FTDI-TEST FT2232H 1234-tulA' is selected.
22:28:01 INFO  : 'jtag frequency' command is executed.
22:28:01 INFO  : Sourcing of 'C:/Temp/code_de_depart_partie2/projet_sol3_3/projet_sol3_3.sdk/design_1_wrapper_hw_platform_0/ps7_init.tcl' is done.
22:28:01 INFO  : 'targets -set -filter {jtag_cable_name =~ "Xilinx HW-FTDI-TEST FT2232H 1234-tulA" && level==0} -index 1' command is executed.
22:28:03 INFO  : FPGA configured successfully with bitstream "C:/Temp/code_de_depart_partie2/projet_sol3_3/projet_sol3_3.sdk/design_1_wrapper_hw_platform_0/design_1_wrapper.bit"
22:28:03 INFO  : Context for 'APU' is selected.
22:28:05 INFO  : Hardware design information is loaded from 'C:/Temp/code_de_depart_partie2/projet_sol3_3/projet_sol3_3.sdk/design_1_wrapper_hw_platform_0/system.hdf'.
22:28:05 INFO  : 'configparams force-mem-access 1' command is executed.
22:28:05 INFO  : Context for 'APU' is selected.
22:28:05 INFO  : 'stop' command is executed.
22:28:05 INFO  : 'ps7_init' command is executed.
22:28:05 INFO  : 'ps7_post_config' command is executed.
22:28:05 INFO  : Context for processor 'ps7_cortexa9_1' is selected.
22:28:05 INFO  : Processor reset is completed for 'ps7_cortexa9_1'.
22:28:05 INFO  : Context for processor 'ps7_cortexa9_0' is selected.
22:28:05 INFO  : The application 'C:/Temp/code_de_depart_partie2/projet_sol3_3/projet_sol3_3.sdk/test_core0/Debug/test_core0.elf' is downloaded to processor 'ps7_cortexa9_0'.
22:28:05 INFO  : Context for processor 'ps7_cortexa9_1' is selected.
22:28:06 INFO  : The application 'C:/Temp/code_de_depart_partie2/projet_sol3_3/projet_sol3_3.sdk/test_core1/Debug/test_core1.elf' is downloaded to processor 'ps7_cortexa9_1'.
22:28:06 INFO  : 'configparams force-mem-access 0' command is executed.
22:28:06 INFO  : ----------------XSDB Script----------------
connect -url tcp:127.0.0.1:3121
source C:/Temp/code_de_depart_partie2/projet_sol3_3/projet_sol3_3.sdk/design_1_wrapper_hw_platform_0/ps7_init.tcl
targets -set -filter {jtag_cable_name =~ "Xilinx HW-FTDI-TEST FT2232H 1234-tulA" && level==0} -index 1
fpga -file C:/Temp/code_de_depart_partie2/projet_sol3_3/projet_sol3_3.sdk/design_1_wrapper_hw_platform_0/design_1_wrapper.bit
targets -set -nocase -filter {name =~"APU*" && jtag_cable_name =~ "Xilinx HW-FTDI-TEST FT2232H 1234-tulA"} -index 0
loadhw -hw C:/Temp/code_de_depart_partie2/projet_sol3_3/projet_sol3_3.sdk/design_1_wrapper_hw_platform_0/system.hdf -mem-ranges [list {0x40000000 0xbfffffff}]
configparams force-mem-access 1
targets -set -nocase -filter {name =~"APU*" && jtag_cable_name =~ "Xilinx HW-FTDI-TEST FT2232H 1234-tulA"} -index 0
stop
ps7_init
ps7_post_config
targets -set -nocase -filter {name =~ "ARM*#1" && jtag_cable_name =~ "Xilinx HW-FTDI-TEST FT2232H 1234-tulA"} -index 0
rst -processor
targets -set -nocase -filter {name =~ "ARM*#0" && jtag_cable_name =~ "Xilinx HW-FTDI-TEST FT2232H 1234-tulA"} -index 0
dow C:/Temp/code_de_depart_partie2/projet_sol3_3/projet_sol3_3.sdk/test_core0/Debug/test_core0.elf
targets -set -nocase -filter {name =~ "ARM*#1" && jtag_cable_name =~ "Xilinx HW-FTDI-TEST FT2232H 1234-tulA"} -index 0
dow C:/Temp/code_de_depart_partie2/projet_sol3_3/projet_sol3_3.sdk/test_core1/Debug/test_core1.elf
configparams force-mem-access 0
----------------End of Script----------------

22:28:06 INFO  : Memory regions updated for context APU
22:28:06 INFO  : Context for processor 'ps7_cortexa9_1' is selected.
22:28:06 INFO  : 'con' command is executed.
22:28:06 INFO  : ----------------XSDB Script (After Launch)----------------
targets -set -nocase -filter {name =~ "ARM*#1" && jtag_cable_name =~ "Xilinx HW-FTDI-TEST FT2232H 1234-tulA"} -index 0
con
----------------End of Script----------------

22:28:06 INFO  : Launch script is exported to file 'C:\Temp\code_de_depart_partie2\projet_sol3_3\projet_sol3_3.sdk\.sdk\launch_scripts\xilinx_c-c++_application_(system_debugger)\system_debugger_on_local.tcl'
22:28:40 INFO  : Disconnected from the channel tcfchan#2.
22:28:41 INFO  : Connected to target on host '127.0.0.1' and port '3121'.
22:28:42 INFO  : Jtag cable 'Xilinx HW-FTDI-TEST FT2232H 1234-tulA' is selected.
22:28:42 INFO  : 'jtag frequency' command is executed.
22:28:42 INFO  : Sourcing of 'C:/Temp/code_de_depart_partie2/projet_sol3_3/projet_sol3_3.sdk/design_1_wrapper_hw_platform_0/ps7_init.tcl' is done.
22:28:42 INFO  : 'targets -set -filter {jtag_cable_name =~ "Xilinx HW-FTDI-TEST FT2232H 1234-tulA" && level==0} -index 1' command is executed.
22:28:44 INFO  : FPGA configured successfully with bitstream "C:/Temp/code_de_depart_partie2/projet_sol3_3/projet_sol3_3.sdk/design_1_wrapper_hw_platform_0/design_1_wrapper.bit"
22:28:44 INFO  : Context for 'APU' is selected.
22:28:45 INFO  : Hardware design information is loaded from 'C:/Temp/code_de_depart_partie2/projet_sol3_3/projet_sol3_3.sdk/design_1_wrapper_hw_platform_0/system.hdf'.
22:28:45 INFO  : 'configparams force-mem-access 1' command is executed.
22:28:45 INFO  : Context for 'APU' is selected.
22:28:45 INFO  : 'stop' command is executed.
22:28:46 INFO  : 'ps7_init' command is executed.
22:28:46 INFO  : 'ps7_post_config' command is executed.
22:28:46 INFO  : Context for processor 'ps7_cortexa9_1' is selected.
22:28:46 INFO  : Processor reset is completed for 'ps7_cortexa9_1'.
22:28:46 INFO  : Context for processor 'ps7_cortexa9_0' is selected.
22:28:46 INFO  : The application 'C:/Temp/code_de_depart_partie2/projet_sol3_3/projet_sol3_3.sdk/test_core0/Debug/test_core0.elf' is downloaded to processor 'ps7_cortexa9_0'.
22:28:46 INFO  : Context for processor 'ps7_cortexa9_1' is selected.
22:28:47 INFO  : The application 'C:/Temp/code_de_depart_partie2/projet_sol3_3/projet_sol3_3.sdk/test_core1/Debug/test_core1.elf' is downloaded to processor 'ps7_cortexa9_1'.
22:28:47 INFO  : 'configparams force-mem-access 0' command is executed.
22:28:47 INFO  : ----------------XSDB Script----------------
connect -url tcp:127.0.0.1:3121
source C:/Temp/code_de_depart_partie2/projet_sol3_3/projet_sol3_3.sdk/design_1_wrapper_hw_platform_0/ps7_init.tcl
targets -set -filter {jtag_cable_name =~ "Xilinx HW-FTDI-TEST FT2232H 1234-tulA" && level==0} -index 1
fpga -file C:/Temp/code_de_depart_partie2/projet_sol3_3/projet_sol3_3.sdk/design_1_wrapper_hw_platform_0/design_1_wrapper.bit
targets -set -nocase -filter {name =~"APU*" && jtag_cable_name =~ "Xilinx HW-FTDI-TEST FT2232H 1234-tulA"} -index 0
loadhw -hw C:/Temp/code_de_depart_partie2/projet_sol3_3/projet_sol3_3.sdk/design_1_wrapper_hw_platform_0/system.hdf -mem-ranges [list {0x40000000 0xbfffffff}]
configparams force-mem-access 1
targets -set -nocase -filter {name =~"APU*" && jtag_cable_name =~ "Xilinx HW-FTDI-TEST FT2232H 1234-tulA"} -index 0
stop
ps7_init
ps7_post_config
targets -set -nocase -filter {name =~ "ARM*#1" && jtag_cable_name =~ "Xilinx HW-FTDI-TEST FT2232H 1234-tulA"} -index 0
rst -processor
targets -set -nocase -filter {name =~ "ARM*#0" && jtag_cable_name =~ "Xilinx HW-FTDI-TEST FT2232H 1234-tulA"} -index 0
dow C:/Temp/code_de_depart_partie2/projet_sol3_3/projet_sol3_3.sdk/test_core0/Debug/test_core0.elf
targets -set -nocase -filter {name =~ "ARM*#1" && jtag_cable_name =~ "Xilinx HW-FTDI-TEST FT2232H 1234-tulA"} -index 0
dow C:/Temp/code_de_depart_partie2/projet_sol3_3/projet_sol3_3.sdk/test_core1/Debug/test_core1.elf
configparams force-mem-access 0
----------------End of Script----------------

22:28:47 INFO  : Memory regions updated for context APU
22:28:47 INFO  : Context for processor 'ps7_cortexa9_1' is selected.
22:28:47 INFO  : 'con' command is executed.
22:28:47 INFO  : ----------------XSDB Script (After Launch)----------------
targets -set -nocase -filter {name =~ "ARM*#1" && jtag_cable_name =~ "Xilinx HW-FTDI-TEST FT2232H 1234-tulA"} -index 0
con
----------------End of Script----------------

22:28:47 INFO  : Launch script is exported to file 'C:\Temp\code_de_depart_partie2\projet_sol3_3\projet_sol3_3.sdk\.sdk\launch_scripts\xilinx_c-c++_application_(system_debugger)\system_debugger_on_local.tcl'
22:29:35 INFO  : Disconnected from the channel tcfchan#3.
22:29:36 INFO  : Connected to target on host '127.0.0.1' and port '3121'.
22:29:36 INFO  : Jtag cable 'Xilinx HW-FTDI-TEST FT2232H 1234-tulA' is selected.
22:29:36 INFO  : 'jtag frequency' command is executed.
22:29:36 INFO  : Sourcing of 'C:/Temp/code_de_depart_partie2/projet_sol3_3/projet_sol3_3.sdk/design_1_wrapper_hw_platform_0/ps7_init.tcl' is done.
22:29:36 INFO  : 'targets -set -filter {jtag_cable_name =~ "Xilinx HW-FTDI-TEST FT2232H 1234-tulA" && level==0} -index 1' command is executed.
22:29:39 INFO  : FPGA configured successfully with bitstream "C:/Temp/code_de_depart_partie2/projet_sol3_3/projet_sol3_3.sdk/design_1_wrapper_hw_platform_0/design_1_wrapper.bit"
22:29:39 INFO  : Context for 'APU' is selected.
22:29:40 INFO  : Hardware design information is loaded from 'C:/Temp/code_de_depart_partie2/projet_sol3_3/projet_sol3_3.sdk/design_1_wrapper_hw_platform_0/system.hdf'.
22:29:40 INFO  : 'configparams force-mem-access 1' command is executed.
22:29:40 INFO  : Context for 'APU' is selected.
22:29:40 INFO  : 'stop' command is executed.
22:29:41 INFO  : 'ps7_init' command is executed.
22:29:41 INFO  : 'ps7_post_config' command is executed.
22:29:41 INFO  : Context for processor 'ps7_cortexa9_1' is selected.
22:29:41 INFO  : Processor reset is completed for 'ps7_cortexa9_1'.
22:29:41 INFO  : Context for processor 'ps7_cortexa9_0' is selected.
22:29:41 INFO  : The application 'C:/Temp/code_de_depart_partie2/projet_sol3_3/projet_sol3_3.sdk/test_core0/Debug/test_core0.elf' is downloaded to processor 'ps7_cortexa9_0'.
22:29:41 INFO  : Context for processor 'ps7_cortexa9_1' is selected.
22:29:41 INFO  : The application 'C:/Temp/code_de_depart_partie2/projet_sol3_3/projet_sol3_3.sdk/test_core1/Debug/test_core1.elf' is downloaded to processor 'ps7_cortexa9_1'.
22:29:41 INFO  : 'configparams force-mem-access 0' command is executed.
22:29:41 INFO  : ----------------XSDB Script----------------
connect -url tcp:127.0.0.1:3121
source C:/Temp/code_de_depart_partie2/projet_sol3_3/projet_sol3_3.sdk/design_1_wrapper_hw_platform_0/ps7_init.tcl
targets -set -filter {jtag_cable_name =~ "Xilinx HW-FTDI-TEST FT2232H 1234-tulA" && level==0} -index 1
fpga -file C:/Temp/code_de_depart_partie2/projet_sol3_3/projet_sol3_3.sdk/design_1_wrapper_hw_platform_0/design_1_wrapper.bit
targets -set -nocase -filter {name =~"APU*" && jtag_cable_name =~ "Xilinx HW-FTDI-TEST FT2232H 1234-tulA"} -index 0
loadhw -hw C:/Temp/code_de_depart_partie2/projet_sol3_3/projet_sol3_3.sdk/design_1_wrapper_hw_platform_0/system.hdf -mem-ranges [list {0x40000000 0xbfffffff}]
configparams force-mem-access 1
targets -set -nocase -filter {name =~"APU*" && jtag_cable_name =~ "Xilinx HW-FTDI-TEST FT2232H 1234-tulA"} -index 0
stop
ps7_init
ps7_post_config
targets -set -nocase -filter {name =~ "ARM*#1" && jtag_cable_name =~ "Xilinx HW-FTDI-TEST FT2232H 1234-tulA"} -index 0
rst -processor
targets -set -nocase -filter {name =~ "ARM*#0" && jtag_cable_name =~ "Xilinx HW-FTDI-TEST FT2232H 1234-tulA"} -index 0
dow C:/Temp/code_de_depart_partie2/projet_sol3_3/projet_sol3_3.sdk/test_core0/Debug/test_core0.elf
targets -set -nocase -filter {name =~ "ARM*#1" && jtag_cable_name =~ "Xilinx HW-FTDI-TEST FT2232H 1234-tulA"} -index 0
dow C:/Temp/code_de_depart_partie2/projet_sol3_3/projet_sol3_3.sdk/test_core1/Debug/test_core1.elf
configparams force-mem-access 0
----------------End of Script----------------

22:29:41 INFO  : Memory regions updated for context APU
22:29:41 INFO  : Launch script is exported to file 'C:\Temp\code_de_depart_partie2\projet_sol3_3\projet_sol3_3.sdk\.sdk\launch_scripts\xilinx_c-c++_application_(system_debugger)\system_debugger_on_local.tcl'
22:30:15 INFO  : Disconnected from the channel tcfchan#4.
22:30:16 INFO  : Connected to target on host '127.0.0.1' and port '3121'.
22:30:16 INFO  : Jtag cable 'Xilinx HW-FTDI-TEST FT2232H 1234-tulA' is selected.
22:30:16 INFO  : 'jtag frequency' command is executed.
22:30:16 INFO  : Sourcing of 'C:/Temp/code_de_depart_partie2/projet_sol3_3/projet_sol3_3.sdk/design_1_wrapper_hw_platform_0/ps7_init.tcl' is done.
22:30:25 ERROR : Exception occured while running Program FPGA.
java.lang.RuntimeException: Could not find FPGA device on the board for connection 'Local'.


Troubleshooting hints:
1. Check whether board is connected to system properly.
1. In case of zynq board, check whether Digilent/Xilinx cable switch settings are correct.
1. If you are using Xilinx Platform Cable USB, ensure that status LED is green.
22:30:25 INFO  : ----------------XSDB Script----------------
connect -url tcp:127.0.0.1:3121
source C:/Temp/code_de_depart_partie2/projet_sol3_3/projet_sol3_3.sdk/design_1_wrapper_hw_platform_0/ps7_init.tcl
----------------End of Script----------------

22:31:08 INFO  : Connected to target on host '127.0.0.1' and port '3121'.
22:31:08 INFO  : Jtag cable 'Xilinx HW-FTDI-TEST FT2232H 1234-tulA' is selected.
22:31:08 INFO  : 'jtag frequency' command is executed.
22:31:08 INFO  : Sourcing of 'C:/Temp/code_de_depart_partie2/projet_sol3_3/projet_sol3_3.sdk/design_1_wrapper_hw_platform_0/ps7_init.tcl' is done.
22:31:08 INFO  : 'targets -set -filter {jtag_cable_name =~ "Xilinx HW-FTDI-TEST FT2232H 1234-tulA" && level==0} -index 1' command is executed.
22:31:11 INFO  : FPGA configured successfully with bitstream "C:/Temp/code_de_depart_partie2/projet_sol3_3/projet_sol3_3.sdk/design_1_wrapper_hw_platform_0/design_1_wrapper.bit"
22:31:11 INFO  : Context for 'APU' is selected.
22:31:12 INFO  : Hardware design information is loaded from 'C:/Temp/code_de_depart_partie2/projet_sol3_3/projet_sol3_3.sdk/design_1_wrapper_hw_platform_0/system.hdf'.
22:31:12 INFO  : 'configparams force-mem-access 1' command is executed.
22:31:12 INFO  : Context for 'APU' is selected.
22:31:12 INFO  : 'stop' command is executed.
22:31:13 INFO  : 'ps7_init' command is executed.
22:31:13 INFO  : 'ps7_post_config' command is executed.
22:31:13 INFO  : Context for processor 'ps7_cortexa9_1' is selected.
22:31:13 INFO  : Processor reset is completed for 'ps7_cortexa9_1'.
22:31:13 INFO  : Context for processor 'ps7_cortexa9_0' is selected.
22:31:13 INFO  : The application 'C:/Temp/code_de_depart_partie2/projet_sol3_3/projet_sol3_3.sdk/test_core0/Debug/test_core0.elf' is downloaded to processor 'ps7_cortexa9_0'.
22:31:13 INFO  : Context for processor 'ps7_cortexa9_1' is selected.
22:31:13 INFO  : The application 'C:/Temp/code_de_depart_partie2/projet_sol3_3/projet_sol3_3.sdk/test_core1/Debug/test_core1.elf' is downloaded to processor 'ps7_cortexa9_1'.
22:31:13 INFO  : 'configparams force-mem-access 0' command is executed.
22:31:13 INFO  : ----------------XSDB Script----------------
connect -url tcp:127.0.0.1:3121
source C:/Temp/code_de_depart_partie2/projet_sol3_3/projet_sol3_3.sdk/design_1_wrapper_hw_platform_0/ps7_init.tcl
targets -set -filter {jtag_cable_name =~ "Xilinx HW-FTDI-TEST FT2232H 1234-tulA" && level==0} -index 1
fpga -file C:/Temp/code_de_depart_partie2/projet_sol3_3/projet_sol3_3.sdk/design_1_wrapper_hw_platform_0/design_1_wrapper.bit
targets -set -nocase -filter {name =~"APU*" && jtag_cable_name =~ "Xilinx HW-FTDI-TEST FT2232H 1234-tulA"} -index 0
loadhw -hw C:/Temp/code_de_depart_partie2/projet_sol3_3/projet_sol3_3.sdk/design_1_wrapper_hw_platform_0/system.hdf -mem-ranges [list {0x40000000 0xbfffffff}]
configparams force-mem-access 1
targets -set -nocase -filter {name =~"APU*" && jtag_cable_name =~ "Xilinx HW-FTDI-TEST FT2232H 1234-tulA"} -index 0
stop
ps7_init
ps7_post_config
targets -set -nocase -filter {name =~ "ARM*#1" && jtag_cable_name =~ "Xilinx HW-FTDI-TEST FT2232H 1234-tulA"} -index 0
rst -processor
targets -set -nocase -filter {name =~ "ARM*#0" && jtag_cable_name =~ "Xilinx HW-FTDI-TEST FT2232H 1234-tulA"} -index 0
dow C:/Temp/code_de_depart_partie2/projet_sol3_3/projet_sol3_3.sdk/test_core0/Debug/test_core0.elf
targets -set -nocase -filter {name =~ "ARM*#1" && jtag_cable_name =~ "Xilinx HW-FTDI-TEST FT2232H 1234-tulA"} -index 0
dow C:/Temp/code_de_depart_partie2/projet_sol3_3/projet_sol3_3.sdk/test_core1/Debug/test_core1.elf
configparams force-mem-access 0
----------------End of Script----------------

22:31:13 INFO  : Memory regions updated for context APU
22:31:13 INFO  : Launch script is exported to file 'C:\Temp\code_de_depart_partie2\projet_sol3_3\projet_sol3_3.sdk\.sdk\launch_scripts\xilinx_c-c++_application_(system_debugger)\system_debugger_on_local.tcl'
22:32:37 INFO  : Disconnected from the channel tcfchan#5.
22:32:38 INFO  : Connected to target on host '127.0.0.1' and port '3121'.
22:32:38 INFO  : Jtag cable 'Xilinx HW-FTDI-TEST FT2232H 1234-tulA' is selected.
22:32:38 INFO  : 'jtag frequency' command is executed.
22:32:38 INFO  : Sourcing of 'C:/Temp/code_de_depart_partie2/projet_sol3_3/projet_sol3_3.sdk/design_1_wrapper_hw_platform_0/ps7_init.tcl' is done.
22:32:38 INFO  : 'targets -set -filter {jtag_cable_name =~ "Xilinx HW-FTDI-TEST FT2232H 1234-tulA" && level==0} -index 1' command is executed.
22:32:41 INFO  : FPGA configured successfully with bitstream "C:/Temp/code_de_depart_partie2/projet_sol3_3/projet_sol3_3.sdk/design_1_wrapper_hw_platform_0/design_1_wrapper.bit"
22:32:41 INFO  : Context for 'APU' is selected.
22:32:42 INFO  : Hardware design information is loaded from 'C:/Temp/code_de_depart_partie2/projet_sol3_3/projet_sol3_3.sdk/design_1_wrapper_hw_platform_0/system.hdf'.
22:32:42 INFO  : 'configparams force-mem-access 1' command is executed.
22:32:42 INFO  : Context for 'APU' is selected.
22:32:43 INFO  : 'stop' command is executed.
22:32:43 INFO  : 'ps7_init' command is executed.
22:32:43 INFO  : 'ps7_post_config' command is executed.
22:32:43 INFO  : Context for processor 'ps7_cortexa9_1' is selected.
22:32:43 INFO  : Processor reset is completed for 'ps7_cortexa9_1'.
22:32:43 INFO  : Context for processor 'ps7_cortexa9_0' is selected.
22:32:43 INFO  : The application 'C:/Temp/code_de_depart_partie2/projet_sol3_3/projet_sol3_3.sdk/test_core0/Debug/test_core0.elf' is downloaded to processor 'ps7_cortexa9_0'.
22:32:43 INFO  : Context for processor 'ps7_cortexa9_1' is selected.
22:32:43 INFO  : The application 'C:/Temp/code_de_depart_partie2/projet_sol3_3/projet_sol3_3.sdk/test_core1/Debug/test_core1.elf' is downloaded to processor 'ps7_cortexa9_1'.
22:32:43 INFO  : 'configparams force-mem-access 0' command is executed.
22:32:43 INFO  : ----------------XSDB Script----------------
connect -url tcp:127.0.0.1:3121
source C:/Temp/code_de_depart_partie2/projet_sol3_3/projet_sol3_3.sdk/design_1_wrapper_hw_platform_0/ps7_init.tcl
targets -set -filter {jtag_cable_name =~ "Xilinx HW-FTDI-TEST FT2232H 1234-tulA" && level==0} -index 1
fpga -file C:/Temp/code_de_depart_partie2/projet_sol3_3/projet_sol3_3.sdk/design_1_wrapper_hw_platform_0/design_1_wrapper.bit
targets -set -nocase -filter {name =~"APU*" && jtag_cable_name =~ "Xilinx HW-FTDI-TEST FT2232H 1234-tulA"} -index 0
loadhw -hw C:/Temp/code_de_depart_partie2/projet_sol3_3/projet_sol3_3.sdk/design_1_wrapper_hw_platform_0/system.hdf -mem-ranges [list {0x40000000 0xbfffffff}]
configparams force-mem-access 1
targets -set -nocase -filter {name =~"APU*" && jtag_cable_name =~ "Xilinx HW-FTDI-TEST FT2232H 1234-tulA"} -index 0
stop
ps7_init
ps7_post_config
targets -set -nocase -filter {name =~ "ARM*#1" && jtag_cable_name =~ "Xilinx HW-FTDI-TEST FT2232H 1234-tulA"} -index 0
rst -processor
targets -set -nocase -filter {name =~ "ARM*#0" && jtag_cable_name =~ "Xilinx HW-FTDI-TEST FT2232H 1234-tulA"} -index 0
dow C:/Temp/code_de_depart_partie2/projet_sol3_3/projet_sol3_3.sdk/test_core0/Debug/test_core0.elf
targets -set -nocase -filter {name =~ "ARM*#1" && jtag_cable_name =~ "Xilinx HW-FTDI-TEST FT2232H 1234-tulA"} -index 0
dow C:/Temp/code_de_depart_partie2/projet_sol3_3/projet_sol3_3.sdk/test_core1/Debug/test_core1.elf
configparams force-mem-access 0
----------------End of Script----------------

22:32:44 INFO  : Memory regions updated for context APU
22:32:44 INFO  : Launch script is exported to file 'C:\Temp\code_de_depart_partie2\projet_sol3_3\projet_sol3_3.sdk\.sdk\launch_scripts\xilinx_c-c++_application_(system_debugger)\system_debugger_on_local.tcl'
22:36:24 INFO  : Disconnected from the channel tcfchan#6.
