Copyright 1986-2018 Xilinx, Inc. All Rights Reserved.
-----------------------------------------------------------------------------------------------------------------------------------------------------------------------------------------------------------
| Tool Version : Vivado v.2018.3 (win64) Build 2405991 Thu Dec  6 23:38:27 MST 2018
| Date         : Tue Dec  3 19:08:09 2024
| Host         : LAPTOP-G11L2QA5 running 64-bit major release  (build 9200)
| Command      : report_timing_summary -max_paths 10 -file bd_0_wrapper_timing_summary_routed.rpt -pb bd_0_wrapper_timing_summary_routed.pb -rpx bd_0_wrapper_timing_summary_routed.rpx -warn_on_violation
| Design       : bd_0_wrapper
| Device       : 7z020-clg484
| Speed File   : -1  PRODUCTION 1.11 2014-09-11
-----------------------------------------------------------------------------------------------------------------------------------------------------------------------------------------------------------

Timing Summary Report

------------------------------------------------------------------------------------------------
| Timer Settings
| --------------
------------------------------------------------------------------------------------------------

  Enable Multi Corner Analysis               :  Yes
  Enable Pessimism Removal                   :  Yes
  Pessimism Removal Resolution               :  Nearest Common Node
  Enable Input Delay Default Clock           :  No
  Enable Preset / Clear Arcs                 :  No
  Disable Flight Delays                      :  No
  Ignore I/O Paths                           :  No
  Timing Early Launch at Borrowing Latches   :  false

  Corner  Analyze    Analyze    
  Name    Max Paths  Min Paths  
  ------  ---------  ---------  
  Slow    Yes        Yes        
  Fast    Yes        Yes        



check_timing report

Table of Contents
-----------------
1. checking no_clock
2. checking constant_clock
3. checking pulse_width_clock
4. checking unconstrained_internal_endpoints
5. checking no_input_delay
6. checking no_output_delay
7. checking multiple_clock
8. checking generated_clocks
9. checking loops
10. checking partial_input_delay
11. checking partial_output_delay
12. checking latch_loops

1. checking no_clock
--------------------
 There are 0 register/latch pins with no clock.


2. checking constant_clock
--------------------------
 There are 0 register/latch pins with constant_clock.


3. checking pulse_width_clock
-----------------------------
 There are 0 register/latch pins which need pulse_width check


4. checking unconstrained_internal_endpoints
--------------------------------------------
 There are 0 pins that are not constrained for maximum delay.

 There are 0 pins that are not constrained for maximum delay due to constant clock.


5. checking no_input_delay
--------------------------
 There are 36 input ports with no input delay specified. (HIGH)

 There are 0 input ports with no input delay but user has a false path constraint.


6. checking no_output_delay
---------------------------
 There are 30 ports with no output delay specified. (HIGH)

 There are 0 ports with no output delay but user has a false path constraint

 There are 0 ports with no output delay but with a timing clock defined on it or propagating through it


7. checking multiple_clock
--------------------------
 There are 0 register/latch pins with multiple clocks.


8. checking generated_clocks
----------------------------
 There are 0 generated clocks that are not connected to a clock source.


9. checking loops
-----------------
 There are 0 combinational loops in the design.


10. checking partial_input_delay
--------------------------------
 There are 0 input ports with partial input delay specified.


11. checking partial_output_delay
---------------------------------
 There are 0 ports with partial output delay specified.


12. checking latch_loops
------------------------
 There are 0 combinational latch loops in the design through latch input



------------------------------------------------------------------------------------------------
| Design Timing Summary
| ---------------------
------------------------------------------------------------------------------------------------

    WNS(ns)      TNS(ns)  TNS Failing Endpoints  TNS Total Endpoints      WHS(ns)      THS(ns)  THS Failing Endpoints  THS Total Endpoints     WPWS(ns)     TPWS(ns)  TPWS Failing Endpoints  TPWS Total Endpoints  
    -------      -------  ---------------------  -------------------      -------      -------  ---------------------  -------------------     --------     --------  ----------------------  --------------------  
      0.093        0.000                      0                21749        0.121        0.000                      0                21749        4.020        0.000                       0                  1381  


All user specified timing constraints are met.


------------------------------------------------------------------------------------------------
| Clock Summary
| -------------
------------------------------------------------------------------------------------------------

Clock   Waveform(ns)       Period(ns)      Frequency(MHz)
-----   ------------       ----------      --------------
ap_clk  {0.000 5.000}      10.000          100.000         


------------------------------------------------------------------------------------------------
| Intra Clock Table
| -----------------
------------------------------------------------------------------------------------------------

Clock             WNS(ns)      TNS(ns)  TNS Failing Endpoints  TNS Total Endpoints      WHS(ns)      THS(ns)  THS Failing Endpoints  THS Total Endpoints     WPWS(ns)     TPWS(ns)  TPWS Failing Endpoints  TPWS Total Endpoints  
-----             -------      -------  ---------------------  -------------------      -------      -------  ---------------------  -------------------     --------     --------  ----------------------  --------------------  
ap_clk              0.093        0.000                      0                21749        0.121        0.000                      0                21749        4.020        0.000                       0                  1381  


------------------------------------------------------------------------------------------------
| Inter Clock Table
| -----------------
------------------------------------------------------------------------------------------------

From Clock    To Clock          WNS(ns)      TNS(ns)  TNS Failing Endpoints  TNS Total Endpoints      WHS(ns)      THS(ns)  THS Failing Endpoints  THS Total Endpoints  
----------    --------          -------      -------  ---------------------  -------------------      -------      -------  ---------------------  -------------------  


------------------------------------------------------------------------------------------------
| Other Path Groups Table
| -----------------------
------------------------------------------------------------------------------------------------

Path Group    From Clock    To Clock          WNS(ns)      TNS(ns)  TNS Failing Endpoints  TNS Total Endpoints      WHS(ns)      THS(ns)  THS Failing Endpoints  THS Total Endpoints  
----------    ----------    --------          -------      -------  ---------------------  -------------------      -------      -------  ---------------------  -------------------  


------------------------------------------------------------------------------------------------
| Timing Details
| --------------
------------------------------------------------------------------------------------------------


---------------------------------------------------------------------------------------------------
From Clock:  ap_clk
  To Clock:  ap_clk

Setup :            0  Failing Endpoints,  Worst Slack        0.093ns,  Total Violation        0.000ns
Hold  :            0  Failing Endpoints,  Worst Slack        0.121ns,  Total Violation        0.000ns
PW    :            0  Failing Endpoints,  Worst Slack        4.020ns,  Total Violation        0.000ns
---------------------------------------------------------------------------------------------------


Max Delay Paths
--------------------------------------------------------------------------------------
Slack (MET) :             0.093ns  (required time - arrival time)
  Source:                 bd_0_i/hls_inst/inst/a_0_load_1_mid2_reg_9636_pp2_iter1_reg_reg[5]/C
                            (rising edge-triggered cell FDRE clocked by ap_clk  {rise@0.000ns fall@5.000ns period=10.000ns})
  Destination:            bd_0_i/hls_inst/inst/a_86_U/HLS_accel_a_0_ram_U/ram_reg/ADDRBWRADDR[9]
                            (rising edge-triggered cell RAMB18E1 clocked by ap_clk  {rise@0.000ns fall@5.000ns period=10.000ns})
  Path Group:             ap_clk
  Path Type:              Setup (Max at Slow Process Corner)
  Requirement:            10.000ns  (ap_clk rise@10.000ns - ap_clk rise@0.000ns)
  Data Path Delay:        9.257ns  (logic 0.518ns (5.596%)  route 8.739ns (94.404%))
  Logic Levels:           0  
  Clock Path Skew:        -0.049ns (DCD - SCD + CPR)
    Destination Clock Delay (DCD):    0.924ns = ( 10.924 - 10.000 ) 
    Source Clock Delay      (SCD):    0.973ns
    Clock Pessimism Removal (CPR):    0.000ns
  Clock Uncertainty:      0.035ns  ((TSJ^2 + TIJ^2)^1/2 + DJ) / 2 + PE
    Total System Jitter     (TSJ):    0.071ns
    Total Input Jitter      (TIJ):    0.000ns
    Discrete Jitter          (DJ):    0.000ns
    Phase Error              (PE):    0.000ns

    Location             Delay type                Incr(ns)  Path(ns)    Netlist Resource(s)
  -------------------------------------------------------------------    -------------------
                         (clock ap_clk rise edge)     0.000     0.000 r  
                                                      0.000     0.000 r  ap_clk (IN)
                         net (fo=1469, unset)         0.973     0.973    bd_0_i/hls_inst/inst/ap_clk
    SLICE_X54Y101        FDRE                                         r  bd_0_i/hls_inst/inst/a_0_load_1_mid2_reg_9636_pp2_iter1_reg_reg[5]/C
  -------------------------------------------------------------------    -------------------
    SLICE_X54Y101        FDRE (Prop_fdre_C_Q)         0.518     1.491 r  bd_0_i/hls_inst/inst/a_0_load_1_mid2_reg_9636_pp2_iter1_reg_reg[5]/Q
                         net (fo=45, routed)          8.739    10.230    bd_0_i/hls_inst/inst/a_86_U/HLS_accel_a_0_ram_U/a_0_load_1_mid2_reg_9636_pp2_iter1_reg[4]
    RAMB18_X4Y47         RAMB18E1                                     r  bd_0_i/hls_inst/inst/a_86_U/HLS_accel_a_0_ram_U/ram_reg/ADDRBWRADDR[9]
  -------------------------------------------------------------------    -------------------

                         (clock ap_clk rise edge)    10.000    10.000 r  
                                                      0.000    10.000 r  ap_clk (IN)
                         net (fo=1469, unset)         0.924    10.924    bd_0_i/hls_inst/inst/a_86_U/HLS_accel_a_0_ram_U/ap_clk
    RAMB18_X4Y47         RAMB18E1                                     r  bd_0_i/hls_inst/inst/a_86_U/HLS_accel_a_0_ram_U/ram_reg/CLKBWRCLK
                         clock pessimism              0.000    10.924    
                         clock uncertainty           -0.035    10.889    
    RAMB18_X4Y47         RAMB18E1 (Setup_ramb18e1_CLKBWRCLK_ADDRBWRADDR[9])
                                                     -0.566    10.323    bd_0_i/hls_inst/inst/a_86_U/HLS_accel_a_0_ram_U/ram_reg
  -------------------------------------------------------------------
                         required time                         10.323    
                         arrival time                         -10.230    
  -------------------------------------------------------------------
                         slack                                  0.093    

Slack (MET) :             0.093ns  (required time - arrival time)
  Source:                 bd_0_i/hls_inst/inst/a_0_load_1_mid2_reg_9636_pp2_iter1_reg_reg[5]/C
                            (rising edge-triggered cell FDRE clocked by ap_clk  {rise@0.000ns fall@5.000ns period=10.000ns})
  Destination:            bd_0_i/hls_inst/inst/a_96_U/HLS_accel_a_0_ram_U/ram_reg/ADDRBWRADDR[9]
                            (rising edge-triggered cell RAMB18E1 clocked by ap_clk  {rise@0.000ns fall@5.000ns period=10.000ns})
  Path Group:             ap_clk
  Path Type:              Setup (Max at Slow Process Corner)
  Requirement:            10.000ns  (ap_clk rise@10.000ns - ap_clk rise@0.000ns)
  Data Path Delay:        9.257ns  (logic 0.518ns (5.596%)  route 8.739ns (94.404%))
  Logic Levels:           0  
  Clock Path Skew:        -0.049ns (DCD - SCD + CPR)
    Destination Clock Delay (DCD):    0.924ns = ( 10.924 - 10.000 ) 
    Source Clock Delay      (SCD):    0.973ns
    Clock Pessimism Removal (CPR):    0.000ns
  Clock Uncertainty:      0.035ns  ((TSJ^2 + TIJ^2)^1/2 + DJ) / 2 + PE
    Total System Jitter     (TSJ):    0.071ns
    Total Input Jitter      (TIJ):    0.000ns
    Discrete Jitter          (DJ):    0.000ns
    Phase Error              (PE):    0.000ns

    Location             Delay type                Incr(ns)  Path(ns)    Netlist Resource(s)
  -------------------------------------------------------------------    -------------------
                         (clock ap_clk rise edge)     0.000     0.000 r  
                                                      0.000     0.000 r  ap_clk (IN)
                         net (fo=1469, unset)         0.973     0.973    bd_0_i/hls_inst/inst/ap_clk
    SLICE_X54Y101        FDRE                                         r  bd_0_i/hls_inst/inst/a_0_load_1_mid2_reg_9636_pp2_iter1_reg_reg[5]/C
  -------------------------------------------------------------------    -------------------
    SLICE_X54Y101        FDRE (Prop_fdre_C_Q)         0.518     1.491 r  bd_0_i/hls_inst/inst/a_0_load_1_mid2_reg_9636_pp2_iter1_reg_reg[5]/Q
                         net (fo=45, routed)          8.739    10.230    bd_0_i/hls_inst/inst/a_96_U/HLS_accel_a_0_ram_U/a_0_load_1_mid2_reg_9636_pp2_iter1_reg[4]
    RAMB18_X4Y46         RAMB18E1                                     r  bd_0_i/hls_inst/inst/a_96_U/HLS_accel_a_0_ram_U/ram_reg/ADDRBWRADDR[9]
  -------------------------------------------------------------------    -------------------

                         (clock ap_clk rise edge)    10.000    10.000 r  
                                                      0.000    10.000 r  ap_clk (IN)
                         net (fo=1469, unset)         0.924    10.924    bd_0_i/hls_inst/inst/a_96_U/HLS_accel_a_0_ram_U/ap_clk
    RAMB18_X4Y46         RAMB18E1                                     r  bd_0_i/hls_inst/inst/a_96_U/HLS_accel_a_0_ram_U/ram_reg/CLKBWRCLK
                         clock pessimism              0.000    10.924    
                         clock uncertainty           -0.035    10.889    
    RAMB18_X4Y46         RAMB18E1 (Setup_ramb18e1_CLKBWRCLK_ADDRBWRADDR[9])
                                                     -0.566    10.323    bd_0_i/hls_inst/inst/a_96_U/HLS_accel_a_0_ram_U/ram_reg
  -------------------------------------------------------------------
                         required time                         10.323    
                         arrival time                         -10.230    
  -------------------------------------------------------------------
                         slack                                  0.093    

Slack (MET) :             0.140ns  (required time - arrival time)
  Source:                 bd_0_i/hls_inst/inst/a_0_load_1_mid2_reg_9636_pp2_iter1_reg_reg[5]/C
                            (rising edge-triggered cell FDRE clocked by ap_clk  {rise@0.000ns fall@5.000ns period=10.000ns})
  Destination:            bd_0_i/hls_inst/inst/a_74_U/HLS_accel_a_0_ram_U/ram_reg/ADDRBWRADDR[9]
                            (rising edge-triggered cell RAMB18E1 clocked by ap_clk  {rise@0.000ns fall@5.000ns period=10.000ns})
  Path Group:             ap_clk
  Path Type:              Setup (Max at Slow Process Corner)
  Requirement:            10.000ns  (ap_clk rise@10.000ns - ap_clk rise@0.000ns)
  Data Path Delay:        9.210ns  (logic 0.518ns (5.624%)  route 8.692ns (94.376%))
  Logic Levels:           0  
  Clock Path Skew:        -0.049ns (DCD - SCD + CPR)
    Destination Clock Delay (DCD):    0.924ns = ( 10.924 - 10.000 ) 
    Source Clock Delay      (SCD):    0.973ns
    Clock Pessimism Removal (CPR):    0.000ns
  Clock Uncertainty:      0.035ns  ((TSJ^2 + TIJ^2)^1/2 + DJ) / 2 + PE
    Total System Jitter     (TSJ):    0.071ns
    Total Input Jitter      (TIJ):    0.000ns
    Discrete Jitter          (DJ):    0.000ns
    Phase Error              (PE):    0.000ns

    Location             Delay type                Incr(ns)  Path(ns)    Netlist Resource(s)
  -------------------------------------------------------------------    -------------------
                         (clock ap_clk rise edge)     0.000     0.000 r  
                                                      0.000     0.000 r  ap_clk (IN)
                         net (fo=1469, unset)         0.973     0.973    bd_0_i/hls_inst/inst/ap_clk
    SLICE_X54Y101        FDRE                                         r  bd_0_i/hls_inst/inst/a_0_load_1_mid2_reg_9636_pp2_iter1_reg_reg[5]/C
  -------------------------------------------------------------------    -------------------
    SLICE_X54Y101        FDRE (Prop_fdre_C_Q)         0.518     1.491 r  bd_0_i/hls_inst/inst/a_0_load_1_mid2_reg_9636_pp2_iter1_reg_reg[5]/Q
                         net (fo=45, routed)          8.692    10.183    bd_0_i/hls_inst/inst/a_74_U/HLS_accel_a_0_ram_U/a_0_load_1_mid2_reg_9636_pp2_iter1_reg[4]
    RAMB18_X4Y55         RAMB18E1                                     r  bd_0_i/hls_inst/inst/a_74_U/HLS_accel_a_0_ram_U/ram_reg/ADDRBWRADDR[9]
  -------------------------------------------------------------------    -------------------

                         (clock ap_clk rise edge)    10.000    10.000 r  
                                                      0.000    10.000 r  ap_clk (IN)
                         net (fo=1469, unset)         0.924    10.924    bd_0_i/hls_inst/inst/a_74_U/HLS_accel_a_0_ram_U/ap_clk
    RAMB18_X4Y55         RAMB18E1                                     r  bd_0_i/hls_inst/inst/a_74_U/HLS_accel_a_0_ram_U/ram_reg/CLKBWRCLK
                         clock pessimism              0.000    10.924    
                         clock uncertainty           -0.035    10.889    
    RAMB18_X4Y55         RAMB18E1 (Setup_ramb18e1_CLKBWRCLK_ADDRBWRADDR[9])
                                                     -0.566    10.323    bd_0_i/hls_inst/inst/a_74_U/HLS_accel_a_0_ram_U/ram_reg
  -------------------------------------------------------------------
                         required time                         10.323    
                         arrival time                         -10.183    
  -------------------------------------------------------------------
                         slack                                  0.140    

Slack (MET) :             0.156ns  (required time - arrival time)
  Source:                 bd_0_i/hls_inst/inst/a_0_load_1_mid2_reg_9636_pp2_iter1_reg_reg[6]/C
                            (rising edge-triggered cell FDRE clocked by ap_clk  {rise@0.000ns fall@5.000ns period=10.000ns})
  Destination:            bd_0_i/hls_inst/inst/a_92_U/HLS_accel_a_0_ram_U/ram_reg/ADDRBWRADDR[10]
                            (rising edge-triggered cell RAMB18E1 clocked by ap_clk  {rise@0.000ns fall@5.000ns period=10.000ns})
  Path Group:             ap_clk
  Path Type:              Setup (Max at Slow Process Corner)
  Requirement:            10.000ns  (ap_clk rise@10.000ns - ap_clk rise@0.000ns)
  Data Path Delay:        9.194ns  (logic 0.456ns (4.960%)  route 8.738ns (95.040%))
  Logic Levels:           0  
  Clock Path Skew:        -0.049ns (DCD - SCD + CPR)
    Destination Clock Delay (DCD):    0.924ns = ( 10.924 - 10.000 ) 
    Source Clock Delay      (SCD):    0.973ns
    Clock Pessimism Removal (CPR):    0.000ns
  Clock Uncertainty:      0.035ns  ((TSJ^2 + TIJ^2)^1/2 + DJ) / 2 + PE
    Total System Jitter     (TSJ):    0.071ns
    Total Input Jitter      (TIJ):    0.000ns
    Discrete Jitter          (DJ):    0.000ns
    Phase Error              (PE):    0.000ns

    Location             Delay type                Incr(ns)  Path(ns)    Netlist Resource(s)
  -------------------------------------------------------------------    -------------------
                         (clock ap_clk rise edge)     0.000     0.000 r  
                                                      0.000     0.000 r  ap_clk (IN)
                         net (fo=1469, unset)         0.973     0.973    bd_0_i/hls_inst/inst/ap_clk
    SLICE_X52Y94         FDRE                                         r  bd_0_i/hls_inst/inst/a_0_load_1_mid2_reg_9636_pp2_iter1_reg_reg[6]/C
  -------------------------------------------------------------------    -------------------
    SLICE_X52Y94         FDRE (Prop_fdre_C_Q)         0.456     1.429 r  bd_0_i/hls_inst/inst/a_0_load_1_mid2_reg_9636_pp2_iter1_reg_reg[6]/Q
                         net (fo=45, routed)          8.738    10.167    bd_0_i/hls_inst/inst/a_92_U/HLS_accel_a_0_ram_U/a_0_load_1_mid2_reg_9636_pp2_iter1_reg[5]
    RAMB18_X4Y57         RAMB18E1                                     r  bd_0_i/hls_inst/inst/a_92_U/HLS_accel_a_0_ram_U/ram_reg/ADDRBWRADDR[10]
  -------------------------------------------------------------------    -------------------

                         (clock ap_clk rise edge)    10.000    10.000 r  
                                                      0.000    10.000 r  ap_clk (IN)
                         net (fo=1469, unset)         0.924    10.924    bd_0_i/hls_inst/inst/a_92_U/HLS_accel_a_0_ram_U/ap_clk
    RAMB18_X4Y57         RAMB18E1                                     r  bd_0_i/hls_inst/inst/a_92_U/HLS_accel_a_0_ram_U/ram_reg/CLKBWRCLK
                         clock pessimism              0.000    10.924    
                         clock uncertainty           -0.035    10.889    
    RAMB18_X4Y57         RAMB18E1 (Setup_ramb18e1_CLKBWRCLK_ADDRBWRADDR[10])
                                                     -0.566    10.323    bd_0_i/hls_inst/inst/a_92_U/HLS_accel_a_0_ram_U/ram_reg
  -------------------------------------------------------------------
                         required time                         10.323    
                         arrival time                         -10.167    
  -------------------------------------------------------------------
                         slack                                  0.156    

Slack (MET) :             0.163ns  (required time - arrival time)
  Source:                 bd_0_i/hls_inst/inst/a_0_load_1_mid2_reg_9636_pp2_iter1_reg_reg[5]/C
                            (rising edge-triggered cell FDRE clocked by ap_clk  {rise@0.000ns fall@5.000ns period=10.000ns})
  Destination:            bd_0_i/hls_inst/inst/a_95_U/HLS_accel_a_0_ram_U/ram_reg/ADDRBWRADDR[9]
                            (rising edge-triggered cell RAMB18E1 clocked by ap_clk  {rise@0.000ns fall@5.000ns period=10.000ns})
  Path Group:             ap_clk
  Path Type:              Setup (Max at Slow Process Corner)
  Requirement:            10.000ns  (ap_clk rise@10.000ns - ap_clk rise@0.000ns)
  Data Path Delay:        9.187ns  (logic 0.518ns (5.638%)  route 8.669ns (94.362%))
  Logic Levels:           0  
  Clock Path Skew:        -0.049ns (DCD - SCD + CPR)
    Destination Clock Delay (DCD):    0.924ns = ( 10.924 - 10.000 ) 
    Source Clock Delay      (SCD):    0.973ns
    Clock Pessimism Removal (CPR):    0.000ns
  Clock Uncertainty:      0.035ns  ((TSJ^2 + TIJ^2)^1/2 + DJ) / 2 + PE
    Total System Jitter     (TSJ):    0.071ns
    Total Input Jitter      (TIJ):    0.000ns
    Discrete Jitter          (DJ):    0.000ns
    Phase Error              (PE):    0.000ns

    Location             Delay type                Incr(ns)  Path(ns)    Netlist Resource(s)
  -------------------------------------------------------------------    -------------------
                         (clock ap_clk rise edge)     0.000     0.000 r  
                                                      0.000     0.000 r  ap_clk (IN)
                         net (fo=1469, unset)         0.973     0.973    bd_0_i/hls_inst/inst/ap_clk
    SLICE_X54Y101        FDRE                                         r  bd_0_i/hls_inst/inst/a_0_load_1_mid2_reg_9636_pp2_iter1_reg_reg[5]/C
  -------------------------------------------------------------------    -------------------
    SLICE_X54Y101        FDRE (Prop_fdre_C_Q)         0.518     1.491 r  bd_0_i/hls_inst/inst/a_0_load_1_mid2_reg_9636_pp2_iter1_reg_reg[5]/Q
                         net (fo=45, routed)          8.669    10.160    bd_0_i/hls_inst/inst/a_95_U/HLS_accel_a_0_ram_U/a_0_load_1_mid2_reg_9636_pp2_iter1_reg[4]
    RAMB18_X4Y48         RAMB18E1                                     r  bd_0_i/hls_inst/inst/a_95_U/HLS_accel_a_0_ram_U/ram_reg/ADDRBWRADDR[9]
  -------------------------------------------------------------------    -------------------

                         (clock ap_clk rise edge)    10.000    10.000 r  
                                                      0.000    10.000 r  ap_clk (IN)
                         net (fo=1469, unset)         0.924    10.924    bd_0_i/hls_inst/inst/a_95_U/HLS_accel_a_0_ram_U/ap_clk
    RAMB18_X4Y48         RAMB18E1                                     r  bd_0_i/hls_inst/inst/a_95_U/HLS_accel_a_0_ram_U/ram_reg/CLKBWRCLK
                         clock pessimism              0.000    10.924    
                         clock uncertainty           -0.035    10.889    
    RAMB18_X4Y48         RAMB18E1 (Setup_ramb18e1_CLKBWRCLK_ADDRBWRADDR[9])
                                                     -0.566    10.323    bd_0_i/hls_inst/inst/a_95_U/HLS_accel_a_0_ram_U/ram_reg
  -------------------------------------------------------------------
                         required time                         10.323    
                         arrival time                         -10.160    
  -------------------------------------------------------------------
                         slack                                  0.163    

Slack (MET) :             0.163ns  (required time - arrival time)
  Source:                 bd_0_i/hls_inst/inst/a_0_load_1_mid2_reg_9636_pp2_iter1_reg_reg[6]/C
                            (rising edge-triggered cell FDRE clocked by ap_clk  {rise@0.000ns fall@5.000ns period=10.000ns})
  Destination:            bd_0_i/hls_inst/inst/a_23_U/HLS_accel_a_0_ram_U/ram_reg/ADDRBWRADDR[10]
                            (rising edge-triggered cell RAMB18E1 clocked by ap_clk  {rise@0.000ns fall@5.000ns period=10.000ns})
  Path Group:             ap_clk
  Path Type:              Setup (Max at Slow Process Corner)
  Requirement:            10.000ns  (ap_clk rise@10.000ns - ap_clk rise@0.000ns)
  Data Path Delay:        9.187ns  (logic 0.456ns (4.964%)  route 8.731ns (95.036%))
  Logic Levels:           0  
  Clock Path Skew:        -0.049ns (DCD - SCD + CPR)
    Destination Clock Delay (DCD):    0.924ns = ( 10.924 - 10.000 ) 
    Source Clock Delay      (SCD):    0.973ns
    Clock Pessimism Removal (CPR):    0.000ns
  Clock Uncertainty:      0.035ns  ((TSJ^2 + TIJ^2)^1/2 + DJ) / 2 + PE
    Total System Jitter     (TSJ):    0.071ns
    Total Input Jitter      (TIJ):    0.000ns
    Discrete Jitter          (DJ):    0.000ns
    Phase Error              (PE):    0.000ns

    Location             Delay type                Incr(ns)  Path(ns)    Netlist Resource(s)
  -------------------------------------------------------------------    -------------------
                         (clock ap_clk rise edge)     0.000     0.000 r  
                                                      0.000     0.000 r  ap_clk (IN)
                         net (fo=1469, unset)         0.973     0.973    bd_0_i/hls_inst/inst/ap_clk
    SLICE_X52Y94         FDRE                                         r  bd_0_i/hls_inst/inst/a_0_load_1_mid2_reg_9636_pp2_iter1_reg_reg[6]/C
  -------------------------------------------------------------------    -------------------
    SLICE_X52Y94         FDRE (Prop_fdre_C_Q)         0.456     1.429 r  bd_0_i/hls_inst/inst/a_0_load_1_mid2_reg_9636_pp2_iter1_reg_reg[6]/Q
                         net (fo=45, routed)          8.731    10.160    bd_0_i/hls_inst/inst/a_23_U/HLS_accel_a_0_ram_U/a_0_load_1_mid2_reg_9636_pp2_iter1_reg[5]
    RAMB18_X4Y53         RAMB18E1                                     r  bd_0_i/hls_inst/inst/a_23_U/HLS_accel_a_0_ram_U/ram_reg/ADDRBWRADDR[10]
  -------------------------------------------------------------------    -------------------

                         (clock ap_clk rise edge)    10.000    10.000 r  
                                                      0.000    10.000 r  ap_clk (IN)
                         net (fo=1469, unset)         0.924    10.924    bd_0_i/hls_inst/inst/a_23_U/HLS_accel_a_0_ram_U/ap_clk
    RAMB18_X4Y53         RAMB18E1                                     r  bd_0_i/hls_inst/inst/a_23_U/HLS_accel_a_0_ram_U/ram_reg/CLKBWRCLK
                         clock pessimism              0.000    10.924    
                         clock uncertainty           -0.035    10.889    
    RAMB18_X4Y53         RAMB18E1 (Setup_ramb18e1_CLKBWRCLK_ADDRBWRADDR[10])
                                                     -0.566    10.323    bd_0_i/hls_inst/inst/a_23_U/HLS_accel_a_0_ram_U/ram_reg
  -------------------------------------------------------------------
                         required time                         10.323    
                         arrival time                         -10.160    
  -------------------------------------------------------------------
                         slack                                  0.163    

Slack (MET) :             0.207ns  (required time - arrival time)
  Source:                 bd_0_i/hls_inst/inst/INPUT_STREAM_data_V_0_sel_rd_reg/C
                            (rising edge-triggered cell FDRE clocked by ap_clk  {rise@0.000ns fall@5.000ns period=10.000ns})
  Destination:            bd_0_i/hls_inst/inst/b_26_U/HLS_accel_a_0_ram_U/ram_reg/DIADI[14]
                            (rising edge-triggered cell RAMB18E1 clocked by ap_clk  {rise@0.000ns fall@5.000ns period=10.000ns})
  Path Group:             ap_clk
  Path Type:              Setup (Max at Slow Process Corner)
  Requirement:            10.000ns  (ap_clk rise@10.000ns - ap_clk rise@0.000ns)
  Data Path Delay:        9.468ns  (logic 0.642ns (6.781%)  route 8.826ns (93.219%))
  Logic Levels:           1  (LUT3=1)
  Clock Path Skew:        -0.049ns (DCD - SCD + CPR)
    Destination Clock Delay (DCD):    0.924ns = ( 10.924 - 10.000 ) 
    Source Clock Delay      (SCD):    0.973ns
    Clock Pessimism Removal (CPR):    0.000ns
  Clock Uncertainty:      0.035ns  ((TSJ^2 + TIJ^2)^1/2 + DJ) / 2 + PE
    Total System Jitter     (TSJ):    0.071ns
    Total Input Jitter      (TIJ):    0.000ns
    Discrete Jitter          (DJ):    0.000ns
    Phase Error              (PE):    0.000ns

    Location             Delay type                Incr(ns)  Path(ns)    Netlist Resource(s)
  -------------------------------------------------------------------    -------------------
                         (clock ap_clk rise edge)     0.000     0.000 r  
                                                      0.000     0.000 r  ap_clk (IN)
                         net (fo=1469, unset)         0.973     0.973    bd_0_i/hls_inst/inst/ap_clk
    SLICE_X54Y73         FDRE                                         r  bd_0_i/hls_inst/inst/INPUT_STREAM_data_V_0_sel_rd_reg/C
  -------------------------------------------------------------------    -------------------
    SLICE_X54Y73         FDRE (Prop_fdre_C_Q)         0.518     1.491 r  bd_0_i/hls_inst/inst/INPUT_STREAM_data_V_0_sel_rd_reg/Q
                         net (fo=97, routed)          1.562     3.053    bd_0_i/hls_inst/inst/b_1_U/HLS_accel_a_0_ram_U/INPUT_STREAM_data_V_0_sel
    SLICE_X55Y78         LUT3 (Prop_lut3_I2_O)        0.124     3.177 r  bd_0_i/hls_inst/inst/b_1_U/HLS_accel_a_0_ram_U/ram_reg_i_12__6/O
                         net (fo=36, routed)          7.264    10.441    bd_0_i/hls_inst/inst/b_26_U/HLS_accel_a_0_ram_U/DIADI[14]
    RAMB18_X5Y6          RAMB18E1                                     r  bd_0_i/hls_inst/inst/b_26_U/HLS_accel_a_0_ram_U/ram_reg/DIADI[14]
  -------------------------------------------------------------------    -------------------

                         (clock ap_clk rise edge)    10.000    10.000 r  
                                                      0.000    10.000 r  ap_clk (IN)
                         net (fo=1469, unset)         0.924    10.924    bd_0_i/hls_inst/inst/b_26_U/HLS_accel_a_0_ram_U/ap_clk
    RAMB18_X5Y6          RAMB18E1                                     r  bd_0_i/hls_inst/inst/b_26_U/HLS_accel_a_0_ram_U/ram_reg/CLKARDCLK
                         clock pessimism              0.000    10.924    
                         clock uncertainty           -0.035    10.889    
    RAMB18_X5Y6          RAMB18E1 (Setup_ramb18e1_CLKARDCLK_DIADI[14])
                                                     -0.241    10.648    bd_0_i/hls_inst/inst/b_26_U/HLS_accel_a_0_ram_U/ram_reg
  -------------------------------------------------------------------
                         required time                         10.648    
                         arrival time                         -10.441    
  -------------------------------------------------------------------
                         slack                                  0.207    

Slack (MET) :             0.286ns  (required time - arrival time)
  Source:                 bd_0_i/hls_inst/inst/a_0_load_1_mid2_reg_9636_pp2_iter1_reg_reg[5]/C
                            (rising edge-triggered cell FDRE clocked by ap_clk  {rise@0.000ns fall@5.000ns period=10.000ns})
  Destination:            bd_0_i/hls_inst/inst/a_92_U/HLS_accel_a_0_ram_U/ram_reg/ADDRBWRADDR[9]
                            (rising edge-triggered cell RAMB18E1 clocked by ap_clk  {rise@0.000ns fall@5.000ns period=10.000ns})
  Path Group:             ap_clk
  Path Type:              Setup (Max at Slow Process Corner)
  Requirement:            10.000ns  (ap_clk rise@10.000ns - ap_clk rise@0.000ns)
  Data Path Delay:        9.064ns  (logic 0.518ns (5.715%)  route 8.546ns (94.285%))
  Logic Levels:           0  
  Clock Path Skew:        -0.049ns (DCD - SCD + CPR)
    Destination Clock Delay (DCD):    0.924ns = ( 10.924 - 10.000 ) 
    Source Clock Delay      (SCD):    0.973ns
    Clock Pessimism Removal (CPR):    0.000ns
  Clock Uncertainty:      0.035ns  ((TSJ^2 + TIJ^2)^1/2 + DJ) / 2 + PE
    Total System Jitter     (TSJ):    0.071ns
    Total Input Jitter      (TIJ):    0.000ns
    Discrete Jitter          (DJ):    0.000ns
    Phase Error              (PE):    0.000ns

    Location             Delay type                Incr(ns)  Path(ns)    Netlist Resource(s)
  -------------------------------------------------------------------    -------------------
                         (clock ap_clk rise edge)     0.000     0.000 r  
                                                      0.000     0.000 r  ap_clk (IN)
                         net (fo=1469, unset)         0.973     0.973    bd_0_i/hls_inst/inst/ap_clk
    SLICE_X54Y101        FDRE                                         r  bd_0_i/hls_inst/inst/a_0_load_1_mid2_reg_9636_pp2_iter1_reg_reg[5]/C
  -------------------------------------------------------------------    -------------------
    SLICE_X54Y101        FDRE (Prop_fdre_C_Q)         0.518     1.491 r  bd_0_i/hls_inst/inst/a_0_load_1_mid2_reg_9636_pp2_iter1_reg_reg[5]/Q
                         net (fo=45, routed)          8.546    10.037    bd_0_i/hls_inst/inst/a_92_U/HLS_accel_a_0_ram_U/a_0_load_1_mid2_reg_9636_pp2_iter1_reg[4]
    RAMB18_X4Y57         RAMB18E1                                     r  bd_0_i/hls_inst/inst/a_92_U/HLS_accel_a_0_ram_U/ram_reg/ADDRBWRADDR[9]
  -------------------------------------------------------------------    -------------------

                         (clock ap_clk rise edge)    10.000    10.000 r  
                                                      0.000    10.000 r  ap_clk (IN)
                         net (fo=1469, unset)         0.924    10.924    bd_0_i/hls_inst/inst/a_92_U/HLS_accel_a_0_ram_U/ap_clk
    RAMB18_X4Y57         RAMB18E1                                     r  bd_0_i/hls_inst/inst/a_92_U/HLS_accel_a_0_ram_U/ram_reg/CLKBWRCLK
                         clock pessimism              0.000    10.924    
                         clock uncertainty           -0.035    10.889    
    RAMB18_X4Y57         RAMB18E1 (Setup_ramb18e1_CLKBWRCLK_ADDRBWRADDR[9])
                                                     -0.566    10.323    bd_0_i/hls_inst/inst/a_92_U/HLS_accel_a_0_ram_U/ram_reg
  -------------------------------------------------------------------
                         required time                         10.323    
                         arrival time                         -10.037    
  -------------------------------------------------------------------
                         slack                                  0.286    

Slack (MET) :             0.295ns  (required time - arrival time)
  Source:                 bd_0_i/hls_inst/inst/HLS_accel_mac_mulcud_U188/HLS_accel_mac_mulcud_DSP48_1_U/p/CLK
                            (rising edge-triggered cell DSP48E1 clocked by ap_clk  {rise@0.000ns fall@5.000ns period=10.000ns})
  Destination:            bd_0_i/hls_inst/inst/tmp127_reg_14578_reg[13]/D
                            (rising edge-triggered cell FDRE clocked by ap_clk  {rise@0.000ns fall@5.000ns period=10.000ns})
  Path Group:             ap_clk
  Path Type:              Setup (Max at Slow Process Corner)
  Requirement:            10.000ns  (ap_clk rise@10.000ns - ap_clk rise@0.000ns)
  Data Path Delay:        9.683ns  (logic 6.811ns (70.340%)  route 2.872ns (29.660%))
  Logic Levels:           6  (CARRY4=4 DSP48E1=1 LUT2=1)
  Clock Path Skew:        -0.049ns (DCD - SCD + CPR)
    Destination Clock Delay (DCD):    0.924ns = ( 10.924 - 10.000 ) 
    Source Clock Delay      (SCD):    0.973ns
    Clock Pessimism Removal (CPR):    0.000ns
  Clock Uncertainty:      0.035ns  ((TSJ^2 + TIJ^2)^1/2 + DJ) / 2 + PE
    Total System Jitter     (TSJ):    0.071ns
    Total Input Jitter      (TIJ):    0.000ns
    Discrete Jitter          (DJ):    0.000ns
    Phase Error              (PE):    0.000ns

    Location             Delay type                Incr(ns)  Path(ns)    Netlist Resource(s)
  -------------------------------------------------------------------    -------------------
                         (clock ap_clk rise edge)     0.000     0.000 r  
                                                      0.000     0.000 r  ap_clk (IN)
                         net (fo=1469, unset)         0.973     0.973    bd_0_i/hls_inst/inst/HLS_accel_mac_mulcud_U188/HLS_accel_mac_mulcud_DSP48_1_U/ap_clk
    DSP48_X4Y12          DSP48E1                                      r  bd_0_i/hls_inst/inst/HLS_accel_mac_mulcud_U188/HLS_accel_mac_mulcud_DSP48_1_U/p/CLK
  -------------------------------------------------------------------    -------------------
    DSP48_X4Y12          DSP48E1 (Prop_dsp48e1_CLK_PCOUT[47])
                                                      4.206     5.179 r  bd_0_i/hls_inst/inst/HLS_accel_mac_mulcud_U188/HLS_accel_mac_mulcud_DSP48_1_U/p/PCOUT[47]
                         net (fo=1, routed)           0.002     5.181    bd_0_i/hls_inst/inst/HLS_accel_mac_mulcud_U187/HLS_accel_mac_mulcud_DSP48_1_U/PCOUT[47]
    DSP48_X4Y13          DSP48E1 (Prop_dsp48e1_PCIN[47]_P[3])
                                                      1.518     6.699 r  bd_0_i/hls_inst/inst/HLS_accel_mac_mulcud_U187/HLS_accel_mac_mulcud_DSP48_1_U/p/P[3]
                         net (fo=1, routed)           2.870     9.569    bd_0_i/hls_inst/inst/HLS_accel_mac_mulcud_U189/HLS_accel_mac_mulcud_DSP48_1_U/P[3]
    SLICE_X37Y30         LUT2 (Prop_lut2_I1_O)        0.124     9.693 r  bd_0_i/hls_inst/inst/HLS_accel_mac_mulcud_U189/HLS_accel_mac_mulcud_DSP48_1_U/tmp127_reg_14578[3]_i_2/O
                         net (fo=1, routed)           0.000     9.693    bd_0_i/hls_inst/inst/HLS_accel_mac_mulcud_U189/HLS_accel_mac_mulcud_DSP48_1_U/tmp127_reg_14578[3]_i_2_n_3
    SLICE_X37Y30         CARRY4 (Prop_carry4_S[3]_CO[3])
                                                      0.401    10.094 r  bd_0_i/hls_inst/inst/HLS_accel_mac_mulcud_U189/HLS_accel_mac_mulcud_DSP48_1_U/tmp127_reg_14578_reg[3]_i_1/CO[3]
                         net (fo=1, routed)           0.000    10.094    bd_0_i/hls_inst/inst/HLS_accel_mac_mulcud_U189/HLS_accel_mac_mulcud_DSP48_1_U/tmp127_reg_14578_reg[3]_i_1_n_3
    SLICE_X37Y31         CARRY4 (Prop_carry4_CI_CO[3])
                                                      0.114    10.208 r  bd_0_i/hls_inst/inst/HLS_accel_mac_mulcud_U189/HLS_accel_mac_mulcud_DSP48_1_U/tmp127_reg_14578_reg[7]_i_1/CO[3]
                         net (fo=1, routed)           0.000    10.208    bd_0_i/hls_inst/inst/HLS_accel_mac_mulcud_U189/HLS_accel_mac_mulcud_DSP48_1_U/tmp127_reg_14578_reg[7]_i_1_n_3
    SLICE_X37Y32         CARRY4 (Prop_carry4_CI_CO[3])
                                                      0.114    10.322 r  bd_0_i/hls_inst/inst/HLS_accel_mac_mulcud_U189/HLS_accel_mac_mulcud_DSP48_1_U/tmp127_reg_14578_reg[11]_i_1/CO[3]
                         net (fo=1, routed)           0.000    10.322    bd_0_i/hls_inst/inst/HLS_accel_mac_mulcud_U189/HLS_accel_mac_mulcud_DSP48_1_U/tmp127_reg_14578_reg[11]_i_1_n_3
    SLICE_X37Y33         CARRY4 (Prop_carry4_CI_O[1])
                                                      0.334    10.656 r  bd_0_i/hls_inst/inst/HLS_accel_mac_mulcud_U189/HLS_accel_mac_mulcud_DSP48_1_U/tmp127_reg_14578_reg[15]_i_1/O[1]
                         net (fo=1, routed)           0.000    10.656    bd_0_i/hls_inst/inst/tmp127_fu_8152_p2[13]
    SLICE_X37Y33         FDRE                                         r  bd_0_i/hls_inst/inst/tmp127_reg_14578_reg[13]/D
  -------------------------------------------------------------------    -------------------

                         (clock ap_clk rise edge)    10.000    10.000 r  
                                                      0.000    10.000 r  ap_clk (IN)
                         net (fo=1469, unset)         0.924    10.924    bd_0_i/hls_inst/inst/ap_clk
    SLICE_X37Y33         FDRE                                         r  bd_0_i/hls_inst/inst/tmp127_reg_14578_reg[13]/C
                         clock pessimism              0.000    10.924    
                         clock uncertainty           -0.035    10.889    
    SLICE_X37Y33         FDRE (Setup_fdre_C_D)        0.062    10.951    bd_0_i/hls_inst/inst/tmp127_reg_14578_reg[13]
  -------------------------------------------------------------------
                         required time                         10.951    
                         arrival time                         -10.656    
  -------------------------------------------------------------------
                         slack                                  0.295    

Slack (MET) :             0.296ns  (required time - arrival time)
  Source:                 bd_0_i/hls_inst/inst/a_0_load_1_mid2_reg_9636_pp2_iter1_reg_reg[4]/C
                            (rising edge-triggered cell FDRE clocked by ap_clk  {rise@0.000ns fall@5.000ns period=10.000ns})
  Destination:            bd_0_i/hls_inst/inst/a_92_U/HLS_accel_a_0_ram_U/ram_reg/ADDRBWRADDR[8]
                            (rising edge-triggered cell RAMB18E1 clocked by ap_clk  {rise@0.000ns fall@5.000ns period=10.000ns})
  Path Group:             ap_clk
  Path Type:              Setup (Max at Slow Process Corner)
  Requirement:            10.000ns  (ap_clk rise@10.000ns - ap_clk rise@0.000ns)
  Data Path Delay:        9.054ns  (logic 0.518ns (5.722%)  route 8.536ns (94.278%))
  Logic Levels:           0  
  Clock Path Skew:        -0.049ns (DCD - SCD + CPR)
    Destination Clock Delay (DCD):    0.924ns = ( 10.924 - 10.000 ) 
    Source Clock Delay      (SCD):    0.973ns
    Clock Pessimism Removal (CPR):    0.000ns
  Clock Uncertainty:      0.035ns  ((TSJ^2 + TIJ^2)^1/2 + DJ) / 2 + PE
    Total System Jitter     (TSJ):    0.071ns
    Total Input Jitter      (TIJ):    0.000ns
    Discrete Jitter          (DJ):    0.000ns
    Phase Error              (PE):    0.000ns

    Location             Delay type                Incr(ns)  Path(ns)    Netlist Resource(s)
  -------------------------------------------------------------------    -------------------
                         (clock ap_clk rise edge)     0.000     0.000 r  
                                                      0.000     0.000 r  ap_clk (IN)
                         net (fo=1469, unset)         0.973     0.973    bd_0_i/hls_inst/inst/ap_clk
    SLICE_X54Y93         FDRE                                         r  bd_0_i/hls_inst/inst/a_0_load_1_mid2_reg_9636_pp2_iter1_reg_reg[4]/C
  -------------------------------------------------------------------    -------------------
    SLICE_X54Y93         FDRE (Prop_fdre_C_Q)         0.518     1.491 r  bd_0_i/hls_inst/inst/a_0_load_1_mid2_reg_9636_pp2_iter1_reg_reg[4]/Q
                         net (fo=45, routed)          8.536    10.027    bd_0_i/hls_inst/inst/a_92_U/HLS_accel_a_0_ram_U/a_0_load_1_mid2_reg_9636_pp2_iter1_reg[3]
    RAMB18_X4Y57         RAMB18E1                                     r  bd_0_i/hls_inst/inst/a_92_U/HLS_accel_a_0_ram_U/ram_reg/ADDRBWRADDR[8]
  -------------------------------------------------------------------    -------------------

                         (clock ap_clk rise edge)    10.000    10.000 r  
                                                      0.000    10.000 r  ap_clk (IN)
                         net (fo=1469, unset)         0.924    10.924    bd_0_i/hls_inst/inst/a_92_U/HLS_accel_a_0_ram_U/ap_clk
    RAMB18_X4Y57         RAMB18E1                                     r  bd_0_i/hls_inst/inst/a_92_U/HLS_accel_a_0_ram_U/ram_reg/CLKBWRCLK
                         clock pessimism              0.000    10.924    
                         clock uncertainty           -0.035    10.889    
    RAMB18_X4Y57         RAMB18E1 (Setup_ramb18e1_CLKBWRCLK_ADDRBWRADDR[8])
                                                     -0.566    10.323    bd_0_i/hls_inst/inst/a_92_U/HLS_accel_a_0_ram_U/ram_reg
  -------------------------------------------------------------------
                         required time                         10.323    
                         arrival time                         -10.027    
  -------------------------------------------------------------------
                         slack                                  0.296    





Min Delay Paths
--------------------------------------------------------------------------------------
Slack (MET) :             0.121ns  (arrival time - required time)
  Source:                 bd_0_i/hls_inst/inst/a_0_load_1_mid2_reg_9636_pp2_iter1_reg_reg[8]/C
                            (rising edge-triggered cell FDRE clocked by ap_clk  {rise@0.000ns fall@5.000ns period=10.000ns})
  Destination:            bd_0_i/hls_inst/inst/a_61_U/HLS_accel_a_0_ram_U/ram_reg/ADDRBWRADDR[12]
                            (rising edge-triggered cell RAMB18E1 clocked by ap_clk  {rise@0.000ns fall@5.000ns period=10.000ns})
  Path Group:             ap_clk
  Path Type:              Hold (Min at Fast Process Corner)
  Requirement:            0.000ns  (ap_clk rise@0.000ns - ap_clk rise@0.000ns)
  Data Path Delay:        0.326ns  (logic 0.164ns (50.300%)  route 0.162ns (49.700%))
  Logic Levels:           0  
  Clock Path Skew:        0.022ns (DCD - SCD - CPR)
    Destination Clock Delay (DCD):    0.432ns
    Source Clock Delay      (SCD):    0.410ns
    Clock Pessimism Removal (CPR):    -0.000ns

    Location             Delay type                Incr(ns)  Path(ns)    Netlist Resource(s)
  -------------------------------------------------------------------    -------------------
                         (clock ap_clk rise edge)     0.000     0.000 r  
                                                      0.000     0.000 r  ap_clk (IN)
                         net (fo=1469, unset)         0.410     0.410    bd_0_i/hls_inst/inst/ap_clk
    SLICE_X54Y87         FDRE                                         r  bd_0_i/hls_inst/inst/a_0_load_1_mid2_reg_9636_pp2_iter1_reg_reg[8]/C
  -------------------------------------------------------------------    -------------------
    SLICE_X54Y87         FDRE (Prop_fdre_C_Q)         0.164     0.574 r  bd_0_i/hls_inst/inst/a_0_load_1_mid2_reg_9636_pp2_iter1_reg_reg[8]/Q
                         net (fo=45, routed)          0.162     0.736    bd_0_i/hls_inst/inst/a_61_U/HLS_accel_a_0_ram_U/a_0_load_1_mid2_reg_9636_pp2_iter1_reg[7]
    RAMB18_X3Y35         RAMB18E1                                     r  bd_0_i/hls_inst/inst/a_61_U/HLS_accel_a_0_ram_U/ram_reg/ADDRBWRADDR[12]
  -------------------------------------------------------------------    -------------------

                         (clock ap_clk rise edge)     0.000     0.000 r  
                                                      0.000     0.000 r  ap_clk (IN)
                         net (fo=1469, unset)         0.432     0.432    bd_0_i/hls_inst/inst/a_61_U/HLS_accel_a_0_ram_U/ap_clk
    RAMB18_X3Y35         RAMB18E1                                     r  bd_0_i/hls_inst/inst/a_61_U/HLS_accel_a_0_ram_U/ram_reg/CLKBWRCLK
                         clock pessimism              0.000     0.432    
    RAMB18_X3Y35         RAMB18E1 (Hold_ramb18e1_CLKBWRCLK_ADDRBWRADDR[12])
                                                      0.183     0.615    bd_0_i/hls_inst/inst/a_61_U/HLS_accel_a_0_ram_U/ram_reg
  -------------------------------------------------------------------
                         required time                         -0.615    
                         arrival time                           0.736    
  -------------------------------------------------------------------
                         slack                                  0.121    

Slack (MET) :             0.150ns  (arrival time - required time)
  Source:                 bd_0_i/hls_inst/inst/exitcond_flatten2_reg_14623_pp3_iter2_reg_reg[0]/C
                            (rising edge-triggered cell FDRE clocked by ap_clk  {rise@0.000ns fall@5.000ns period=10.000ns})
  Destination:            bd_0_i/hls_inst/inst/ap_enable_reg_pp3_iter2_reg/D
                            (rising edge-triggered cell FDRE clocked by ap_clk  {rise@0.000ns fall@5.000ns period=10.000ns})
  Path Group:             ap_clk
  Path Type:              Hold (Min at Fast Process Corner)
  Requirement:            0.000ns  (ap_clk rise@0.000ns - ap_clk rise@0.000ns)
  Data Path Delay:        0.263ns  (logic 0.186ns (70.677%)  route 0.077ns (29.323%))
  Logic Levels:           1  (LUT6=1)
  Clock Path Skew:        0.022ns (DCD - SCD - CPR)
    Destination Clock Delay (DCD):    0.432ns
    Source Clock Delay      (SCD):    0.410ns
    Clock Pessimism Removal (CPR):    -0.000ns

    Location             Delay type                Incr(ns)  Path(ns)    Netlist Resource(s)
  -------------------------------------------------------------------    -------------------
                         (clock ap_clk rise edge)     0.000     0.000 r  
                                                      0.000     0.000 r  ap_clk (IN)
                         net (fo=1469, unset)         0.410     0.410    bd_0_i/hls_inst/inst/ap_clk
    SLICE_X24Y15         FDRE                                         r  bd_0_i/hls_inst/inst/exitcond_flatten2_reg_14623_pp3_iter2_reg_reg[0]/C
  -------------------------------------------------------------------    -------------------
    SLICE_X24Y15         FDRE (Prop_fdre_C_Q)         0.141     0.551 r  bd_0_i/hls_inst/inst/exitcond_flatten2_reg_14623_pp3_iter2_reg_reg[0]/Q
                         net (fo=3, routed)           0.077     0.628    bd_0_i/hls_inst/inst/exitcond_flatten2_reg_14623_pp3_iter2_reg
    SLICE_X25Y15         LUT6 (Prop_lut6_I1_O)        0.045     0.673 r  bd_0_i/hls_inst/inst/ap_enable_reg_pp3_iter2_i_1/O
                         net (fo=1, routed)           0.000     0.673    bd_0_i/hls_inst/inst/ap_enable_reg_pp3_iter2_i_1_n_3
    SLICE_X25Y15         FDRE                                         r  bd_0_i/hls_inst/inst/ap_enable_reg_pp3_iter2_reg/D
  -------------------------------------------------------------------    -------------------

                         (clock ap_clk rise edge)     0.000     0.000 r  
                                                      0.000     0.000 r  ap_clk (IN)
                         net (fo=1469, unset)         0.432     0.432    bd_0_i/hls_inst/inst/ap_clk
    SLICE_X25Y15         FDRE                                         r  bd_0_i/hls_inst/inst/ap_enable_reg_pp3_iter2_reg/C
                         clock pessimism              0.000     0.432    
    SLICE_X25Y15         FDRE (Hold_fdre_C_D)         0.092     0.524    bd_0_i/hls_inst/inst/ap_enable_reg_pp3_iter2_reg
  -------------------------------------------------------------------
                         required time                         -0.524    
                         arrival time                           0.673    
  -------------------------------------------------------------------
                         slack                                  0.150    

Slack (MET) :             0.158ns  (arrival time - required time)
  Source:                 bd_0_i/hls_inst/inst/i4_0_i_reg_7296_reg[5]/C
                            (rising edge-triggered cell FDRE clocked by ap_clk  {rise@0.000ns fall@5.000ns period=10.000ns})
  Destination:            bd_0_i/hls_inst/inst/tmp_9_mid2_v_v_reg_14637_reg[5]/D
                            (rising edge-triggered cell FDRE clocked by ap_clk  {rise@0.000ns fall@5.000ns period=10.000ns})
  Path Group:             ap_clk
  Path Type:              Hold (Min at Fast Process Corner)
  Requirement:            0.000ns  (ap_clk rise@0.000ns - ap_clk rise@0.000ns)
  Data Path Delay:        0.271ns  (logic 0.209ns (77.054%)  route 0.062ns (22.946%))
  Logic Levels:           1  (LUT6=1)
  Clock Path Skew:        0.022ns (DCD - SCD - CPR)
    Destination Clock Delay (DCD):    0.432ns
    Source Clock Delay      (SCD):    0.410ns
    Clock Pessimism Removal (CPR):    -0.000ns

    Location             Delay type                Incr(ns)  Path(ns)    Netlist Resource(s)
  -------------------------------------------------------------------    -------------------
                         (clock ap_clk rise edge)     0.000     0.000 r  
                                                      0.000     0.000 r  ap_clk (IN)
                         net (fo=1469, unset)         0.410     0.410    bd_0_i/hls_inst/inst/ap_clk
    SLICE_X12Y3          FDRE                                         r  bd_0_i/hls_inst/inst/i4_0_i_reg_7296_reg[5]/C
  -------------------------------------------------------------------    -------------------
    SLICE_X12Y3          FDRE (Prop_fdre_C_Q)         0.164     0.574 r  bd_0_i/hls_inst/inst/i4_0_i_reg_7296_reg[5]/Q
                         net (fo=3, routed)           0.062     0.636    bd_0_i/hls_inst/inst/i4_0_i_reg_7296[5]
    SLICE_X13Y3          LUT6 (Prop_lut6_I5_O)        0.045     0.681 r  bd_0_i/hls_inst/inst/tmp_9_mid2_v_v_reg_14637[5]_i_1/O
                         net (fo=1, routed)           0.000     0.681    bd_0_i/hls_inst/inst/tmp_9_mid2_v_v_fu_8395_p3__0[5]
    SLICE_X13Y3          FDRE                                         r  bd_0_i/hls_inst/inst/tmp_9_mid2_v_v_reg_14637_reg[5]/D
  -------------------------------------------------------------------    -------------------

                         (clock ap_clk rise edge)     0.000     0.000 r  
                                                      0.000     0.000 r  ap_clk (IN)
                         net (fo=1469, unset)         0.432     0.432    bd_0_i/hls_inst/inst/ap_clk
    SLICE_X13Y3          FDRE                                         r  bd_0_i/hls_inst/inst/tmp_9_mid2_v_v_reg_14637_reg[5]/C
                         clock pessimism              0.000     0.432    
    SLICE_X13Y3          FDRE (Hold_fdre_C_D)         0.092     0.524    bd_0_i/hls_inst/inst/tmp_9_mid2_v_v_reg_14637_reg[5]
  -------------------------------------------------------------------
                         required time                         -0.524    
                         arrival time                           0.681    
  -------------------------------------------------------------------
                         slack                                  0.158    

Slack (MET) :             0.167ns  (arrival time - required time)
  Source:                 bd_0_i/hls_inst/inst/tmp_9_mid2_v_v_reg_14637_reg[3]/C
                            (rising edge-triggered cell FDRE clocked by ap_clk  {rise@0.000ns fall@5.000ns period=10.000ns})
  Destination:            bd_0_i/hls_inst/inst/tmp_9_mid2_v_v_reg_14637_reg[4]/D
                            (rising edge-triggered cell FDRE clocked by ap_clk  {rise@0.000ns fall@5.000ns period=10.000ns})
  Path Group:             ap_clk
  Path Type:              Hold (Min at Fast Process Corner)
  Requirement:            0.000ns  (ap_clk rise@0.000ns - ap_clk rise@0.000ns)
  Data Path Delay:        0.308ns  (logic 0.186ns (60.296%)  route 0.122ns (39.704%))
  Logic Levels:           1  (LUT6=1)
  Clock Path Skew:        0.022ns (DCD - SCD - CPR)
    Destination Clock Delay (DCD):    0.432ns
    Source Clock Delay      (SCD):    0.410ns
    Clock Pessimism Removal (CPR):    -0.000ns

    Location             Delay type                Incr(ns)  Path(ns)    Netlist Resource(s)
  -------------------------------------------------------------------    -------------------
                         (clock ap_clk rise edge)     0.000     0.000 r  
                                                      0.000     0.000 r  ap_clk (IN)
                         net (fo=1469, unset)         0.410     0.410    bd_0_i/hls_inst/inst/ap_clk
    SLICE_X13Y1          FDRE                                         r  bd_0_i/hls_inst/inst/tmp_9_mid2_v_v_reg_14637_reg[3]/C
  -------------------------------------------------------------------    -------------------
    SLICE_X13Y1          FDRE (Prop_fdre_C_Q)         0.141     0.551 r  bd_0_i/hls_inst/inst/tmp_9_mid2_v_v_reg_14637_reg[3]/Q
                         net (fo=6, routed)           0.122     0.674    bd_0_i/hls_inst/inst/tmp_9_mid2_v_v_reg_14637_reg__0[3]
    SLICE_X12Y1          LUT6 (Prop_lut6_I2_O)        0.045     0.719 r  bd_0_i/hls_inst/inst/tmp_9_mid2_v_v_reg_14637[4]_i_1/O
                         net (fo=1, routed)           0.000     0.719    bd_0_i/hls_inst/inst/tmp_9_mid2_v_v_fu_8395_p3__0[4]
    SLICE_X12Y1          FDRE                                         r  bd_0_i/hls_inst/inst/tmp_9_mid2_v_v_reg_14637_reg[4]/D
  -------------------------------------------------------------------    -------------------

                         (clock ap_clk rise edge)     0.000     0.000 r  
                                                      0.000     0.000 r  ap_clk (IN)
                         net (fo=1469, unset)         0.432     0.432    bd_0_i/hls_inst/inst/ap_clk
    SLICE_X12Y1          FDRE                                         r  bd_0_i/hls_inst/inst/tmp_9_mid2_v_v_reg_14637_reg[4]/C
                         clock pessimism              0.000     0.432    
    SLICE_X12Y1          FDRE (Hold_fdre_C_D)         0.120     0.552    bd_0_i/hls_inst/inst/tmp_9_mid2_v_v_reg_14637_reg[4]
  -------------------------------------------------------------------
                         required time                         -0.552    
                         arrival time                           0.719    
  -------------------------------------------------------------------
                         slack                                  0.167    

Slack (MET) :             0.171ns  (arrival time - required time)
  Source:                 bd_0_i/hls_inst/inst/INPUT_STREAM_dest_V_0_state_reg[0]/C
                            (rising edge-triggered cell FDRE clocked by ap_clk  {rise@0.000ns fall@5.000ns period=10.000ns})
  Destination:            bd_0_i/hls_inst/inst/INPUT_STREAM_dest_V_0_state_reg[1]/D
                            (rising edge-triggered cell FDRE clocked by ap_clk  {rise@0.000ns fall@5.000ns period=10.000ns})
  Path Group:             ap_clk
  Path Type:              Hold (Min at Fast Process Corner)
  Requirement:            0.000ns  (ap_clk rise@0.000ns - ap_clk rise@0.000ns)
  Data Path Delay:        0.284ns  (logic 0.186ns (65.536%)  route 0.098ns (34.464%))
  Logic Levels:           1  (LUT5=1)
  Clock Path Skew:        0.022ns (DCD - SCD - CPR)
    Destination Clock Delay (DCD):    0.432ns
    Source Clock Delay      (SCD):    0.410ns
    Clock Pessimism Removal (CPR):    -0.000ns

    Location             Delay type                Incr(ns)  Path(ns)    Netlist Resource(s)
  -------------------------------------------------------------------    -------------------
                         (clock ap_clk rise edge)     0.000     0.000 r  
                                                      0.000     0.000 r  ap_clk (IN)
                         net (fo=1469, unset)         0.410     0.410    bd_0_i/hls_inst/inst/ap_clk
    SLICE_X52Y62         FDRE                                         r  bd_0_i/hls_inst/inst/INPUT_STREAM_dest_V_0_state_reg[0]/C
  -------------------------------------------------------------------    -------------------
    SLICE_X52Y62         FDRE (Prop_fdre_C_Q)         0.141     0.551 f  bd_0_i/hls_inst/inst/INPUT_STREAM_dest_V_0_state_reg[0]/Q
                         net (fo=2, routed)           0.098     0.649    bd_0_i/hls_inst/inst/INPUT_STREAM_dest_V_0_state_reg_n_3_[0]
    SLICE_X53Y62         LUT5 (Prop_lut5_I4_O)        0.045     0.694 r  bd_0_i/hls_inst/inst/INPUT_STREAM_dest_V_0_state[1]_i_2/O
                         net (fo=1, routed)           0.000     0.694    bd_0_i/hls_inst/inst/INPUT_STREAM_dest_V_0_state[1]
    SLICE_X53Y62         FDRE                                         r  bd_0_i/hls_inst/inst/INPUT_STREAM_dest_V_0_state_reg[1]/D
  -------------------------------------------------------------------    -------------------

                         (clock ap_clk rise edge)     0.000     0.000 r  
                                                      0.000     0.000 r  ap_clk (IN)
                         net (fo=1469, unset)         0.432     0.432    bd_0_i/hls_inst/inst/ap_clk
    SLICE_X53Y62         FDRE                                         r  bd_0_i/hls_inst/inst/INPUT_STREAM_dest_V_0_state_reg[1]/C
                         clock pessimism              0.000     0.432    
    SLICE_X53Y62         FDRE (Hold_fdre_C_D)         0.091     0.523    bd_0_i/hls_inst/inst/INPUT_STREAM_dest_V_0_state_reg[1]
  -------------------------------------------------------------------
                         required time                         -0.523    
                         arrival time                           0.694    
  -------------------------------------------------------------------
                         slack                                  0.171    

Slack (MET) :             0.175ns  (arrival time - required time)
  Source:                 bd_0_i/hls_inst/inst/tmp157_reg_14418_reg[15]/C
                            (rising edge-triggered cell FDRE clocked by ap_clk  {rise@0.000ns fall@5.000ns period=10.000ns})
  Destination:            bd_0_i/hls_inst/inst/tmp151_reg_14593_reg[15]/D
                            (rising edge-triggered cell FDRE clocked by ap_clk  {rise@0.000ns fall@5.000ns period=10.000ns})
  Path Group:             ap_clk
  Path Type:              Hold (Min at Fast Process Corner)
  Requirement:            0.000ns  (ap_clk rise@0.000ns - ap_clk rise@0.000ns)
  Data Path Delay:        0.330ns  (logic 0.250ns (75.734%)  route 0.080ns (24.266%))
  Logic Levels:           2  (CARRY4=1 LUT2=1)
  Clock Path Skew:        0.022ns (DCD - SCD - CPR)
    Destination Clock Delay (DCD):    0.432ns
    Source Clock Delay      (SCD):    0.410ns
    Clock Pessimism Removal (CPR):    -0.000ns

    Location             Delay type                Incr(ns)  Path(ns)    Netlist Resource(s)
  -------------------------------------------------------------------    -------------------
                         (clock ap_clk rise edge)     0.000     0.000 r  
                                                      0.000     0.000 r  ap_clk (IN)
                         net (fo=1469, unset)         0.410     0.410    bd_0_i/hls_inst/inst/ap_clk
    SLICE_X95Y23         FDRE                                         r  bd_0_i/hls_inst/inst/tmp157_reg_14418_reg[15]/C
  -------------------------------------------------------------------    -------------------
    SLICE_X95Y23         FDRE (Prop_fdre_C_Q)         0.141     0.551 r  bd_0_i/hls_inst/inst/tmp157_reg_14418_reg[15]/Q
                         net (fo=1, routed)           0.080     0.631    bd_0_i/hls_inst/inst/tmp157_reg_14418[15]
    SLICE_X94Y23         LUT2 (Prop_lut2_I0_O)        0.045     0.676 r  bd_0_i/hls_inst/inst/tmp151_reg_14593[15]_i_2/O
                         net (fo=1, routed)           0.000     0.676    bd_0_i/hls_inst/inst/tmp151_reg_14593[15]_i_2_n_3
    SLICE_X94Y23         CARRY4 (Prop_carry4_S[3]_O[3])
                                                      0.064     0.740 r  bd_0_i/hls_inst/inst/tmp151_reg_14593_reg[15]_i_1/O[3]
                         net (fo=1, routed)           0.000     0.740    bd_0_i/hls_inst/inst/tmp151_fu_8183_p2[15]
    SLICE_X94Y23         FDRE                                         r  bd_0_i/hls_inst/inst/tmp151_reg_14593_reg[15]/D
  -------------------------------------------------------------------    -------------------

                         (clock ap_clk rise edge)     0.000     0.000 r  
                                                      0.000     0.000 r  ap_clk (IN)
                         net (fo=1469, unset)         0.432     0.432    bd_0_i/hls_inst/inst/ap_clk
    SLICE_X94Y23         FDRE                                         r  bd_0_i/hls_inst/inst/tmp151_reg_14593_reg[15]/C
                         clock pessimism              0.000     0.432    
    SLICE_X94Y23         FDRE (Hold_fdre_C_D)         0.134     0.566    bd_0_i/hls_inst/inst/tmp151_reg_14593_reg[15]
  -------------------------------------------------------------------
                         required time                         -0.566    
                         arrival time                           0.740    
  -------------------------------------------------------------------
                         slack                                  0.175    

Slack (MET) :             0.187ns  (arrival time - required time)
  Source:                 bd_0_i/hls_inst/inst/tmp157_reg_14418_reg[11]/C
                            (rising edge-triggered cell FDRE clocked by ap_clk  {rise@0.000ns fall@5.000ns period=10.000ns})
  Destination:            bd_0_i/hls_inst/inst/tmp151_reg_14593_reg[11]/D
                            (rising edge-triggered cell FDRE clocked by ap_clk  {rise@0.000ns fall@5.000ns period=10.000ns})
  Path Group:             ap_clk
  Path Type:              Hold (Min at Fast Process Corner)
  Requirement:            0.000ns  (ap_clk rise@0.000ns - ap_clk rise@0.000ns)
  Data Path Delay:        0.342ns  (logic 0.250ns (73.035%)  route 0.092ns (26.965%))
  Logic Levels:           2  (CARRY4=1 LUT2=1)
  Clock Path Skew:        0.022ns (DCD - SCD - CPR)
    Destination Clock Delay (DCD):    0.432ns
    Source Clock Delay      (SCD):    0.410ns
    Clock Pessimism Removal (CPR):    -0.000ns

    Location             Delay type                Incr(ns)  Path(ns)    Netlist Resource(s)
  -------------------------------------------------------------------    -------------------
                         (clock ap_clk rise edge)     0.000     0.000 r  
                                                      0.000     0.000 r  ap_clk (IN)
                         net (fo=1469, unset)         0.410     0.410    bd_0_i/hls_inst/inst/ap_clk
    SLICE_X95Y22         FDRE                                         r  bd_0_i/hls_inst/inst/tmp157_reg_14418_reg[11]/C
  -------------------------------------------------------------------    -------------------
    SLICE_X95Y22         FDRE (Prop_fdre_C_Q)         0.141     0.551 r  bd_0_i/hls_inst/inst/tmp157_reg_14418_reg[11]/Q
                         net (fo=2, routed)           0.092     0.643    bd_0_i/hls_inst/inst/tmp157_reg_14418[11]
    SLICE_X94Y22         LUT2 (Prop_lut2_I0_O)        0.045     0.688 r  bd_0_i/hls_inst/inst/tmp151_reg_14593[11]_i_2/O
                         net (fo=1, routed)           0.000     0.688    bd_0_i/hls_inst/inst/tmp151_reg_14593[11]_i_2_n_3
    SLICE_X94Y22         CARRY4 (Prop_carry4_S[3]_O[3])
                                                      0.064     0.752 r  bd_0_i/hls_inst/inst/tmp151_reg_14593_reg[11]_i_1/O[3]
                         net (fo=1, routed)           0.000     0.752    bd_0_i/hls_inst/inst/tmp151_fu_8183_p2[11]
    SLICE_X94Y22         FDRE                                         r  bd_0_i/hls_inst/inst/tmp151_reg_14593_reg[11]/D
  -------------------------------------------------------------------    -------------------

                         (clock ap_clk rise edge)     0.000     0.000 r  
                                                      0.000     0.000 r  ap_clk (IN)
                         net (fo=1469, unset)         0.432     0.432    bd_0_i/hls_inst/inst/ap_clk
    SLICE_X94Y22         FDRE                                         r  bd_0_i/hls_inst/inst/tmp151_reg_14593_reg[11]/C
                         clock pessimism              0.000     0.432    
    SLICE_X94Y22         FDRE (Hold_fdre_C_D)         0.134     0.566    bd_0_i/hls_inst/inst/tmp151_reg_14593_reg[11]
  -------------------------------------------------------------------
                         required time                         -0.566    
                         arrival time                           0.752    
  -------------------------------------------------------------------
                         slack                                  0.187    

Slack (MET) :             0.187ns  (arrival time - required time)
  Source:                 bd_0_i/hls_inst/inst/tmp157_reg_14418_reg[3]/C
                            (rising edge-triggered cell FDRE clocked by ap_clk  {rise@0.000ns fall@5.000ns period=10.000ns})
  Destination:            bd_0_i/hls_inst/inst/tmp151_reg_14593_reg[3]/D
                            (rising edge-triggered cell FDRE clocked by ap_clk  {rise@0.000ns fall@5.000ns period=10.000ns})
  Path Group:             ap_clk
  Path Type:              Hold (Min at Fast Process Corner)
  Requirement:            0.000ns  (ap_clk rise@0.000ns - ap_clk rise@0.000ns)
  Data Path Delay:        0.342ns  (logic 0.250ns (73.035%)  route 0.092ns (26.965%))
  Logic Levels:           2  (CARRY4=1 LUT2=1)
  Clock Path Skew:        0.022ns (DCD - SCD - CPR)
    Destination Clock Delay (DCD):    0.432ns
    Source Clock Delay      (SCD):    0.410ns
    Clock Pessimism Removal (CPR):    -0.000ns

    Location             Delay type                Incr(ns)  Path(ns)    Netlist Resource(s)
  -------------------------------------------------------------------    -------------------
                         (clock ap_clk rise edge)     0.000     0.000 r  
                                                      0.000     0.000 r  ap_clk (IN)
                         net (fo=1469, unset)         0.410     0.410    bd_0_i/hls_inst/inst/ap_clk
    SLICE_X95Y20         FDRE                                         r  bd_0_i/hls_inst/inst/tmp157_reg_14418_reg[3]/C
  -------------------------------------------------------------------    -------------------
    SLICE_X95Y20         FDRE (Prop_fdre_C_Q)         0.141     0.551 r  bd_0_i/hls_inst/inst/tmp157_reg_14418_reg[3]/Q
                         net (fo=2, routed)           0.092     0.643    bd_0_i/hls_inst/inst/tmp157_reg_14418[3]
    SLICE_X94Y20         LUT2 (Prop_lut2_I0_O)        0.045     0.688 r  bd_0_i/hls_inst/inst/tmp151_reg_14593[3]_i_2/O
                         net (fo=1, routed)           0.000     0.688    bd_0_i/hls_inst/inst/tmp151_reg_14593[3]_i_2_n_3
    SLICE_X94Y20         CARRY4 (Prop_carry4_S[3]_O[3])
                                                      0.064     0.752 r  bd_0_i/hls_inst/inst/tmp151_reg_14593_reg[3]_i_1/O[3]
                         net (fo=1, routed)           0.000     0.752    bd_0_i/hls_inst/inst/tmp151_fu_8183_p2[3]
    SLICE_X94Y20         FDRE                                         r  bd_0_i/hls_inst/inst/tmp151_reg_14593_reg[3]/D
  -------------------------------------------------------------------    -------------------

                         (clock ap_clk rise edge)     0.000     0.000 r  
                                                      0.000     0.000 r  ap_clk (IN)
                         net (fo=1469, unset)         0.432     0.432    bd_0_i/hls_inst/inst/ap_clk
    SLICE_X94Y20         FDRE                                         r  bd_0_i/hls_inst/inst/tmp151_reg_14593_reg[3]/C
                         clock pessimism              0.000     0.432    
    SLICE_X94Y20         FDRE (Hold_fdre_C_D)         0.134     0.566    bd_0_i/hls_inst/inst/tmp151_reg_14593_reg[3]
  -------------------------------------------------------------------
                         required time                         -0.566    
                         arrival time                           0.752    
  -------------------------------------------------------------------
                         slack                                  0.187    

Slack (MET) :             0.187ns  (arrival time - required time)
  Source:                 bd_0_i/hls_inst/inst/tmp157_reg_14418_reg[7]/C
                            (rising edge-triggered cell FDRE clocked by ap_clk  {rise@0.000ns fall@5.000ns period=10.000ns})
  Destination:            bd_0_i/hls_inst/inst/tmp151_reg_14593_reg[7]/D
                            (rising edge-triggered cell FDRE clocked by ap_clk  {rise@0.000ns fall@5.000ns period=10.000ns})
  Path Group:             ap_clk
  Path Type:              Hold (Min at Fast Process Corner)
  Requirement:            0.000ns  (ap_clk rise@0.000ns - ap_clk rise@0.000ns)
  Data Path Delay:        0.342ns  (logic 0.250ns (73.035%)  route 0.092ns (26.965%))
  Logic Levels:           2  (CARRY4=1 LUT2=1)
  Clock Path Skew:        0.022ns (DCD - SCD - CPR)
    Destination Clock Delay (DCD):    0.432ns
    Source Clock Delay      (SCD):    0.410ns
    Clock Pessimism Removal (CPR):    -0.000ns

    Location             Delay type                Incr(ns)  Path(ns)    Netlist Resource(s)
  -------------------------------------------------------------------    -------------------
                         (clock ap_clk rise edge)     0.000     0.000 r  
                                                      0.000     0.000 r  ap_clk (IN)
                         net (fo=1469, unset)         0.410     0.410    bd_0_i/hls_inst/inst/ap_clk
    SLICE_X95Y21         FDRE                                         r  bd_0_i/hls_inst/inst/tmp157_reg_14418_reg[7]/C
  -------------------------------------------------------------------    -------------------
    SLICE_X95Y21         FDRE (Prop_fdre_C_Q)         0.141     0.551 r  bd_0_i/hls_inst/inst/tmp157_reg_14418_reg[7]/Q
                         net (fo=2, routed)           0.092     0.643    bd_0_i/hls_inst/inst/tmp157_reg_14418[7]
    SLICE_X94Y21         LUT2 (Prop_lut2_I0_O)        0.045     0.688 r  bd_0_i/hls_inst/inst/tmp151_reg_14593[7]_i_2/O
                         net (fo=1, routed)           0.000     0.688    bd_0_i/hls_inst/inst/tmp151_reg_14593[7]_i_2_n_3
    SLICE_X94Y21         CARRY4 (Prop_carry4_S[3]_O[3])
                                                      0.064     0.752 r  bd_0_i/hls_inst/inst/tmp151_reg_14593_reg[7]_i_1/O[3]
                         net (fo=1, routed)           0.000     0.752    bd_0_i/hls_inst/inst/tmp151_fu_8183_p2[7]
    SLICE_X94Y21         FDRE                                         r  bd_0_i/hls_inst/inst/tmp151_reg_14593_reg[7]/D
  -------------------------------------------------------------------    -------------------

                         (clock ap_clk rise edge)     0.000     0.000 r  
                                                      0.000     0.000 r  ap_clk (IN)
                         net (fo=1469, unset)         0.432     0.432    bd_0_i/hls_inst/inst/ap_clk
    SLICE_X94Y21         FDRE                                         r  bd_0_i/hls_inst/inst/tmp151_reg_14593_reg[7]/C
                         clock pessimism              0.000     0.432    
    SLICE_X94Y21         FDRE (Hold_fdre_C_D)         0.134     0.566    bd_0_i/hls_inst/inst/tmp151_reg_14593_reg[7]
  -------------------------------------------------------------------
                         required time                         -0.566    
                         arrival time                           0.752    
  -------------------------------------------------------------------
                         slack                                  0.187    

Slack (MET) :             0.187ns  (arrival time - required time)
  Source:                 bd_0_i/hls_inst/inst/a_0_load_1_mid2_reg_9636_reg[6]/C
                            (rising edge-triggered cell FDRE clocked by ap_clk  {rise@0.000ns fall@5.000ns period=10.000ns})
  Destination:            bd_0_i/hls_inst/inst/a_0_load_1_mid2_reg_9636_pp2_iter1_reg_reg[6]/D
                            (rising edge-triggered cell FDRE clocked by ap_clk  {rise@0.000ns fall@5.000ns period=10.000ns})
  Path Group:             ap_clk
  Path Type:              Hold (Min at Fast Process Corner)
  Requirement:            0.000ns  (ap_clk rise@0.000ns - ap_clk rise@0.000ns)
  Data Path Delay:        0.279ns  (logic 0.141ns (50.598%)  route 0.138ns (49.402%))
  Logic Levels:           0  
  Clock Path Skew:        0.022ns (DCD - SCD - CPR)
    Destination Clock Delay (DCD):    0.432ns
    Source Clock Delay      (SCD):    0.410ns
    Clock Pessimism Removal (CPR):    -0.000ns

    Location             Delay type                Incr(ns)  Path(ns)    Netlist Resource(s)
  -------------------------------------------------------------------    -------------------
                         (clock ap_clk rise edge)     0.000     0.000 r  
                                                      0.000     0.000 r  ap_clk (IN)
                         net (fo=1469, unset)         0.410     0.410    bd_0_i/hls_inst/inst/ap_clk
    SLICE_X53Y93         FDRE                                         r  bd_0_i/hls_inst/inst/a_0_load_1_mid2_reg_9636_reg[6]/C
  -------------------------------------------------------------------    -------------------
    SLICE_X53Y93         FDRE (Prop_fdre_C_Q)         0.141     0.551 r  bd_0_i/hls_inst/inst/a_0_load_1_mid2_reg_9636_reg[6]/Q
                         net (fo=3, routed)           0.138     0.689    bd_0_i/hls_inst/inst/a_0_load_1_mid2_reg_9636[6]
    SLICE_X52Y94         FDRE                                         r  bd_0_i/hls_inst/inst/a_0_load_1_mid2_reg_9636_pp2_iter1_reg_reg[6]/D
  -------------------------------------------------------------------    -------------------

                         (clock ap_clk rise edge)     0.000     0.000 r  
                                                      0.000     0.000 r  ap_clk (IN)
                         net (fo=1469, unset)         0.432     0.432    bd_0_i/hls_inst/inst/ap_clk
    SLICE_X52Y94         FDRE                                         r  bd_0_i/hls_inst/inst/a_0_load_1_mid2_reg_9636_pp2_iter1_reg_reg[6]/C
                         clock pessimism              0.000     0.432    
    SLICE_X52Y94         FDRE (Hold_fdre_C_D)         0.070     0.502    bd_0_i/hls_inst/inst/a_0_load_1_mid2_reg_9636_pp2_iter1_reg_reg[6]
  -------------------------------------------------------------------
                         required time                         -0.502    
                         arrival time                           0.689    
  -------------------------------------------------------------------
                         slack                                  0.187    





Pulse Width Checks
--------------------------------------------------------------------------------------
Clock Name:         ap_clk
Waveform(ns):       { 0.000 5.000 }
Period(ns):         10.000
Sources:            { ap_clk }

Check Type        Corner  Lib Pin      Reference Pin  Required(ns)  Actual(ns)  Slack(ns)  Location      Pin
Min Period        n/a     DSP48E1/CLK  n/a            3.884         10.000      6.116      DSP48_X3Y8    bd_0_i/hls_inst/inst/tmp156_reg_14413_reg/CLK
Min Period        n/a     DSP48E1/CLK  n/a            3.884         10.000      6.116      DSP48_X2Y46   bd_0_i/hls_inst/inst/tmp43_reg_14308_reg/CLK
Min Period        n/a     DSP48E1/CLK  n/a            3.884         10.000      6.116      DSP48_X2Y7    bd_0_i/hls_inst/inst/tmp94_reg_14343_reg/CLK
Min Period        n/a     DSP48E1/CLK  n/a            3.884         10.000      6.116      DSP48_X2Y11   bd_0_i/hls_inst/inst/tmp_15_128_reg_14228_reg/CLK
Min Period        n/a     DSP48E1/CLK  n/a            3.884         10.000      6.116      DSP48_X2Y23   bd_0_i/hls_inst/inst/tmp_15_15_reg_13848_reg/CLK
Min Period        n/a     DSP48E1/CLK  n/a            3.884         10.000      6.116      DSP48_X3Y40   bd_0_i/hls_inst/inst/tmp_15_193_reg_11588_reg/CLK
Min Period        n/a     DSP48E1/CLK  n/a            3.884         10.000      6.116      DSP48_X3Y50   bd_0_i/hls_inst/inst/tmp_15_45_reg_12878_reg/CLK
Min Period        n/a     DSP48E1/CLK  n/a            3.884         10.000      6.116      DSP48_X1Y14   bd_0_i/hls_inst/inst/tmp_15_78_reg_14088_reg/CLK
Min Period        n/a     DSP48E1/CLK  n/a            3.884         10.000      6.116      DSP48_X3Y39   bd_0_i/hls_inst/inst/tmp45_reg_14313_reg/CLK
Min Period        n/a     DSP48E1/CLK  n/a            3.884         10.000      6.116      DSP48_X2Y15   bd_0_i/hls_inst/inst/tmp97_reg_14348_reg/CLK
Low Pulse Width   Fast    SRL16E/CLK   n/a            0.980         5.000       4.020      SLICE_X30Y40  bd_0_i/hls_inst/inst/tmp_8_mid2_v_reg_9527_pp2_iter3_reg_reg[0]_srl2/CLK
Low Pulse Width   Fast    SRL16E/CLK   n/a            0.980         5.000       4.020      SLICE_X30Y40  bd_0_i/hls_inst/inst/tmp_8_mid2_v_reg_9527_pp2_iter3_reg_reg[1]_srl2/CLK
Low Pulse Width   Fast    SRL16E/CLK   n/a            0.980         5.000       4.020      SLICE_X30Y40  bd_0_i/hls_inst/inst/tmp_8_mid2_v_reg_9527_pp2_iter3_reg_reg[2]_srl2/CLK
Low Pulse Width   Fast    SRL16E/CLK   n/a            0.980         5.000       4.020      SLICE_X30Y40  bd_0_i/hls_inst/inst/tmp_8_mid2_v_reg_9527_pp2_iter3_reg_reg[3]_srl2/CLK
Low Pulse Width   Fast    SRL16E/CLK   n/a            0.980         5.000       4.020      SLICE_X30Y40  bd_0_i/hls_inst/inst/tmp_8_mid2_v_reg_9527_pp2_iter3_reg_reg[4]_srl2/CLK
Low Pulse Width   Fast    SRL16E/CLK   n/a            0.980         5.000       4.020      SLICE_X30Y40  bd_0_i/hls_inst/inst/tmp_8_mid2_v_reg_9527_pp2_iter3_reg_reg[5]_srl2/CLK
Low Pulse Width   Fast    SRL16E/CLK   n/a            0.980         5.000       4.020      SLICE_X30Y40  bd_0_i/hls_inst/inst/tmp_8_mid2_v_reg_9527_pp2_iter3_reg_reg[6]_srl2/CLK
Low Pulse Width   Fast    SRL16E/CLK   n/a            0.980         5.000       4.020      SLICE_X30Y40  bd_0_i/hls_inst/inst/tmp_8_mid2_v_reg_9527_pp2_iter3_reg_reg[7]_srl2/CLK
Low Pulse Width   Fast    SRL16E/CLK   n/a            0.980         5.000       4.020      SLICE_X22Y11  bd_0_i/hls_inst/inst/ib_0_i_i_mid2_reg_9521_pp2_iter4_reg_reg[0]_srl2/CLK
Low Pulse Width   Fast    SRL16E/CLK   n/a            0.980         5.000       4.020      SLICE_X22Y11  bd_0_i/hls_inst/inst/ib_0_i_i_mid2_reg_9521_pp2_iter4_reg_reg[1]_srl2/CLK
High Pulse Width  Slow    SRL16E/CLK   n/a            0.980         5.000       4.020      SLICE_X30Y40  bd_0_i/hls_inst/inst/tmp_8_mid2_v_reg_9527_pp2_iter3_reg_reg[0]_srl2/CLK
High Pulse Width  Fast    SRL16E/CLK   n/a            0.980         5.000       4.020      SLICE_X30Y40  bd_0_i/hls_inst/inst/tmp_8_mid2_v_reg_9527_pp2_iter3_reg_reg[0]_srl2/CLK
High Pulse Width  Slow    SRL16E/CLK   n/a            0.980         5.000       4.020      SLICE_X30Y40  bd_0_i/hls_inst/inst/tmp_8_mid2_v_reg_9527_pp2_iter3_reg_reg[1]_srl2/CLK
High Pulse Width  Fast    SRL16E/CLK   n/a            0.980         5.000       4.020      SLICE_X30Y40  bd_0_i/hls_inst/inst/tmp_8_mid2_v_reg_9527_pp2_iter3_reg_reg[1]_srl2/CLK
High Pulse Width  Slow    SRL16E/CLK   n/a            0.980         5.000       4.020      SLICE_X30Y40  bd_0_i/hls_inst/inst/tmp_8_mid2_v_reg_9527_pp2_iter3_reg_reg[2]_srl2/CLK
High Pulse Width  Fast    SRL16E/CLK   n/a            0.980         5.000       4.020      SLICE_X30Y40  bd_0_i/hls_inst/inst/tmp_8_mid2_v_reg_9527_pp2_iter3_reg_reg[2]_srl2/CLK
High Pulse Width  Slow    SRL16E/CLK   n/a            0.980         5.000       4.020      SLICE_X30Y40  bd_0_i/hls_inst/inst/tmp_8_mid2_v_reg_9527_pp2_iter3_reg_reg[3]_srl2/CLK
High Pulse Width  Fast    SRL16E/CLK   n/a            0.980         5.000       4.020      SLICE_X30Y40  bd_0_i/hls_inst/inst/tmp_8_mid2_v_reg_9527_pp2_iter3_reg_reg[3]_srl2/CLK
High Pulse Width  Slow    SRL16E/CLK   n/a            0.980         5.000       4.020      SLICE_X30Y40  bd_0_i/hls_inst/inst/tmp_8_mid2_v_reg_9527_pp2_iter3_reg_reg[4]_srl2/CLK
High Pulse Width  Fast    SRL16E/CLK   n/a            0.980         5.000       4.020      SLICE_X30Y40  bd_0_i/hls_inst/inst/tmp_8_mid2_v_reg_9527_pp2_iter3_reg_reg[4]_srl2/CLK



