Copyright 1986-2018 Xilinx, Inc. All Rights Reserved.
---------------------------------------------------------------------------------------------------------------------------
| Tool Version : Vivado v.2018.3 (win64) Build 2405991 Thu Dec  6 23:38:27 MST 2018
| Date         : Sun Dec  1 21:18:05 2024
| Host         : LAPTOP-G11L2QA5 running 64-bit major release  (build 9200)
| Command      : report_drc -file bd_0_wrapper_drc_opted.rpt -pb bd_0_wrapper_drc_opted.pb -rpx bd_0_wrapper_drc_opted.rpx
| Design       : bd_0_wrapper
| Device       : xc7z020clg484-1
| Speed File   : -1
| Design State : Synthesized
---------------------------------------------------------------------------------------------------------------------------

Report DRC

Table of Contents
-----------------
1. REPORT SUMMARY
2. REPORT DETAILS

1. REPORT SUMMARY
-----------------
            Netlist: netlist
          Floorplan: checkpoint_bd_0_wrapper
      Design limits: <entire design considered>
           Ruledeck: default
             Max violations: <unlimited>
             Violations found: 124
+--------+----------+------------------------+------------+
| Rule   | Severity | Description            | Violations |
+--------+----------+------------------------+------------+
| DPOP-1 | Warning  | PREG Output pipelining | 49         |
| DPOP-2 | Warning  | MREG Output pipelining | 74         |
| ZPS7-1 | Warning  | PS7 block required     | 1          |
+--------+----------+------------------------+------------+

2. REPORT DETAILS
-----------------
DPOP-1#1 Warning
PREG Output pipelining  
DSP bd_0_i/hls_inst/inst/HLS_accel_mac_mulcud_U102/HLS_accel_mac_mulcud_DSP48_1_U/p output bd_0_i/hls_inst/inst/HLS_accel_mac_mulcud_U102/HLS_accel_mac_mulcud_DSP48_1_U/p/P[47:0] is not pipelined (PREG=0). Pipelining the DSP48 output will improve performance and often saves power so it is suggested whenever possible to fully pipeline this function.  If this DSP48 function was inferred, it is suggested to describe an additional register stage after this function.  If the DSP48 was instantiated in the design, it is suggested to set the PREG attribute to 1.
Related violations: <none>

DPOP-1#2 Warning
PREG Output pipelining  
DSP bd_0_i/hls_inst/inst/HLS_accel_mac_mulcud_U104/HLS_accel_mac_mulcud_DSP48_1_U/p output bd_0_i/hls_inst/inst/HLS_accel_mac_mulcud_U104/HLS_accel_mac_mulcud_DSP48_1_U/p/P[47:0] is not pipelined (PREG=0). Pipelining the DSP48 output will improve performance and often saves power so it is suggested whenever possible to fully pipeline this function.  If this DSP48 function was inferred, it is suggested to describe an additional register stage after this function.  If the DSP48 was instantiated in the design, it is suggested to set the PREG attribute to 1.
Related violations: <none>

DPOP-1#3 Warning
PREG Output pipelining  
DSP bd_0_i/hls_inst/inst/HLS_accel_mac_mulcud_U112/HLS_accel_mac_mulcud_DSP48_1_U/p output bd_0_i/hls_inst/inst/HLS_accel_mac_mulcud_U112/HLS_accel_mac_mulcud_DSP48_1_U/p/P[47:0] is not pipelined (PREG=0). Pipelining the DSP48 output will improve performance and often saves power so it is suggested whenever possible to fully pipeline this function.  If this DSP48 function was inferred, it is suggested to describe an additional register stage after this function.  If the DSP48 was instantiated in the design, it is suggested to set the PREG attribute to 1.
Related violations: <none>

DPOP-1#4 Warning
PREG Output pipelining  
DSP bd_0_i/hls_inst/inst/HLS_accel_mac_mulcud_U114/HLS_accel_mac_mulcud_DSP48_1_U/p output bd_0_i/hls_inst/inst/HLS_accel_mac_mulcud_U114/HLS_accel_mac_mulcud_DSP48_1_U/p/P[47:0] is not pipelined (PREG=0). Pipelining the DSP48 output will improve performance and often saves power so it is suggested whenever possible to fully pipeline this function.  If this DSP48 function was inferred, it is suggested to describe an additional register stage after this function.  If the DSP48 was instantiated in the design, it is suggested to set the PREG attribute to 1.
Related violations: <none>

DPOP-1#5 Warning
PREG Output pipelining  
DSP bd_0_i/hls_inst/inst/HLS_accel_mac_mulcud_U116/HLS_accel_mac_mulcud_DSP48_1_U/p output bd_0_i/hls_inst/inst/HLS_accel_mac_mulcud_U116/HLS_accel_mac_mulcud_DSP48_1_U/p/P[47:0] is not pipelined (PREG=0). Pipelining the DSP48 output will improve performance and often saves power so it is suggested whenever possible to fully pipeline this function.  If this DSP48 function was inferred, it is suggested to describe an additional register stage after this function.  If the DSP48 was instantiated in the design, it is suggested to set the PREG attribute to 1.
Related violations: <none>

DPOP-1#6 Warning
PREG Output pipelining  
DSP bd_0_i/hls_inst/inst/HLS_accel_mac_mulcud_U118/HLS_accel_mac_mulcud_DSP48_1_U/p output bd_0_i/hls_inst/inst/HLS_accel_mac_mulcud_U118/HLS_accel_mac_mulcud_DSP48_1_U/p/P[47:0] is not pipelined (PREG=0). Pipelining the DSP48 output will improve performance and often saves power so it is suggested whenever possible to fully pipeline this function.  If this DSP48 function was inferred, it is suggested to describe an additional register stage after this function.  If the DSP48 was instantiated in the design, it is suggested to set the PREG attribute to 1.
Related violations: <none>

DPOP-1#7 Warning
PREG Output pipelining  
DSP bd_0_i/hls_inst/inst/HLS_accel_mac_mulcud_U124/HLS_accel_mac_mulcud_DSP48_1_U/p output bd_0_i/hls_inst/inst/HLS_accel_mac_mulcud_U124/HLS_accel_mac_mulcud_DSP48_1_U/p/P[47:0] is not pipelined (PREG=0). Pipelining the DSP48 output will improve performance and often saves power so it is suggested whenever possible to fully pipeline this function.  If this DSP48 function was inferred, it is suggested to describe an additional register stage after this function.  If the DSP48 was instantiated in the design, it is suggested to set the PREG attribute to 1.
Related violations: <none>

DPOP-1#8 Warning
PREG Output pipelining  
DSP bd_0_i/hls_inst/inst/HLS_accel_mac_mulcud_U125/HLS_accel_mac_mulcud_DSP48_1_U/p output bd_0_i/hls_inst/inst/HLS_accel_mac_mulcud_U125/HLS_accel_mac_mulcud_DSP48_1_U/p/P[47:0] is not pipelined (PREG=0). Pipelining the DSP48 output will improve performance and often saves power so it is suggested whenever possible to fully pipeline this function.  If this DSP48 function was inferred, it is suggested to describe an additional register stage after this function.  If the DSP48 was instantiated in the design, it is suggested to set the PREG attribute to 1.
Related violations: <none>

DPOP-1#9 Warning
PREG Output pipelining  
DSP bd_0_i/hls_inst/inst/HLS_accel_mac_mulcud_U126/HLS_accel_mac_mulcud_DSP48_1_U/p output bd_0_i/hls_inst/inst/HLS_accel_mac_mulcud_U126/HLS_accel_mac_mulcud_DSP48_1_U/p/P[47:0] is not pipelined (PREG=0). Pipelining the DSP48 output will improve performance and often saves power so it is suggested whenever possible to fully pipeline this function.  If this DSP48 function was inferred, it is suggested to describe an additional register stage after this function.  If the DSP48 was instantiated in the design, it is suggested to set the PREG attribute to 1.
Related violations: <none>

DPOP-1#10 Warning
PREG Output pipelining  
DSP bd_0_i/hls_inst/inst/HLS_accel_mac_mulcud_U131/HLS_accel_mac_mulcud_DSP48_1_U/p output bd_0_i/hls_inst/inst/HLS_accel_mac_mulcud_U131/HLS_accel_mac_mulcud_DSP48_1_U/p/P[47:0] is not pipelined (PREG=0). Pipelining the DSP48 output will improve performance and often saves power so it is suggested whenever possible to fully pipeline this function.  If this DSP48 function was inferred, it is suggested to describe an additional register stage after this function.  If the DSP48 was instantiated in the design, it is suggested to set the PREG attribute to 1.
Related violations: <none>

DPOP-1#11 Warning
PREG Output pipelining  
DSP bd_0_i/hls_inst/inst/HLS_accel_mac_mulcud_U133/HLS_accel_mac_mulcud_DSP48_1_U/p output bd_0_i/hls_inst/inst/HLS_accel_mac_mulcud_U133/HLS_accel_mac_mulcud_DSP48_1_U/p/P[47:0] is not pipelined (PREG=0). Pipelining the DSP48 output will improve performance and often saves power so it is suggested whenever possible to fully pipeline this function.  If this DSP48 function was inferred, it is suggested to describe an additional register stage after this function.  If the DSP48 was instantiated in the design, it is suggested to set the PREG attribute to 1.
Related violations: <none>

DPOP-1#12 Warning
PREG Output pipelining  
DSP bd_0_i/hls_inst/inst/HLS_accel_mac_mulcud_U139/HLS_accel_mac_mulcud_DSP48_1_U/p output bd_0_i/hls_inst/inst/HLS_accel_mac_mulcud_U139/HLS_accel_mac_mulcud_DSP48_1_U/p/P[47:0] is not pipelined (PREG=0). Pipelining the DSP48 output will improve performance and often saves power so it is suggested whenever possible to fully pipeline this function.  If this DSP48 function was inferred, it is suggested to describe an additional register stage after this function.  If the DSP48 was instantiated in the design, it is suggested to set the PREG attribute to 1.
Related violations: <none>

DPOP-1#13 Warning
PREG Output pipelining  
DSP bd_0_i/hls_inst/inst/HLS_accel_mac_mulcud_U140/HLS_accel_mac_mulcud_DSP48_1_U/p output bd_0_i/hls_inst/inst/HLS_accel_mac_mulcud_U140/HLS_accel_mac_mulcud_DSP48_1_U/p/P[47:0] is not pipelined (PREG=0). Pipelining the DSP48 output will improve performance and often saves power so it is suggested whenever possible to fully pipeline this function.  If this DSP48 function was inferred, it is suggested to describe an additional register stage after this function.  If the DSP48 was instantiated in the design, it is suggested to set the PREG attribute to 1.
Related violations: <none>

DPOP-1#14 Warning
PREG Output pipelining  
DSP bd_0_i/hls_inst/inst/HLS_accel_mac_mulcud_U141/HLS_accel_mac_mulcud_DSP48_1_U/p output bd_0_i/hls_inst/inst/HLS_accel_mac_mulcud_U141/HLS_accel_mac_mulcud_DSP48_1_U/p/P[47:0] is not pipelined (PREG=0). Pipelining the DSP48 output will improve performance and often saves power so it is suggested whenever possible to fully pipeline this function.  If this DSP48 function was inferred, it is suggested to describe an additional register stage after this function.  If the DSP48 was instantiated in the design, it is suggested to set the PREG attribute to 1.
Related violations: <none>

DPOP-1#15 Warning
PREG Output pipelining  
DSP bd_0_i/hls_inst/inst/HLS_accel_mac_mulcud_U142/HLS_accel_mac_mulcud_DSP48_1_U/p output bd_0_i/hls_inst/inst/HLS_accel_mac_mulcud_U142/HLS_accel_mac_mulcud_DSP48_1_U/p/P[47:0] is not pipelined (PREG=0). Pipelining the DSP48 output will improve performance and often saves power so it is suggested whenever possible to fully pipeline this function.  If this DSP48 function was inferred, it is suggested to describe an additional register stage after this function.  If the DSP48 was instantiated in the design, it is suggested to set the PREG attribute to 1.
Related violations: <none>

DPOP-1#16 Warning
PREG Output pipelining  
DSP bd_0_i/hls_inst/inst/HLS_accel_mac_mulcud_U144/HLS_accel_mac_mulcud_DSP48_1_U/p output bd_0_i/hls_inst/inst/HLS_accel_mac_mulcud_U144/HLS_accel_mac_mulcud_DSP48_1_U/p/P[47:0] is not pipelined (PREG=0). Pipelining the DSP48 output will improve performance and often saves power so it is suggested whenever possible to fully pipeline this function.  If this DSP48 function was inferred, it is suggested to describe an additional register stage after this function.  If the DSP48 was instantiated in the design, it is suggested to set the PREG attribute to 1.
Related violations: <none>

DPOP-1#17 Warning
PREG Output pipelining  
DSP bd_0_i/hls_inst/inst/HLS_accel_mac_mulcud_U146/HLS_accel_mac_mulcud_DSP48_1_U/p output bd_0_i/hls_inst/inst/HLS_accel_mac_mulcud_U146/HLS_accel_mac_mulcud_DSP48_1_U/p/P[47:0] is not pipelined (PREG=0). Pipelining the DSP48 output will improve performance and often saves power so it is suggested whenever possible to fully pipeline this function.  If this DSP48 function was inferred, it is suggested to describe an additional register stage after this function.  If the DSP48 was instantiated in the design, it is suggested to set the PREG attribute to 1.
Related violations: <none>

DPOP-1#18 Warning
PREG Output pipelining  
DSP bd_0_i/hls_inst/inst/HLS_accel_mac_mulcud_U148/HLS_accel_mac_mulcud_DSP48_1_U/p output bd_0_i/hls_inst/inst/HLS_accel_mac_mulcud_U148/HLS_accel_mac_mulcud_DSP48_1_U/p/P[47:0] is not pipelined (PREG=0). Pipelining the DSP48 output will improve performance and often saves power so it is suggested whenever possible to fully pipeline this function.  If this DSP48 function was inferred, it is suggested to describe an additional register stage after this function.  If the DSP48 was instantiated in the design, it is suggested to set the PREG attribute to 1.
Related violations: <none>

DPOP-1#19 Warning
PREG Output pipelining  
DSP bd_0_i/hls_inst/inst/HLS_accel_mac_mulcud_U150/HLS_accel_mac_mulcud_DSP48_1_U/p output bd_0_i/hls_inst/inst/HLS_accel_mac_mulcud_U150/HLS_accel_mac_mulcud_DSP48_1_U/p/P[47:0] is not pipelined (PREG=0). Pipelining the DSP48 output will improve performance and often saves power so it is suggested whenever possible to fully pipeline this function.  If this DSP48 function was inferred, it is suggested to describe an additional register stage after this function.  If the DSP48 was instantiated in the design, it is suggested to set the PREG attribute to 1.
Related violations: <none>

DPOP-1#20 Warning
PREG Output pipelining  
DSP bd_0_i/hls_inst/inst/HLS_accel_mac_mulcud_U151/HLS_accel_mac_mulcud_DSP48_1_U/p output bd_0_i/hls_inst/inst/HLS_accel_mac_mulcud_U151/HLS_accel_mac_mulcud_DSP48_1_U/p/P[47:0] is not pipelined (PREG=0). Pipelining the DSP48 output will improve performance and often saves power so it is suggested whenever possible to fully pipeline this function.  If this DSP48 function was inferred, it is suggested to describe an additional register stage after this function.  If the DSP48 was instantiated in the design, it is suggested to set the PREG attribute to 1.
Related violations: <none>

DPOP-1#21 Warning
PREG Output pipelining  
DSP bd_0_i/hls_inst/inst/HLS_accel_mac_mulcud_U156/HLS_accel_mac_mulcud_DSP48_1_U/p output bd_0_i/hls_inst/inst/HLS_accel_mac_mulcud_U156/HLS_accel_mac_mulcud_DSP48_1_U/p/P[47:0] is not pipelined (PREG=0). Pipelining the DSP48 output will improve performance and often saves power so it is suggested whenever possible to fully pipeline this function.  If this DSP48 function was inferred, it is suggested to describe an additional register stage after this function.  If the DSP48 was instantiated in the design, it is suggested to set the PREG attribute to 1.
Related violations: <none>

DPOP-1#22 Warning
PREG Output pipelining  
DSP bd_0_i/hls_inst/inst/HLS_accel_mac_mulcud_U158/HLS_accel_mac_mulcud_DSP48_1_U/p output bd_0_i/hls_inst/inst/HLS_accel_mac_mulcud_U158/HLS_accel_mac_mulcud_DSP48_1_U/p/P[47:0] is not pipelined (PREG=0). Pipelining the DSP48 output will improve performance and often saves power so it is suggested whenever possible to fully pipeline this function.  If this DSP48 function was inferred, it is suggested to describe an additional register stage after this function.  If the DSP48 was instantiated in the design, it is suggested to set the PREG attribute to 1.
Related violations: <none>

DPOP-1#23 Warning
PREG Output pipelining  
DSP bd_0_i/hls_inst/inst/HLS_accel_mac_mulcud_U164/HLS_accel_mac_mulcud_DSP48_1_U/p output bd_0_i/hls_inst/inst/HLS_accel_mac_mulcud_U164/HLS_accel_mac_mulcud_DSP48_1_U/p/P[47:0] is not pipelined (PREG=0). Pipelining the DSP48 output will improve performance and often saves power so it is suggested whenever possible to fully pipeline this function.  If this DSP48 function was inferred, it is suggested to describe an additional register stage after this function.  If the DSP48 was instantiated in the design, it is suggested to set the PREG attribute to 1.
Related violations: <none>

DPOP-1#24 Warning
PREG Output pipelining  
DSP bd_0_i/hls_inst/inst/HLS_accel_mac_mulcud_U165/HLS_accel_mac_mulcud_DSP48_1_U/p output bd_0_i/hls_inst/inst/HLS_accel_mac_mulcud_U165/HLS_accel_mac_mulcud_DSP48_1_U/p/P[47:0] is not pipelined (PREG=0). Pipelining the DSP48 output will improve performance and often saves power so it is suggested whenever possible to fully pipeline this function.  If this DSP48 function was inferred, it is suggested to describe an additional register stage after this function.  If the DSP48 was instantiated in the design, it is suggested to set the PREG attribute to 1.
Related violations: <none>

DPOP-1#25 Warning
PREG Output pipelining  
DSP bd_0_i/hls_inst/inst/HLS_accel_mac_mulcud_U166/HLS_accel_mac_mulcud_DSP48_1_U/p output bd_0_i/hls_inst/inst/HLS_accel_mac_mulcud_U166/HLS_accel_mac_mulcud_DSP48_1_U/p/P[47:0] is not pipelined (PREG=0). Pipelining the DSP48 output will improve performance and often saves power so it is suggested whenever possible to fully pipeline this function.  If this DSP48 function was inferred, it is suggested to describe an additional register stage after this function.  If the DSP48 was instantiated in the design, it is suggested to set the PREG attribute to 1.
Related violations: <none>

DPOP-1#26 Warning
PREG Output pipelining  
DSP bd_0_i/hls_inst/inst/HLS_accel_mac_mulcud_U167/HLS_accel_mac_mulcud_DSP48_1_U/p output bd_0_i/hls_inst/inst/HLS_accel_mac_mulcud_U167/HLS_accel_mac_mulcud_DSP48_1_U/p/P[47:0] is not pipelined (PREG=0). Pipelining the DSP48 output will improve performance and often saves power so it is suggested whenever possible to fully pipeline this function.  If this DSP48 function was inferred, it is suggested to describe an additional register stage after this function.  If the DSP48 was instantiated in the design, it is suggested to set the PREG attribute to 1.
Related violations: <none>

DPOP-1#27 Warning
PREG Output pipelining  
DSP bd_0_i/hls_inst/inst/HLS_accel_mac_mulcud_U169/HLS_accel_mac_mulcud_DSP48_1_U/p output bd_0_i/hls_inst/inst/HLS_accel_mac_mulcud_U169/HLS_accel_mac_mulcud_DSP48_1_U/p/P[47:0] is not pipelined (PREG=0). Pipelining the DSP48 output will improve performance and often saves power so it is suggested whenever possible to fully pipeline this function.  If this DSP48 function was inferred, it is suggested to describe an additional register stage after this function.  If the DSP48 was instantiated in the design, it is suggested to set the PREG attribute to 1.
Related violations: <none>

DPOP-1#28 Warning
PREG Output pipelining  
DSP bd_0_i/hls_inst/inst/HLS_accel_mac_mulcud_U171/HLS_accel_mac_mulcud_DSP48_1_U/p output bd_0_i/hls_inst/inst/HLS_accel_mac_mulcud_U171/HLS_accel_mac_mulcud_DSP48_1_U/p/P[47:0] is not pipelined (PREG=0). Pipelining the DSP48 output will improve performance and often saves power so it is suggested whenever possible to fully pipeline this function.  If this DSP48 function was inferred, it is suggested to describe an additional register stage after this function.  If the DSP48 was instantiated in the design, it is suggested to set the PREG attribute to 1.
Related violations: <none>

DPOP-1#29 Warning
PREG Output pipelining  
DSP bd_0_i/hls_inst/inst/HLS_accel_mac_mulcud_U173/HLS_accel_mac_mulcud_DSP48_1_U/p output bd_0_i/hls_inst/inst/HLS_accel_mac_mulcud_U173/HLS_accel_mac_mulcud_DSP48_1_U/p/P[47:0] is not pipelined (PREG=0). Pipelining the DSP48 output will improve performance and often saves power so it is suggested whenever possible to fully pipeline this function.  If this DSP48 function was inferred, it is suggested to describe an additional register stage after this function.  If the DSP48 was instantiated in the design, it is suggested to set the PREG attribute to 1.
Related violations: <none>

DPOP-1#30 Warning
PREG Output pipelining  
DSP bd_0_i/hls_inst/inst/HLS_accel_mac_mulcud_U175/HLS_accel_mac_mulcud_DSP48_1_U/p output bd_0_i/hls_inst/inst/HLS_accel_mac_mulcud_U175/HLS_accel_mac_mulcud_DSP48_1_U/p/P[47:0] is not pipelined (PREG=0). Pipelining the DSP48 output will improve performance and often saves power so it is suggested whenever possible to fully pipeline this function.  If this DSP48 function was inferred, it is suggested to describe an additional register stage after this function.  If the DSP48 was instantiated in the design, it is suggested to set the PREG attribute to 1.
Related violations: <none>

DPOP-1#31 Warning
PREG Output pipelining  
DSP bd_0_i/hls_inst/inst/HLS_accel_mac_mulcud_U176/HLS_accel_mac_mulcud_DSP48_1_U/p output bd_0_i/hls_inst/inst/HLS_accel_mac_mulcud_U176/HLS_accel_mac_mulcud_DSP48_1_U/p/P[47:0] is not pipelined (PREG=0). Pipelining the DSP48 output will improve performance and often saves power so it is suggested whenever possible to fully pipeline this function.  If this DSP48 function was inferred, it is suggested to describe an additional register stage after this function.  If the DSP48 was instantiated in the design, it is suggested to set the PREG attribute to 1.
Related violations: <none>

DPOP-1#32 Warning
PREG Output pipelining  
DSP bd_0_i/hls_inst/inst/HLS_accel_mac_mulcud_U177/HLS_accel_mac_mulcud_DSP48_1_U/p output bd_0_i/hls_inst/inst/HLS_accel_mac_mulcud_U177/HLS_accel_mac_mulcud_DSP48_1_U/p/P[47:0] is not pipelined (PREG=0). Pipelining the DSP48 output will improve performance and often saves power so it is suggested whenever possible to fully pipeline this function.  If this DSP48 function was inferred, it is suggested to describe an additional register stage after this function.  If the DSP48 was instantiated in the design, it is suggested to set the PREG attribute to 1.
Related violations: <none>

DPOP-1#33 Warning
PREG Output pipelining  
DSP bd_0_i/hls_inst/inst/HLS_accel_mac_mulcud_U179/HLS_accel_mac_mulcud_DSP48_1_U/p output bd_0_i/hls_inst/inst/HLS_accel_mac_mulcud_U179/HLS_accel_mac_mulcud_DSP48_1_U/p/P[47:0] is not pipelined (PREG=0). Pipelining the DSP48 output will improve performance and often saves power so it is suggested whenever possible to fully pipeline this function.  If this DSP48 function was inferred, it is suggested to describe an additional register stage after this function.  If the DSP48 was instantiated in the design, it is suggested to set the PREG attribute to 1.
Related violations: <none>

DPOP-1#34 Warning
PREG Output pipelining  
DSP bd_0_i/hls_inst/inst/HLS_accel_mac_mulcud_U181/HLS_accel_mac_mulcud_DSP48_1_U/p output bd_0_i/hls_inst/inst/HLS_accel_mac_mulcud_U181/HLS_accel_mac_mulcud_DSP48_1_U/p/P[47:0] is not pipelined (PREG=0). Pipelining the DSP48 output will improve performance and often saves power so it is suggested whenever possible to fully pipeline this function.  If this DSP48 function was inferred, it is suggested to describe an additional register stage after this function.  If the DSP48 was instantiated in the design, it is suggested to set the PREG attribute to 1.
Related violations: <none>

DPOP-1#35 Warning
PREG Output pipelining  
DSP bd_0_i/hls_inst/inst/HLS_accel_mac_mulcud_U183/HLS_accel_mac_mulcud_DSP48_1_U/p output bd_0_i/hls_inst/inst/HLS_accel_mac_mulcud_U183/HLS_accel_mac_mulcud_DSP48_1_U/p/P[47:0] is not pipelined (PREG=0). Pipelining the DSP48 output will improve performance and often saves power so it is suggested whenever possible to fully pipeline this function.  If this DSP48 function was inferred, it is suggested to describe an additional register stage after this function.  If the DSP48 was instantiated in the design, it is suggested to set the PREG attribute to 1.
Related violations: <none>

DPOP-1#36 Warning
PREG Output pipelining  
DSP bd_0_i/hls_inst/inst/HLS_accel_mac_mulcud_U185/HLS_accel_mac_mulcud_DSP48_1_U/p output bd_0_i/hls_inst/inst/HLS_accel_mac_mulcud_U185/HLS_accel_mac_mulcud_DSP48_1_U/p/P[47:0] is not pipelined (PREG=0). Pipelining the DSP48 output will improve performance and often saves power so it is suggested whenever possible to fully pipeline this function.  If this DSP48 function was inferred, it is suggested to describe an additional register stage after this function.  If the DSP48 was instantiated in the design, it is suggested to set the PREG attribute to 1.
Related violations: <none>

DPOP-1#37 Warning
PREG Output pipelining  
DSP bd_0_i/hls_inst/inst/HLS_accel_mac_mulcud_U186/HLS_accel_mac_mulcud_DSP48_1_U/p output bd_0_i/hls_inst/inst/HLS_accel_mac_mulcud_U186/HLS_accel_mac_mulcud_DSP48_1_U/p/P[47:0] is not pipelined (PREG=0). Pipelining the DSP48 output will improve performance and often saves power so it is suggested whenever possible to fully pipeline this function.  If this DSP48 function was inferred, it is suggested to describe an additional register stage after this function.  If the DSP48 was instantiated in the design, it is suggested to set the PREG attribute to 1.
Related violations: <none>

DPOP-1#38 Warning
PREG Output pipelining  
DSP bd_0_i/hls_inst/inst/HLS_accel_mac_mulcud_U187/HLS_accel_mac_mulcud_DSP48_1_U/p output bd_0_i/hls_inst/inst/HLS_accel_mac_mulcud_U187/HLS_accel_mac_mulcud_DSP48_1_U/p/P[47:0] is not pipelined (PREG=0). Pipelining the DSP48 output will improve performance and often saves power so it is suggested whenever possible to fully pipeline this function.  If this DSP48 function was inferred, it is suggested to describe an additional register stage after this function.  If the DSP48 was instantiated in the design, it is suggested to set the PREG attribute to 1.
Related violations: <none>

DPOP-1#39 Warning
PREG Output pipelining  
DSP bd_0_i/hls_inst/inst/HLS_accel_mac_mulcud_U189/HLS_accel_mac_mulcud_DSP48_1_U/p output bd_0_i/hls_inst/inst/HLS_accel_mac_mulcud_U189/HLS_accel_mac_mulcud_DSP48_1_U/p/P[47:0] is not pipelined (PREG=0). Pipelining the DSP48 output will improve performance and often saves power so it is suggested whenever possible to fully pipeline this function.  If this DSP48 function was inferred, it is suggested to describe an additional register stage after this function.  If the DSP48 was instantiated in the design, it is suggested to set the PREG attribute to 1.
Related violations: <none>

DPOP-1#40 Warning
PREG Output pipelining  
DSP bd_0_i/hls_inst/inst/HLS_accel_mac_mulcud_U191/HLS_accel_mac_mulcud_DSP48_1_U/p output bd_0_i/hls_inst/inst/HLS_accel_mac_mulcud_U191/HLS_accel_mac_mulcud_DSP48_1_U/p/P[47:0] is not pipelined (PREG=0). Pipelining the DSP48 output will improve performance and often saves power so it is suggested whenever possible to fully pipeline this function.  If this DSP48 function was inferred, it is suggested to describe an additional register stage after this function.  If the DSP48 was instantiated in the design, it is suggested to set the PREG attribute to 1.
Related violations: <none>

DPOP-1#41 Warning
PREG Output pipelining  
DSP bd_0_i/hls_inst/inst/HLS_accel_mac_mulcud_U193/HLS_accel_mac_mulcud_DSP48_1_U/p output bd_0_i/hls_inst/inst/HLS_accel_mac_mulcud_U193/HLS_accel_mac_mulcud_DSP48_1_U/p/P[47:0] is not pipelined (PREG=0). Pipelining the DSP48 output will improve performance and often saves power so it is suggested whenever possible to fully pipeline this function.  If this DSP48 function was inferred, it is suggested to describe an additional register stage after this function.  If the DSP48 was instantiated in the design, it is suggested to set the PREG attribute to 1.
Related violations: <none>

DPOP-1#42 Warning
PREG Output pipelining  
DSP bd_0_i/hls_inst/inst/HLS_accel_mac_mulcud_U195/HLS_accel_mac_mulcud_DSP48_1_U/p output bd_0_i/hls_inst/inst/HLS_accel_mac_mulcud_U195/HLS_accel_mac_mulcud_DSP48_1_U/p/P[47:0] is not pipelined (PREG=0). Pipelining the DSP48 output will improve performance and often saves power so it is suggested whenever possible to fully pipeline this function.  If this DSP48 function was inferred, it is suggested to describe an additional register stage after this function.  If the DSP48 was instantiated in the design, it is suggested to set the PREG attribute to 1.
Related violations: <none>

DPOP-1#43 Warning
PREG Output pipelining  
DSP bd_0_i/hls_inst/inst/HLS_accel_mac_mulcud_U196/HLS_accel_mac_mulcud_DSP48_1_U/p output bd_0_i/hls_inst/inst/HLS_accel_mac_mulcud_U196/HLS_accel_mac_mulcud_DSP48_1_U/p/P[47:0] is not pipelined (PREG=0). Pipelining the DSP48 output will improve performance and often saves power so it is suggested whenever possible to fully pipeline this function.  If this DSP48 function was inferred, it is suggested to describe an additional register stage after this function.  If the DSP48 was instantiated in the design, it is suggested to set the PREG attribute to 1.
Related violations: <none>

DPOP-1#44 Warning
PREG Output pipelining  
DSP bd_0_i/hls_inst/inst/HLS_accel_mac_mulcud_U197/HLS_accel_mac_mulcud_DSP48_1_U/p output bd_0_i/hls_inst/inst/HLS_accel_mac_mulcud_U197/HLS_accel_mac_mulcud_DSP48_1_U/p/P[47:0] is not pipelined (PREG=0). Pipelining the DSP48 output will improve performance and often saves power so it is suggested whenever possible to fully pipeline this function.  If this DSP48 function was inferred, it is suggested to describe an additional register stage after this function.  If the DSP48 was instantiated in the design, it is suggested to set the PREG attribute to 1.
Related violations: <none>

DPOP-1#45 Warning
PREG Output pipelining  
DSP bd_0_i/hls_inst/inst/HLS_accel_mac_mulcud_U198/HLS_accel_mac_mulcud_DSP48_1_U/p output bd_0_i/hls_inst/inst/HLS_accel_mac_mulcud_U198/HLS_accel_mac_mulcud_DSP48_1_U/p/P[47:0] is not pipelined (PREG=0). Pipelining the DSP48 output will improve performance and often saves power so it is suggested whenever possible to fully pipeline this function.  If this DSP48 function was inferred, it is suggested to describe an additional register stage after this function.  If the DSP48 was instantiated in the design, it is suggested to set the PREG attribute to 1.
Related violations: <none>

DPOP-1#46 Warning
PREG Output pipelining  
DSP bd_0_i/hls_inst/inst/HLS_accel_mac_mulcud_U199/HLS_accel_mac_mulcud_DSP48_1_U/p output bd_0_i/hls_inst/inst/HLS_accel_mac_mulcud_U199/HLS_accel_mac_mulcud_DSP48_1_U/p/P[47:0] is not pipelined (PREG=0). Pipelining the DSP48 output will improve performance and often saves power so it is suggested whenever possible to fully pipeline this function.  If this DSP48 function was inferred, it is suggested to describe an additional register stage after this function.  If the DSP48 was instantiated in the design, it is suggested to set the PREG attribute to 1.
Related violations: <none>

DPOP-1#47 Warning
PREG Output pipelining  
DSP bd_0_i/hls_inst/inst/HLS_accel_mac_mulcud_U200/HLS_accel_mac_mulcud_DSP48_1_U/p output bd_0_i/hls_inst/inst/HLS_accel_mac_mulcud_U200/HLS_accel_mac_mulcud_DSP48_1_U/p/P[47:0] is not pipelined (PREG=0). Pipelining the DSP48 output will improve performance and often saves power so it is suggested whenever possible to fully pipeline this function.  If this DSP48 function was inferred, it is suggested to describe an additional register stage after this function.  If the DSP48 was instantiated in the design, it is suggested to set the PREG attribute to 1.
Related violations: <none>

DPOP-1#48 Warning
PREG Output pipelining  
DSP bd_0_i/hls_inst/inst/HLS_accel_mac_muldEe_U201/HLS_accel_mac_muldEe_DSP48_2_U/p output bd_0_i/hls_inst/inst/HLS_accel_mac_muldEe_U201/HLS_accel_mac_muldEe_DSP48_2_U/p/P[47:0] is not pipelined (PREG=0). Pipelining the DSP48 output will improve performance and often saves power so it is suggested whenever possible to fully pipeline this function.  If this DSP48 function was inferred, it is suggested to describe an additional register stage after this function.  If the DSP48 was instantiated in the design, it is suggested to set the PREG attribute to 1.
Related violations: <none>

DPOP-1#49 Warning
PREG Output pipelining  
DSP bd_0_i/hls_inst/inst/HLS_accel_mac_muldEe_U202/HLS_accel_mac_muldEe_DSP48_2_U/p output bd_0_i/hls_inst/inst/HLS_accel_mac_muldEe_U202/HLS_accel_mac_muldEe_DSP48_2_U/p/P[47:0] is not pipelined (PREG=0). Pipelining the DSP48 output will improve performance and often saves power so it is suggested whenever possible to fully pipeline this function.  If this DSP48 function was inferred, it is suggested to describe an additional register stage after this function.  If the DSP48 was instantiated in the design, it is suggested to set the PREG attribute to 1.
Related violations: <none>

DPOP-2#1 Warning
MREG Output pipelining  
DSP bd_0_i/hls_inst/inst/HLS_accel_mac_mulcud_U102/HLS_accel_mac_mulcud_DSP48_1_U/p multiplier stage bd_0_i/hls_inst/inst/HLS_accel_mac_mulcud_U102/HLS_accel_mac_mulcud_DSP48_1_U/p/P[47:0] is not pipelined (MREG=0). Pipelining the multiplier function will improve performance and will save significant power so it is suggested whenever possible to fully pipeline this function.  If this multiplier was inferred, it is suggested to describe an additional register stage after this function.  If there is no registered adder/accumulator following the multiply function, two pipeline stages are suggested to allow both the MREG and PREG registers to be used.  If the DSP48 was instantiated in the design, it is suggested to set both the MREG and PREG attributes to 1 when performing multiply functions.
Related violations: <none>

DPOP-2#2 Warning
MREG Output pipelining  
DSP bd_0_i/hls_inst/inst/HLS_accel_mac_mulcud_U104/HLS_accel_mac_mulcud_DSP48_1_U/p multiplier stage bd_0_i/hls_inst/inst/HLS_accel_mac_mulcud_U104/HLS_accel_mac_mulcud_DSP48_1_U/p/P[47:0] is not pipelined (MREG=0). Pipelining the multiplier function will improve performance and will save significant power so it is suggested whenever possible to fully pipeline this function.  If this multiplier was inferred, it is suggested to describe an additional register stage after this function.  If there is no registered adder/accumulator following the multiply function, two pipeline stages are suggested to allow both the MREG and PREG registers to be used.  If the DSP48 was instantiated in the design, it is suggested to set both the MREG and PREG attributes to 1 when performing multiply functions.
Related violations: <none>

DPOP-2#3 Warning
MREG Output pipelining  
DSP bd_0_i/hls_inst/inst/HLS_accel_mac_mulcud_U112/HLS_accel_mac_mulcud_DSP48_1_U/p multiplier stage bd_0_i/hls_inst/inst/HLS_accel_mac_mulcud_U112/HLS_accel_mac_mulcud_DSP48_1_U/p/P[47:0] is not pipelined (MREG=0). Pipelining the multiplier function will improve performance and will save significant power so it is suggested whenever possible to fully pipeline this function.  If this multiplier was inferred, it is suggested to describe an additional register stage after this function.  If there is no registered adder/accumulator following the multiply function, two pipeline stages are suggested to allow both the MREG and PREG registers to be used.  If the DSP48 was instantiated in the design, it is suggested to set both the MREG and PREG attributes to 1 when performing multiply functions.
Related violations: <none>

DPOP-2#4 Warning
MREG Output pipelining  
DSP bd_0_i/hls_inst/inst/HLS_accel_mac_mulcud_U114/HLS_accel_mac_mulcud_DSP48_1_U/p multiplier stage bd_0_i/hls_inst/inst/HLS_accel_mac_mulcud_U114/HLS_accel_mac_mulcud_DSP48_1_U/p/P[47:0] is not pipelined (MREG=0). Pipelining the multiplier function will improve performance and will save significant power so it is suggested whenever possible to fully pipeline this function.  If this multiplier was inferred, it is suggested to describe an additional register stage after this function.  If there is no registered adder/accumulator following the multiply function, two pipeline stages are suggested to allow both the MREG and PREG registers to be used.  If the DSP48 was instantiated in the design, it is suggested to set both the MREG and PREG attributes to 1 when performing multiply functions.
Related violations: <none>

DPOP-2#5 Warning
MREG Output pipelining  
DSP bd_0_i/hls_inst/inst/HLS_accel_mac_mulcud_U116/HLS_accel_mac_mulcud_DSP48_1_U/p multiplier stage bd_0_i/hls_inst/inst/HLS_accel_mac_mulcud_U116/HLS_accel_mac_mulcud_DSP48_1_U/p/P[47:0] is not pipelined (MREG=0). Pipelining the multiplier function will improve performance and will save significant power so it is suggested whenever possible to fully pipeline this function.  If this multiplier was inferred, it is suggested to describe an additional register stage after this function.  If there is no registered adder/accumulator following the multiply function, two pipeline stages are suggested to allow both the MREG and PREG registers to be used.  If the DSP48 was instantiated in the design, it is suggested to set both the MREG and PREG attributes to 1 when performing multiply functions.
Related violations: <none>

DPOP-2#6 Warning
MREG Output pipelining  
DSP bd_0_i/hls_inst/inst/HLS_accel_mac_mulcud_U118/HLS_accel_mac_mulcud_DSP48_1_U/p multiplier stage bd_0_i/hls_inst/inst/HLS_accel_mac_mulcud_U118/HLS_accel_mac_mulcud_DSP48_1_U/p/P[47:0] is not pipelined (MREG=0). Pipelining the multiplier function will improve performance and will save significant power so it is suggested whenever possible to fully pipeline this function.  If this multiplier was inferred, it is suggested to describe an additional register stage after this function.  If there is no registered adder/accumulator following the multiply function, two pipeline stages are suggested to allow both the MREG and PREG registers to be used.  If the DSP48 was instantiated in the design, it is suggested to set both the MREG and PREG attributes to 1 when performing multiply functions.
Related violations: <none>

DPOP-2#7 Warning
MREG Output pipelining  
DSP bd_0_i/hls_inst/inst/HLS_accel_mac_mulcud_U124/HLS_accel_mac_mulcud_DSP48_1_U/p multiplier stage bd_0_i/hls_inst/inst/HLS_accel_mac_mulcud_U124/HLS_accel_mac_mulcud_DSP48_1_U/p/P[47:0] is not pipelined (MREG=0). Pipelining the multiplier function will improve performance and will save significant power so it is suggested whenever possible to fully pipeline this function.  If this multiplier was inferred, it is suggested to describe an additional register stage after this function.  If there is no registered adder/accumulator following the multiply function, two pipeline stages are suggested to allow both the MREG and PREG registers to be used.  If the DSP48 was instantiated in the design, it is suggested to set both the MREG and PREG attributes to 1 when performing multiply functions.
Related violations: <none>

DPOP-2#8 Warning
MREG Output pipelining  
DSP bd_0_i/hls_inst/inst/HLS_accel_mac_mulcud_U125/HLS_accel_mac_mulcud_DSP48_1_U/p multiplier stage bd_0_i/hls_inst/inst/HLS_accel_mac_mulcud_U125/HLS_accel_mac_mulcud_DSP48_1_U/p/P[47:0] is not pipelined (MREG=0). Pipelining the multiplier function will improve performance and will save significant power so it is suggested whenever possible to fully pipeline this function.  If this multiplier was inferred, it is suggested to describe an additional register stage after this function.  If there is no registered adder/accumulator following the multiply function, two pipeline stages are suggested to allow both the MREG and PREG registers to be used.  If the DSP48 was instantiated in the design, it is suggested to set both the MREG and PREG attributes to 1 when performing multiply functions.
Related violations: <none>

DPOP-2#9 Warning
MREG Output pipelining  
DSP bd_0_i/hls_inst/inst/HLS_accel_mac_mulcud_U126/HLS_accel_mac_mulcud_DSP48_1_U/p multiplier stage bd_0_i/hls_inst/inst/HLS_accel_mac_mulcud_U126/HLS_accel_mac_mulcud_DSP48_1_U/p/P[47:0] is not pipelined (MREG=0). Pipelining the multiplier function will improve performance and will save significant power so it is suggested whenever possible to fully pipeline this function.  If this multiplier was inferred, it is suggested to describe an additional register stage after this function.  If there is no registered adder/accumulator following the multiply function, two pipeline stages are suggested to allow both the MREG and PREG registers to be used.  If the DSP48 was instantiated in the design, it is suggested to set both the MREG and PREG attributes to 1 when performing multiply functions.
Related violations: <none>

DPOP-2#10 Warning
MREG Output pipelining  
DSP bd_0_i/hls_inst/inst/HLS_accel_mac_mulcud_U131/HLS_accel_mac_mulcud_DSP48_1_U/p multiplier stage bd_0_i/hls_inst/inst/HLS_accel_mac_mulcud_U131/HLS_accel_mac_mulcud_DSP48_1_U/p/P[47:0] is not pipelined (MREG=0). Pipelining the multiplier function will improve performance and will save significant power so it is suggested whenever possible to fully pipeline this function.  If this multiplier was inferred, it is suggested to describe an additional register stage after this function.  If there is no registered adder/accumulator following the multiply function, two pipeline stages are suggested to allow both the MREG and PREG registers to be used.  If the DSP48 was instantiated in the design, it is suggested to set both the MREG and PREG attributes to 1 when performing multiply functions.
Related violations: <none>

DPOP-2#11 Warning
MREG Output pipelining  
DSP bd_0_i/hls_inst/inst/HLS_accel_mac_mulcud_U133/HLS_accel_mac_mulcud_DSP48_1_U/p multiplier stage bd_0_i/hls_inst/inst/HLS_accel_mac_mulcud_U133/HLS_accel_mac_mulcud_DSP48_1_U/p/P[47:0] is not pipelined (MREG=0). Pipelining the multiplier function will improve performance and will save significant power so it is suggested whenever possible to fully pipeline this function.  If this multiplier was inferred, it is suggested to describe an additional register stage after this function.  If there is no registered adder/accumulator following the multiply function, two pipeline stages are suggested to allow both the MREG and PREG registers to be used.  If the DSP48 was instantiated in the design, it is suggested to set both the MREG and PREG attributes to 1 when performing multiply functions.
Related violations: <none>

DPOP-2#12 Warning
MREG Output pipelining  
DSP bd_0_i/hls_inst/inst/HLS_accel_mac_mulcud_U139/HLS_accel_mac_mulcud_DSP48_1_U/p multiplier stage bd_0_i/hls_inst/inst/HLS_accel_mac_mulcud_U139/HLS_accel_mac_mulcud_DSP48_1_U/p/P[47:0] is not pipelined (MREG=0). Pipelining the multiplier function will improve performance and will save significant power so it is suggested whenever possible to fully pipeline this function.  If this multiplier was inferred, it is suggested to describe an additional register stage after this function.  If there is no registered adder/accumulator following the multiply function, two pipeline stages are suggested to allow both the MREG and PREG registers to be used.  If the DSP48 was instantiated in the design, it is suggested to set both the MREG and PREG attributes to 1 when performing multiply functions.
Related violations: <none>

DPOP-2#13 Warning
MREG Output pipelining  
DSP bd_0_i/hls_inst/inst/HLS_accel_mac_mulcud_U140/HLS_accel_mac_mulcud_DSP48_1_U/p multiplier stage bd_0_i/hls_inst/inst/HLS_accel_mac_mulcud_U140/HLS_accel_mac_mulcud_DSP48_1_U/p/P[47:0] is not pipelined (MREG=0). Pipelining the multiplier function will improve performance and will save significant power so it is suggested whenever possible to fully pipeline this function.  If this multiplier was inferred, it is suggested to describe an additional register stage after this function.  If there is no registered adder/accumulator following the multiply function, two pipeline stages are suggested to allow both the MREG and PREG registers to be used.  If the DSP48 was instantiated in the design, it is suggested to set both the MREG and PREG attributes to 1 when performing multiply functions.
Related violations: <none>

DPOP-2#14 Warning
MREG Output pipelining  
DSP bd_0_i/hls_inst/inst/HLS_accel_mac_mulcud_U141/HLS_accel_mac_mulcud_DSP48_1_U/p multiplier stage bd_0_i/hls_inst/inst/HLS_accel_mac_mulcud_U141/HLS_accel_mac_mulcud_DSP48_1_U/p/P[47:0] is not pipelined (MREG=0). Pipelining the multiplier function will improve performance and will save significant power so it is suggested whenever possible to fully pipeline this function.  If this multiplier was inferred, it is suggested to describe an additional register stage after this function.  If there is no registered adder/accumulator following the multiply function, two pipeline stages are suggested to allow both the MREG and PREG registers to be used.  If the DSP48 was instantiated in the design, it is suggested to set both the MREG and PREG attributes to 1 when performing multiply functions.
Related violations: <none>

DPOP-2#15 Warning
MREG Output pipelining  
DSP bd_0_i/hls_inst/inst/HLS_accel_mac_mulcud_U142/HLS_accel_mac_mulcud_DSP48_1_U/p multiplier stage bd_0_i/hls_inst/inst/HLS_accel_mac_mulcud_U142/HLS_accel_mac_mulcud_DSP48_1_U/p/P[47:0] is not pipelined (MREG=0). Pipelining the multiplier function will improve performance and will save significant power so it is suggested whenever possible to fully pipeline this function.  If this multiplier was inferred, it is suggested to describe an additional register stage after this function.  If there is no registered adder/accumulator following the multiply function, two pipeline stages are suggested to allow both the MREG and PREG registers to be used.  If the DSP48 was instantiated in the design, it is suggested to set both the MREG and PREG attributes to 1 when performing multiply functions.
Related violations: <none>

DPOP-2#16 Warning
MREG Output pipelining  
DSP bd_0_i/hls_inst/inst/HLS_accel_mac_mulcud_U144/HLS_accel_mac_mulcud_DSP48_1_U/p multiplier stage bd_0_i/hls_inst/inst/HLS_accel_mac_mulcud_U144/HLS_accel_mac_mulcud_DSP48_1_U/p/P[47:0] is not pipelined (MREG=0). Pipelining the multiplier function will improve performance and will save significant power so it is suggested whenever possible to fully pipeline this function.  If this multiplier was inferred, it is suggested to describe an additional register stage after this function.  If there is no registered adder/accumulator following the multiply function, two pipeline stages are suggested to allow both the MREG and PREG registers to be used.  If the DSP48 was instantiated in the design, it is suggested to set both the MREG and PREG attributes to 1 when performing multiply functions.
Related violations: <none>

DPOP-2#17 Warning
MREG Output pipelining  
DSP bd_0_i/hls_inst/inst/HLS_accel_mac_mulcud_U146/HLS_accel_mac_mulcud_DSP48_1_U/p multiplier stage bd_0_i/hls_inst/inst/HLS_accel_mac_mulcud_U146/HLS_accel_mac_mulcud_DSP48_1_U/p/P[47:0] is not pipelined (MREG=0). Pipelining the multiplier function will improve performance and will save significant power so it is suggested whenever possible to fully pipeline this function.  If this multiplier was inferred, it is suggested to describe an additional register stage after this function.  If there is no registered adder/accumulator following the multiply function, two pipeline stages are suggested to allow both the MREG and PREG registers to be used.  If the DSP48 was instantiated in the design, it is suggested to set both the MREG and PREG attributes to 1 when performing multiply functions.
Related violations: <none>

DPOP-2#18 Warning
MREG Output pipelining  
DSP bd_0_i/hls_inst/inst/HLS_accel_mac_mulcud_U148/HLS_accel_mac_mulcud_DSP48_1_U/p multiplier stage bd_0_i/hls_inst/inst/HLS_accel_mac_mulcud_U148/HLS_accel_mac_mulcud_DSP48_1_U/p/P[47:0] is not pipelined (MREG=0). Pipelining the multiplier function will improve performance and will save significant power so it is suggested whenever possible to fully pipeline this function.  If this multiplier was inferred, it is suggested to describe an additional register stage after this function.  If there is no registered adder/accumulator following the multiply function, two pipeline stages are suggested to allow both the MREG and PREG registers to be used.  If the DSP48 was instantiated in the design, it is suggested to set both the MREG and PREG attributes to 1 when performing multiply functions.
Related violations: <none>

DPOP-2#19 Warning
MREG Output pipelining  
DSP bd_0_i/hls_inst/inst/HLS_accel_mac_mulcud_U150/HLS_accel_mac_mulcud_DSP48_1_U/p multiplier stage bd_0_i/hls_inst/inst/HLS_accel_mac_mulcud_U150/HLS_accel_mac_mulcud_DSP48_1_U/p/P[47:0] is not pipelined (MREG=0). Pipelining the multiplier function will improve performance and will save significant power so it is suggested whenever possible to fully pipeline this function.  If this multiplier was inferred, it is suggested to describe an additional register stage after this function.  If there is no registered adder/accumulator following the multiply function, two pipeline stages are suggested to allow both the MREG and PREG registers to be used.  If the DSP48 was instantiated in the design, it is suggested to set both the MREG and PREG attributes to 1 when performing multiply functions.
Related violations: <none>

DPOP-2#20 Warning
MREG Output pipelining  
DSP bd_0_i/hls_inst/inst/HLS_accel_mac_mulcud_U151/HLS_accel_mac_mulcud_DSP48_1_U/p multiplier stage bd_0_i/hls_inst/inst/HLS_accel_mac_mulcud_U151/HLS_accel_mac_mulcud_DSP48_1_U/p/P[47:0] is not pipelined (MREG=0). Pipelining the multiplier function will improve performance and will save significant power so it is suggested whenever possible to fully pipeline this function.  If this multiplier was inferred, it is suggested to describe an additional register stage after this function.  If there is no registered adder/accumulator following the multiply function, two pipeline stages are suggested to allow both the MREG and PREG registers to be used.  If the DSP48 was instantiated in the design, it is suggested to set both the MREG and PREG attributes to 1 when performing multiply functions.
Related violations: <none>

DPOP-2#21 Warning
MREG Output pipelining  
DSP bd_0_i/hls_inst/inst/HLS_accel_mac_mulcud_U156/HLS_accel_mac_mulcud_DSP48_1_U/p multiplier stage bd_0_i/hls_inst/inst/HLS_accel_mac_mulcud_U156/HLS_accel_mac_mulcud_DSP48_1_U/p/P[47:0] is not pipelined (MREG=0). Pipelining the multiplier function will improve performance and will save significant power so it is suggested whenever possible to fully pipeline this function.  If this multiplier was inferred, it is suggested to describe an additional register stage after this function.  If there is no registered adder/accumulator following the multiply function, two pipeline stages are suggested to allow both the MREG and PREG registers to be used.  If the DSP48 was instantiated in the design, it is suggested to set both the MREG and PREG attributes to 1 when performing multiply functions.
Related violations: <none>

DPOP-2#22 Warning
MREG Output pipelining  
DSP bd_0_i/hls_inst/inst/HLS_accel_mac_mulcud_U158/HLS_accel_mac_mulcud_DSP48_1_U/p multiplier stage bd_0_i/hls_inst/inst/HLS_accel_mac_mulcud_U158/HLS_accel_mac_mulcud_DSP48_1_U/p/P[47:0] is not pipelined (MREG=0). Pipelining the multiplier function will improve performance and will save significant power so it is suggested whenever possible to fully pipeline this function.  If this multiplier was inferred, it is suggested to describe an additional register stage after this function.  If there is no registered adder/accumulator following the multiply function, two pipeline stages are suggested to allow both the MREG and PREG registers to be used.  If the DSP48 was instantiated in the design, it is suggested to set both the MREG and PREG attributes to 1 when performing multiply functions.
Related violations: <none>

DPOP-2#23 Warning
MREG Output pipelining  
DSP bd_0_i/hls_inst/inst/HLS_accel_mac_mulcud_U164/HLS_accel_mac_mulcud_DSP48_1_U/p multiplier stage bd_0_i/hls_inst/inst/HLS_accel_mac_mulcud_U164/HLS_accel_mac_mulcud_DSP48_1_U/p/P[47:0] is not pipelined (MREG=0). Pipelining the multiplier function will improve performance and will save significant power so it is suggested whenever possible to fully pipeline this function.  If this multiplier was inferred, it is suggested to describe an additional register stage after this function.  If there is no registered adder/accumulator following the multiply function, two pipeline stages are suggested to allow both the MREG and PREG registers to be used.  If the DSP48 was instantiated in the design, it is suggested to set both the MREG and PREG attributes to 1 when performing multiply functions.
Related violations: <none>

DPOP-2#24 Warning
MREG Output pipelining  
DSP bd_0_i/hls_inst/inst/HLS_accel_mac_mulcud_U165/HLS_accel_mac_mulcud_DSP48_1_U/p multiplier stage bd_0_i/hls_inst/inst/HLS_accel_mac_mulcud_U165/HLS_accel_mac_mulcud_DSP48_1_U/p/P[47:0] is not pipelined (MREG=0). Pipelining the multiplier function will improve performance and will save significant power so it is suggested whenever possible to fully pipeline this function.  If this multiplier was inferred, it is suggested to describe an additional register stage after this function.  If there is no registered adder/accumulator following the multiply function, two pipeline stages are suggested to allow both the MREG and PREG registers to be used.  If the DSP48 was instantiated in the design, it is suggested to set both the MREG and PREG attributes to 1 when performing multiply functions.
Related violations: <none>

DPOP-2#25 Warning
MREG Output pipelining  
DSP bd_0_i/hls_inst/inst/HLS_accel_mac_mulcud_U166/HLS_accel_mac_mulcud_DSP48_1_U/p multiplier stage bd_0_i/hls_inst/inst/HLS_accel_mac_mulcud_U166/HLS_accel_mac_mulcud_DSP48_1_U/p/P[47:0] is not pipelined (MREG=0). Pipelining the multiplier function will improve performance and will save significant power so it is suggested whenever possible to fully pipeline this function.  If this multiplier was inferred, it is suggested to describe an additional register stage after this function.  If there is no registered adder/accumulator following the multiply function, two pipeline stages are suggested to allow both the MREG and PREG registers to be used.  If the DSP48 was instantiated in the design, it is suggested to set both the MREG and PREG attributes to 1 when performing multiply functions.
Related violations: <none>

DPOP-2#26 Warning
MREG Output pipelining  
DSP bd_0_i/hls_inst/inst/HLS_accel_mac_mulcud_U167/HLS_accel_mac_mulcud_DSP48_1_U/p multiplier stage bd_0_i/hls_inst/inst/HLS_accel_mac_mulcud_U167/HLS_accel_mac_mulcud_DSP48_1_U/p/P[47:0] is not pipelined (MREG=0). Pipelining the multiplier function will improve performance and will save significant power so it is suggested whenever possible to fully pipeline this function.  If this multiplier was inferred, it is suggested to describe an additional register stage after this function.  If there is no registered adder/accumulator following the multiply function, two pipeline stages are suggested to allow both the MREG and PREG registers to be used.  If the DSP48 was instantiated in the design, it is suggested to set both the MREG and PREG attributes to 1 when performing multiply functions.
Related violations: <none>

DPOP-2#27 Warning
MREG Output pipelining  
DSP bd_0_i/hls_inst/inst/HLS_accel_mac_mulcud_U169/HLS_accel_mac_mulcud_DSP48_1_U/p multiplier stage bd_0_i/hls_inst/inst/HLS_accel_mac_mulcud_U169/HLS_accel_mac_mulcud_DSP48_1_U/p/P[47:0] is not pipelined (MREG=0). Pipelining the multiplier function will improve performance and will save significant power so it is suggested whenever possible to fully pipeline this function.  If this multiplier was inferred, it is suggested to describe an additional register stage after this function.  If there is no registered adder/accumulator following the multiply function, two pipeline stages are suggested to allow both the MREG and PREG registers to be used.  If the DSP48 was instantiated in the design, it is suggested to set both the MREG and PREG attributes to 1 when performing multiply functions.
Related violations: <none>

DPOP-2#28 Warning
MREG Output pipelining  
DSP bd_0_i/hls_inst/inst/HLS_accel_mac_mulcud_U171/HLS_accel_mac_mulcud_DSP48_1_U/p multiplier stage bd_0_i/hls_inst/inst/HLS_accel_mac_mulcud_U171/HLS_accel_mac_mulcud_DSP48_1_U/p/P[47:0] is not pipelined (MREG=0). Pipelining the multiplier function will improve performance and will save significant power so it is suggested whenever possible to fully pipeline this function.  If this multiplier was inferred, it is suggested to describe an additional register stage after this function.  If there is no registered adder/accumulator following the multiply function, two pipeline stages are suggested to allow both the MREG and PREG registers to be used.  If the DSP48 was instantiated in the design, it is suggested to set both the MREG and PREG attributes to 1 when performing multiply functions.
Related violations: <none>

DPOP-2#29 Warning
MREG Output pipelining  
DSP bd_0_i/hls_inst/inst/HLS_accel_mac_mulcud_U173/HLS_accel_mac_mulcud_DSP48_1_U/p multiplier stage bd_0_i/hls_inst/inst/HLS_accel_mac_mulcud_U173/HLS_accel_mac_mulcud_DSP48_1_U/p/P[47:0] is not pipelined (MREG=0). Pipelining the multiplier function will improve performance and will save significant power so it is suggested whenever possible to fully pipeline this function.  If this multiplier was inferred, it is suggested to describe an additional register stage after this function.  If there is no registered adder/accumulator following the multiply function, two pipeline stages are suggested to allow both the MREG and PREG registers to be used.  If the DSP48 was instantiated in the design, it is suggested to set both the MREG and PREG attributes to 1 when performing multiply functions.
Related violations: <none>

DPOP-2#30 Warning
MREG Output pipelining  
DSP bd_0_i/hls_inst/inst/HLS_accel_mac_mulcud_U175/HLS_accel_mac_mulcud_DSP48_1_U/p multiplier stage bd_0_i/hls_inst/inst/HLS_accel_mac_mulcud_U175/HLS_accel_mac_mulcud_DSP48_1_U/p/P[47:0] is not pipelined (MREG=0). Pipelining the multiplier function will improve performance and will save significant power so it is suggested whenever possible to fully pipeline this function.  If this multiplier was inferred, it is suggested to describe an additional register stage after this function.  If there is no registered adder/accumulator following the multiply function, two pipeline stages are suggested to allow both the MREG and PREG registers to be used.  If the DSP48 was instantiated in the design, it is suggested to set both the MREG and PREG attributes to 1 when performing multiply functions.
Related violations: <none>

DPOP-2#31 Warning
MREG Output pipelining  
DSP bd_0_i/hls_inst/inst/HLS_accel_mac_mulcud_U176/HLS_accel_mac_mulcud_DSP48_1_U/p multiplier stage bd_0_i/hls_inst/inst/HLS_accel_mac_mulcud_U176/HLS_accel_mac_mulcud_DSP48_1_U/p/P[47:0] is not pipelined (MREG=0). Pipelining the multiplier function will improve performance and will save significant power so it is suggested whenever possible to fully pipeline this function.  If this multiplier was inferred, it is suggested to describe an additional register stage after this function.  If there is no registered adder/accumulator following the multiply function, two pipeline stages are suggested to allow both the MREG and PREG registers to be used.  If the DSP48 was instantiated in the design, it is suggested to set both the MREG and PREG attributes to 1 when performing multiply functions.
Related violations: <none>

DPOP-2#32 Warning
MREG Output pipelining  
DSP bd_0_i/hls_inst/inst/HLS_accel_mac_mulcud_U177/HLS_accel_mac_mulcud_DSP48_1_U/p multiplier stage bd_0_i/hls_inst/inst/HLS_accel_mac_mulcud_U177/HLS_accel_mac_mulcud_DSP48_1_U/p/P[47:0] is not pipelined (MREG=0). Pipelining the multiplier function will improve performance and will save significant power so it is suggested whenever possible to fully pipeline this function.  If this multiplier was inferred, it is suggested to describe an additional register stage after this function.  If there is no registered adder/accumulator following the multiply function, two pipeline stages are suggested to allow both the MREG and PREG registers to be used.  If the DSP48 was instantiated in the design, it is suggested to set both the MREG and PREG attributes to 1 when performing multiply functions.
Related violations: <none>

DPOP-2#33 Warning
MREG Output pipelining  
DSP bd_0_i/hls_inst/inst/HLS_accel_mac_mulcud_U179/HLS_accel_mac_mulcud_DSP48_1_U/p multiplier stage bd_0_i/hls_inst/inst/HLS_accel_mac_mulcud_U179/HLS_accel_mac_mulcud_DSP48_1_U/p/P[47:0] is not pipelined (MREG=0). Pipelining the multiplier function will improve performance and will save significant power so it is suggested whenever possible to fully pipeline this function.  If this multiplier was inferred, it is suggested to describe an additional register stage after this function.  If there is no registered adder/accumulator following the multiply function, two pipeline stages are suggested to allow both the MREG and PREG registers to be used.  If the DSP48 was instantiated in the design, it is suggested to set both the MREG and PREG attributes to 1 when performing multiply functions.
Related violations: <none>

DPOP-2#34 Warning
MREG Output pipelining  
DSP bd_0_i/hls_inst/inst/HLS_accel_mac_mulcud_U181/HLS_accel_mac_mulcud_DSP48_1_U/p multiplier stage bd_0_i/hls_inst/inst/HLS_accel_mac_mulcud_U181/HLS_accel_mac_mulcud_DSP48_1_U/p/P[47:0] is not pipelined (MREG=0). Pipelining the multiplier function will improve performance and will save significant power so it is suggested whenever possible to fully pipeline this function.  If this multiplier was inferred, it is suggested to describe an additional register stage after this function.  If there is no registered adder/accumulator following the multiply function, two pipeline stages are suggested to allow both the MREG and PREG registers to be used.  If the DSP48 was instantiated in the design, it is suggested to set both the MREG and PREG attributes to 1 when performing multiply functions.
Related violations: <none>

DPOP-2#35 Warning
MREG Output pipelining  
DSP bd_0_i/hls_inst/inst/HLS_accel_mac_mulcud_U183/HLS_accel_mac_mulcud_DSP48_1_U/p multiplier stage bd_0_i/hls_inst/inst/HLS_accel_mac_mulcud_U183/HLS_accel_mac_mulcud_DSP48_1_U/p/P[47:0] is not pipelined (MREG=0). Pipelining the multiplier function will improve performance and will save significant power so it is suggested whenever possible to fully pipeline this function.  If this multiplier was inferred, it is suggested to describe an additional register stage after this function.  If there is no registered adder/accumulator following the multiply function, two pipeline stages are suggested to allow both the MREG and PREG registers to be used.  If the DSP48 was instantiated in the design, it is suggested to set both the MREG and PREG attributes to 1 when performing multiply functions.
Related violations: <none>

DPOP-2#36 Warning
MREG Output pipelining  
DSP bd_0_i/hls_inst/inst/HLS_accel_mac_mulcud_U185/HLS_accel_mac_mulcud_DSP48_1_U/p multiplier stage bd_0_i/hls_inst/inst/HLS_accel_mac_mulcud_U185/HLS_accel_mac_mulcud_DSP48_1_U/p/P[47:0] is not pipelined (MREG=0). Pipelining the multiplier function will improve performance and will save significant power so it is suggested whenever possible to fully pipeline this function.  If this multiplier was inferred, it is suggested to describe an additional register stage after this function.  If there is no registered adder/accumulator following the multiply function, two pipeline stages are suggested to allow both the MREG and PREG registers to be used.  If the DSP48 was instantiated in the design, it is suggested to set both the MREG and PREG attributes to 1 when performing multiply functions.
Related violations: <none>

DPOP-2#37 Warning
MREG Output pipelining  
DSP bd_0_i/hls_inst/inst/HLS_accel_mac_mulcud_U186/HLS_accel_mac_mulcud_DSP48_1_U/p multiplier stage bd_0_i/hls_inst/inst/HLS_accel_mac_mulcud_U186/HLS_accel_mac_mulcud_DSP48_1_U/p/P[47:0] is not pipelined (MREG=0). Pipelining the multiplier function will improve performance and will save significant power so it is suggested whenever possible to fully pipeline this function.  If this multiplier was inferred, it is suggested to describe an additional register stage after this function.  If there is no registered adder/accumulator following the multiply function, two pipeline stages are suggested to allow both the MREG and PREG registers to be used.  If the DSP48 was instantiated in the design, it is suggested to set both the MREG and PREG attributes to 1 when performing multiply functions.
Related violations: <none>

DPOP-2#38 Warning
MREG Output pipelining  
DSP bd_0_i/hls_inst/inst/HLS_accel_mac_mulcud_U187/HLS_accel_mac_mulcud_DSP48_1_U/p multiplier stage bd_0_i/hls_inst/inst/HLS_accel_mac_mulcud_U187/HLS_accel_mac_mulcud_DSP48_1_U/p/P[47:0] is not pipelined (MREG=0). Pipelining the multiplier function will improve performance and will save significant power so it is suggested whenever possible to fully pipeline this function.  If this multiplier was inferred, it is suggested to describe an additional register stage after this function.  If there is no registered adder/accumulator following the multiply function, two pipeline stages are suggested to allow both the MREG and PREG registers to be used.  If the DSP48 was instantiated in the design, it is suggested to set both the MREG and PREG attributes to 1 when performing multiply functions.
Related violations: <none>

DPOP-2#39 Warning
MREG Output pipelining  
DSP bd_0_i/hls_inst/inst/HLS_accel_mac_mulcud_U189/HLS_accel_mac_mulcud_DSP48_1_U/p multiplier stage bd_0_i/hls_inst/inst/HLS_accel_mac_mulcud_U189/HLS_accel_mac_mulcud_DSP48_1_U/p/P[47:0] is not pipelined (MREG=0). Pipelining the multiplier function will improve performance and will save significant power so it is suggested whenever possible to fully pipeline this function.  If this multiplier was inferred, it is suggested to describe an additional register stage after this function.  If there is no registered adder/accumulator following the multiply function, two pipeline stages are suggested to allow both the MREG and PREG registers to be used.  If the DSP48 was instantiated in the design, it is suggested to set both the MREG and PREG attributes to 1 when performing multiply functions.
Related violations: <none>

DPOP-2#40 Warning
MREG Output pipelining  
DSP bd_0_i/hls_inst/inst/HLS_accel_mac_mulcud_U191/HLS_accel_mac_mulcud_DSP48_1_U/p multiplier stage bd_0_i/hls_inst/inst/HLS_accel_mac_mulcud_U191/HLS_accel_mac_mulcud_DSP48_1_U/p/P[47:0] is not pipelined (MREG=0). Pipelining the multiplier function will improve performance and will save significant power so it is suggested whenever possible to fully pipeline this function.  If this multiplier was inferred, it is suggested to describe an additional register stage after this function.  If there is no registered adder/accumulator following the multiply function, two pipeline stages are suggested to allow both the MREG and PREG registers to be used.  If the DSP48 was instantiated in the design, it is suggested to set both the MREG and PREG attributes to 1 when performing multiply functions.
Related violations: <none>

DPOP-2#41 Warning
MREG Output pipelining  
DSP bd_0_i/hls_inst/inst/HLS_accel_mac_mulcud_U193/HLS_accel_mac_mulcud_DSP48_1_U/p multiplier stage bd_0_i/hls_inst/inst/HLS_accel_mac_mulcud_U193/HLS_accel_mac_mulcud_DSP48_1_U/p/P[47:0] is not pipelined (MREG=0). Pipelining the multiplier function will improve performance and will save significant power so it is suggested whenever possible to fully pipeline this function.  If this multiplier was inferred, it is suggested to describe an additional register stage after this function.  If there is no registered adder/accumulator following the multiply function, two pipeline stages are suggested to allow both the MREG and PREG registers to be used.  If the DSP48 was instantiated in the design, it is suggested to set both the MREG and PREG attributes to 1 when performing multiply functions.
Related violations: <none>

DPOP-2#42 Warning
MREG Output pipelining  
DSP bd_0_i/hls_inst/inst/HLS_accel_mac_mulcud_U195/HLS_accel_mac_mulcud_DSP48_1_U/p multiplier stage bd_0_i/hls_inst/inst/HLS_accel_mac_mulcud_U195/HLS_accel_mac_mulcud_DSP48_1_U/p/P[47:0] is not pipelined (MREG=0). Pipelining the multiplier function will improve performance and will save significant power so it is suggested whenever possible to fully pipeline this function.  If this multiplier was inferred, it is suggested to describe an additional register stage after this function.  If there is no registered adder/accumulator following the multiply function, two pipeline stages are suggested to allow both the MREG and PREG registers to be used.  If the DSP48 was instantiated in the design, it is suggested to set both the MREG and PREG attributes to 1 when performing multiply functions.
Related violations: <none>

DPOP-2#43 Warning
MREG Output pipelining  
DSP bd_0_i/hls_inst/inst/HLS_accel_mac_mulcud_U196/HLS_accel_mac_mulcud_DSP48_1_U/p multiplier stage bd_0_i/hls_inst/inst/HLS_accel_mac_mulcud_U196/HLS_accel_mac_mulcud_DSP48_1_U/p/P[47:0] is not pipelined (MREG=0). Pipelining the multiplier function will improve performance and will save significant power so it is suggested whenever possible to fully pipeline this function.  If this multiplier was inferred, it is suggested to describe an additional register stage after this function.  If there is no registered adder/accumulator following the multiply function, two pipeline stages are suggested to allow both the MREG and PREG registers to be used.  If the DSP48 was instantiated in the design, it is suggested to set both the MREG and PREG attributes to 1 when performing multiply functions.
Related violations: <none>

DPOP-2#44 Warning
MREG Output pipelining  
DSP bd_0_i/hls_inst/inst/HLS_accel_mac_mulcud_U197/HLS_accel_mac_mulcud_DSP48_1_U/p multiplier stage bd_0_i/hls_inst/inst/HLS_accel_mac_mulcud_U197/HLS_accel_mac_mulcud_DSP48_1_U/p/P[47:0] is not pipelined (MREG=0). Pipelining the multiplier function will improve performance and will save significant power so it is suggested whenever possible to fully pipeline this function.  If this multiplier was inferred, it is suggested to describe an additional register stage after this function.  If there is no registered adder/accumulator following the multiply function, two pipeline stages are suggested to allow both the MREG and PREG registers to be used.  If the DSP48 was instantiated in the design, it is suggested to set both the MREG and PREG attributes to 1 when performing multiply functions.
Related violations: <none>

DPOP-2#45 Warning
MREG Output pipelining  
DSP bd_0_i/hls_inst/inst/HLS_accel_mac_mulcud_U198/HLS_accel_mac_mulcud_DSP48_1_U/p multiplier stage bd_0_i/hls_inst/inst/HLS_accel_mac_mulcud_U198/HLS_accel_mac_mulcud_DSP48_1_U/p/P[47:0] is not pipelined (MREG=0). Pipelining the multiplier function will improve performance and will save significant power so it is suggested whenever possible to fully pipeline this function.  If this multiplier was inferred, it is suggested to describe an additional register stage after this function.  If there is no registered adder/accumulator following the multiply function, two pipeline stages are suggested to allow both the MREG and PREG registers to be used.  If the DSP48 was instantiated in the design, it is suggested to set both the MREG and PREG attributes to 1 when performing multiply functions.
Related violations: <none>

DPOP-2#46 Warning
MREG Output pipelining  
DSP bd_0_i/hls_inst/inst/HLS_accel_mac_mulcud_U199/HLS_accel_mac_mulcud_DSP48_1_U/p multiplier stage bd_0_i/hls_inst/inst/HLS_accel_mac_mulcud_U199/HLS_accel_mac_mulcud_DSP48_1_U/p/P[47:0] is not pipelined (MREG=0). Pipelining the multiplier function will improve performance and will save significant power so it is suggested whenever possible to fully pipeline this function.  If this multiplier was inferred, it is suggested to describe an additional register stage after this function.  If there is no registered adder/accumulator following the multiply function, two pipeline stages are suggested to allow both the MREG and PREG registers to be used.  If the DSP48 was instantiated in the design, it is suggested to set both the MREG and PREG attributes to 1 when performing multiply functions.
Related violations: <none>

DPOP-2#47 Warning
MREG Output pipelining  
DSP bd_0_i/hls_inst/inst/HLS_accel_mac_mulcud_U200/HLS_accel_mac_mulcud_DSP48_1_U/p multiplier stage bd_0_i/hls_inst/inst/HLS_accel_mac_mulcud_U200/HLS_accel_mac_mulcud_DSP48_1_U/p/P[47:0] is not pipelined (MREG=0). Pipelining the multiplier function will improve performance and will save significant power so it is suggested whenever possible to fully pipeline this function.  If this multiplier was inferred, it is suggested to describe an additional register stage after this function.  If there is no registered adder/accumulator following the multiply function, two pipeline stages are suggested to allow both the MREG and PREG registers to be used.  If the DSP48 was instantiated in the design, it is suggested to set both the MREG and PREG attributes to 1 when performing multiply functions.
Related violations: <none>

DPOP-2#48 Warning
MREG Output pipelining  
DSP bd_0_i/hls_inst/inst/HLS_accel_mac_muldEe_U201/HLS_accel_mac_muldEe_DSP48_2_U/p multiplier stage bd_0_i/hls_inst/inst/HLS_accel_mac_muldEe_U201/HLS_accel_mac_muldEe_DSP48_2_U/p/P[47:0] is not pipelined (MREG=0). Pipelining the multiplier function will improve performance and will save significant power so it is suggested whenever possible to fully pipeline this function.  If this multiplier was inferred, it is suggested to describe an additional register stage after this function.  If there is no registered adder/accumulator following the multiply function, two pipeline stages are suggested to allow both the MREG and PREG registers to be used.  If the DSP48 was instantiated in the design, it is suggested to set both the MREG and PREG attributes to 1 when performing multiply functions.
Related violations: <none>

DPOP-2#49 Warning
MREG Output pipelining  
DSP bd_0_i/hls_inst/inst/HLS_accel_mac_muldEe_U202/HLS_accel_mac_muldEe_DSP48_2_U/p multiplier stage bd_0_i/hls_inst/inst/HLS_accel_mac_muldEe_U202/HLS_accel_mac_muldEe_DSP48_2_U/p/P[47:0] is not pipelined (MREG=0). Pipelining the multiplier function will improve performance and will save significant power so it is suggested whenever possible to fully pipeline this function.  If this multiplier was inferred, it is suggested to describe an additional register stage after this function.  If there is no registered adder/accumulator following the multiply function, two pipeline stages are suggested to allow both the MREG and PREG registers to be used.  If the DSP48 was instantiated in the design, it is suggested to set both the MREG and PREG attributes to 1 when performing multiply functions.
Related violations: <none>

DPOP-2#50 Warning
MREG Output pipelining  
DSP bd_0_i/hls_inst/inst/tmp120_reg_17207_reg multiplier stage bd_0_i/hls_inst/inst/tmp120_reg_17207_reg/P[47:0] is not pipelined (MREG=0). Pipelining the multiplier function will improve performance and will save significant power so it is suggested whenever possible to fully pipeline this function.  If this multiplier was inferred, it is suggested to describe an additional register stage after this function.  If there is no registered adder/accumulator following the multiply function, two pipeline stages are suggested to allow both the MREG and PREG registers to be used.  If the DSP48 was instantiated in the design, it is suggested to set both the MREG and PREG attributes to 1 when performing multiply functions.
Related violations: <none>

DPOP-2#51 Warning
MREG Output pipelining  
DSP bd_0_i/hls_inst/inst/tmp123_reg_17212_reg multiplier stage bd_0_i/hls_inst/inst/tmp123_reg_17212_reg/P[47:0] is not pipelined (MREG=0). Pipelining the multiplier function will improve performance and will save significant power so it is suggested whenever possible to fully pipeline this function.  If this multiplier was inferred, it is suggested to describe an additional register stage after this function.  If there is no registered adder/accumulator following the multiply function, two pipeline stages are suggested to allow both the MREG and PREG registers to be used.  If the DSP48 was instantiated in the design, it is suggested to set both the MREG and PREG attributes to 1 when performing multiply functions.
Related violations: <none>

DPOP-2#52 Warning
MREG Output pipelining  
DSP bd_0_i/hls_inst/inst/tmp124_reg_17217_reg multiplier stage bd_0_i/hls_inst/inst/tmp124_reg_17217_reg/P[47:0] is not pipelined (MREG=0). Pipelining the multiplier function will improve performance and will save significant power so it is suggested whenever possible to fully pipeline this function.  If this multiplier was inferred, it is suggested to describe an additional register stage after this function.  If there is no registered adder/accumulator following the multiply function, two pipeline stages are suggested to allow both the MREG and PREG registers to be used.  If the DSP48 was instantiated in the design, it is suggested to set both the MREG and PREG attributes to 1 when performing multiply functions.
Related violations: <none>

DPOP-2#53 Warning
MREG Output pipelining  
DSP bd_0_i/hls_inst/inst/tmp144_reg_17232_reg multiplier stage bd_0_i/hls_inst/inst/tmp144_reg_17232_reg/P[47:0] is not pipelined (MREG=0). Pipelining the multiplier function will improve performance and will save significant power so it is suggested whenever possible to fully pipeline this function.  If this multiplier was inferred, it is suggested to describe an additional register stage after this function.  If there is no registered adder/accumulator following the multiply function, two pipeline stages are suggested to allow both the MREG and PREG registers to be used.  If the DSP48 was instantiated in the design, it is suggested to set both the MREG and PREG attributes to 1 when performing multiply functions.
Related violations: <none>

DPOP-2#54 Warning
MREG Output pipelining  
DSP bd_0_i/hls_inst/inst/tmp147_reg_17237_reg multiplier stage bd_0_i/hls_inst/inst/tmp147_reg_17237_reg/P[47:0] is not pipelined (MREG=0). Pipelining the multiplier function will improve performance and will save significant power so it is suggested whenever possible to fully pipeline this function.  If this multiplier was inferred, it is suggested to describe an additional register stage after this function.  If there is no registered adder/accumulator following the multiply function, two pipeline stages are suggested to allow both the MREG and PREG registers to be used.  If the DSP48 was instantiated in the design, it is suggested to set both the MREG and PREG attributes to 1 when performing multiply functions.
Related violations: <none>

DPOP-2#55 Warning
MREG Output pipelining  
DSP bd_0_i/hls_inst/inst/tmp148_reg_17242_reg multiplier stage bd_0_i/hls_inst/inst/tmp148_reg_17242_reg/P[47:0] is not pipelined (MREG=0). Pipelining the multiplier function will improve performance and will save significant power so it is suggested whenever possible to fully pipeline this function.  If this multiplier was inferred, it is suggested to describe an additional register stage after this function.  If there is no registered adder/accumulator following the multiply function, two pipeline stages are suggested to allow both the MREG and PREG registers to be used.  If the DSP48 was instantiated in the design, it is suggested to set both the MREG and PREG attributes to 1 when performing multiply functions.
Related violations: <none>

DPOP-2#56 Warning
MREG Output pipelining  
DSP bd_0_i/hls_inst/inst/tmp169_reg_17272_reg multiplier stage bd_0_i/hls_inst/inst/tmp169_reg_17272_reg/P[47:0] is not pipelined (MREG=0). Pipelining the multiplier function will improve performance and will save significant power so it is suggested whenever possible to fully pipeline this function.  If this multiplier was inferred, it is suggested to describe an additional register stage after this function.  If there is no registered adder/accumulator following the multiply function, two pipeline stages are suggested to allow both the MREG and PREG registers to be used.  If the DSP48 was instantiated in the design, it is suggested to set both the MREG and PREG attributes to 1 when performing multiply functions.
Related violations: <none>

DPOP-2#57 Warning
MREG Output pipelining  
DSP bd_0_i/hls_inst/inst/tmp16_reg_17327_reg multiplier stage bd_0_i/hls_inst/inst/tmp16_reg_17327_reg/P[47:0] is not pipelined (MREG=0). Pipelining the multiplier function will improve performance and will save significant power so it is suggested whenever possible to fully pipeline this function.  If this multiplier was inferred, it is suggested to describe an additional register stage after this function.  If there is no registered adder/accumulator following the multiply function, two pipeline stages are suggested to allow both the MREG and PREG registers to be used.  If the DSP48 was instantiated in the design, it is suggested to set both the MREG and PREG attributes to 1 when performing multiply functions.
Related violations: <none>

DPOP-2#58 Warning
MREG Output pipelining  
DSP bd_0_i/hls_inst/inst/tmp172_reg_17277_reg multiplier stage bd_0_i/hls_inst/inst/tmp172_reg_17277_reg/P[47:0] is not pipelined (MREG=0). Pipelining the multiplier function will improve performance and will save significant power so it is suggested whenever possible to fully pipeline this function.  If this multiplier was inferred, it is suggested to describe an additional register stage after this function.  If there is no registered adder/accumulator following the multiply function, two pipeline stages are suggested to allow both the MREG and PREG registers to be used.  If the DSP48 was instantiated in the design, it is suggested to set both the MREG and PREG attributes to 1 when performing multiply functions.
Related violations: <none>

DPOP-2#59 Warning
MREG Output pipelining  
DSP bd_0_i/hls_inst/inst/tmp173_reg_17282_reg multiplier stage bd_0_i/hls_inst/inst/tmp173_reg_17282_reg/P[47:0] is not pipelined (MREG=0). Pipelining the multiplier function will improve performance and will save significant power so it is suggested whenever possible to fully pipeline this function.  If this multiplier was inferred, it is suggested to describe an additional register stage after this function.  If there is no registered adder/accumulator following the multiply function, two pipeline stages are suggested to allow both the MREG and PREG registers to be used.  If the DSP48 was instantiated in the design, it is suggested to set both the MREG and PREG attributes to 1 when performing multiply functions.
Related violations: <none>

DPOP-2#60 Warning
MREG Output pipelining  
DSP bd_0_i/hls_inst/inst/tmp188_reg_17297_reg multiplier stage bd_0_i/hls_inst/inst/tmp188_reg_17297_reg/P[47:0] is not pipelined (MREG=0). Pipelining the multiplier function will improve performance and will save significant power so it is suggested whenever possible to fully pipeline this function.  If this multiplier was inferred, it is suggested to describe an additional register stage after this function.  If there is no registered adder/accumulator following the multiply function, two pipeline stages are suggested to allow both the MREG and PREG registers to be used.  If the DSP48 was instantiated in the design, it is suggested to set both the MREG and PREG attributes to 1 when performing multiply functions.
Related violations: <none>

DPOP-2#61 Warning
MREG Output pipelining  
DSP bd_0_i/hls_inst/inst/tmp18_reg_17332_reg multiplier stage bd_0_i/hls_inst/inst/tmp18_reg_17332_reg/P[47:0] is not pipelined (MREG=0). Pipelining the multiplier function will improve performance and will save significant power so it is suggested whenever possible to fully pipeline this function.  If this multiplier was inferred, it is suggested to describe an additional register stage after this function.  If there is no registered adder/accumulator following the multiply function, two pipeline stages are suggested to allow both the MREG and PREG registers to be used.  If the DSP48 was instantiated in the design, it is suggested to set both the MREG and PREG attributes to 1 when performing multiply functions.
Related violations: <none>

DPOP-2#62 Warning
MREG Output pipelining  
DSP bd_0_i/hls_inst/inst/tmp190_reg_17302_reg multiplier stage bd_0_i/hls_inst/inst/tmp190_reg_17302_reg/P[47:0] is not pipelined (MREG=0). Pipelining the multiplier function will improve performance and will save significant power so it is suggested whenever possible to fully pipeline this function.  If this multiplier was inferred, it is suggested to describe an additional register stage after this function.  If there is no registered adder/accumulator following the multiply function, two pipeline stages are suggested to allow both the MREG and PREG registers to be used.  If the DSP48 was instantiated in the design, it is suggested to set both the MREG and PREG attributes to 1 when performing multiply functions.
Related violations: <none>

DPOP-2#63 Warning
MREG Output pipelining  
DSP bd_0_i/hls_inst/inst/tmp45_reg_17152_reg multiplier stage bd_0_i/hls_inst/inst/tmp45_reg_17152_reg/P[47:0] is not pipelined (MREG=0). Pipelining the multiplier function will improve performance and will save significant power so it is suggested whenever possible to fully pipeline this function.  If this multiplier was inferred, it is suggested to describe an additional register stage after this function.  If there is no registered adder/accumulator following the multiply function, two pipeline stages are suggested to allow both the MREG and PREG registers to be used.  If the DSP48 was instantiated in the design, it is suggested to set both the MREG and PREG attributes to 1 when performing multiply functions.
Related violations: <none>

DPOP-2#64 Warning
MREG Output pipelining  
DSP bd_0_i/hls_inst/inst/tmp48_reg_17157_reg multiplier stage bd_0_i/hls_inst/inst/tmp48_reg_17157_reg/P[47:0] is not pipelined (MREG=0). Pipelining the multiplier function will improve performance and will save significant power so it is suggested whenever possible to fully pipeline this function.  If this multiplier was inferred, it is suggested to describe an additional register stage after this function.  If there is no registered adder/accumulator following the multiply function, two pipeline stages are suggested to allow both the MREG and PREG registers to be used.  If the DSP48 was instantiated in the design, it is suggested to set both the MREG and PREG attributes to 1 when performing multiply functions.
Related violations: <none>

DPOP-2#65 Warning
MREG Output pipelining  
DSP bd_0_i/hls_inst/inst/tmp49_reg_17162_reg multiplier stage bd_0_i/hls_inst/inst/tmp49_reg_17162_reg/P[47:0] is not pipelined (MREG=0). Pipelining the multiplier function will improve performance and will save significant power so it is suggested whenever possible to fully pipeline this function.  If this multiplier was inferred, it is suggested to describe an additional register stage after this function.  If there is no registered adder/accumulator following the multiply function, two pipeline stages are suggested to allow both the MREG and PREG registers to be used.  If the DSP48 was instantiated in the design, it is suggested to set both the MREG and PREG attributes to 1 when performing multiply functions.
Related violations: <none>

DPOP-2#66 Warning
MREG Output pipelining  
DSP bd_0_i/hls_inst/inst/tmp54_reg_17357_reg multiplier stage bd_0_i/hls_inst/inst/tmp54_reg_17357_reg/P[47:0] is not pipelined (MREG=0). Pipelining the multiplier function will improve performance and will save significant power so it is suggested whenever possible to fully pipeline this function.  If this multiplier was inferred, it is suggested to describe an additional register stage after this function.  If there is no registered adder/accumulator following the multiply function, two pipeline stages are suggested to allow both the MREG and PREG registers to be used.  If the DSP48 was instantiated in the design, it is suggested to set both the MREG and PREG attributes to 1 when performing multiply functions.
Related violations: <none>

DPOP-2#67 Warning
MREG Output pipelining  
DSP bd_0_i/hls_inst/inst/tmp56_reg_17362_reg multiplier stage bd_0_i/hls_inst/inst/tmp56_reg_17362_reg/P[47:0] is not pipelined (MREG=0). Pipelining the multiplier function will improve performance and will save significant power so it is suggested whenever possible to fully pipeline this function.  If this multiplier was inferred, it is suggested to describe an additional register stage after this function.  If there is no registered adder/accumulator following the multiply function, two pipeline stages are suggested to allow both the MREG and PREG registers to be used.  If the DSP48 was instantiated in the design, it is suggested to set both the MREG and PREG attributes to 1 when performing multiply functions.
Related violations: <none>

DPOP-2#68 Warning
MREG Output pipelining  
DSP bd_0_i/hls_inst/inst/tmp5_reg_17312_reg multiplier stage bd_0_i/hls_inst/inst/tmp5_reg_17312_reg/P[47:0] is not pipelined (MREG=0). Pipelining the multiplier function will improve performance and will save significant power so it is suggested whenever possible to fully pipeline this function.  If this multiplier was inferred, it is suggested to describe an additional register stage after this function.  If there is no registered adder/accumulator following the multiply function, two pipeline stages are suggested to allow both the MREG and PREG registers to be used.  If the DSP48 was instantiated in the design, it is suggested to set both the MREG and PREG attributes to 1 when performing multiply functions.
Related violations: <none>

DPOP-2#69 Warning
MREG Output pipelining  
DSP bd_0_i/hls_inst/inst/tmp65_reg_17372_reg multiplier stage bd_0_i/hls_inst/inst/tmp65_reg_17372_reg/P[47:0] is not pipelined (MREG=0). Pipelining the multiplier function will improve performance and will save significant power so it is suggested whenever possible to fully pipeline this function.  If this multiplier was inferred, it is suggested to describe an additional register stage after this function.  If there is no registered adder/accumulator following the multiply function, two pipeline stages are suggested to allow both the MREG and PREG registers to be used.  If the DSP48 was instantiated in the design, it is suggested to set both the MREG and PREG attributes to 1 when performing multiply functions.
Related violations: <none>

DPOP-2#70 Warning
MREG Output pipelining  
DSP bd_0_i/hls_inst/inst/tmp67_reg_17377_reg multiplier stage bd_0_i/hls_inst/inst/tmp67_reg_17377_reg/P[47:0] is not pipelined (MREG=0). Pipelining the multiplier function will improve performance and will save significant power so it is suggested whenever possible to fully pipeline this function.  If this multiplier was inferred, it is suggested to describe an additional register stage after this function.  If there is no registered adder/accumulator following the multiply function, two pipeline stages are suggested to allow both the MREG and PREG registers to be used.  If the DSP48 was instantiated in the design, it is suggested to set both the MREG and PREG attributes to 1 when performing multiply functions.
Related violations: <none>

DPOP-2#71 Warning
MREG Output pipelining  
DSP bd_0_i/hls_inst/inst/tmp7_reg_17317_reg multiplier stage bd_0_i/hls_inst/inst/tmp7_reg_17317_reg/P[47:0] is not pipelined (MREG=0). Pipelining the multiplier function will improve performance and will save significant power so it is suggested whenever possible to fully pipeline this function.  If this multiplier was inferred, it is suggested to describe an additional register stage after this function.  If there is no registered adder/accumulator following the multiply function, two pipeline stages are suggested to allow both the MREG and PREG registers to be used.  If the DSP48 was instantiated in the design, it is suggested to set both the MREG and PREG attributes to 1 when performing multiply functions.
Related violations: <none>

DPOP-2#72 Warning
MREG Output pipelining  
DSP bd_0_i/hls_inst/inst/tmp94_reg_17182_reg multiplier stage bd_0_i/hls_inst/inst/tmp94_reg_17182_reg/P[47:0] is not pipelined (MREG=0). Pipelining the multiplier function will improve performance and will save significant power so it is suggested whenever possible to fully pipeline this function.  If this multiplier was inferred, it is suggested to describe an additional register stage after this function.  If there is no registered adder/accumulator following the multiply function, two pipeline stages are suggested to allow both the MREG and PREG registers to be used.  If the DSP48 was instantiated in the design, it is suggested to set both the MREG and PREG attributes to 1 when performing multiply functions.
Related violations: <none>

DPOP-2#73 Warning
MREG Output pipelining  
DSP bd_0_i/hls_inst/inst/tmp97_reg_17187_reg multiplier stage bd_0_i/hls_inst/inst/tmp97_reg_17187_reg/P[47:0] is not pipelined (MREG=0). Pipelining the multiplier function will improve performance and will save significant power so it is suggested whenever possible to fully pipeline this function.  If this multiplier was inferred, it is suggested to describe an additional register stage after this function.  If there is no registered adder/accumulator following the multiply function, two pipeline stages are suggested to allow both the MREG and PREG registers to be used.  If the DSP48 was instantiated in the design, it is suggested to set both the MREG and PREG attributes to 1 when performing multiply functions.
Related violations: <none>

DPOP-2#74 Warning
MREG Output pipelining  
DSP bd_0_i/hls_inst/inst/tmp98_reg_17192_reg multiplier stage bd_0_i/hls_inst/inst/tmp98_reg_17192_reg/P[47:0] is not pipelined (MREG=0). Pipelining the multiplier function will improve performance and will save significant power so it is suggested whenever possible to fully pipeline this function.  If this multiplier was inferred, it is suggested to describe an additional register stage after this function.  If there is no registered adder/accumulator following the multiply function, two pipeline stages are suggested to allow both the MREG and PREG registers to be used.  If the DSP48 was instantiated in the design, it is suggested to set both the MREG and PREG attributes to 1 when performing multiply functions.
Related violations: <none>

ZPS7-1#1 Warning
PS7 block required  
The PS7 cell must be used in this Zynq design in order to enable correct default configuration.
Related violations: <none>


