Copyright 1986-2018 Xilinx, Inc. All Rights Reserved.
-----------------------------------------------------------------------------------------
| Tool Version : Vivado v.2018.3 (win64) Build 2405991 Thu Dec  6 23:38:27 MST 2018
| Date         : Tue Dec  3 19:05:36 2024
| Host         : LAPTOP-G11L2QA5 running 64-bit major release  (build 9200)
| Command      : report_control_sets -verbose -file bd_0_wrapper_control_sets_placed.rpt
| Design       : bd_0_wrapper
| Device       : xc7z020
-----------------------------------------------------------------------------------------

Control Set Information

Table of Contents
-----------------
1. Summary
2. Histogram
3. Flip-Flop Distribution
4. Detailed Control Set Information

1. Summary
----------

+----------------------------------------------------------+-------+
|                          Status                          | Count |
+----------------------------------------------------------+-------+
| Number of unique control sets                            |    24 |
| Unused register locations in slices containing registers |    36 |
+----------------------------------------------------------+-------+


2. Histogram
------------

+--------+--------------+
| Fanout | Control Sets |
+--------+--------------+
|      4 |            1 |
|      5 |            2 |
|      8 |            5 |
|      9 |            1 |
|     11 |            1 |
|    16+ |           14 |
+--------+--------------+


3. Flip-Flop Distribution
-------------------------

+--------------+-----------------------+------------------------+-----------------+--------------+
| Clock Enable | Synchronous Set/Reset | Asynchronous Set/Reset | Total Registers | Total Slices |
+--------------+-----------------------+------------------------+-----------------+--------------+
| No           | No                    | No                     |              84 |           42 |
| No           | No                    | Yes                    |               0 |            0 |
| No           | Yes                   | No                     |              60 |           28 |
| Yes          | No                    | No                     |             551 |          180 |
| Yes          | No                    | Yes                    |               0 |            0 |
| Yes          | Yes                   | No                     |             125 |           43 |
+--------------+-----------------------+------------------------+-----------------+--------------+


4. Detailed Control Set Information
-----------------------------------

+--------------+---------------------------------------------------------------------------------------------------------+----------------------------------------------------------------------------+------------------+----------------+
| Clock Signal |                                              Enable Signal                                              |                              Set/Reset Signal                              | Slice Load Count | Bel Load Count |
+--------------+---------------------------------------------------------------------------------------------------------+----------------------------------------------------------------------------+------------------+----------------+
|  ap_clk      | bd_0_i/hls_inst/inst/HLS_accel_CONTROL_BUS_s_axi_U/waddr                                                |                                                                            |                1 |              4 |
|  ap_clk      | bd_0_i/hls_inst/inst/HLS_accel_CONTROL_BUS_s_axi_U/rdata[7]_i_1_n_3                                     |                                                                            |                4 |              5 |
|  ap_clk      | bd_0_i/hls_inst/inst/a_0_load_1_mid2_reg_9636_reg0                                                      | bd_0_i/hls_inst/inst/ib_0_i_i_mid2_reg_9521[1]_i_1_n_3                     |                2 |              5 |
|  ap_clk      |                                                                                                         | bd_0_i/hls_inst/inst/ap_CS_fsm_state5                                      |                5 |              8 |
|  ap_clk      | bd_0_i/hls_inst/inst/HLS_accel_CONTROL_BUS_s_axi_U/ap_CS_fsm_reg[0]                                     | bd_0_i/hls_inst/inst/HLS_accel_CONTROL_BUS_s_axi_U/int_ap_start_reg_0      |                4 |              8 |
|  ap_clk      | bd_0_i/hls_inst/inst/HLS_accel_mac_muldEe_U202/HLS_accel_mac_muldEe_DSP48_2_U/indvar_flatten2_reg_72850 |                                                                            |                4 |              8 |
|  ap_clk      | bd_0_i/hls_inst/inst/ib_0_i_i_reg_72740                                                                 |                                                                            |                4 |              8 |
|  ap_clk      | bd_0_i/hls_inst/inst/i4_0_i_reg_7296[7]_i_1_n_3                                                         | bd_0_i/hls_inst/inst/ap_CS_fsm_state14                                     |                2 |              8 |
|  ap_clk      | bd_0_i/hls_inst/inst/exitcond_flatten1_reg_9512                                                         |                                                                            |                3 |              9 |
|  ap_clk      | bd_0_i/hls_inst/inst/a_0_load_1_mid2_reg_9636_reg0                                                      |                                                                            |                6 |             11 |
|  ap_clk      | bd_0_i/hls_inst/inst/INPUT_STREAM_data_V_0_load_B                                                       |                                                                            |               11 |             16 |
|  ap_clk      | bd_0_i/hls_inst/inst/INPUT_STREAM_data_V_0_load_A                                                       |                                                                            |               11 |             16 |
|  ap_clk      | bd_0_i/hls_inst/inst/OUTPUT_STREAM_data_V_1_load_B                                                      |                                                                            |                8 |             16 |
|  ap_clk      | bd_0_i/hls_inst/inst/OUTPUT_STREAM_data_V_1_load_A                                                      |                                                                            |                7 |             16 |
|  ap_clk      | bd_0_i/hls_inst/inst/a_91_U/HLS_accel_a_0_ram_U/ap_CS_fsm_reg[1]                                        | bd_0_i/hls_inst/inst/HLS_accel_CONTROL_BUS_s_axi_U/indvar_flatten_reg_7186 |                8 |             24 |
|  ap_clk      | bd_0_i/hls_inst/inst/HLS_accel_mac_muldEe_U202/HLS_accel_mac_muldEe_DSP48_2_U/indvar_flatten2_reg_72850 | bd_0_i/hls_inst/inst/ap_CS_fsm_state14                                     |                7 |             24 |
|  ap_clk      | bd_0_i/hls_inst/inst/ib_0_i_i_reg_72740                                                                 | bd_0_i/hls_inst/inst/ap_CS_fsm_state5                                      |                8 |             24 |
|  ap_clk      | bd_0_i/hls_inst/inst/ap_CS_fsm_pp2_stage0                                                               |                                                                            |               17 |             26 |
|  ap_clk      | bd_0_i/hls_inst/inst/b_37_U/HLS_accel_a_0_ram_U/INPUT_STREAM_data_V_0_sel2314_out                       | bd_0_i/hls_inst/inst/clear                                                 |               12 |             32 |
|  ap_clk      | bd_0_i/hls_inst/inst/tmp1_reg_14608[15]_i_1_n_3                                                         |                                                                            |               12 |             48 |
|  ap_clk      |                                                                                                         | bd_0_i/hls_inst/inst/HLS_accel_CONTROL_BUS_s_axi_U/ap_rst_n_inv            |               23 |             52 |
|  ap_clk      | bd_0_i/hls_inst/inst/tmp_15_1_reg_13773_reg_i_2_n_3                                                     |                                                                            |               16 |             64 |
|  ap_clk      |                                                                                                         |                                                                            |               42 |            100 |
|  ap_clk      | bd_0_i/hls_inst/inst/tmp9_reg_14483[15]_i_1_n_3                                                         |                                                                            |               76 |            304 |
+--------------+---------------------------------------------------------------------------------------------------------+----------------------------------------------------------------------------+------------------+----------------+


