Copyright 1986-2018 Xilinx, Inc. All Rights Reserved.
-----------------------------------------------------------------------------------------------------------------------------------------------------------------------------------------------------------
| Tool Version : Vivado v.2018.3 (win64) Build 2405991 Thu Dec  6 23:38:27 MST 2018
| Date         : Sun Dec  1 18:22:50 2024
| Host         : LAPTOP-G11L2QA5 running 64-bit major release  (build 9200)
| Command      : report_timing_summary -max_paths 10 -file bd_0_wrapper_timing_summary_routed.rpt -pb bd_0_wrapper_timing_summary_routed.pb -rpx bd_0_wrapper_timing_summary_routed.rpx -warn_on_violation
| Design       : bd_0_wrapper
| Device       : 7z020-clg484
| Speed File   : -1  PRODUCTION 1.11 2014-09-11
-----------------------------------------------------------------------------------------------------------------------------------------------------------------------------------------------------------

Timing Summary Report

------------------------------------------------------------------------------------------------
| Timer Settings
| --------------
------------------------------------------------------------------------------------------------

  Enable Multi Corner Analysis               :  Yes
  Enable Pessimism Removal                   :  Yes
  Pessimism Removal Resolution               :  Nearest Common Node
  Enable Input Delay Default Clock           :  No
  Enable Preset / Clear Arcs                 :  No
  Disable Flight Delays                      :  No
  Ignore I/O Paths                           :  No
  Timing Early Launch at Borrowing Latches   :  false

  Corner  Analyze    Analyze    
  Name    Max Paths  Min Paths  
  ------  ---------  ---------  
  Slow    Yes        Yes        
  Fast    Yes        Yes        



check_timing report

Table of Contents
-----------------
1. checking no_clock
2. checking constant_clock
3. checking pulse_width_clock
4. checking unconstrained_internal_endpoints
5. checking no_input_delay
6. checking no_output_delay
7. checking multiple_clock
8. checking generated_clocks
9. checking loops
10. checking partial_input_delay
11. checking partial_output_delay
12. checking latch_loops

1. checking no_clock
--------------------
 There are 0 register/latch pins with no clock.


2. checking constant_clock
--------------------------
 There are 0 register/latch pins with constant_clock.


3. checking pulse_width_clock
-----------------------------
 There are 0 register/latch pins which need pulse_width check


4. checking unconstrained_internal_endpoints
--------------------------------------------
 There are 0 pins that are not constrained for maximum delay.

 There are 0 pins that are not constrained for maximum delay due to constant clock.


5. checking no_input_delay
--------------------------
 There are 36 input ports with no input delay specified. (HIGH)

 There are 0 input ports with no input delay but user has a false path constraint.


6. checking no_output_delay
---------------------------
 There are 30 ports with no output delay specified. (HIGH)

 There are 0 ports with no output delay but user has a false path constraint

 There are 0 ports with no output delay but with a timing clock defined on it or propagating through it


7. checking multiple_clock
--------------------------
 There are 0 register/latch pins with multiple clocks.


8. checking generated_clocks
----------------------------
 There are 0 generated clocks that are not connected to a clock source.


9. checking loops
-----------------
 There are 0 combinational loops in the design.


10. checking partial_input_delay
--------------------------------
 There are 0 input ports with partial input delay specified.


11. checking partial_output_delay
---------------------------------
 There are 0 ports with partial output delay specified.


12. checking latch_loops
------------------------
 There are 0 combinational latch loops in the design through latch input



------------------------------------------------------------------------------------------------
| Design Timing Summary
| ---------------------
------------------------------------------------------------------------------------------------

    WNS(ns)      TNS(ns)  TNS Failing Endpoints  TNS Total Endpoints      WHS(ns)      THS(ns)  THS Failing Endpoints  THS Total Endpoints     WPWS(ns)     TPWS(ns)  TPWS Failing Endpoints  TPWS Total Endpoints  
    -------      -------  ---------------------  -------------------      -------      -------  ---------------------  -------------------     --------     --------  ----------------------  --------------------  
      0.155        0.000                      0                25089        0.090        0.000                      0                25089        3.750        0.000                       0                  7015  


All user specified timing constraints are met.


------------------------------------------------------------------------------------------------
| Clock Summary
| -------------
------------------------------------------------------------------------------------------------

Clock   Waveform(ns)       Period(ns)      Frequency(MHz)
-----   ------------       ----------      --------------
ap_clk  {0.000 5.000}      10.000          100.000         


------------------------------------------------------------------------------------------------
| Intra Clock Table
| -----------------
------------------------------------------------------------------------------------------------

Clock             WNS(ns)      TNS(ns)  TNS Failing Endpoints  TNS Total Endpoints      WHS(ns)      THS(ns)  THS Failing Endpoints  THS Total Endpoints     WPWS(ns)     TPWS(ns)  TPWS Failing Endpoints  TPWS Total Endpoints  
-----             -------      -------  ---------------------  -------------------      -------      -------  ---------------------  -------------------     --------     --------  ----------------------  --------------------  
ap_clk              0.155        0.000                      0                25089        0.090        0.000                      0                25089        3.750        0.000                       0                  7015  


------------------------------------------------------------------------------------------------
| Inter Clock Table
| -----------------
------------------------------------------------------------------------------------------------

From Clock    To Clock          WNS(ns)      TNS(ns)  TNS Failing Endpoints  TNS Total Endpoints      WHS(ns)      THS(ns)  THS Failing Endpoints  THS Total Endpoints  
----------    --------          -------      -------  ---------------------  -------------------      -------      -------  ---------------------  -------------------  


------------------------------------------------------------------------------------------------
| Other Path Groups Table
| -----------------------
------------------------------------------------------------------------------------------------

Path Group    From Clock    To Clock          WNS(ns)      TNS(ns)  TNS Failing Endpoints  TNS Total Endpoints      WHS(ns)      THS(ns)  THS Failing Endpoints  THS Total Endpoints  
----------    ----------    --------          -------      -------  ---------------------  -------------------      -------      -------  ---------------------  -------------------  


------------------------------------------------------------------------------------------------
| Timing Details
| --------------
------------------------------------------------------------------------------------------------


---------------------------------------------------------------------------------------------------
From Clock:  ap_clk
  To Clock:  ap_clk

Setup :            0  Failing Endpoints,  Worst Slack        0.155ns,  Total Violation        0.000ns
Hold  :            0  Failing Endpoints,  Worst Slack        0.090ns,  Total Violation        0.000ns
PW    :            0  Failing Endpoints,  Worst Slack        3.750ns,  Total Violation        0.000ns
---------------------------------------------------------------------------------------------------


Max Delay Paths
--------------------------------------------------------------------------------------
Slack (MET) :             0.155ns  (required time - arrival time)
  Source:                 bd_0_i/hls_inst/inst/reg_2798_reg[6]/C
                            (rising edge-triggered cell FDRE clocked by ap_clk  {rise@0.000ns fall@5.000ns period=10.000ns})
  Destination:            bd_0_i/hls_inst/inst/out_24_U/HLS_accel_out_0_ram_U/ram_reg_0_31_0_0__5/SP/I
                            (rising edge-triggered cell RAMS32 clocked by ap_clk  {rise@0.000ns fall@5.000ns period=10.000ns})
  Path Group:             ap_clk
  Path Type:              Setup (Max at Slow Process Corner)
  Requirement:            10.000ns  (ap_clk rise@10.000ns - ap_clk rise@0.000ns)
  Data Path Delay:        9.553ns  (logic 0.456ns (4.774%)  route 9.097ns (95.226%))
  Logic Levels:           0  
  Clock Path Skew:        -0.049ns (DCD - SCD + CPR)
    Destination Clock Delay (DCD):    0.924ns = ( 10.924 - 10.000 ) 
    Source Clock Delay      (SCD):    0.973ns
    Clock Pessimism Removal (CPR):    0.000ns
  Clock Uncertainty:      0.035ns  ((TSJ^2 + TIJ^2)^1/2 + DJ) / 2 + PE
    Total System Jitter     (TSJ):    0.071ns
    Total Input Jitter      (TIJ):    0.000ns
    Discrete Jitter          (DJ):    0.000ns
    Phase Error              (PE):    0.000ns

    Location             Delay type                Incr(ns)  Path(ns)    Netlist Resource(s)
  -------------------------------------------------------------------    -------------------
                         (clock ap_clk rise edge)     0.000     0.000 r  
                                                      0.000     0.000 r  ap_clk (IN)
                         net (fo=7017, unset)         0.973     0.973    bd_0_i/hls_inst/inst/ap_clk
    SLICE_X84Y31         FDRE                                         r  bd_0_i/hls_inst/inst/reg_2798_reg[6]/C
  -------------------------------------------------------------------    -------------------
    SLICE_X84Y31         FDRE (Prop_fdre_C_Q)         0.456     1.429 r  bd_0_i/hls_inst/inst/reg_2798_reg[6]/Q
                         net (fo=163, routed)         9.097    10.526    bd_0_i/hls_inst/inst/out_24_U/HLS_accel_out_0_ram_U/ram_reg_0_31_0_0__5/D
    SLICE_X10Y24         RAMS32                                       r  bd_0_i/hls_inst/inst/out_24_U/HLS_accel_out_0_ram_U/ram_reg_0_31_0_0__5/SP/I
  -------------------------------------------------------------------    -------------------

                         (clock ap_clk rise edge)    10.000    10.000 r  
                                                      0.000    10.000 r  ap_clk (IN)
                         net (fo=7017, unset)         0.924    10.924    bd_0_i/hls_inst/inst/out_24_U/HLS_accel_out_0_ram_U/ram_reg_0_31_0_0__5/WCLK
    SLICE_X10Y24         RAMS32                                       r  bd_0_i/hls_inst/inst/out_24_U/HLS_accel_out_0_ram_U/ram_reg_0_31_0_0__5/SP/CLK
                         clock pessimism              0.000    10.924    
                         clock uncertainty           -0.035    10.889    
    SLICE_X10Y24         RAMS32 (Setup_rams32_CLK_I)
                                                     -0.208    10.681    bd_0_i/hls_inst/inst/out_24_U/HLS_accel_out_0_ram_U/ram_reg_0_31_0_0__5/SP
  -------------------------------------------------------------------
                         required time                         10.681    
                         arrival time                         -10.526    
  -------------------------------------------------------------------
                         slack                                  0.155    

Slack (MET) :             0.159ns  (required time - arrival time)
  Source:                 bd_0_i/hls_inst/inst/reg_2798_reg[6]/C
                            (rising edge-triggered cell FDRE clocked by ap_clk  {rise@0.000ns fall@5.000ns period=10.000ns})
  Destination:            bd_0_i/hls_inst/inst/out_29_U/HLS_accel_out_0_ram_U/ram_reg_0_15_0_0__11/SP/I
                            (rising edge-triggered cell RAMS32 clocked by ap_clk  {rise@0.000ns fall@5.000ns period=10.000ns})
  Path Group:             ap_clk
  Path Type:              Setup (Max at Slow Process Corner)
  Requirement:            10.000ns  (ap_clk rise@10.000ns - ap_clk rise@0.000ns)
  Data Path Delay:        9.549ns  (logic 0.456ns (4.775%)  route 9.093ns (95.225%))
  Logic Levels:           0  
  Clock Path Skew:        -0.049ns (DCD - SCD + CPR)
    Destination Clock Delay (DCD):    0.924ns = ( 10.924 - 10.000 ) 
    Source Clock Delay      (SCD):    0.973ns
    Clock Pessimism Removal (CPR):    0.000ns
  Clock Uncertainty:      0.035ns  ((TSJ^2 + TIJ^2)^1/2 + DJ) / 2 + PE
    Total System Jitter     (TSJ):    0.071ns
    Total Input Jitter      (TIJ):    0.000ns
    Discrete Jitter          (DJ):    0.000ns
    Phase Error              (PE):    0.000ns

    Location             Delay type                Incr(ns)  Path(ns)    Netlist Resource(s)
  -------------------------------------------------------------------    -------------------
                         (clock ap_clk rise edge)     0.000     0.000 r  
                                                      0.000     0.000 r  ap_clk (IN)
                         net (fo=7017, unset)         0.973     0.973    bd_0_i/hls_inst/inst/ap_clk
    SLICE_X84Y31         FDRE                                         r  bd_0_i/hls_inst/inst/reg_2798_reg[6]/C
  -------------------------------------------------------------------    -------------------
    SLICE_X84Y31         FDRE (Prop_fdre_C_Q)         0.456     1.429 r  bd_0_i/hls_inst/inst/reg_2798_reg[6]/Q
                         net (fo=163, routed)         9.093    10.522    bd_0_i/hls_inst/inst/out_29_U/HLS_accel_out_0_ram_U/ram_reg_0_15_0_0__11/D
    SLICE_X10Y33         RAMS32                                       r  bd_0_i/hls_inst/inst/out_29_U/HLS_accel_out_0_ram_U/ram_reg_0_15_0_0__11/SP/I
  -------------------------------------------------------------------    -------------------

                         (clock ap_clk rise edge)    10.000    10.000 r  
                                                      0.000    10.000 r  ap_clk (IN)
                         net (fo=7017, unset)         0.924    10.924    bd_0_i/hls_inst/inst/out_29_U/HLS_accel_out_0_ram_U/ram_reg_0_15_0_0__11/WCLK
    SLICE_X10Y33         RAMS32                                       r  bd_0_i/hls_inst/inst/out_29_U/HLS_accel_out_0_ram_U/ram_reg_0_15_0_0__11/SP/CLK
                         clock pessimism              0.000    10.924    
                         clock uncertainty           -0.035    10.889    
    SLICE_X10Y33         RAMS32 (Setup_rams32_CLK_I)
                                                     -0.208    10.681    bd_0_i/hls_inst/inst/out_29_U/HLS_accel_out_0_ram_U/ram_reg_0_15_0_0__11/SP
  -------------------------------------------------------------------
                         required time                         10.681    
                         arrival time                         -10.522    
  -------------------------------------------------------------------
                         slack                                  0.159    

Slack (MET) :             0.169ns  (required time - arrival time)
  Source:                 bd_0_i/hls_inst/inst/reg_2798_reg[6]/C
                            (rising edge-triggered cell FDRE clocked by ap_clk  {rise@0.000ns fall@5.000ns period=10.000ns})
  Destination:            bd_0_i/hls_inst/inst/out_35_U/HLS_accel_out_0_ram_U/ram_reg_0_31_0_0__5/SP/I
                            (rising edge-triggered cell RAMS32 clocked by ap_clk  {rise@0.000ns fall@5.000ns period=10.000ns})
  Path Group:             ap_clk
  Path Type:              Setup (Max at Slow Process Corner)
  Requirement:            10.000ns  (ap_clk rise@10.000ns - ap_clk rise@0.000ns)
  Data Path Delay:        9.539ns  (logic 0.456ns (4.781%)  route 9.083ns (95.219%))
  Logic Levels:           0  
  Clock Path Skew:        -0.049ns (DCD - SCD + CPR)
    Destination Clock Delay (DCD):    0.924ns = ( 10.924 - 10.000 ) 
    Source Clock Delay      (SCD):    0.973ns
    Clock Pessimism Removal (CPR):    0.000ns
  Clock Uncertainty:      0.035ns  ((TSJ^2 + TIJ^2)^1/2 + DJ) / 2 + PE
    Total System Jitter     (TSJ):    0.071ns
    Total Input Jitter      (TIJ):    0.000ns
    Discrete Jitter          (DJ):    0.000ns
    Phase Error              (PE):    0.000ns

    Location             Delay type                Incr(ns)  Path(ns)    Netlist Resource(s)
  -------------------------------------------------------------------    -------------------
                         (clock ap_clk rise edge)     0.000     0.000 r  
                                                      0.000     0.000 r  ap_clk (IN)
                         net (fo=7017, unset)         0.973     0.973    bd_0_i/hls_inst/inst/ap_clk
    SLICE_X84Y31         FDRE                                         r  bd_0_i/hls_inst/inst/reg_2798_reg[6]/C
  -------------------------------------------------------------------    -------------------
    SLICE_X84Y31         FDRE (Prop_fdre_C_Q)         0.456     1.429 r  bd_0_i/hls_inst/inst/reg_2798_reg[6]/Q
                         net (fo=163, routed)         9.083    10.512    bd_0_i/hls_inst/inst/out_35_U/HLS_accel_out_0_ram_U/ram_reg_0_31_0_0__5/D
    SLICE_X10Y21         RAMS32                                       r  bd_0_i/hls_inst/inst/out_35_U/HLS_accel_out_0_ram_U/ram_reg_0_31_0_0__5/SP/I
  -------------------------------------------------------------------    -------------------

                         (clock ap_clk rise edge)    10.000    10.000 r  
                                                      0.000    10.000 r  ap_clk (IN)
                         net (fo=7017, unset)         0.924    10.924    bd_0_i/hls_inst/inst/out_35_U/HLS_accel_out_0_ram_U/ram_reg_0_31_0_0__5/WCLK
    SLICE_X10Y21         RAMS32                                       r  bd_0_i/hls_inst/inst/out_35_U/HLS_accel_out_0_ram_U/ram_reg_0_31_0_0__5/SP/CLK
                         clock pessimism              0.000    10.924    
                         clock uncertainty           -0.035    10.889    
    SLICE_X10Y21         RAMS32 (Setup_rams32_CLK_I)
                                                     -0.208    10.681    bd_0_i/hls_inst/inst/out_35_U/HLS_accel_out_0_ram_U/ram_reg_0_31_0_0__5/SP
  -------------------------------------------------------------------
                         required time                         10.681    
                         arrival time                         -10.512    
  -------------------------------------------------------------------
                         slack                                  0.169    

Slack (MET) :             0.175ns  (required time - arrival time)
  Source:                 bd_0_i/hls_inst/inst/reg_2798_reg[6]/C
                            (rising edge-triggered cell FDRE clocked by ap_clk  {rise@0.000ns fall@5.000ns period=10.000ns})
  Destination:            bd_0_i/hls_inst/inst/out_39_U/HLS_accel_out_0_ram_U/ram_reg_0_15_0_0__12/SP/I
                            (rising edge-triggered cell RAMS32 clocked by ap_clk  {rise@0.000ns fall@5.000ns period=10.000ns})
  Path Group:             ap_clk
  Path Type:              Setup (Max at Slow Process Corner)
  Requirement:            10.000ns  (ap_clk rise@10.000ns - ap_clk rise@0.000ns)
  Data Path Delay:        9.533ns  (logic 0.456ns (4.783%)  route 9.077ns (95.217%))
  Logic Levels:           0  
  Clock Path Skew:        -0.049ns (DCD - SCD + CPR)
    Destination Clock Delay (DCD):    0.924ns = ( 10.924 - 10.000 ) 
    Source Clock Delay      (SCD):    0.973ns
    Clock Pessimism Removal (CPR):    0.000ns
  Clock Uncertainty:      0.035ns  ((TSJ^2 + TIJ^2)^1/2 + DJ) / 2 + PE
    Total System Jitter     (TSJ):    0.071ns
    Total Input Jitter      (TIJ):    0.000ns
    Discrete Jitter          (DJ):    0.000ns
    Phase Error              (PE):    0.000ns

    Location             Delay type                Incr(ns)  Path(ns)    Netlist Resource(s)
  -------------------------------------------------------------------    -------------------
                         (clock ap_clk rise edge)     0.000     0.000 r  
                                                      0.000     0.000 r  ap_clk (IN)
                         net (fo=7017, unset)         0.973     0.973    bd_0_i/hls_inst/inst/ap_clk
    SLICE_X84Y31         FDRE                                         r  bd_0_i/hls_inst/inst/reg_2798_reg[6]/C
  -------------------------------------------------------------------    -------------------
    SLICE_X84Y31         FDRE (Prop_fdre_C_Q)         0.456     1.429 r  bd_0_i/hls_inst/inst/reg_2798_reg[6]/Q
                         net (fo=163, routed)         9.077    10.506    bd_0_i/hls_inst/inst/out_39_U/HLS_accel_out_0_ram_U/ram_reg_0_15_0_0__12/D
    SLICE_X26Y18         RAMS32                                       r  bd_0_i/hls_inst/inst/out_39_U/HLS_accel_out_0_ram_U/ram_reg_0_15_0_0__12/SP/I
  -------------------------------------------------------------------    -------------------

                         (clock ap_clk rise edge)    10.000    10.000 r  
                                                      0.000    10.000 r  ap_clk (IN)
                         net (fo=7017, unset)         0.924    10.924    bd_0_i/hls_inst/inst/out_39_U/HLS_accel_out_0_ram_U/ram_reg_0_15_0_0__12/WCLK
    SLICE_X26Y18         RAMS32                                       r  bd_0_i/hls_inst/inst/out_39_U/HLS_accel_out_0_ram_U/ram_reg_0_15_0_0__12/SP/CLK
                         clock pessimism              0.000    10.924    
                         clock uncertainty           -0.035    10.889    
    SLICE_X26Y18         RAMS32 (Setup_rams32_CLK_I)
                                                     -0.208    10.681    bd_0_i/hls_inst/inst/out_39_U/HLS_accel_out_0_ram_U/ram_reg_0_15_0_0__12/SP
  -------------------------------------------------------------------
                         required time                         10.681    
                         arrival time                         -10.506    
  -------------------------------------------------------------------
                         slack                                  0.175    

Slack (MET) :             0.185ns  (required time - arrival time)
  Source:                 bd_0_i/hls_inst/inst/reg_2798_reg[6]/C
                            (rising edge-triggered cell FDRE clocked by ap_clk  {rise@0.000ns fall@5.000ns period=10.000ns})
  Destination:            bd_0_i/hls_inst/inst/out_21_U/HLS_accel_out_0_ram_U/ram_reg_0_15_0_0__11/SP/I
                            (rising edge-triggered cell RAMS32 clocked by ap_clk  {rise@0.000ns fall@5.000ns period=10.000ns})
  Path Group:             ap_clk
  Path Type:              Setup (Max at Slow Process Corner)
  Requirement:            10.000ns  (ap_clk rise@10.000ns - ap_clk rise@0.000ns)
  Data Path Delay:        9.523ns  (logic 0.456ns (4.789%)  route 9.067ns (95.211%))
  Logic Levels:           0  
  Clock Path Skew:        -0.049ns (DCD - SCD + CPR)
    Destination Clock Delay (DCD):    0.924ns = ( 10.924 - 10.000 ) 
    Source Clock Delay      (SCD):    0.973ns
    Clock Pessimism Removal (CPR):    0.000ns
  Clock Uncertainty:      0.035ns  ((TSJ^2 + TIJ^2)^1/2 + DJ) / 2 + PE
    Total System Jitter     (TSJ):    0.071ns
    Total Input Jitter      (TIJ):    0.000ns
    Discrete Jitter          (DJ):    0.000ns
    Phase Error              (PE):    0.000ns

    Location             Delay type                Incr(ns)  Path(ns)    Netlist Resource(s)
  -------------------------------------------------------------------    -------------------
                         (clock ap_clk rise edge)     0.000     0.000 r  
                                                      0.000     0.000 r  ap_clk (IN)
                         net (fo=7017, unset)         0.973     0.973    bd_0_i/hls_inst/inst/ap_clk
    SLICE_X84Y31         FDRE                                         r  bd_0_i/hls_inst/inst/reg_2798_reg[6]/C
  -------------------------------------------------------------------    -------------------
    SLICE_X84Y31         FDRE (Prop_fdre_C_Q)         0.456     1.429 r  bd_0_i/hls_inst/inst/reg_2798_reg[6]/Q
                         net (fo=163, routed)         9.067    10.496    bd_0_i/hls_inst/inst/out_21_U/HLS_accel_out_0_ram_U/ram_reg_0_15_0_0__11/D
    SLICE_X14Y21         RAMS32                                       r  bd_0_i/hls_inst/inst/out_21_U/HLS_accel_out_0_ram_U/ram_reg_0_15_0_0__11/SP/I
  -------------------------------------------------------------------    -------------------

                         (clock ap_clk rise edge)    10.000    10.000 r  
                                                      0.000    10.000 r  ap_clk (IN)
                         net (fo=7017, unset)         0.924    10.924    bd_0_i/hls_inst/inst/out_21_U/HLS_accel_out_0_ram_U/ram_reg_0_15_0_0__11/WCLK
    SLICE_X14Y21         RAMS32                                       r  bd_0_i/hls_inst/inst/out_21_U/HLS_accel_out_0_ram_U/ram_reg_0_15_0_0__11/SP/CLK
                         clock pessimism              0.000    10.924    
                         clock uncertainty           -0.035    10.889    
    SLICE_X14Y21         RAMS32 (Setup_rams32_CLK_I)
                                                     -0.208    10.681    bd_0_i/hls_inst/inst/out_21_U/HLS_accel_out_0_ram_U/ram_reg_0_15_0_0__11/SP
  -------------------------------------------------------------------
                         required time                         10.681    
                         arrival time                         -10.496    
  -------------------------------------------------------------------
                         slack                                  0.185    

Slack (MET) :             0.187ns  (required time - arrival time)
  Source:                 bd_0_i/hls_inst/inst/reg_2798_reg[6]/C
                            (rising edge-triggered cell FDRE clocked by ap_clk  {rise@0.000ns fall@5.000ns period=10.000ns})
  Destination:            bd_0_i/hls_inst/inst/out_25_U/HLS_accel_out_0_ram_U/ram_reg_0_15_0_0__12/SP/I
                            (rising edge-triggered cell RAMS32 clocked by ap_clk  {rise@0.000ns fall@5.000ns period=10.000ns})
  Path Group:             ap_clk
  Path Type:              Setup (Max at Slow Process Corner)
  Requirement:            10.000ns  (ap_clk rise@10.000ns - ap_clk rise@0.000ns)
  Data Path Delay:        9.521ns  (logic 0.456ns (4.789%)  route 9.065ns (95.211%))
  Logic Levels:           0  
  Clock Path Skew:        -0.049ns (DCD - SCD + CPR)
    Destination Clock Delay (DCD):    0.924ns = ( 10.924 - 10.000 ) 
    Source Clock Delay      (SCD):    0.973ns
    Clock Pessimism Removal (CPR):    0.000ns
  Clock Uncertainty:      0.035ns  ((TSJ^2 + TIJ^2)^1/2 + DJ) / 2 + PE
    Total System Jitter     (TSJ):    0.071ns
    Total Input Jitter      (TIJ):    0.000ns
    Discrete Jitter          (DJ):    0.000ns
    Phase Error              (PE):    0.000ns

    Location             Delay type                Incr(ns)  Path(ns)    Netlist Resource(s)
  -------------------------------------------------------------------    -------------------
                         (clock ap_clk rise edge)     0.000     0.000 r  
                                                      0.000     0.000 r  ap_clk (IN)
                         net (fo=7017, unset)         0.973     0.973    bd_0_i/hls_inst/inst/ap_clk
    SLICE_X84Y31         FDRE                                         r  bd_0_i/hls_inst/inst/reg_2798_reg[6]/C
  -------------------------------------------------------------------    -------------------
    SLICE_X84Y31         FDRE (Prop_fdre_C_Q)         0.456     1.429 r  bd_0_i/hls_inst/inst/reg_2798_reg[6]/Q
                         net (fo=163, routed)         9.065    10.494    bd_0_i/hls_inst/inst/out_25_U/HLS_accel_out_0_ram_U/ram_reg_0_15_0_0__12/D
    SLICE_X26Y31         RAMS32                                       r  bd_0_i/hls_inst/inst/out_25_U/HLS_accel_out_0_ram_U/ram_reg_0_15_0_0__12/SP/I
  -------------------------------------------------------------------    -------------------

                         (clock ap_clk rise edge)    10.000    10.000 r  
                                                      0.000    10.000 r  ap_clk (IN)
                         net (fo=7017, unset)         0.924    10.924    bd_0_i/hls_inst/inst/out_25_U/HLS_accel_out_0_ram_U/ram_reg_0_15_0_0__12/WCLK
    SLICE_X26Y31         RAMS32                                       r  bd_0_i/hls_inst/inst/out_25_U/HLS_accel_out_0_ram_U/ram_reg_0_15_0_0__12/SP/CLK
                         clock pessimism              0.000    10.924    
                         clock uncertainty           -0.035    10.889    
    SLICE_X26Y31         RAMS32 (Setup_rams32_CLK_I)
                                                     -0.208    10.681    bd_0_i/hls_inst/inst/out_25_U/HLS_accel_out_0_ram_U/ram_reg_0_15_0_0__12/SP
  -------------------------------------------------------------------
                         required time                         10.681    
                         arrival time                         -10.494    
  -------------------------------------------------------------------
                         slack                                  0.187    

Slack (MET) :             0.189ns  (required time - arrival time)
  Source:                 bd_0_i/hls_inst/inst/reg_2798_reg[6]/C
                            (rising edge-triggered cell FDRE clocked by ap_clk  {rise@0.000ns fall@5.000ns period=10.000ns})
  Destination:            bd_0_i/hls_inst/inst/out_20_U/HLS_accel_out_0_ram_U/ram_reg_0_15_0_0__12/SP/I
                            (rising edge-triggered cell RAMS32 clocked by ap_clk  {rise@0.000ns fall@5.000ns period=10.000ns})
  Path Group:             ap_clk
  Path Type:              Setup (Max at Slow Process Corner)
  Requirement:            10.000ns  (ap_clk rise@10.000ns - ap_clk rise@0.000ns)
  Data Path Delay:        9.519ns  (logic 0.456ns (4.790%)  route 9.063ns (95.210%))
  Logic Levels:           0  
  Clock Path Skew:        -0.049ns (DCD - SCD + CPR)
    Destination Clock Delay (DCD):    0.924ns = ( 10.924 - 10.000 ) 
    Source Clock Delay      (SCD):    0.973ns
    Clock Pessimism Removal (CPR):    0.000ns
  Clock Uncertainty:      0.035ns  ((TSJ^2 + TIJ^2)^1/2 + DJ) / 2 + PE
    Total System Jitter     (TSJ):    0.071ns
    Total Input Jitter      (TIJ):    0.000ns
    Discrete Jitter          (DJ):    0.000ns
    Phase Error              (PE):    0.000ns

    Location             Delay type                Incr(ns)  Path(ns)    Netlist Resource(s)
  -------------------------------------------------------------------    -------------------
                         (clock ap_clk rise edge)     0.000     0.000 r  
                                                      0.000     0.000 r  ap_clk (IN)
                         net (fo=7017, unset)         0.973     0.973    bd_0_i/hls_inst/inst/ap_clk
    SLICE_X84Y31         FDRE                                         r  bd_0_i/hls_inst/inst/reg_2798_reg[6]/C
  -------------------------------------------------------------------    -------------------
    SLICE_X84Y31         FDRE (Prop_fdre_C_Q)         0.456     1.429 r  bd_0_i/hls_inst/inst/reg_2798_reg[6]/Q
                         net (fo=163, routed)         9.063    10.492    bd_0_i/hls_inst/inst/out_20_U/HLS_accel_out_0_ram_U/ram_reg_0_15_0_0__12/D
    SLICE_X16Y35         RAMS32                                       r  bd_0_i/hls_inst/inst/out_20_U/HLS_accel_out_0_ram_U/ram_reg_0_15_0_0__12/SP/I
  -------------------------------------------------------------------    -------------------

                         (clock ap_clk rise edge)    10.000    10.000 r  
                                                      0.000    10.000 r  ap_clk (IN)
                         net (fo=7017, unset)         0.924    10.924    bd_0_i/hls_inst/inst/out_20_U/HLS_accel_out_0_ram_U/ram_reg_0_15_0_0__12/WCLK
    SLICE_X16Y35         RAMS32                                       r  bd_0_i/hls_inst/inst/out_20_U/HLS_accel_out_0_ram_U/ram_reg_0_15_0_0__12/SP/CLK
                         clock pessimism              0.000    10.924    
                         clock uncertainty           -0.035    10.889    
    SLICE_X16Y35         RAMS32 (Setup_rams32_CLK_I)
                                                     -0.208    10.681    bd_0_i/hls_inst/inst/out_20_U/HLS_accel_out_0_ram_U/ram_reg_0_15_0_0__12/SP
  -------------------------------------------------------------------
                         required time                         10.681    
                         arrival time                         -10.492    
  -------------------------------------------------------------------
                         slack                                  0.189    

Slack (MET) :             0.190ns  (required time - arrival time)
  Source:                 bd_0_i/hls_inst/inst/reg_2798_reg[14]/C
                            (rising edge-triggered cell FDRE clocked by ap_clk  {rise@0.000ns fall@5.000ns period=10.000ns})
  Destination:            bd_0_i/hls_inst/inst/out_24_U/HLS_accel_out_0_ram_U/ram_reg_0_31_0_0__13/SP/I
                            (rising edge-triggered cell RAMS32 clocked by ap_clk  {rise@0.000ns fall@5.000ns period=10.000ns})
  Path Group:             ap_clk
  Path Type:              Setup (Max at Slow Process Corner)
  Requirement:            10.000ns  (ap_clk rise@10.000ns - ap_clk rise@0.000ns)
  Data Path Delay:        9.518ns  (logic 0.456ns (4.791%)  route 9.062ns (95.209%))
  Logic Levels:           0  
  Clock Path Skew:        -0.049ns (DCD - SCD + CPR)
    Destination Clock Delay (DCD):    0.924ns = ( 10.924 - 10.000 ) 
    Source Clock Delay      (SCD):    0.973ns
    Clock Pessimism Removal (CPR):    0.000ns
  Clock Uncertainty:      0.035ns  ((TSJ^2 + TIJ^2)^1/2 + DJ) / 2 + PE
    Total System Jitter     (TSJ):    0.071ns
    Total Input Jitter      (TIJ):    0.000ns
    Discrete Jitter          (DJ):    0.000ns
    Phase Error              (PE):    0.000ns

    Location             Delay type                Incr(ns)  Path(ns)    Netlist Resource(s)
  -------------------------------------------------------------------    -------------------
                         (clock ap_clk rise edge)     0.000     0.000 r  
                                                      0.000     0.000 r  ap_clk (IN)
                         net (fo=7017, unset)         0.973     0.973    bd_0_i/hls_inst/inst/ap_clk
    SLICE_X84Y32         FDRE                                         r  bd_0_i/hls_inst/inst/reg_2798_reg[14]/C
  -------------------------------------------------------------------    -------------------
    SLICE_X84Y32         FDRE (Prop_fdre_C_Q)         0.456     1.429 r  bd_0_i/hls_inst/inst/reg_2798_reg[14]/Q
                         net (fo=163, routed)         9.062    10.491    bd_0_i/hls_inst/inst/out_24_U/HLS_accel_out_0_ram_U/ram_reg_0_31_0_0__13/D
    SLICE_X26Y93         RAMS32                                       r  bd_0_i/hls_inst/inst/out_24_U/HLS_accel_out_0_ram_U/ram_reg_0_31_0_0__13/SP/I
  -------------------------------------------------------------------    -------------------

                         (clock ap_clk rise edge)    10.000    10.000 r  
                                                      0.000    10.000 r  ap_clk (IN)
                         net (fo=7017, unset)         0.924    10.924    bd_0_i/hls_inst/inst/out_24_U/HLS_accel_out_0_ram_U/ram_reg_0_31_0_0__13/WCLK
    SLICE_X26Y93         RAMS32                                       r  bd_0_i/hls_inst/inst/out_24_U/HLS_accel_out_0_ram_U/ram_reg_0_31_0_0__13/SP/CLK
                         clock pessimism              0.000    10.924    
                         clock uncertainty           -0.035    10.889    
    SLICE_X26Y93         RAMS32 (Setup_rams32_CLK_I)
                                                     -0.208    10.681    bd_0_i/hls_inst/inst/out_24_U/HLS_accel_out_0_ram_U/ram_reg_0_31_0_0__13/SP
  -------------------------------------------------------------------
                         required time                         10.681    
                         arrival time                         -10.491    
  -------------------------------------------------------------------
                         slack                                  0.190    

Slack (MET) :             0.190ns  (required time - arrival time)
  Source:                 bd_0_i/hls_inst/inst/reg_2798_reg[6]/C
                            (rising edge-triggered cell FDRE clocked by ap_clk  {rise@0.000ns fall@5.000ns period=10.000ns})
  Destination:            bd_0_i/hls_inst/inst/out_22_U/HLS_accel_out_0_ram_U/ram_reg_0_15_0_0__12/SP/I
                            (rising edge-triggered cell RAMS32 clocked by ap_clk  {rise@0.000ns fall@5.000ns period=10.000ns})
  Path Group:             ap_clk
  Path Type:              Setup (Max at Slow Process Corner)
  Requirement:            10.000ns  (ap_clk rise@10.000ns - ap_clk rise@0.000ns)
  Data Path Delay:        9.518ns  (logic 0.456ns (4.791%)  route 9.062ns (95.209%))
  Logic Levels:           0  
  Clock Path Skew:        -0.049ns (DCD - SCD + CPR)
    Destination Clock Delay (DCD):    0.924ns = ( 10.924 - 10.000 ) 
    Source Clock Delay      (SCD):    0.973ns
    Clock Pessimism Removal (CPR):    0.000ns
  Clock Uncertainty:      0.035ns  ((TSJ^2 + TIJ^2)^1/2 + DJ) / 2 + PE
    Total System Jitter     (TSJ):    0.071ns
    Total Input Jitter      (TIJ):    0.000ns
    Discrete Jitter          (DJ):    0.000ns
    Phase Error              (PE):    0.000ns

    Location             Delay type                Incr(ns)  Path(ns)    Netlist Resource(s)
  -------------------------------------------------------------------    -------------------
                         (clock ap_clk rise edge)     0.000     0.000 r  
                                                      0.000     0.000 r  ap_clk (IN)
                         net (fo=7017, unset)         0.973     0.973    bd_0_i/hls_inst/inst/ap_clk
    SLICE_X84Y31         FDRE                                         r  bd_0_i/hls_inst/inst/reg_2798_reg[6]/C
  -------------------------------------------------------------------    -------------------
    SLICE_X84Y31         FDRE (Prop_fdre_C_Q)         0.456     1.429 r  bd_0_i/hls_inst/inst/reg_2798_reg[6]/Q
                         net (fo=163, routed)         9.062    10.491    bd_0_i/hls_inst/inst/out_22_U/HLS_accel_out_0_ram_U/ram_reg_0_15_0_0__12/D
    SLICE_X14Y30         RAMS32                                       r  bd_0_i/hls_inst/inst/out_22_U/HLS_accel_out_0_ram_U/ram_reg_0_15_0_0__12/SP/I
  -------------------------------------------------------------------    -------------------

                         (clock ap_clk rise edge)    10.000    10.000 r  
                                                      0.000    10.000 r  ap_clk (IN)
                         net (fo=7017, unset)         0.924    10.924    bd_0_i/hls_inst/inst/out_22_U/HLS_accel_out_0_ram_U/ram_reg_0_15_0_0__12/WCLK
    SLICE_X14Y30         RAMS32                                       r  bd_0_i/hls_inst/inst/out_22_U/HLS_accel_out_0_ram_U/ram_reg_0_15_0_0__12/SP/CLK
                         clock pessimism              0.000    10.924    
                         clock uncertainty           -0.035    10.889    
    SLICE_X14Y30         RAMS32 (Setup_rams32_CLK_I)
                                                     -0.208    10.681    bd_0_i/hls_inst/inst/out_22_U/HLS_accel_out_0_ram_U/ram_reg_0_15_0_0__12/SP
  -------------------------------------------------------------------
                         required time                         10.681    
                         arrival time                         -10.491    
  -------------------------------------------------------------------
                         slack                                  0.190    

Slack (MET) :             0.194ns  (required time - arrival time)
  Source:                 bd_0_i/hls_inst/inst/reg_2798_reg[6]/C
                            (rising edge-triggered cell FDRE clocked by ap_clk  {rise@0.000ns fall@5.000ns period=10.000ns})
  Destination:            bd_0_i/hls_inst/inst/out_24_U/HLS_accel_out_0_ram_U/ram_reg_0_15_0_0__12/SP/I
                            (rising edge-triggered cell RAMS32 clocked by ap_clk  {rise@0.000ns fall@5.000ns period=10.000ns})
  Path Group:             ap_clk
  Path Type:              Setup (Max at Slow Process Corner)
  Requirement:            10.000ns  (ap_clk rise@10.000ns - ap_clk rise@0.000ns)
  Data Path Delay:        9.514ns  (logic 0.456ns (4.793%)  route 9.058ns (95.207%))
  Logic Levels:           0  
  Clock Path Skew:        -0.049ns (DCD - SCD + CPR)
    Destination Clock Delay (DCD):    0.924ns = ( 10.924 - 10.000 ) 
    Source Clock Delay      (SCD):    0.973ns
    Clock Pessimism Removal (CPR):    0.000ns
  Clock Uncertainty:      0.035ns  ((TSJ^2 + TIJ^2)^1/2 + DJ) / 2 + PE
    Total System Jitter     (TSJ):    0.071ns
    Total Input Jitter      (TIJ):    0.000ns
    Discrete Jitter          (DJ):    0.000ns
    Phase Error              (PE):    0.000ns

    Location             Delay type                Incr(ns)  Path(ns)    Netlist Resource(s)
  -------------------------------------------------------------------    -------------------
                         (clock ap_clk rise edge)     0.000     0.000 r  
                                                      0.000     0.000 r  ap_clk (IN)
                         net (fo=7017, unset)         0.973     0.973    bd_0_i/hls_inst/inst/ap_clk
    SLICE_X84Y31         FDRE                                         r  bd_0_i/hls_inst/inst/reg_2798_reg[6]/C
  -------------------------------------------------------------------    -------------------
    SLICE_X84Y31         FDRE (Prop_fdre_C_Q)         0.456     1.429 r  bd_0_i/hls_inst/inst/reg_2798_reg[6]/Q
                         net (fo=163, routed)         9.058    10.487    bd_0_i/hls_inst/inst/out_24_U/HLS_accel_out_0_ram_U/ram_reg_0_15_0_0__12/D
    SLICE_X22Y28         RAMS32                                       r  bd_0_i/hls_inst/inst/out_24_U/HLS_accel_out_0_ram_U/ram_reg_0_15_0_0__12/SP/I
  -------------------------------------------------------------------    -------------------

                         (clock ap_clk rise edge)    10.000    10.000 r  
                                                      0.000    10.000 r  ap_clk (IN)
                         net (fo=7017, unset)         0.924    10.924    bd_0_i/hls_inst/inst/out_24_U/HLS_accel_out_0_ram_U/ram_reg_0_15_0_0__12/WCLK
    SLICE_X22Y28         RAMS32                                       r  bd_0_i/hls_inst/inst/out_24_U/HLS_accel_out_0_ram_U/ram_reg_0_15_0_0__12/SP/CLK
                         clock pessimism              0.000    10.924    
                         clock uncertainty           -0.035    10.889    
    SLICE_X22Y28         RAMS32 (Setup_rams32_CLK_I)
                                                     -0.208    10.681    bd_0_i/hls_inst/inst/out_24_U/HLS_accel_out_0_ram_U/ram_reg_0_15_0_0__12/SP
  -------------------------------------------------------------------
                         required time                         10.681    
                         arrival time                         -10.487    
  -------------------------------------------------------------------
                         slack                                  0.194    





Min Delay Paths
--------------------------------------------------------------------------------------
Slack (MET) :             0.090ns  (arrival time - required time)
  Source:                 bd_0_i/hls_inst/inst/temp_22_reg_5152_reg[7]/C
                            (rising edge-triggered cell FDRE clocked by ap_clk  {rise@0.000ns fall@5.000ns period=10.000ns})
  Destination:            bd_0_i/hls_inst/inst/temp_22_reg_5152_pp2_iter2_reg_reg[7]_srl2/D
                            (rising edge-triggered cell SRL16E clocked by ap_clk  {rise@0.000ns fall@5.000ns period=10.000ns})
  Path Group:             ap_clk
  Path Type:              Hold (Min at Fast Process Corner)
  Requirement:            0.000ns  (ap_clk rise@0.000ns - ap_clk rise@0.000ns)
  Data Path Delay:        0.241ns  (logic 0.128ns (53.025%)  route 0.113ns (46.975%))
  Logic Levels:           0  
  Clock Path Skew:        0.022ns (DCD - SCD - CPR)
    Destination Clock Delay (DCD):    0.432ns
    Source Clock Delay      (SCD):    0.410ns
    Clock Pessimism Removal (CPR):    -0.000ns

    Location             Delay type                Incr(ns)  Path(ns)    Netlist Resource(s)
  -------------------------------------------------------------------    -------------------
                         (clock ap_clk rise edge)     0.000     0.000 r  
                                                      0.000     0.000 r  ap_clk (IN)
                         net (fo=7017, unset)         0.410     0.410    bd_0_i/hls_inst/inst/ap_clk
    SLICE_X103Y1         FDRE                                         r  bd_0_i/hls_inst/inst/temp_22_reg_5152_reg[7]/C
  -------------------------------------------------------------------    -------------------
    SLICE_X103Y1         FDRE (Prop_fdre_C_Q)         0.128     0.538 r  bd_0_i/hls_inst/inst/temp_22_reg_5152_reg[7]/Q
                         net (fo=1, routed)           0.113     0.652    bd_0_i/hls_inst/inst/temp_22_reg_5152[7]
    SLICE_X102Y1         SRL16E                                       r  bd_0_i/hls_inst/inst/temp_22_reg_5152_pp2_iter2_reg_reg[7]_srl2/D
  -------------------------------------------------------------------    -------------------

                         (clock ap_clk rise edge)     0.000     0.000 r  
                                                      0.000     0.000 r  ap_clk (IN)
                         net (fo=7017, unset)         0.432     0.432    bd_0_i/hls_inst/inst/ap_clk
    SLICE_X102Y1         SRL16E                                       r  bd_0_i/hls_inst/inst/temp_22_reg_5152_pp2_iter2_reg_reg[7]_srl2/CLK
                         clock pessimism              0.000     0.432    
    SLICE_X102Y1         SRL16E (Hold_srl16e_CLK_D)
                                                      0.130     0.562    bd_0_i/hls_inst/inst/temp_22_reg_5152_pp2_iter2_reg_reg[7]_srl2
  -------------------------------------------------------------------
                         required time                         -0.562    
                         arrival time                           0.652    
  -------------------------------------------------------------------
                         slack                                  0.090    

Slack (MET) :             0.090ns  (arrival time - required time)
  Source:                 bd_0_i/hls_inst/inst/temp_24_reg_5202_reg[7]/C
                            (rising edge-triggered cell FDRE clocked by ap_clk  {rise@0.000ns fall@5.000ns period=10.000ns})
  Destination:            bd_0_i/hls_inst/inst/temp_24_reg_5202_pp2_iter2_reg_reg[7]_srl2/D
                            (rising edge-triggered cell SRL16E clocked by ap_clk  {rise@0.000ns fall@5.000ns period=10.000ns})
  Path Group:             ap_clk
  Path Type:              Hold (Min at Fast Process Corner)
  Requirement:            0.000ns  (ap_clk rise@0.000ns - ap_clk rise@0.000ns)
  Data Path Delay:        0.241ns  (logic 0.128ns (53.025%)  route 0.113ns (46.975%))
  Logic Levels:           0  
  Clock Path Skew:        0.022ns (DCD - SCD - CPR)
    Destination Clock Delay (DCD):    0.432ns
    Source Clock Delay      (SCD):    0.410ns
    Clock Pessimism Removal (CPR):    -0.000ns

    Location             Delay type                Incr(ns)  Path(ns)    Netlist Resource(s)
  -------------------------------------------------------------------    -------------------
                         (clock ap_clk rise edge)     0.000     0.000 r  
                                                      0.000     0.000 r  ap_clk (IN)
                         net (fo=7017, unset)         0.410     0.410    bd_0_i/hls_inst/inst/ap_clk
    SLICE_X99Y0          FDRE                                         r  bd_0_i/hls_inst/inst/temp_24_reg_5202_reg[7]/C
  -------------------------------------------------------------------    -------------------
    SLICE_X99Y0          FDRE (Prop_fdre_C_Q)         0.128     0.538 r  bd_0_i/hls_inst/inst/temp_24_reg_5202_reg[7]/Q
                         net (fo=1, routed)           0.113     0.652    bd_0_i/hls_inst/inst/temp_24_reg_5202[7]
    SLICE_X98Y0          SRL16E                                       r  bd_0_i/hls_inst/inst/temp_24_reg_5202_pp2_iter2_reg_reg[7]_srl2/D
  -------------------------------------------------------------------    -------------------

                         (clock ap_clk rise edge)     0.000     0.000 r  
                                                      0.000     0.000 r  ap_clk (IN)
                         net (fo=7017, unset)         0.432     0.432    bd_0_i/hls_inst/inst/ap_clk
    SLICE_X98Y0          SRL16E                                       r  bd_0_i/hls_inst/inst/temp_24_reg_5202_pp2_iter2_reg_reg[7]_srl2/CLK
                         clock pessimism              0.000     0.432    
    SLICE_X98Y0          SRL16E (Hold_srl16e_CLK_D)
                                                      0.130     0.562    bd_0_i/hls_inst/inst/temp_24_reg_5202_pp2_iter2_reg_reg[7]_srl2
  -------------------------------------------------------------------
                         required time                         -0.562    
                         arrival time                           0.652    
  -------------------------------------------------------------------
                         slack                                  0.090    

Slack (MET) :             0.090ns  (arrival time - required time)
  Source:                 bd_0_i/hls_inst/inst/temp_26_reg_5232_reg[7]/C
                            (rising edge-triggered cell FDRE clocked by ap_clk  {rise@0.000ns fall@5.000ns period=10.000ns})
  Destination:            bd_0_i/hls_inst/inst/temp_26_reg_5232_pp2_iter2_reg_reg[7]_srl2/D
                            (rising edge-triggered cell SRL16E clocked by ap_clk  {rise@0.000ns fall@5.000ns period=10.000ns})
  Path Group:             ap_clk
  Path Type:              Hold (Min at Fast Process Corner)
  Requirement:            0.000ns  (ap_clk rise@0.000ns - ap_clk rise@0.000ns)
  Data Path Delay:        0.241ns  (logic 0.128ns (53.025%)  route 0.113ns (46.975%))
  Logic Levels:           0  
  Clock Path Skew:        0.022ns (DCD - SCD - CPR)
    Destination Clock Delay (DCD):    0.432ns
    Source Clock Delay      (SCD):    0.410ns
    Clock Pessimism Removal (CPR):    -0.000ns

    Location             Delay type                Incr(ns)  Path(ns)    Netlist Resource(s)
  -------------------------------------------------------------------    -------------------
                         (clock ap_clk rise edge)     0.000     0.000 r  
                                                      0.000     0.000 r  ap_clk (IN)
                         net (fo=7017, unset)         0.410     0.410    bd_0_i/hls_inst/inst/ap_clk
    SLICE_X97Y2          FDRE                                         r  bd_0_i/hls_inst/inst/temp_26_reg_5232_reg[7]/C
  -------------------------------------------------------------------    -------------------
    SLICE_X97Y2          FDRE (Prop_fdre_C_Q)         0.128     0.538 r  bd_0_i/hls_inst/inst/temp_26_reg_5232_reg[7]/Q
                         net (fo=1, routed)           0.113     0.652    bd_0_i/hls_inst/inst/temp_26_reg_5232[7]
    SLICE_X96Y2          SRL16E                                       r  bd_0_i/hls_inst/inst/temp_26_reg_5232_pp2_iter2_reg_reg[7]_srl2/D
  -------------------------------------------------------------------    -------------------

                         (clock ap_clk rise edge)     0.000     0.000 r  
                                                      0.000     0.000 r  ap_clk (IN)
                         net (fo=7017, unset)         0.432     0.432    bd_0_i/hls_inst/inst/ap_clk
    SLICE_X96Y2          SRL16E                                       r  bd_0_i/hls_inst/inst/temp_26_reg_5232_pp2_iter2_reg_reg[7]_srl2/CLK
                         clock pessimism              0.000     0.432    
    SLICE_X96Y2          SRL16E (Hold_srl16e_CLK_D)
                                                      0.130     0.562    bd_0_i/hls_inst/inst/temp_26_reg_5232_pp2_iter2_reg_reg[7]_srl2
  -------------------------------------------------------------------
                         required time                         -0.562    
                         arrival time                           0.652    
  -------------------------------------------------------------------
                         slack                                  0.090    

Slack (MET) :             0.090ns  (arrival time - required time)
  Source:                 bd_0_i/hls_inst/inst/temp_28_reg_5262_reg[7]/C
                            (rising edge-triggered cell FDRE clocked by ap_clk  {rise@0.000ns fall@5.000ns period=10.000ns})
  Destination:            bd_0_i/hls_inst/inst/temp_28_reg_5262_pp2_iter2_reg_reg[7]_srl2/D
                            (rising edge-triggered cell SRL16E clocked by ap_clk  {rise@0.000ns fall@5.000ns period=10.000ns})
  Path Group:             ap_clk
  Path Type:              Hold (Min at Fast Process Corner)
  Requirement:            0.000ns  (ap_clk rise@0.000ns - ap_clk rise@0.000ns)
  Data Path Delay:        0.241ns  (logic 0.128ns (53.025%)  route 0.113ns (46.975%))
  Logic Levels:           0  
  Clock Path Skew:        0.022ns (DCD - SCD - CPR)
    Destination Clock Delay (DCD):    0.432ns
    Source Clock Delay      (SCD):    0.410ns
    Clock Pessimism Removal (CPR):    -0.000ns

    Location             Delay type                Incr(ns)  Path(ns)    Netlist Resource(s)
  -------------------------------------------------------------------    -------------------
                         (clock ap_clk rise edge)     0.000     0.000 r  
                                                      0.000     0.000 r  ap_clk (IN)
                         net (fo=7017, unset)         0.410     0.410    bd_0_i/hls_inst/inst/ap_clk
    SLICE_X95Y0          FDRE                                         r  bd_0_i/hls_inst/inst/temp_28_reg_5262_reg[7]/C
  -------------------------------------------------------------------    -------------------
    SLICE_X95Y0          FDRE (Prop_fdre_C_Q)         0.128     0.538 r  bd_0_i/hls_inst/inst/temp_28_reg_5262_reg[7]/Q
                         net (fo=1, routed)           0.113     0.652    bd_0_i/hls_inst/inst/temp_28_reg_5262[7]
    SLICE_X94Y0          SRL16E                                       r  bd_0_i/hls_inst/inst/temp_28_reg_5262_pp2_iter2_reg_reg[7]_srl2/D
  -------------------------------------------------------------------    -------------------

                         (clock ap_clk rise edge)     0.000     0.000 r  
                                                      0.000     0.000 r  ap_clk (IN)
                         net (fo=7017, unset)         0.432     0.432    bd_0_i/hls_inst/inst/ap_clk
    SLICE_X94Y0          SRL16E                                       r  bd_0_i/hls_inst/inst/temp_28_reg_5262_pp2_iter2_reg_reg[7]_srl2/CLK
                         clock pessimism              0.000     0.432    
    SLICE_X94Y0          SRL16E (Hold_srl16e_CLK_D)
                                                      0.130     0.562    bd_0_i/hls_inst/inst/temp_28_reg_5262_pp2_iter2_reg_reg[7]_srl2
  -------------------------------------------------------------------
                         required time                         -0.562    
                         arrival time                           0.652    
  -------------------------------------------------------------------
                         slack                                  0.090    

Slack (MET) :             0.090ns  (arrival time - required time)
  Source:                 bd_0_i/hls_inst/inst/temp_31_reg_5317_reg[7]/C
                            (rising edge-triggered cell FDRE clocked by ap_clk  {rise@0.000ns fall@5.000ns period=10.000ns})
  Destination:            bd_0_i/hls_inst/inst/temp_31_reg_5317_pp2_iter3_reg_reg[7]_srl3/D
                            (rising edge-triggered cell SRL16E clocked by ap_clk  {rise@0.000ns fall@5.000ns period=10.000ns})
  Path Group:             ap_clk
  Path Type:              Hold (Min at Fast Process Corner)
  Requirement:            0.000ns  (ap_clk rise@0.000ns - ap_clk rise@0.000ns)
  Data Path Delay:        0.241ns  (logic 0.128ns (53.025%)  route 0.113ns (46.975%))
  Logic Levels:           0  
  Clock Path Skew:        0.022ns (DCD - SCD - CPR)
    Destination Clock Delay (DCD):    0.432ns
    Source Clock Delay      (SCD):    0.410ns
    Clock Pessimism Removal (CPR):    -0.000ns

    Location             Delay type                Incr(ns)  Path(ns)    Netlist Resource(s)
  -------------------------------------------------------------------    -------------------
                         (clock ap_clk rise edge)     0.000     0.000 r  
                                                      0.000     0.000 r  ap_clk (IN)
                         net (fo=7017, unset)         0.410     0.410    bd_0_i/hls_inst/inst/ap_clk
    SLICE_X101Y1         FDRE                                         r  bd_0_i/hls_inst/inst/temp_31_reg_5317_reg[7]/C
  -------------------------------------------------------------------    -------------------
    SLICE_X101Y1         FDRE (Prop_fdre_C_Q)         0.128     0.538 r  bd_0_i/hls_inst/inst/temp_31_reg_5317_reg[7]/Q
                         net (fo=1, routed)           0.113     0.652    bd_0_i/hls_inst/inst/temp_31_reg_5317[7]
    SLICE_X100Y1         SRL16E                                       r  bd_0_i/hls_inst/inst/temp_31_reg_5317_pp2_iter3_reg_reg[7]_srl3/D
  -------------------------------------------------------------------    -------------------

                         (clock ap_clk rise edge)     0.000     0.000 r  
                                                      0.000     0.000 r  ap_clk (IN)
                         net (fo=7017, unset)         0.432     0.432    bd_0_i/hls_inst/inst/ap_clk
    SLICE_X100Y1         SRL16E                                       r  bd_0_i/hls_inst/inst/temp_31_reg_5317_pp2_iter3_reg_reg[7]_srl3/CLK
                         clock pessimism              0.000     0.432    
    SLICE_X100Y1         SRL16E (Hold_srl16e_CLK_D)
                                                      0.130     0.562    bd_0_i/hls_inst/inst/temp_31_reg_5317_pp2_iter3_reg_reg[7]_srl3
  -------------------------------------------------------------------
                         required time                         -0.562    
                         arrival time                           0.652    
  -------------------------------------------------------------------
                         slack                                  0.090    

Slack (MET) :             0.090ns  (arrival time - required time)
  Source:                 bd_0_i/hls_inst/inst/temp_34_reg_5352_reg[7]/C
                            (rising edge-triggered cell FDRE clocked by ap_clk  {rise@0.000ns fall@5.000ns period=10.000ns})
  Destination:            bd_0_i/hls_inst/inst/temp_34_reg_5352_pp2_iter3_reg_reg[7]_srl3/D
                            (rising edge-triggered cell SRL16E clocked by ap_clk  {rise@0.000ns fall@5.000ns period=10.000ns})
  Path Group:             ap_clk
  Path Type:              Hold (Min at Fast Process Corner)
  Requirement:            0.000ns  (ap_clk rise@0.000ns - ap_clk rise@0.000ns)
  Data Path Delay:        0.241ns  (logic 0.128ns (53.025%)  route 0.113ns (46.975%))
  Logic Levels:           0  
  Clock Path Skew:        0.022ns (DCD - SCD - CPR)
    Destination Clock Delay (DCD):    0.432ns
    Source Clock Delay      (SCD):    0.410ns
    Clock Pessimism Removal (CPR):    -0.000ns

    Location             Delay type                Incr(ns)  Path(ns)    Netlist Resource(s)
  -------------------------------------------------------------------    -------------------
                         (clock ap_clk rise edge)     0.000     0.000 r  
                                                      0.000     0.000 r  ap_clk (IN)
                         net (fo=7017, unset)         0.410     0.410    bd_0_i/hls_inst/inst/ap_clk
    SLICE_X93Y0          FDRE                                         r  bd_0_i/hls_inst/inst/temp_34_reg_5352_reg[7]/C
  -------------------------------------------------------------------    -------------------
    SLICE_X93Y0          FDRE (Prop_fdre_C_Q)         0.128     0.538 r  bd_0_i/hls_inst/inst/temp_34_reg_5352_reg[7]/Q
                         net (fo=1, routed)           0.113     0.652    bd_0_i/hls_inst/inst/temp_34_reg_5352[7]
    SLICE_X92Y0          SRL16E                                       r  bd_0_i/hls_inst/inst/temp_34_reg_5352_pp2_iter3_reg_reg[7]_srl3/D
  -------------------------------------------------------------------    -------------------

                         (clock ap_clk rise edge)     0.000     0.000 r  
                                                      0.000     0.000 r  ap_clk (IN)
                         net (fo=7017, unset)         0.432     0.432    bd_0_i/hls_inst/inst/ap_clk
    SLICE_X92Y0          SRL16E                                       r  bd_0_i/hls_inst/inst/temp_34_reg_5352_pp2_iter3_reg_reg[7]_srl3/CLK
                         clock pessimism              0.000     0.432    
    SLICE_X92Y0          SRL16E (Hold_srl16e_CLK_D)
                                                      0.130     0.562    bd_0_i/hls_inst/inst/temp_34_reg_5352_pp2_iter3_reg_reg[7]_srl3
  -------------------------------------------------------------------
                         required time                         -0.562    
                         arrival time                           0.652    
  -------------------------------------------------------------------
                         slack                                  0.090    

Slack (MET) :             0.090ns  (arrival time - required time)
  Source:                 bd_0_i/hls_inst/inst/temp_47_reg_5542_reg[7]/C
                            (rising edge-triggered cell FDRE clocked by ap_clk  {rise@0.000ns fall@5.000ns period=10.000ns})
  Destination:            bd_0_i/hls_inst/inst/temp_47_reg_5542_pp2_iter6_reg_reg[7]_srl5/D
                            (rising edge-triggered cell SRL16E clocked by ap_clk  {rise@0.000ns fall@5.000ns period=10.000ns})
  Path Group:             ap_clk
  Path Type:              Hold (Min at Fast Process Corner)
  Requirement:            0.000ns  (ap_clk rise@0.000ns - ap_clk rise@0.000ns)
  Data Path Delay:        0.241ns  (logic 0.128ns (53.025%)  route 0.113ns (46.975%))
  Logic Levels:           0  
  Clock Path Skew:        0.022ns (DCD - SCD - CPR)
    Destination Clock Delay (DCD):    0.432ns
    Source Clock Delay      (SCD):    0.410ns
    Clock Pessimism Removal (CPR):    -0.000ns

    Location             Delay type                Incr(ns)  Path(ns)    Netlist Resource(s)
  -------------------------------------------------------------------    -------------------
                         (clock ap_clk rise edge)     0.000     0.000 r  
                                                      0.000     0.000 r  ap_clk (IN)
                         net (fo=7017, unset)         0.410     0.410    bd_0_i/hls_inst/inst/ap_clk
    SLICE_X95Y1          FDRE                                         r  bd_0_i/hls_inst/inst/temp_47_reg_5542_reg[7]/C
  -------------------------------------------------------------------    -------------------
    SLICE_X95Y1          FDRE (Prop_fdre_C_Q)         0.128     0.538 r  bd_0_i/hls_inst/inst/temp_47_reg_5542_reg[7]/Q
                         net (fo=1, routed)           0.113     0.652    bd_0_i/hls_inst/inst/temp_47_reg_5542[7]
    SLICE_X94Y1          SRL16E                                       r  bd_0_i/hls_inst/inst/temp_47_reg_5542_pp2_iter6_reg_reg[7]_srl5/D
  -------------------------------------------------------------------    -------------------

                         (clock ap_clk rise edge)     0.000     0.000 r  
                                                      0.000     0.000 r  ap_clk (IN)
                         net (fo=7017, unset)         0.432     0.432    bd_0_i/hls_inst/inst/ap_clk
    SLICE_X94Y1          SRL16E                                       r  bd_0_i/hls_inst/inst/temp_47_reg_5542_pp2_iter6_reg_reg[7]_srl5/CLK
                         clock pessimism              0.000     0.432    
    SLICE_X94Y1          SRL16E (Hold_srl16e_CLK_D)
                                                      0.130     0.562    bd_0_i/hls_inst/inst/temp_47_reg_5542_pp2_iter6_reg_reg[7]_srl5
  -------------------------------------------------------------------
                         required time                         -0.562    
                         arrival time                           0.652    
  -------------------------------------------------------------------
                         slack                                  0.090    

Slack (MET) :             0.090ns  (arrival time - required time)
  Source:                 bd_0_i/hls_inst/inst/temp_23_reg_5197_reg[7]/C
                            (rising edge-triggered cell FDRE clocked by ap_clk  {rise@0.000ns fall@5.000ns period=10.000ns})
  Destination:            bd_0_i/hls_inst/inst/temp_23_reg_5197_pp2_iter2_reg_reg[7]_srl2/D
                            (rising edge-triggered cell SRL16E clocked by ap_clk  {rise@0.000ns fall@5.000ns period=10.000ns})
  Path Group:             ap_clk
  Path Type:              Hold (Min at Fast Process Corner)
  Requirement:            0.000ns  (ap_clk rise@0.000ns - ap_clk rise@0.000ns)
  Data Path Delay:        0.242ns  (logic 0.128ns (52.946%)  route 0.114ns (47.054%))
  Logic Levels:           0  
  Clock Path Skew:        0.022ns (DCD - SCD - CPR)
    Destination Clock Delay (DCD):    0.432ns
    Source Clock Delay      (SCD):    0.410ns
    Clock Pessimism Removal (CPR):    -0.000ns

    Location             Delay type                Incr(ns)  Path(ns)    Netlist Resource(s)
  -------------------------------------------------------------------    -------------------
                         (clock ap_clk rise edge)     0.000     0.000 r  
                                                      0.000     0.000 r  ap_clk (IN)
                         net (fo=7017, unset)         0.410     0.410    bd_0_i/hls_inst/inst/ap_clk
    SLICE_X97Y1          FDRE                                         r  bd_0_i/hls_inst/inst/temp_23_reg_5197_reg[7]/C
  -------------------------------------------------------------------    -------------------
    SLICE_X97Y1          FDRE (Prop_fdre_C_Q)         0.128     0.538 r  bd_0_i/hls_inst/inst/temp_23_reg_5197_reg[7]/Q
                         net (fo=1, routed)           0.114     0.652    bd_0_i/hls_inst/inst/temp_23_reg_5197[7]
    SLICE_X96Y0          SRL16E                                       r  bd_0_i/hls_inst/inst/temp_23_reg_5197_pp2_iter2_reg_reg[7]_srl2/D
  -------------------------------------------------------------------    -------------------

                         (clock ap_clk rise edge)     0.000     0.000 r  
                                                      0.000     0.000 r  ap_clk (IN)
                         net (fo=7017, unset)         0.432     0.432    bd_0_i/hls_inst/inst/ap_clk
    SLICE_X96Y0          SRL16E                                       r  bd_0_i/hls_inst/inst/temp_23_reg_5197_pp2_iter2_reg_reg[7]_srl2/CLK
                         clock pessimism              0.000     0.432    
    SLICE_X96Y0          SRL16E (Hold_srl16e_CLK_D)
                                                      0.130     0.562    bd_0_i/hls_inst/inst/temp_23_reg_5197_pp2_iter2_reg_reg[7]_srl2
  -------------------------------------------------------------------
                         required time                         -0.562    
                         arrival time                           0.652    
  -------------------------------------------------------------------
                         slack                                  0.090    

Slack (MET) :             0.097ns  (arrival time - required time)
  Source:                 bd_0_i/hls_inst/inst/temp_21_reg_5147_pp2_iter1_reg_reg[4]/C
                            (rising edge-triggered cell FDRE clocked by ap_clk  {rise@0.000ns fall@5.000ns period=10.000ns})
  Destination:            bd_0_i/hls_inst/inst/temp_21_reg_5147_pp2_iter2_reg_reg[4]/D
                            (rising edge-triggered cell FDRE clocked by ap_clk  {rise@0.000ns fall@5.000ns period=10.000ns})
  Path Group:             ap_clk
  Path Type:              Hold (Min at Fast Process Corner)
  Requirement:            0.000ns  (ap_clk rise@0.000ns - ap_clk rise@0.000ns)
  Data Path Delay:        0.197ns  (logic 0.141ns (71.611%)  route 0.056ns (28.389%))
  Logic Levels:           0  
  Clock Path Skew:        0.022ns (DCD - SCD - CPR)
    Destination Clock Delay (DCD):    0.432ns
    Source Clock Delay      (SCD):    0.410ns
    Clock Pessimism Removal (CPR):    -0.000ns

    Location             Delay type                Incr(ns)  Path(ns)    Netlist Resource(s)
  -------------------------------------------------------------------    -------------------
                         (clock ap_clk rise edge)     0.000     0.000 r  
                                                      0.000     0.000 r  ap_clk (IN)
                         net (fo=7017, unset)         0.410     0.410    bd_0_i/hls_inst/inst/ap_clk
    SLICE_X83Y12         FDRE                                         r  bd_0_i/hls_inst/inst/temp_21_reg_5147_pp2_iter1_reg_reg[4]/C
  -------------------------------------------------------------------    -------------------
    SLICE_X83Y12         FDRE (Prop_fdre_C_Q)         0.141     0.551 r  bd_0_i/hls_inst/inst/temp_21_reg_5147_pp2_iter1_reg_reg[4]/Q
                         net (fo=1, routed)           0.056     0.607    bd_0_i/hls_inst/inst/temp_21_reg_5147_pp2_iter1_reg[4]
    SLICE_X83Y12         FDRE                                         r  bd_0_i/hls_inst/inst/temp_21_reg_5147_pp2_iter2_reg_reg[4]/D
  -------------------------------------------------------------------    -------------------

                         (clock ap_clk rise edge)     0.000     0.000 r  
                                                      0.000     0.000 r  ap_clk (IN)
                         net (fo=7017, unset)         0.432     0.432    bd_0_i/hls_inst/inst/ap_clk
    SLICE_X83Y12         FDRE                                         r  bd_0_i/hls_inst/inst/temp_21_reg_5147_pp2_iter2_reg_reg[4]/C
                         clock pessimism              0.000     0.432    
    SLICE_X83Y12         FDRE (Hold_fdre_C_D)         0.078     0.510    bd_0_i/hls_inst/inst/temp_21_reg_5147_pp2_iter2_reg_reg[4]
  -------------------------------------------------------------------
                         required time                         -0.510    
                         arrival time                           0.607    
  -------------------------------------------------------------------
                         slack                                  0.097    

Slack (MET) :             0.099ns  (arrival time - required time)
  Source:                 bd_0_i/hls_inst/inst/temp_17_reg_5087_pp2_iter1_reg_reg[8]/C
                            (rising edge-triggered cell FDRE clocked by ap_clk  {rise@0.000ns fall@5.000ns period=10.000ns})
  Destination:            bd_0_i/hls_inst/inst/temp_17_reg_5087_pp2_iter2_reg_reg[8]/D
                            (rising edge-triggered cell FDRE clocked by ap_clk  {rise@0.000ns fall@5.000ns period=10.000ns})
  Path Group:             ap_clk
  Path Type:              Hold (Min at Fast Process Corner)
  Requirement:            0.000ns  (ap_clk rise@0.000ns - ap_clk rise@0.000ns)
  Data Path Delay:        0.197ns  (logic 0.141ns (71.611%)  route 0.056ns (28.389%))
  Logic Levels:           0  
  Clock Path Skew:        0.022ns (DCD - SCD - CPR)
    Destination Clock Delay (DCD):    0.432ns
    Source Clock Delay      (SCD):    0.410ns
    Clock Pessimism Removal (CPR):    -0.000ns

    Location             Delay type                Incr(ns)  Path(ns)    Netlist Resource(s)
  -------------------------------------------------------------------    -------------------
                         (clock ap_clk rise edge)     0.000     0.000 r  
                                                      0.000     0.000 r  ap_clk (IN)
                         net (fo=7017, unset)         0.410     0.410    bd_0_i/hls_inst/inst/ap_clk
    SLICE_X75Y5          FDRE                                         r  bd_0_i/hls_inst/inst/temp_17_reg_5087_pp2_iter1_reg_reg[8]/C
  -------------------------------------------------------------------    -------------------
    SLICE_X75Y5          FDRE (Prop_fdre_C_Q)         0.141     0.551 r  bd_0_i/hls_inst/inst/temp_17_reg_5087_pp2_iter1_reg_reg[8]/Q
                         net (fo=1, routed)           0.056     0.607    bd_0_i/hls_inst/inst/temp_17_reg_5087_pp2_iter1_reg[8]
    SLICE_X75Y5          FDRE                                         r  bd_0_i/hls_inst/inst/temp_17_reg_5087_pp2_iter2_reg_reg[8]/D
  -------------------------------------------------------------------    -------------------

                         (clock ap_clk rise edge)     0.000     0.000 r  
                                                      0.000     0.000 r  ap_clk (IN)
                         net (fo=7017, unset)         0.432     0.432    bd_0_i/hls_inst/inst/ap_clk
    SLICE_X75Y5          FDRE                                         r  bd_0_i/hls_inst/inst/temp_17_reg_5087_pp2_iter2_reg_reg[8]/C
                         clock pessimism              0.000     0.432    
    SLICE_X75Y5          FDRE (Hold_fdre_C_D)         0.076     0.508    bd_0_i/hls_inst/inst/temp_17_reg_5087_pp2_iter2_reg_reg[8]
  -------------------------------------------------------------------
                         required time                         -0.508    
                         arrival time                           0.607    
  -------------------------------------------------------------------
                         slack                                  0.099    





Pulse Width Checks
--------------------------------------------------------------------------------------
Clock Name:         ap_clk
Waveform(ns):       { 0.000 5.000 }
Period(ns):         10.000
Sources:            { ap_clk }

Check Type        Corner  Lib Pin             Reference Pin  Required(ns)  Actual(ns)  Slack(ns)  Location      Pin
Min Period        n/a     RAMB36E1/CLKARDCLK  n/a            2.944         10.000      7.056      RAMB36_X2Y0   bd_0_i/hls_inst/inst/a_U/HLS_accel_a_ram_U/ram_reg_0/CLKARDCLK
Min Period        n/a     RAMB36E1/CLKARDCLK  n/a            2.944         10.000      7.056      RAMB36_X3Y0   bd_0_i/hls_inst/inst/a_U/HLS_accel_a_ram_U/ram_reg_1/CLKARDCLK
Min Period        n/a     RAMB36E1/CLKARDCLK  n/a            2.944         10.000      7.056      RAMB36_X2Y3   bd_0_i/hls_inst/inst/b_U/HLS_accel_a_ram_U/ram_reg_0/CLKARDCLK
Min Period        n/a     RAMB36E1/CLKARDCLK  n/a            2.944         10.000      7.056      RAMB36_X2Y2   bd_0_i/hls_inst/inst/b_U/HLS_accel_a_ram_U/ram_reg_1/CLKARDCLK
Min Period        n/a     RAMB36E1/CLKBWRCLK  n/a            2.576         10.000      7.424      RAMB36_X2Y0   bd_0_i/hls_inst/inst/a_U/HLS_accel_a_ram_U/ram_reg_0/CLKBWRCLK
Min Period        n/a     RAMB36E1/CLKBWRCLK  n/a            2.576         10.000      7.424      RAMB36_X3Y0   bd_0_i/hls_inst/inst/a_U/HLS_accel_a_ram_U/ram_reg_1/CLKBWRCLK
Min Period        n/a     RAMB36E1/CLKBWRCLK  n/a            2.576         10.000      7.424      RAMB36_X2Y3   bd_0_i/hls_inst/inst/b_U/HLS_accel_a_ram_U/ram_reg_0/CLKBWRCLK
Min Period        n/a     RAMB36E1/CLKBWRCLK  n/a            2.576         10.000      7.424      RAMB36_X2Y2   bd_0_i/hls_inst/inst/b_U/HLS_accel_a_ram_U/ram_reg_1/CLKBWRCLK
Min Period        n/a     FDRE/C              n/a            1.000         10.000      9.000      SLICE_X55Y23  bd_0_i/hls_inst/inst/HLS_accel_CONTROL_BUS_s_axi_U/FSM_onehot_rstate_reg[1]/C
Min Period        n/a     FDRE/C              n/a            1.000         10.000      9.000      SLICE_X55Y23  bd_0_i/hls_inst/inst/HLS_accel_CONTROL_BUS_s_axi_U/FSM_onehot_rstate_reg[2]/C
Low Pulse Width   Fast    RAMS32/CLK          n/a            1.250         5.000       3.750      SLICE_X14Y45  bd_0_i/hls_inst/inst/out_26_U/HLS_accel_out_0_ram_U/ram_reg_0_15_0_0__14/SP/CLK
Low Pulse Width   Fast    RAMS32/CLK          n/a            1.250         5.000       3.750      SLICE_X4Y39   bd_0_i/hls_inst/inst/out_26_U/HLS_accel_out_0_ram_U/ram_reg_0_15_0_0__15/SP/CLK
Low Pulse Width   Fast    RAMS32/CLK          n/a            1.250         5.000       3.750      SLICE_X16Y39  bd_0_i/hls_inst/inst/out_26_U/HLS_accel_out_0_ram_U/ram_reg_0_15_0_0__16/SP/CLK
Low Pulse Width   Fast    RAMS32/CLK          n/a            1.250         5.000       3.750      SLICE_X30Y40  bd_0_i/hls_inst/inst/out_26_U/HLS_accel_out_0_ram_U/ram_reg_0_15_0_0__17/SP/CLK
Low Pulse Width   Fast    RAMS32/CLK          n/a            1.250         5.000       3.750      SLICE_X36Y35  bd_0_i/hls_inst/inst/out_26_U/HLS_accel_out_0_ram_U/ram_reg_0_15_0_0__18/SP/CLK
Low Pulse Width   Fast    RAMS32/CLK          n/a            1.250         5.000       3.750      SLICE_X66Y47  bd_0_i/hls_inst/inst/out_26_U/HLS_accel_out_0_ram_U/ram_reg_0_15_0_0__19/SP/CLK
Low Pulse Width   Fast    RAMS32/CLK          n/a            1.250         5.000       3.750      SLICE_X18Y45  bd_0_i/hls_inst/inst/out_26_U/HLS_accel_out_0_ram_U/ram_reg_0_15_0_0__2/SP/CLK
Low Pulse Width   Fast    RAMS32/CLK          n/a            1.250         5.000       3.750      SLICE_X92Y53  bd_0_i/hls_inst/inst/out_26_U/HLS_accel_out_0_ram_U/ram_reg_0_15_0_0__20/SP/CLK
Low Pulse Width   Fast    RAMS32/CLK          n/a            1.250         5.000       3.750      SLICE_X8Y48   bd_0_i/hls_inst/inst/out_26_U/HLS_accel_out_0_ram_U/ram_reg_0_15_0_0__21/SP/CLK
Low Pulse Width   Fast    RAMS32/CLK          n/a            1.250         5.000       3.750      SLICE_X50Y10  bd_0_i/hls_inst/inst/out_44_U/HLS_accel_out_0_ram_U/ram_reg_0_15_0_0__19/SP/CLK
High Pulse Width  Slow    RAMS32/CLK          n/a            1.250         5.000       3.750      SLICE_X14Y45  bd_0_i/hls_inst/inst/out_26_U/HLS_accel_out_0_ram_U/ram_reg_0_15_0_0__14/SP/CLK
High Pulse Width  Fast    RAMS32/CLK          n/a            1.250         5.000       3.750      SLICE_X14Y45  bd_0_i/hls_inst/inst/out_26_U/HLS_accel_out_0_ram_U/ram_reg_0_15_0_0__14/SP/CLK
High Pulse Width  Slow    RAMS32/CLK          n/a            1.250         5.000       3.750      SLICE_X4Y39   bd_0_i/hls_inst/inst/out_26_U/HLS_accel_out_0_ram_U/ram_reg_0_15_0_0__15/SP/CLK
High Pulse Width  Fast    RAMS32/CLK          n/a            1.250         5.000       3.750      SLICE_X4Y39   bd_0_i/hls_inst/inst/out_26_U/HLS_accel_out_0_ram_U/ram_reg_0_15_0_0__15/SP/CLK
High Pulse Width  Slow    RAMS32/CLK          n/a            1.250         5.000       3.750      SLICE_X16Y39  bd_0_i/hls_inst/inst/out_26_U/HLS_accel_out_0_ram_U/ram_reg_0_15_0_0__16/SP/CLK
High Pulse Width  Fast    RAMS32/CLK          n/a            1.250         5.000       3.750      SLICE_X16Y39  bd_0_i/hls_inst/inst/out_26_U/HLS_accel_out_0_ram_U/ram_reg_0_15_0_0__16/SP/CLK
High Pulse Width  Slow    RAMS32/CLK          n/a            1.250         5.000       3.750      SLICE_X30Y40  bd_0_i/hls_inst/inst/out_26_U/HLS_accel_out_0_ram_U/ram_reg_0_15_0_0__17/SP/CLK
High Pulse Width  Fast    RAMS32/CLK          n/a            1.250         5.000       3.750      SLICE_X30Y40  bd_0_i/hls_inst/inst/out_26_U/HLS_accel_out_0_ram_U/ram_reg_0_15_0_0__17/SP/CLK
High Pulse Width  Slow    RAMS32/CLK          n/a            1.250         5.000       3.750      SLICE_X36Y35  bd_0_i/hls_inst/inst/out_26_U/HLS_accel_out_0_ram_U/ram_reg_0_15_0_0__18/SP/CLK
High Pulse Width  Fast    RAMS32/CLK          n/a            1.250         5.000       3.750      SLICE_X36Y35  bd_0_i/hls_inst/inst/out_26_U/HLS_accel_out_0_ram_U/ram_reg_0_15_0_0__18/SP/CLK



