==============================================================
File generated on Sun Dec 01 17:04:06 -0500 2024
Vivado(TM) HLS - High-Level Synthesis from C, C++ and SystemC v2018.3 (64-bit)
SW Build 2405991 on Thu Dec  6 23:38:27 MST 2018
IP Build 2404404 on Fri Dec  7 01:43:56 MST 2018
Copyright 1986-2018 Xilinx, Inc. All Rights Reserved.
==============================================================
INFO: [HLS 200-10] Setting target device to 'xc7z020clg484-1'
INFO: [SYN 201-201] Setting up clock 'default' with a period of 10ns.
INFO: [Common 17-206] Exiting vivado_hls at Sun Dec  1 17:04:06 2024...
==============================================================
File generated on Sun Dec 01 18:38:07 -0500 2024
Vivado(TM) HLS - High-Level Synthesis from C, C++ and SystemC v2018.3 (64-bit)
SW Build 2405991 on Thu Dec  6 23:38:27 MST 2018
IP Build 2404404 on Fri Dec  7 01:43:56 MST 2018
Copyright 1986-2018 Xilinx, Inc. All Rights Reserved.
==============================================================
INFO: [SYN 201-201] Setting up clock 'default' with a period of 10ns.
INFO: [HLS 200-10] Setting target device to 'xc7z020clg484-1'
INFO: [Common 17-206] Exiting vivado_hls at Sun Dec  1 18:38:07 2024...
==============================================================
File generated on Sun Dec 01 18:52:59 -0500 2024
Vivado(TM) HLS - High-Level Synthesis from C, C++ and SystemC v2018.3 (64-bit)
SW Build 2405991 on Thu Dec  6 23:38:27 MST 2018
IP Build 2404404 on Fri Dec  7 01:43:56 MST 2018
Copyright 1986-2018 Xilinx, Inc. All Rights Reserved.
==============================================================
INFO: [SYN 201-201] Setting up clock 'default' with a period of 10ns.
INFO: [HLS 200-10] Setting target device to 'xc7z020clg484-1'
INFO: [Common 17-206] Exiting vivado_hls at Sun Dec  1 18:52:59 2024...
==============================================================
File generated on Sun Dec 01 21:09:09 -0500 2024
Vivado(TM) HLS - High-Level Synthesis from C, C++ and SystemC v2018.3 (64-bit)
SW Build 2405991 on Thu Dec  6 23:38:27 MST 2018
IP Build 2404404 on Fri Dec  7 01:43:56 MST 2018
Copyright 1986-2018 Xilinx, Inc. All Rights Reserved.
==============================================================
INFO: [SYN 201-201] Setting up clock 'default' with a period of 10ns.
INFO: [HLS 200-10] Setting target device to 'xc7z020clg484-1'
INFO: [SCHED 204-61] Option 'relax_ii_for_timing' is enabled, will increase II to preserve clock frequency constraints.
INFO: [HLS 200-10] Analyzing design file 'mmult_accel.cpp' ... 
INFO: [HLS 200-111] Finished Linking Time (s): cpu = 00:00:01 ; elapsed = 00:00:11 . Memory (MB): peak = 105.637 ; gain = 20.723
INFO: [HLS 200-111] Finished Checking Pragmas Time (s): cpu = 00:00:01 ; elapsed = 00:00:11 . Memory (MB): peak = 105.637 ; gain = 20.723
INFO: [HLS 200-10] Starting code transformations ...
INFO: [XFORM 203-603] Inlining function 'pop_stream<short, 4, 5, 5>' into 'wrapped_mmult_hw<short, 200, 40000, 4, 5, 5>' (./mmult.h:150).
INFO: [XFORM 203-603] Inlining function 'pop_stream<short, 4, 5, 5>' into 'wrapped_mmult_hw<short, 200, 40000, 4, 5, 5>' (./mmult.h:140).
INFO: [XFORM 203-603] Inlining function 'mmult_hw<short, 200>' into 'wrapped_mmult_hw<short, 200, 40000, 4, 5, 5>' (./mmult.h:154).
INFO: [XFORM 203-603] Inlining function 'push_stream<short, 4, 5, 5>' into 'wrapped_mmult_hw<short, 200, 40000, 4, 5, 5>' (./mmult.h:162).
INFO: [XFORM 203-603] Inlining function 'wrapped_mmult_hw<short, 200, 40000, 4, 5, 5>' into 'HLS_accel' (mmult_accel.cpp:26).
INFO: [HLS 200-111] Finished Standard Transforms Time (s): cpu = 00:00:01 ; elapsed = 00:00:11 . Memory (MB): peak = 107.547 ; gain = 22.633
INFO: [HLS 200-10] Checking synthesizability ...
INFO: [HLS 200-111] Finished Checking Synthesizability Time (s): cpu = 00:00:01 ; elapsed = 00:00:11 . Memory (MB): peak = 109.602 ; gain = 24.688
WARNING: [XFORM 203-1103] Ignored data pack directive on non-struct variable 'OUTPUT_STREAM.data.V' (mmult_accel.cpp:19).
WARNING: [XFORM 203-1103] Ignored data pack directive on non-struct variable 'INPUT_STREAM.data.V' (mmult_accel.cpp:19).
INFO: [XFORM 203-502] Unrolling all sub-loops inside loop 'L2' (./mmult.h:55) in function 'HLS_accel' for pipelining.
INFO: [HLS 200-489] Unrolling loop 'L3' (./mmult.h:59) in function 'HLS_accel' completely with a factor of 200.
WARNING: [XFORM 203-104] Completely partitioning array 'a' (./mmult.h:128) accessed through non-constant indices on dimension 2 (./mmult.h:140:14), which may result in long runtime and suboptimal QoR due to large multiplexers. Please consider wrapping the array access into a function or using a register file core instead.
INFO: [XFORM 203-101] Partitioning array 'a' (./mmult.h:128) in dimension 2 completely.
WARNING: [XFORM 203-104] Completely partitioning array 'b' (./mmult.h:129) accessed through non-constant indices on dimension 1 (./mmult.h:150:15), which may result in long runtime and suboptimal QoR due to large multiplexers. Please consider wrapping the array access into a function or using a register file core instead.
INFO: [XFORM 203-101] Partitioning array 'b' (./mmult.h:129) in dimension 1 completely.
INFO: [XFORM 203-11] Balancing expressions in function 'HLS_accel' (mmult_accel.cpp:19)...199 expression(s) balanced.
INFO: [HLS 200-111] Finished Pre-synthesis Time (s): cpu = 00:00:03 ; elapsed = 00:00:14 . Memory (MB): peak = 146.250 ; gain = 61.336
INFO: [XFORM 203-541] Flattening a loop nest 'Loop-1' (./mmult.h:135:13) in function 'HLS_accel'.
INFO: [XFORM 203-541] Flattening a loop nest 'Loop-2' (./mmult.h:145:14) in function 'HLS_accel'.
INFO: [XFORM 203-541] Flattening a loop nest 'L1' (./mmult.h:54:3) in function 'HLS_accel'.
INFO: [XFORM 203-541] Flattening a loop nest 'Loop-4' (./mmult.h:157:15) in function 'HLS_accel'.
INFO: [HLS 200-111] Finished Architecture Synthesis Time (s): cpu = 00:00:05 ; elapsed = 00:00:19 . Memory (MB): peak = 206.426 ; gain = 121.512
INFO: [HLS 200-10] Starting hardware synthesis ...
INFO: [HLS 200-10] Synthesizing 'HLS_accel' ...
INFO: [HLS 200-10] ----------------------------------------------------------------
INFO: [HLS 200-42] -- Implementing module 'HLS_accel' 
INFO: [HLS 200-10] ----------------------------------------------------------------
INFO: [SCHED 204-11] Starting scheduling ...
INFO: [SCHED 204-61] Pipelining loop 'Loop 1'.
INFO: [SCHED 204-61] Pipelining result : Target II = 1, Final II = 1, Depth = 1.
INFO: [SCHED 204-61] Pipelining loop 'Loop 2'.
INFO: [SCHED 204-61] Pipelining result : Target II = 1, Final II = 1, Depth = 1.
INFO: [SCHED 204-61] Pipelining loop 'L1_L2'.
INFO: [SCHED 204-61] Pipelining result : Target II = 1, Final II = 1, Depth = 8.
INFO: [SCHED 204-61] Pipelining loop 'Loop 4'.
INFO: [SCHED 204-61] Pipelining result : Target II = 1, Final II = 1, Depth = 4.
WARNING: [SCHED 204-21] Estimated clock period (11.477ns) exceeds the target (target clock period: 10ns, clock uncertainty: 1.25ns, effective delay budget: 8.75ns).
WARNING: [SCHED 204-21] The critical path in module 'HLS_accel' consists of the following:
	'mul' operation of DSP[3260] ('tmp_15_157', ./mmult.h:59->./mmult.h:154->mmult_accel.cpp:26) [2983]  (3.36 ns)
	'add' operation of DSP[3260] ('tmp159', ./mmult.h:59->./mmult.h:154->mmult_accel.cpp:26) [3260]  (3.02 ns)
	'add' operation of DSP[3261] ('tmp158', ./mmult.h:59->./mmult.h:154->mmult_accel.cpp:26) [3261]  (3.02 ns)
	'add' operation ('tmp157', ./mmult.h:59->./mmult.h:154->mmult_accel.cpp:26) [3264]  (2.08 ns)
INFO: [SCHED 204-11] Finished scheduling.
INFO: [HLS 200-111]  Elapsed time: 25.094 seconds; current allocated memory: 157.748 MB.
INFO: [BIND 205-100] Starting micro-architecture generation ...
INFO: [BIND 205-101] Performing variable lifetime analysis.
INFO: [BIND 205-101] Exploring resource sharing.
INFO: [BIND 205-101] Binding ...
INFO: [BIND 205-100] Finished micro-architecture generation.
INFO: [HLS 200-111]  Elapsed time: 7.159 seconds; current allocated memory: 168.565 MB.
INFO: [HLS 200-10] ----------------------------------------------------------------
INFO: [HLS 200-10] -- Generating RTL for module 'HLS_accel' 
INFO: [HLS 200-10] ----------------------------------------------------------------
INFO: [RTGEN 206-500] Setting interface mode on port 'HLS_accel/INPUT_STREAM_data_V' to 'axis' (register, both mode).
INFO: [RTGEN 206-500] Setting interface mode on port 'HLS_accel/INPUT_STREAM_keep_V' to 'axis' (register, both mode).
INFO: [RTGEN 206-500] Setting interface mode on port 'HLS_accel/INPUT_STREAM_strb_V' to 'axis' (register, both mode).
INFO: [RTGEN 206-500] Setting interface mode on port 'HLS_accel/INPUT_STREAM_user_V' to 'axis' (register, both mode).
INFO: [RTGEN 206-500] Setting interface mode on port 'HLS_accel/INPUT_STREAM_last_V' to 'axis' (register, both mode).
INFO: [RTGEN 206-500] Setting interface mode on port 'HLS_accel/INPUT_STREAM_id_V' to 'axis' (register, both mode).
INFO: [RTGEN 206-500] Setting interface mode on port 'HLS_accel/INPUT_STREAM_dest_V' to 'axis' (register, both mode).
INFO: [RTGEN 206-500] Setting interface mode on port 'HLS_accel/OUTPUT_STREAM_data_V' to 'axis' (register, both mode).
INFO: [RTGEN 206-500] Setting interface mode on port 'HLS_accel/OUTPUT_STREAM_keep_V' to 'axis' (register, both mode).
INFO: [RTGEN 206-500] Setting interface mode on port 'HLS_accel/OUTPUT_STREAM_strb_V' to 'axis' (register, both mode).
INFO: [RTGEN 206-500] Setting interface mode on port 'HLS_accel/OUTPUT_STREAM_user_V' to 'axis' (register, both mode).
INFO: [RTGEN 206-500] Setting interface mode on port 'HLS_accel/OUTPUT_STREAM_last_V' to 'axis' (register, both mode).
INFO: [RTGEN 206-500] Setting interface mode on port 'HLS_accel/OUTPUT_STREAM_id_V' to 'axis' (register, both mode).
INFO: [RTGEN 206-500] Setting interface mode on port 'HLS_accel/OUTPUT_STREAM_dest_V' to 'axis' (register, both mode).
INFO: [RTGEN 206-500] Setting interface mode on function 'HLS_accel' to 's_axilite & ap_ctrl_hs'.
INFO: [RTGEN 206-100] Bundling port 'return' to AXI-Lite port CONTROL_BUS.
INFO: [SYN 201-210] Renamed object name 'HLS_accel_mul_mul_16s_16s_16_1_1' to 'HLS_accel_mul_mulbkb' due to the length limit 20
INFO: [SYN 201-210] Renamed object name 'HLS_accel_mac_muladd_16s_16s_16s_16_1_1' to 'HLS_accel_mac_mulcud' due to the length limit 20
INFO: [SYN 201-210] Renamed object name 'HLS_accel_mac_muladd_8ns_9ns_8ns_16_1_1' to 'HLS_accel_mac_mu