

================================================================
== Vivado HLS Report for 'HLS_accel'
================================================================
* Date:           Sun Dec  1 18:11:05 2024

* Version:        2018.3 (Build 2405991 on Thu Dec 06 23:56:15 MST 2018)
* Project:        hls_wrapped_mmult_prj
* Solution:       solution3_3
* Product family: zynq
* Target device:  xc7z020clg484-1


================================================================
== Performance Estimates
================================================================
+ Timing (ns): 
    * Summary: 
    +--------+-------+----------+------------+
    |  Clock | Target| Estimated| Uncertainty|
    +--------+-------+----------+------------+
    |ap_clk  |  10.00|     9.712|        1.25|
    +--------+-------+----------+------------+

+ Latency (clock cycles): 
    * Summary: 
    +-------+-------+-------+-------+---------+
    |    Latency    |    Interval   | Pipeline|
    |  min  |  max  |  min  |  max  |   Type  |
    +-------+-------+-------+-------+---------+
    |  87685|  87685|  87685|  87685|   none  |
    +-------+-------+-------+-------+---------+

    + Detail: 
        * Instance: 
        N/A

        * Loop: 
        +----------+-------+-------+----------+-----------+-----------+------+----------+
        |          |    Latency    | Iteration|  Initiation Interval  | Trip |          |
        | Loop Name|  min  |  max  |  Latency |  achieved |   target  | Count| Pipelined|
        +----------+-------+-------+----------+-----------+-----------+------+----------+
        |- Loop 1  |   2916|   2916|         2|          1|          1|  2916|    yes   |
        |- Loop 2  |   2916|   2916|         2|          1|          1|  2916|    yes   |
        |- L1_L2   |  78928|  78928|       224|         27|          2|  2916|    yes   |
        |- Loop 4  |   2917|   2917|         3|          1|          1|  2916|    yes   |
        +----------+-------+-------+----------+-----------+-----------+------+----------+



================================================================
== Utilization Estimates
================================================================
* Summary: 
+-----------------+---------+-------+--------+-------+
|       Name      | BRAM_18K| DSP48E|   FF   |  LUT  |
+-----------------+---------+-------+--------+-------+
|DSP              |        -|      3|       -|      -|
|Expression       |        -|      0|       0|   1750|
|FIFO             |        -|      -|       -|      -|
|Instance         |        0|      0|     428|    985|
|Memory           |        8|      -|    1728|    756|
|Multiplexer      |        -|      -|       -|   2410|
|Register         |        0|      -|    4649|   1344|
+-----------------+---------+-------+--------+-------+
|Total            |        8|      3|    6805|   7245|
+-----------------+---------+-------+--------+-------+
|Available        |      280|    220|  106400|  53200|
+-----------------+---------+-------+--------+-------+
|Utilization (%)  |        2|      1|       6|     13|
+-----------------+---------+-------+--------+-------+

+ Detail: 
    * Instance: 
    +-------------------------------+-----------------------------+---------+-------+-----+-----+
    |            Instance           |            Module           | BRAM_18K| DSP48E|  FF | LUT |
    +-------------------------------+-----------------------------+---------+-------+-----+-----+
    |HLS_accel_CONTROL_BUS_s_axi_U  |HLS_accel_CONTROL_BUS_s_axi  |        0|      0|   36|   40|
    |HLS_accel_hadd_16bkb_U1        |HLS_accel_hadd_16bkb         |        0|      0|   88|  165|
    |HLS_accel_hadd_16bkb_U2        |HLS_accel_hadd_16bkb         |        0|      0|   88|  165|
    |HLS_accel_hmul_16cud_U3        |HLS_accel_hmul_16cud         |        0|      0|  108|  191|
    |HLS_accel_hmul_16cud_U4        |HLS_accel_hmul_16cud         |        0|      0|  108|  191|
    |HLS_accel_mux_546dEe_U5        |HLS_accel_mux_546dEe         |        0|      0|    0|  233|
    +-------------------------------+-----------------------------+---------+-------+-----+-----+
    |Total                          |                             |        0|      0|  428|  985|
    +-------------------------------+-----------------------------+---------+-------+-----+-----+

    * DSP48: 
    +-------------------------+----------------------+--------------+
    |         Instance        |        Module        |  Expression  |
    +-------------------------+----------------------+--------------+
    |HLS_accel_mac_muleOg_U6  |HLS_accel_mac_muleOg  | i0 * i1 + i2 |
    |HLS_accel_mac_muleOg_U7  |HLS_accel_mac_muleOg  | i0 * i1 + i2 |
    |HLS_accel_mac_muleOg_U8  |HLS_accel_mac_muleOg  | i0 * i1 + i2 |
    +-------------------------+----------------------+--------------+

    * Memory: 
    +----------+-----------------+---------+----+----+------+-----+------+-------------+
    |  Memory  |      Module     | BRAM_18K| FF | LUT| Words| Bits| Banks| W*Bits*Banks|
    +----------+-----------------+---------+----+----+------+-----+------+-------------+
    |a_U       |HLS_accel_a      |        4|   0|   0|  2916|   16|     1|        46656|
    |b_U       |HLS_accel_a      |        4|   0|   0|  2916|   16|     1|        46656|
    |out_0_U   |HLS_accel_out_0  |        0|  32|  14|    54|   16|     1|          864|
    |out_1_U   |HLS_accel_out_0  |        0|  32|  14|    54|   16|     1|          864|
    |out_2_U   |HLS_accel_out_0  |        0|  32|  14|    54|   16|     1|          864|
    |out_3_U   |HLS_accel_out_0  |        0|  32|  14|    54|   16|     1|          864|
    |out_4_U   |HLS_accel_out_0  |        0|  32|  14|    54|   16|     1|          864|
    |out_5_U   |HLS_accel_out_0  |        0|  32|  14|    54|   16|     1|          864|
    |out_6_U   |HLS_accel_out_0  |        0|  32|  14|    54|   16|     1|          864|
    |out_7_U   |HLS_accel_out_0  |        0|  32|  14|    54|   16|     1|          864|
    |out_8_U   |HLS_accel_out_0  |        0|  32|  14|    54|   16|     1|          864|
    |out_9_U   |HLS_accel_out_0  |        0|  32|  14|    54|   16|     1|          864|
    |out_10_U  |HLS_accel_out_0  |        0|  32|  14|    54|   16|     1|          864|
    |out_11_U  |HLS_accel_out_0  |        0|  32|  14|    54|   16|     1|          864|
    |out_12_U  |HLS_accel_out_0  |        0|  32|  14|    54|   16|     1|          864|
    |out_13_U  |HLS_accel_out_0  |        0|  32|  14|    54|   16|     1|          864|
    |out_14_U  |HLS_accel_out_0  |        0|  32|  14|    54|   16|     1|          864|
    |out_15_U  |HLS_accel_out_0  |        0|  32|  14|    54|   16|     1|          864|
    |out_16_U  |HLS_accel_out_0  |        0|  32|  14|    54|   16|     1|          864|
    |out_17_U  |HLS_accel_out_0  |        0|  32|  14|    54|   16|     1|          864|
    |out_18_U  |HLS_accel_out_0  |        0|  32|  14|    54|   16|     1|          864|
    |out_19_U  |HLS_accel_out_0  |        0|  32|  14|    54|   16|     1|          864|
    |out_20_U  |HLS_accel_out_0  |        0|  32|  14|    54|   16|     1|          864|
    |out_21_U  |HLS_accel_out_0  |        0|  32|  14|    54|   16|     1|          864|
    |out_22_U  |HLS_accel_out_0  |        0|  32|  14|    54|   16|     1|          864|
    |out_23_U  |HLS_accel_out_0  |        0|  32|  14|    54|   16|     1|          864|
    |out_24_U  |HLS_accel_out_0  |        0|  32|  14|    54|   16|     1|          864|
    |out_25_U  |HLS_accel_out_0  |        0|  32|  14|    54|   16|     1|          864|
    |out_26_U  |HLS_accel_out_0  |        0|  32|  14|    54|   16|     1|          864|
    |out_27_U  |HLS_accel_out_0  |        0|  32|  14|    54|   16|     1|          864|
    |out_28_U  |HLS_accel_out_0  |        0|  32|  14|    54|   16|     1|          864|
    |out_29_U  |HLS_accel_out_0  |        0|  32|  14|    54|   16|     1|          864|
    |out_30_U  |HLS_accel_out_0  |        0|  32|  14|    54|   16|     1|          864|
    |out_31_U  |HLS_accel_out_0  |        0|  32|  14|    54|   16|     1|          864|
    |out_32_U  |HLS_accel_out_0  |        0|  32|  14|    54|   16|     1|          864|
    |out_33_U  |HLS_accel_out_0  |        0|  32|  14|    54|   16|     1|          864|
    |out_34_U  |HLS_accel_out_0  |        0|  32|  14|    54|   16|     1|          864|
    |out_35_U  |HLS_accel_out_0  |        0|  32|  14|    54|   16|     1|          864|
    |out_36_U  |HLS_accel_out_0  |        0|  32|  14|    54|   16|     1|          864|
    |out_37_U  |HLS_accel_out_0  |        0|  32|  14|    54|   16|     1|          864|
    |out_38_U  |HLS_accel_out_0  |        0|  32|  14|    54|   16|     1|          864|
    |out_39_U  |HLS_accel_out_0  |        0|  32|  14|    54|   16|     1|          864|
    |out_40_U  |HLS_accel_out_0  |        0|  32|  14|    54|   16|     1|          864|
    |out_41_U  |HLS_accel_out_0  |        0|  32|  14|    54|   16|     1|          864|
    |out_42_U  |HLS_accel_out_0  |        0|  32|  14|    54|   16|     1|          864|
    |out_43_U  |HLS_accel_out_0  |        0|  32|  14|    54|   16|     1|          864|
    |out_44_U  |HLS_accel_out_0  |        0|  32|  14|    54|   16|     1|          864|
    |out_45_U  |HLS_accel_out_0  |        0|  32|  14|    54|   16|     1|          864|
    |out_46_U  |HLS_accel_out_0  |        0|  32|  14|    54|   16|     1|          864|
    |out_47_U  |HLS_accel_out_0  |        0|  32|  14|    54|   16|     1|          864|
    |out_48_U  |HLS_accel_out_0  |        0|  32|  14|    54|   16|     1|          864|
    |out_49_U  |HLS_accel_out_0  |        0|  32|  14|    54|   16|     1|          864|
    |out_50_U  |HLS_accel_out_0  |        0|  32|  14|    54|   16|     1|          864|
    |out_51_U  |HLS_accel_out_0  |        0|  32|  14|    54|   16|     1|          864|
    |out_52_U  |HLS_accel_out_0  |        0|  32|  14|    54|   16|     1|          864|
    |out_53_U  |HLS_accel_out_0  |        0|  32|  14|    54|   16|     1|          864|
    +----------+-----------------+---------+----+----+------+-----+------+-------------+
    |Total     |                 |        8|1728| 756|  8748|  896|    56|       139968|
    +----------+-----------------+---------+----+----+------+-----+------+-------------+

    * FIFO: 
    N/A

    * Expression: 
    +---------------------------------------+----------+-------+---+----+------------+------------+
    |             Variable Name             | Operation| DSP48E| FF| LUT| Bitwidth P0| Bitwidth P1|
    +---------------------------------------+----------+-------+---+----+------------+------------+
    |a_load_mid2_fu_3057_p2                 |     *    |      0|  0|  26|           6|           6|
    |a_load_10_mid2_fu_3281_p2              |     +    |      0|  0|  12|           4|          12|
    |a_load_11_mid2_fu_3291_p2              |     +    |      0|  0|  12|           4|          12|
    |a_load_12_mid2_fu_3321_p2              |     +    |      0|  0|  12|           4|          12|
    |a_load_13_mid2_fu_3331_p2              |     +    |      0|  0|  12|           4|          12|
    |a_load_14_mid2_fu_3365_p2              |     +    |      0|  0|  12|           4|          12|
    |a_load_15_mid2_fu_3375_p2              |     +    |      0|  0|  12|           4|          12|
    |a_load_16_mid2_fu_3413_p2              |     +    |      0|  0|  12|           5|          12|
    |a_load_17_mid2_fu_3423_p2              |     +    |      0|  0|  12|           5|          12|
    |a_load_18_mid2_fu_3458_p2              |     +    |      0|  0|  12|           5|          12|
    |a_load_19_mid2_fu_3468_p2              |     +    |      0|  0|  12|           5|          12|
    |a_load_20_mid2_fu_3498_p2              |     +    |      0|  0|  12|           5|          12|
    |a_load_21_mid2_fu_3508_p2              |     +    |      0|  0|  12|           5|          12|
    |a_load_22_mid2_fu_3538_p2              |     +    |      0|  0|  12|           5|          12|
    |a_load_23_mid2_fu_3548_p2              |     +    |      0|  0|  12|           5|          12|
    |a_load_24_mid2_fu_3578_p2              |     +    |      0|  0|  12|           5|          12|
    |a_load_25_mid2_fu_3588_p2              |     +    |      0|  0|  12|           5|          12|
    |a_load_26_mid2_fu_3618_p2              |     +    |      0|  0|  12|           5|          12|
    |a_load_27_mid2_fu_3628_p2              |     +    |      0|  0|  12|           5|          12|
    |a_load_28_mid2_fu_3662_p2              |     +    |      0|  0|  12|           5|          12|
    |a_load_29_mid2_fu_3672_p2              |     +    |      0|  0|  12|           5|          12|
    |a_load_2_mid2_fu_3108_p2               |     +    |      0|  0|  12|           2|          12|
    |a_load_30_mid2_fu_3710_p2              |     +    |      0|  0|  12|           5|          12|
    |a_load_31_mid2_fu_3720_p2              |     +    |      0|  0|  12|           5|          12|
    |a_load_32_mid2_fu_3752_p2              |     +    |      0|  0|  12|           6|          12|
    |a_load_33_mid2_fu_3762_p2              |     +    |      0|  0|  12|           6|          12|
    |a_load_34_mid2_fu_3800_p2              |     +    |      0|  0|  12|           6|          12|
    |a_load_35_mid2_fu_3810_p2              |     +    |      0|  0|  12|           6|          12|
    |a_load_36_mid2_fu_3848_p2              |     +    |      0|  0|  12|           6|          12|
    |a_load_37_mid2_fu_3858_p2              |     +    |      0|  0|  12|           6|          12|
    |a_load_38_mid2_fu_3888_p2              |     +    |      0|  0|  12|           6|          12|
    |a_load_39_mid2_fu_3898_p2              |     +    |      0|  0|  12|           6|          12|
    |a_load_3_mid2_fu_3118_p2               |     +    |      0|  0|  12|           2|          12|
    |a_load_40_mid2_fu_3928_p2              |     +    |      0|  0|  12|           6|          12|
    |a_load_41_mid2_fu_3938_p2              |     +    |      0|  0|  12|           6|          12|
    |a_load_42_mid2_fu_3968_p2              |     +    |      0|  0|  12|           6|          12|
    |a_load_43_mid2_fu_3978_p2              |     +    |      0|  0|  12|           6|          12|
    |a_load_44_mid2_fu_4008_p2              |     +    |      0|  0|  12|           6|          12|
    |a_load_45_mid2_fu_4018_p2              |     +    |      0|  0|  12|           6|          12|
    |a_load_46_mid2_fu_4048_p2              |     +    |      0|  0|  12|           6|          12|
    |a_load_47_mid2_fu_4058_p2              |     +    |      0|  0|  12|           6|          12|
    |a_load_48_mid2_fu_4088_p2              |     +    |      0|  0|  12|           6|          12|
    |a_load_49_mid2_fu_4098_p2              |     +    |      0|  0|  12|           6|          12|
    |a_load_4_mid2_fu_3153_p2               |     +    |      0|  0|  12|           3|          12|
    |a_load_50_mid2_fu_4128_p2              |     +    |      0|  0|  12|           6|          12|
    |a_load_51_mid2_fu_4138_p2              |     +    |      0|  0|  12|           6|          12|
    |a_load_52_mid2_fu_4173_p2              |     +    |      0|  0|  12|           6|          12|
    |a_load_53_mid2_fu_4183_p2              |     +    |      0|  0|  12|           6|          12|
    |a_load_5_mid2_fu_3163_p2               |     +    |      0|  0|  12|           3|          12|
    |a_load_6_mid2_fu_3193_p2               |     +    |      0|  0|  12|           3|          12|
    |a_load_7_mid2_fu_3203_p2               |     +    |      0|  0|  12|           3|          12|
    |a_load_8_mid2_fu_3241_p2               |     +    |      0|  0|  12|           4|          12|
    |a_load_9_mid2_fu_3251_p2               |     +    |      0|  0|  12|           4|          12|
    |i_1_fu_2945_p2                         |     +    |      0|  0|  15|           6|           1|
    |i_2_fu_4205_p2                         |     +    |      0|  0|  15|           6|           1|
    |i_fu_2884_p2                           |     +    |      0|  0|  15|           6|           1|
    |ia_fu_3006_p2                          |     +    |      0|  0|  15|           1|           6|
    |ib_fu_4168_p2                          |     +    |      0|  0|  15|           6|           1|
    |indvar_flatten_next1_fu_4199_p2        |     +    |      0|  0|  12|          12|           1|
    |indvar_flatten_next2_fu_3000_p2        |     +    |      0|  0|  12|          12|           1|
    |indvar_flatten_next7_fu_2939_p2        |     +    |      0|  0|  12|          12|           1|
    |indvar_flatten_next_fu_2878_p2         |     +    |      0|  0|  12|          12|           1|
    |j_1_fu_2973_p2                         |     +    |      0|  0|  15|           6|           1|
    |j_2_fu_4291_p2                         |     +    |      0|  0|  15|           6|           1|
    |j_fu_2912_p2                           |     +    |      0|  0|  15|           6|           1|
    |tmp_10_fu_3043_p2                      |     +    |      0|  0|  15|           6|           7|
    |tmp_122_fu_3086_p2                     |     +    |      0|  0|  15|           7|           8|
    |tmp_123_fu_3097_p2                     |     +    |      0|  0|  15|           8|           8|
    |tmp_124_fu_3131_p2                     |     +    |      0|  0|  15|           8|           9|
    |tmp_125_fu_3142_p2                     |     +    |      0|  0|  15|           9|           9|
    |tmp_126_fu_3173_p2                     |     +    |      0|  0|  15|           9|           9|
    |tmp_127_fu_3183_p2                     |     +    |      0|  0|  15|           9|           9|
    |tmp_128_fu_3216_p2                     |     +    |      0|  0|  15|           8|           8|
    |tmp_129_fu_3230_p2                     |     +    |      0|  0|  14|           9|          10|
    |tmp_130_fu_3261_p2                     |     +    |      0|  0|  14|          10|          10|
    |tmp_131_fu_3271_p2                     |     +    |      0|  0|  14|          10|          10|
    |tmp_132_fu_3301_p2                     |     +    |      0|  0|  14|          10|          10|
    |tmp_133_fu_3311_p2                     |     +    |      0|  0|  14|          10|          10|
    |tmp_134_fu_3341_p2                     |     +    |      0|  0|  14|          10|          10|
    |tmp_135_fu_3351_p2                     |     +    |      0|  0|  15|           9|           9|
    |tmp_136_fu_3385_p2                     |     +    |      0|  0|  15|           9|           9|
    |tmp_137_fu_3399_p2                     |     +    |      0|  0|  15|           8|           8|
    |tmp_138_fu_3436_p2                     |     +    |      0|  0|  13|          10|          11|
    |tmp_139_fu_3447_p2                     |     +    |      0|  0|  13|          11|          11|
    |tmp_140_fu_3478_p2                     |     +    |      0|  0|  13|          11|          11|
    |tmp_141_fu_3488_p2                     |     +    |      0|  0|  13|          11|          11|
    |tmp_142_fu_3518_p2                     |     +    |      0|  0|  13|          11|          11|
    |tmp_143_fu_3528_p2                     |     +    |      0|  0|  13|          11|          11|
    |tmp_144_fu_3558_p2                     |     +    |      0|  0|  13|          11|          11|
    |tmp_145_fu_3568_p2                     |     +    |      0|  0|  13|          11|          11|
    |tmp_146_fu_3598_p2                     |     +    |      0|  0|  13|          11|          11|
    |tmp_147_fu_3608_p2                     |     +    |      0|  0|  13|          11|          11|
    |tmp_148_fu_3638_p2                     |     +    |      0|  0|  13|          11|          11|
    |tmp_149_fu_3648_p2                     |     +    |      0|  0|  14|          10|          10|
    |tmp_150_fu_3682_p2                     |     +    |      0|  0|  14|          10|          10|
    |tmp_151_fu_3696_p2                     |     +    |      0|  0|  14|          10|          10|
    |tmp_153_fu_3738_p2                     |     +    |      0|  0|  14|          10|          10|
    |tmp_154_fu_3772_p2                     |     +    |      0|  0|  15|           9|           9|
    |tmp_155_fu_3786_p2                     |     +    |      0|  0|  15|           9|           9|
    |tmp_156_fu_3823_p2                     |     +    |      0|  0|  15|           8|           8|
    |tmp_157_fu_3837_p2                     |     +    |      0|  0|  12|          11|          12|
    |tmp_158_fu_3868_p2                     |     +    |      0|  0|  12|          12|          12|
    |tmp_159_fu_3878_p2                     |     +    |      0|  0|  12|          12|          12|
    |tmp_160_fu_3908_p2                     |     +    |      0|  0|  12|          12|          12|
    |tmp_161_fu_3918_p2                     |     +    |      0|  0|  12|          12|          12|
    |tmp_162_fu_3948_p2                     |     +    |      0|  0|  12|          12|          12|
    |tmp_163_fu_3958_p2                     |     +    |      0|  0|  12|          12|          12|
    |tmp_164_fu_3988_p2                     |     +    |      0|  0|  12|          12|          12|
    |tmp_165_fu_3998_p2                     |     +    |      0|  0|  12|          12|          12|
    |tmp_166_fu_4028_p2                     |     +    |      0|  0|  12|          12|          12|
    |tmp_167_fu_4038_p2                     |     +    |      0|  0|  12|          12|          12|
    |tmp_168_fu_4068_p2                     |     +    |      0|  0|  12|          12|          12|
    |tmp_169_fu_4078_p2                     |     +    |      0|  0|  12|          12|          12|
    |tmp_170_fu_4108_p2                     |     +    |      0|  0|  12|          12|          12|
    |tmp_171_fu_4118_p2                     |     +    |      0|  0|  12|          12|          12|
    |tmp_172_fu_4148_p2                     |     +    |      0|  0|  12|          12|          12|
    |tmp_173_fu_4158_p2                     |     +    |      0|  0|  12|          12|          12|
    |INPUT_STREAM_data_V_0_load_A           |    and   |      0|  0|   2|           1|           1|
    |INPUT_STREAM_data_V_0_load_B           |    and   |      0|  0|   2|           1|           1|
    |OUTPUT_STREAM_data_V_1_load_A          |    and   |      0|  0|   2|           1|           1|
    |OUTPUT_STREAM_data_V_1_load_B          |    and   |      0|  0|   2|           1|           1|
    |OUTPUT_STREAM_last_V_1_load_A          |    and   |      0|  0|   2|           1|           1|
    |OUTPUT_STREAM_last_V_1_load_B          |    and   |      0|  0|   2|           1|           1|
    |ap_block_pp0_stage0_11001              |    and   |      0|  0|   2|           1|           1|
    |ap_block_pp1_stage0_11001              |    and   |      0|  0|   2|           1|           1|
    |ap_block_state234_io                   |    and   |      0|  0|   2|           1|           1|
    |ap_block_state235_io                   |    and   |      0|  0|   2|           1|           1|
    |ap_block_state2_pp0_stage0_iter0       |    and   |      0|  0|   2|           1|           1|
    |ap_block_state5_pp1_stage0_iter0       |    and   |      0|  0|   2|           1|           1|
    |INPUT_STREAM_data_V_0_state_cmp_full   |   icmp   |      0|  0|   8|           2|           1|
    |OUTPUT_STREAM_data_V_1_state_cmp_full  |   icmp   |      0|  0|   8|           2|           1|
    |OUTPUT_STREAM_last_V_1_state_cmp_full  |   icmp   |      0|  0|   8|           2|           1|
    |exitcond1_i_i_fu_3012_p2               |   icmp   |      0|  0|  11|           6|           5|
    |exitcond2_i_fu_2951_p2                 |   icmp   |      0|  0|  11|           6|           5|
    |exitcond4_i_fu_2890_p2                 |   icmp   |      0|  0|  11|           6|           5|
    |exitcond_flatten1_fu_2994_p2           |   icmp   |      0|  0|  13|          12|          12|
    |exitcond_flatten2_fu_4193_p2           |   icmp   |      0|  0|  13|          12|          12|
    |exitcond_flatten8_fu_2933_p2           |   icmp   |      0|  0|  13|          12|          12|
    |exitcond_flatten_fu_2872_p2            |   icmp   |      0|  0|  13|          12|          12|
    |exitcond_i_fu_4211_p2                  |   icmp   |      0|  0|  11|           6|           5|
    |last_assign_fu_4303_p2                 |   icmp   |      0|  0|  13|          12|          12|
    |a_load_1_mid2_fu_3072_p2               |    or    |      0|  0|  12|          12|           1|
    |ap_block_pp3_stage0_11001              |    or    |      0|  0|   2|           1|           1|
    |ap_block_state236                      |    or    |      0|  0|   2|           1|           1|
    |ib_0_i_i_mid2_fu_3018_p3               |  select  |      0|  0|   6|           1|           1|
    |j2_0_i_mid2_fu_2957_p3                 |  select  |      0|  0|   6|           1|           1|
    |j5_0_i_mid2_fu_4217_p3                 |  select  |      0|  0|   6|           1|           1|
    |j_0_i_mid2_fu_2896_p3                  |  select  |      0|  0|   6|           1|           1|
    |tmp_1_mid2_v_fu_2904_p3                |  select  |      0|  0|   6|           1|           6|
    |tmp_3_mid2_v_fu_2965_p3                |  select  |      0|  0|   6|           1|           6|
    |tmp_6_fu_3026_p3                       |  select  |      0|  0|   6|           1|           6|
    |tmp_8_mid2_v_v_fu_4225_p3              |  select  |      0|  0|   6|           1|           6|
    |ap_enable_pp0                          |    xor   |      0|  0|   2|           1|           2|
    |ap_enable_pp1                          |    xor   |      0|  0|   2|           1|           2|
    |ap_enable_pp2                          |    xor   |      0|  0|   2|           1|           2|
    |ap_enable_pp3                          |    xor   |      0|  0|   2|           1|           2|
    |ap_enable_reg_pp0_iter1                |    xor   |      0|  0|   2|           2|           1|
    |ap_enable_reg_pp1_iter1                |    xor   |      0|  0|   2|           2|           1|
    |ap_enable_reg_pp3_iter1                |    xor   |      0|  0|   2|           2|           1|
    +---------------------------------------+----------+-------+---+----+------------+------------+
    |Total                                  |          |      0|  0|1750|        1029|        1328|
    +---------------------------------------+----------+-------+---+----+------------+------------+

    * Multiplexer: 
    +-------------------------------------------+-----+-----------+-----+-----------+
    |                    Name                   | LUT | Input Size| Bits| Total Bits|
    +-------------------------------------------+-----+-----------+-----+-----------+
    |INPUT_STREAM_TDATA_blk_n                   |    9|          2|    1|          2|
    |INPUT_STREAM_data_V_0_data_out             |    9|          2|   16|         32|
    |INPUT_STREAM_data_V_0_state                |   15|          3|    2|          6|
    |INPUT_STREAM_dest_V_0_state                |   15|          3|    2|          6|
    |OUTPUT_STREAM_TDATA_blk_n                  |    9|          2|    1|          2|
    |OUTPUT_STREAM_data_V_1_data_out            |    9|          2|   16|         32|
    |OUTPUT_STREAM_data_V_1_state               |   15|          3|    2|          6|
    |OUTPUT_STREAM_dest_V_1_state               |   15|          3|    2|          6|
    |OUTPUT_STREAM_id_V_1_state                 |   15|          3|    2|          6|
    |OUTPUT_STREAM_keep_V_1_state               |   15|          3|    2|          6|
    |OUTPUT_STREAM_last_V_1_data_out            |    9|          2|    1|          2|
    |OUTPUT_STREAM_last_V_1_state               |   15|          3|    2|          6|
    |OUTPUT_STREAM_strb_V_1_state               |   15|          3|    2|          6|
    |OUTPUT_STREAM_user_V_1_state               |   15|          3|    2|          6|
    |a_address0                                 |  133|         29|   12|        348|
    |a_address1                                 |  129|         28|   12|        336|
    |ap_NS_fsm                                  |  161|         36|    1|         36|
    |ap_enable_reg_pp0_iter1                    |   15|          3|    1|          3|
    |ap_enable_reg_pp1_iter1                    |   15|          3|    1|          3|
    |ap_enable_reg_pp2_iter8                    |    9|          2|    1|          2|
    |ap_enable_reg_pp3_iter1                    |    9|          2|    1|          2|
    |ap_enable_reg_pp3_iter2                    |    9|          2|    1|          2|
    |ap_phi_mux_i1_0_i_phi_fu_2566_p4           |    9|          2|    6|         12|
    |ap_phi_mux_i4_0_i_phi_fu_2632_p4           |    9|          2|    6|         12|
    |ap_phi_mux_i_0_i_phi_fu_2533_p4            |    9|          2|    6|         12|
    |ap_phi_mux_ia_0_i_i_phi_fu_2599_p4         |    9|          2|    6|         12|
    |ap_phi_mux_ib_0_i_i_phi_fu_2610_p4         |    9|          2|    6|         12|
    |ap_phi_mux_indvar_flatten1_phi_fu_2588_p4  |    9|          2|   12|         24|
    |b_address0                                 |  133|         29|   12|        348|
    |b_address1                                 |  129|         28|   12|        336|
    |grp_fu_2650_p0                             |   38|          7|   16|        112|
    |grp_fu_2650_p1                             |  129|         28|   16|        448|
    |grp_fu_2655_p0                             |   38|          7|   16|        112|
    |grp_fu_2655_p1                             |  129|         28|   16|        448|
    |grp_fu_2659_p0                             |   41|          8|   16|        128|
    |grp_fu_2659_p1                             |   41|          8|   16|        128|
    |grp_fu_2663_p0                             |   41|          8|   16|        128|
    |grp_fu_2663_p1                             |   41|          8|   16|        128|
    |i1_0_i_reg_2562                            |    9|          2|    6|         12|
    |i4_0_i_reg_2628                            |    9|          2|    6|         12|
    |i_0_i_reg_2529                             |    9|          2|    6|         12|
    |ia_0_i_i_reg_2595                          |    9|          2|    6|         12|
    |ib_0_i_i_reg_2606                          |    9|          2|    6|         12|
    |indvar_flatten1_reg_2584                   |    9|          2|   12|         24|
    |indvar_flatten2_reg_2617                   |    9|          2|   12|         24|
    |indvar_flatten6_reg_2551                   |    9|          2|   12|         24|
    |indvar_flatten_reg_2518                    |    9|          2|   12|         24|
    |j2_0_i_reg_2573                            |    9|          2|    6|         12|
    |j5_0_i_reg_2639                            |    9|          2|    6|         12|
    |j_0_i_reg_2540                             |    9|          2|    6|         12|
    |out_0_address0                             |   15|          3|    6|         18|
    |out_10_address0                            |   15|          3|    6|         18|
    |out_11_address0                            |   15|          3|    6|         18|
    |out_12_address0                            |   15|          3|    6|         18|
    |out_13_address0                            |   15|          3|    6|         18|
    |out_14_address0                            |   15|          3|    6|         18|
    |out_15_address0                            |   15|          3|    6|         18|
    |out_16_address0                            |   15|          3|    6|         18|
    |out_17_address0                            |   15|          3|    6|         18|
    |out_18_address0                            |   15|          3|    6|         18|
    |out_19_address0                            |   15|          3|    6|         18|
    |out_1_address0                             |   15|          3|    6|         18|
    |out_20_address0                            |   15|          3|    6|         18|
    |out_21_address0                            |   15|          3|    6|         18|
    |out_22_address0                            |   15|          3|    6|         18|
    |out_23_address0                            |   15|          3|    6|         18|
    |out_24_address0                            |   15|          3|    6|         18|
    |out_25_address0                            |   15|          3|    6|         18|
    |out_26_address0                            |   15|          3|    6|         18|
    |out_27_address0                            |   15|          3|    6|         18|
    |out_28_address0                            |   15|          3|    6|         18|
    |out_29_address0                            |   15|          3|    6|         18|
    |out_2_address0                             |   15|          3|    6|         18|
    |out_30_address0                            |   15|          3|    6|         18|
    |out_31_address0                            |   15|          3|    6|         18|
    |out_32_address0                            |   15|          3|    6|         18|
    |out_33_address0                            |   15|          3|    6|         18|
    |out_34_address0                            |   15|          3|    6|         18|
    |out_35_address0                            |   15|          3|    6|         18|
    |out_36_address0                            |   15|          3|    6|         18|
    |out_37_address0                            |   15|          3|    6|         18|
    |out_38_address0                            |   15|          3|    6|         18|
    |out_39_address0                            |   15|          3|    6|         18|
    |out_3_address0                             |   15|          3|    6|         18|
    |out_40_address0                            |   15|          3|    6|         18|
    |out_41_address0                            |   15|          3|    6|         18|
    |out_42_address0                            |   15|          3|    6|         18|
    |out_43_address0                            |   15|          3|    6|         18|
    |out_44_address0                            |   15|          3|    6|         18|
    |out_45_address0                            |   15|          3|    6|         18|
    |out_46_address0                            |   15|          3|    6|         18|
    |out_47_address0                            |   15|          3|    6|         18|
    |out_48_address0                            |   15|          3|    6|         18|
    |out_49_address0                            |   15|          3|    6|         18|
    |out_4_address0                             |   15|          3|    6|         18|
    |out_50_address0                            |   15|          3|    6|         18|
    |out_51_address0                            |   15|          3|    6|         18|
    |out_52_address0                            |   15|          3|    6|         18|
    |out_53_address0                            |   15|          3|    6|         18|
    |out_5_address0                             |   15|          3|    6|         18|
    |out_6_address0                             |   15|          3|    6|         18|
    |out_7_address0                             |   15|          3|    6|         18|
    |out_8_address0                             |   15|          3|    6|         18|
    |out_9_address0                             |   15|          3|    6|         18|
    |reg_2675                                   |    9|          2|   16|         32|
    |reg_2681                                   |    9|          2|   16|         32|
    +-------------------------------------------+-----+-----------+-----+-----------+
    |Total                                      | 2410|        503|  729|       4484|
    +-------------------------------------------+-----+-----------+-----+-----------+

    * Register: 
    +------------------------------------------+----+----+-----+-----------+
    |                   Name                   | FF | LUT| Bits| Const Bits|
    +------------------------------------------+----+----+-----+-----------+
    |INPUT_STREAM_data_V_0_payload_A           |  16|   0|   16|          0|
    |INPUT_STREAM_data_V_0_payload_B           |  16|   0|   16|          0|
    |INPUT_STREAM_data_V_0_sel_rd              |   1|   0|    1|          0|
    |INPUT_STREAM_data_V_0_sel_wr              |   1|   0|    1|          0|
    |INPUT_STREAM_data_V_0_state               |   2|   0|    2|          0|
    |INPUT_STREAM_dest_V_0_state               |   2|   0|    2|          0|
    |OUTPUT_STREAM_data_V_1_payload_A          |  16|   0|   16|          0|
    |OUTPUT_STREAM_data_V_1_payload_B          |  16|   0|   16|          0|
    |OUTPUT_STREAM_data_V_1_sel_rd             |   1|   0|    1|          0|
    |OUTPUT_STREAM_data_V_1_sel_wr             |   1|   0|    1|          0|
    |OUTPUT_STREAM_data_V_1_state              |   2|   0|    2|          0|
    |OUTPUT_STREAM_dest_V_1_sel_rd             |   1|   0|    1|          0|
    |OUTPUT_STREAM_dest_V_1_state              |   2|   0|    2|          0|
    |OUTPUT_STREAM_id_V_1_sel_rd               |   1|   0|    1|          0|
    |OUTPUT_STREAM_id_V_1_state                |   2|   0|    2|          0|
    |OUTPUT_STREAM_keep_V_1_sel_rd             |   1|   0|    1|          0|
    |OUTPUT_STREAM_keep_V_1_state              |   2|   0|    2|          0|
    |OUTPUT_STREAM_last_V_1_payload_A          |   1|   0|    1|          0|
    |OUTPUT_STREAM_last_V_1_payload_B          |   1|   0|    1|          0|
    |OUTPUT_STREAM_last_V_1_sel_rd             |   1|   0|    1|          0|
    |OUTPUT_STREAM_last_V_1_sel_wr             |   1|   0|    1|          0|
    |OUTPUT_STREAM_last_V_1_state              |   2|   0|    2|          0|
    |OUTPUT_STREAM_strb_V_1_sel_rd             |   1|   0|    1|          0|
    |OUTPUT_STREAM_strb_V_1_state              |   2|   0|    2|          0|
    |OUTPUT_STREAM_user_V_1_sel_rd             |   1|   0|    1|          0|
    |OUTPUT_STREAM_user_V_1_state              |   2|   0|    2|          0|
    |a_load_48_reg_5417                        |  16|   0|   16|          0|
    |a_load_49_reg_5422                        |  16|   0|   16|          0|
    |a_load_50_reg_5472                        |  16|   0|   16|          0|
    |a_load_51_reg_5477                        |  16|   0|   16|          0|
    |a_load_52_reg_5512                        |  16|   0|   16|          0|
    |a_load_53_reg_5517                        |  16|   0|   16|          0|
    |ap_CS_fsm                                 |  35|   0|   35|          0|
    |ap_enable_reg_pp0_iter0                   |   1|   0|    1|          0|
    |ap_enable_reg_pp0_iter1                   |   1|   0|    1|          0|
    |ap_enable_reg_pp1_iter0                   |   1|   0|    1|          0|
    |ap_enable_reg_pp1_iter1                   |   1|   0|    1|          0|
    |ap_enable_reg_pp2_iter0                   |   1|   0|    1|          0|
    |ap_enable_reg_pp2_iter1                   |   1|   0|    1|          0|
    |ap_enable_reg_pp2_iter2                   |   1|   0|    1|          0|
    |ap_enable_reg_pp2_iter3                   |   1|   0|    1|          0|
    |ap_enable_reg_pp2_iter4                   |   1|   0|    1|          0|
    |ap_enable_reg_pp2_iter5                   |   1|   0|    1|          0|
    |ap_enable_reg_pp2_iter6                   |   1|   0|    1|          0|
    |ap_enable_reg_pp2_iter7                   |   1|   0|    1|          0|
    |ap_enable_reg_pp2_iter8                   |   1|   0|    1|          0|
    |ap_enable_reg_pp3_iter0                   |   1|   0|    1|          0|
    |ap_enable_reg_pp3_iter1                   |   1|   0|    1|          0|
    |ap_enable_reg_pp3_iter2                   |   1|   0|    1|          0|
    |b_load_50_reg_5457                        |  16|   0|   16|          0|
    |b_load_51_reg_5462                        |  16|   0|   16|          0|
    |b_load_52_reg_5502                        |  16|   0|   16|          0|
    |b_load_53_reg_5507                        |  16|   0|   16|          0|
    |exitcond_flatten1_reg_4504                |   1|   0|    1|          0|
    |exitcond_flatten2_reg_5572                |   1|   0|    1|          0|
    |exitcond_flatten2_reg_5572_pp3_iter1_reg  |   1|   0|    1|          0|
    |exitcond_flatten8_reg_4479                |   1|   0|    1|          0|
    |exitcond_flatten_reg_4454                 |   1|   0|    1|          0|
    |i1_0_i_reg_2562                           |   6|   0|    6|          0|
    |i4_0_i_reg_2628                           |   6|   0|    6|          0|
    |i_0_i_reg_2529                            |   6|   0|    6|          0|
    |ia_0_i_i_reg_2595                         |   6|   0|    6|          0|
    |ib_0_i_i_mid2_reg_4513                    |   6|   0|    6|          0|
    |ib_0_i_i_reg_2606                         |   6|   0|    6|          0|
    |ib_reg_5467                               |   6|   0|    6|          0|
    |indvar_flatten1_reg_2584                  |  12|   0|   12|          0|
    |indvar_flatten2_reg_2617                  |  12|   0|   12|          0|
    |indvar_flatten6_reg_2551                  |  12|   0|   12|          0|
    |indvar_flatten_next2_reg_4508             |  12|   0|   12|          0|
    |indvar_flatten_reg_2518                   |  12|   0|   12|          0|
    |j2_0_i_mid2_reg_4488                      |   6|   0|    6|          0|
    |j2_0_i_reg_2573                           |   6|   0|    6|          0|
    |j5_0_i_mid2_reg_5581                      |   6|   0|    6|          0|
    |j5_0_i_reg_2639                           |   6|   0|    6|          0|
    |j_0_i_mid2_reg_4463                       |   6|   0|    6|          0|
    |j_0_i_reg_2540                            |   6|   0|    6|          0|
    |reg_2671                                  |  16|   0|   16|          0|
    |reg_2675                                  |  16|   0|   16|          0|
    |reg_2681                                  |  16|   0|   16|          0|
    |reg_2687                                  |  16|   0|   16|          0|
    |reg_2692                                  |  16|   0|   16|          0|
    |reg_2697                                  |  16|   0|   16|          0|
    |reg_2702                                  |  16|   0|   16|          0|
    |reg_2707                                  |  16|   0|   16|          0|
    |reg_2712                                  |  16|   0|   16|          0|
    |reg_2717                                  |  16|   0|   16|          0|
    |reg_2722                                  |  16|   0|   16|          0|
    |reg_2727                                  |  16|   0|   16|          0|
    |reg_2732                                  |  16|   0|   16|          0|
    |reg_2737                                  |  16|   0|   16|          0|
    |reg_2742                                  |  16|   0|   16|          0|
    |reg_2747                                  |  16|   0|   16|          0|
    |reg_2752                                  |  16|   0|   16|          0|
    |reg_2757                                  |  16|   0|   16|          0|
    |reg_2762                                  |  16|   0|   16|          0|
    |reg_2767                                  |  16|   0|   16|          0|
    |reg_2772                                  |  16|   0|   16|          0|
    |reg_2777                                  |  16|   0|   16|          0|
    |reg_2782                                  |  16|   0|   16|          0|
    |reg_2787                                  |  16|   0|   16|          0|
    |reg_2793                                  |  16|   0|   16|          0|
    |reg_2798                                  |  16|   0|   16|          0|
    |reg_2857                                  |  16|   0|   16|          0|
    |reg_2862                                  |  16|   0|   16|          0|
    |reg_2867                                  |  16|   0|   16|          0|
    |temp_10_reg_4972                          |  16|   0|   16|          0|
    |temp_10_reg_4972_pp2_iter1_reg            |  16|   0|   16|          0|
    |temp_11_reg_4997                          |  16|   0|   16|          0|
    |temp_11_reg_4997_pp2_iter1_reg            |  16|   0|   16|          0|
    |temp_12_reg_5002                          |  16|   0|   16|          0|
    |temp_12_reg_5002_pp2_iter1_reg            |  16|   0|   16|          0|
    |temp_13_reg_5027                          |  16|   0|   16|          0|
    |temp_13_reg_5027_pp2_iter1_reg            |  16|   0|   16|          0|
    |temp_14_reg_5032                          |  16|   0|   16|          0|
    |temp_15_reg_5057                          |  16|   0|   16|          0|
    |temp_16_reg_5062                          |  16|   0|   16|          0|
    |temp_17_reg_5087                          |  16|   0|   16|          0|
    |temp_18_reg_5092                          |  16|   0|   16|          0|
    |temp_19_reg_5117                          |  16|   0|   16|          0|
    |temp_1_reg_4809                           |  16|   0|   16|          0|
    |temp_20_reg_5122                          |  16|   0|   16|          0|
    |temp_21_reg_5147                          |  16|   0|   16|          0|
    |temp_22_reg_5152                          |  16|   0|   16|          0|
    |temp_23_reg_5197                          |  16|   0|   16|          0|
    |temp_24_reg_5202                          |  16|   0|   16|          0|
    |temp_25_reg_5227                          |  16|   0|   16|          0|
    |temp_26_reg_5232                          |  16|   0|   16|          0|
    |temp_27_reg_5257                          |  16|   0|   16|          0|
    |temp_28_reg_5262                          |  16|   0|   16|          0|
    |temp_29_reg_5287                          |  16|   0|   16|          0|
    |temp_2_reg_4834                           |  16|   0|   16|          0|
    |temp_30_reg_5292                          |  16|   0|   16|          0|
    |temp_31_reg_5317                          |  16|   0|   16|          0|
    |temp_32_reg_5322                          |  16|   0|   16|          0|
    |temp_33_reg_5347                          |  16|   0|   16|          0|
    |temp_34_reg_5352                          |  16|   0|   16|          0|
    |temp_35_reg_5377                          |  16|   0|   16|          0|
    |temp_36_reg_5382                          |  16|   0|   16|          0|
    |temp_37_reg_5407                          |  16|   0|   16|          0|
    |temp_38_reg_5412                          |  16|   0|   16|          0|
    |temp_39_reg_5447                          |  16|   0|   16|          0|
    |temp_3_reg_4839                           |  16|   0|   16|          0|
    |temp_40_reg_5452                          |  16|   0|   16|          0|
    |temp_41_reg_5492                          |  16|   0|   16|          0|
    |temp_42_reg_5497                          |  16|   0|   16|          0|
    |temp_43_reg_5522                          |  16|   0|   16|          0|
    |temp_44_reg_5527                          |  16|   0|   16|          0|
    |temp_45_reg_5532                          |  16|   0|   16|          0|
    |temp_46_reg_5537                          |  16|   0|   16|          0|
    |temp_47_reg_5542                          |  16|   0|   16|          0|
    |temp_48_reg_5547                          |  16|   0|   16|          0|
    |temp_49_reg_5552                          |  16|   0|   16|          0|
    |temp_4_reg_4864                           |  16|   0|   16|          0|
    |temp_50_reg_5557                          |  16|   0|   16|          0|
    |temp_51_reg_5562                          |  16|   0|   16|          0|
    |temp_52_reg_5567                          |  16|   0|   16|          0|
    |temp_5_reg_4869                           |  16|   0|   16|          0|
    |temp_6_reg_4907                           |  16|   0|   16|          0|
    |temp_7_reg_4912                           |  16|   0|   16|          0|
    |temp_8_reg_4937                           |  16|   0|   16|          0|
    |temp_8_reg_4937_pp2_iter1_reg             |  16|   0|   16|          0|
    |temp_9_reg_4942                           |  16|   0|   16|          0|
    |temp_9_reg_4942_pp2_iter1_reg             |  16|   0|   16|          0|
    |temp_reg_4804                             |  16|   0|   16|          0|
    |temp_s_reg_4967                           |  16|   0|   16|          0|
    |temp_s_reg_4967_pp2_iter1_reg             |  16|   0|   16|          0|
    |tmp_10_cast196_cast1_reg_4664             |   6|   0|    8|          2|
    |tmp_10_cast196_cast2_reg_4691             |   6|   0|    9|          3|
    |tmp_10_cast196_cast_reg_4741              |   6|   0|   10|          4|
    |tmp_10_cast1_reg_5167                     |   6|   0|   12|          6|
    |tmp_10_cast2_reg_4884                     |   6|   0|   11|          5|
    |tmp_1_mid2_v_reg_4468                     |   6|   0|    6|          0|
    |tmp_3_mid2_v_reg_4493                     |   6|   0|    6|          0|
    |tmp_6_reg_4524                            |   6|   0|    6|          0|
    |tmp_7_reg_4598                            |  12|   0|   12|          0|
    |tmp_8_mid2_v_v_reg_5586                   |   6|   0|    6|          0|
    |tmp_9_reg_4530                            |   6|   0|   64|         58|
    |exitcond_flatten1_reg_4504                |  64|  32|    1|          0|
    |temp_14_reg_5032                          |  64|  32|   16|          0|
    |temp_15_reg_5057                          |  64|  32|   16|          0|
    |temp_16_reg_5062                          |  64|  32|   16|          0|
    |temp_17_reg_5087                          |  64|  32|   16|          0|
    |temp_18_reg_5092                          |  64|  32|   16|          0|
    |temp_19_reg_5117                          |  64|  32|   16|          0|
    |temp_20_reg_5122                          |  64|  32|   16|          0|
    |temp_21_reg_5147                          |  64|  32|   16|          0|
    |temp_22_reg_5152                          |  64|  32|   16|          0|
    |temp_23_reg_5197                          |  64|  32|   16|          0|
    |temp_24_reg_5202                          |  64|  32|   16|          0|
    |temp_25_reg_5227                          |  64|  32|   16|          0|
    |temp_26_reg_5232                          |  64|  32|   16|          0|
    |temp_27_reg_5257                          |  64|  32|   16|          0|
    |temp_28_reg_5262                          |  64|  32|   16|          0|
    |temp_29_reg_5287                          |  64|  32|   16|          0|
    |temp_30_reg_5292                          |  64|  32|   16|          0|
    |temp_31_reg_5317                          |  64|  32|   16|          0|
    |temp_32_reg_5322                          |  64|  32|   16|          0|
    |temp_33_reg_5347                          |  64|  32|   16|          0|
    |temp_34_reg_5352                          |  64|  32|   16|          0|
    |temp_35_reg_5377                          |  64|  32|   16|          0|
    |temp_36_reg_5382                          |  64|  32|   16|          0|
    |temp_37_reg_5407                          |  64|  32|   16|          0|
    |temp_38_reg_5412                          |  64|  32|   16|          0|
    |temp_39_reg_5447                          |  64|  32|   16|          0|
    |temp_40_reg_5452                          |  64|  32|   16|          0|
    |temp_41_reg_5492                          |  64|  32|   16|          0|
    |temp_42_reg_5497                          |  64|  32|   16|          0|
    |temp_43_reg_5522                          |  64|  32|   16|          0|
    |temp_44_reg_5527                          |  64|  32|   16|          0|
    |temp_45_reg_5532                          |  64|  32|   16|          0|
    |temp_46_reg_5537                          |  64|  32|   16|          0|
    |temp_47_reg_5542                          |  64|  32|   16|          0|
    |temp_48_reg_5547                          |  64|  32|   16|          0|
    |temp_49_reg_5552                          |  64|  32|   16|          0|
    |temp_50_reg_5557                          |  64|  32|   16|          0|
    |temp_51_reg_5562                          |  64|  32|   16|          0|
    |temp_52_reg_5567                          |  64|  32|   16|          0|
    |tmp_6_reg_4524                            |  64|  32|    6|          0|
    |tmp_9_reg_4530                            |  64|  32|   64|         58|
    +------------------------------------------+----+----+-----+-----------+
    |Total                                     |4649|1344| 2734|        136|
    +------------------------------------------+----+----+-----+-----------+



================================================================
== Interface
================================================================
* Summary: 
+---------------------------+-----+-----+------------+----------------------+--------------+
|         RTL Ports         | Dir | Bits|  Protocol  |     Source Object    |    C Type    |
+---------------------------+-----+-----+------------+----------------------+--------------+
|s_axi_CONTROL_BUS_AWVALID  |  in |    1|    s_axi   |      CONTROL_BUS     |  return void |
|s_axi_CONTROL_BUS_AWREADY  | out |    1|    s_axi   |      CONTROL_BUS     |  return void |
|s_axi_CONTROL_BUS_AWADDR   |  in |    4|    s_axi   |      CONTROL_BUS     |  return void |
|s_axi_CONTROL_BUS_WVALID   |  in |    1|    s_axi   |      CONTROL_BUS     |  return void |
|s_axi_CONTROL_BUS_WREADY   | out |    1|    s_axi   |      CONTROL_BUS     |  return void |
|s_axi_CONTROL_BUS_WDATA    |  in |   32|    s_axi   |      CONTROL_BUS     |  return void |
|s_axi_CONTROL_BUS_WSTRB    |  in |    4|    s_axi   |      CONTROL_BUS     |  return void |
|s_axi_CONTROL_BUS_ARVALID  |  in |    1|    s_axi   |      CONTROL_BUS     |  return void |
|s_axi_CONTROL_BUS_ARREADY  | out |    1|    s_axi   |      CONTROL_BUS     |  return void |
|s_axi_CONTROL_BUS_ARADDR   |  in |    4|    s_axi   |      CONTROL_BUS     |  return void |
|s_axi_CONTROL_BUS_RVALID   | out |    1|    s_axi   |      CONTROL_BUS     |  return void |
|s_axi_CONTROL_BUS_RREADY   |  in |    1|    s_axi   |      CONTROL_BUS     |  return void |
|s_axi_CONTROL_BUS_RDATA    | out |   32|    s_axi   |      CONTROL_BUS     |  return void |
|s_axi_CONTROL_BUS_RRESP    | out |    2|    s_axi   |      CONTROL_BUS     |  return void |
|s_axi_CONTROL_BUS_BVALID   | out |    1|    s_axi   |      CONTROL_BUS     |  return void |
|s_axi_CONTROL_BUS_BREADY   |  in |    1|    s_axi   |      CONTROL_BUS     |  return void |
|s_axi_CONTROL_BUS_BRESP    | out |    2|    s_axi   |      CONTROL_BUS     |  return void |
|ap_clk                     |  in |    1| ap_ctrl_hs |       HLS_accel      | return value |
|ap_rst_n                   |  in |    1| ap_ctrl_hs |       HLS_accel      | return value |
|interrupt                  | out |    1| ap_ctrl_hs |       HLS_accel      | return value |
|INPUT_STREAM_TDATA         |  in |   16|    axis    |  INPUT_STREAM_data_V |    pointer   |
|INPUT_STREAM_TVALID        |  in |    1|    axis    |  INPUT_STREAM_dest_V |    pointer   |
|INPUT_STREAM_TREADY        | out |    1|    axis    |  INPUT_STREAM_dest_V |    pointer   |
|INPUT_STREAM_TDEST         |  in |    5|    axis    |  INPUT_STREAM_dest_V |    pointer   |
|INPUT_STREAM_TKEEP         |  in |    2|    axis    |  INPUT_STREAM_keep_V |    pointer   |
|INPUT_STREAM_TSTRB         |  in |    2|    axis    |  INPUT_STREAM_strb_V |    pointer   |
|INPUT_STREAM_TUSER         |  in |    4|    axis    |  INPUT_STREAM_user_V |    pointer   |
|INPUT_STREAM_TLAST         |  in |    1|    axis    |  INPUT_STREAM_last_V |    pointer   |
|INPUT_STREAM_TID           |  in |    5|    axis    |   INPUT_STREAM_id_V  |    pointer   |
|OUTPUT_STREAM_TDATA        | out |   16|    axis    | OUTPUT_STREAM_data_V |    pointer   |
|OUTPUT_STREAM_TREADY       |  in |    1|    axis    | OUTPUT_STREAM_data_V |    pointer   |
|OUTPUT_STREAM_TVALID       | out |    1|    axis    | OUTPUT_STREAM_dest_V |    pointer   |
|OUTPUT_STREAM_TDEST        | out |    5|    axis    | OUTPUT_STREAM_dest_V |    pointer   |
|OUTPUT_STREAM_TKEEP        | out |    2|    axis    | OUTPUT_STREAM_keep_V |    pointer   |
|OUTPUT_STREAM_TSTRB        | out |    2|    axis    | OUTPUT_STREAM_strb_V |    pointer   |
|OUTPUT_STREAM_TUSER        | out |    4|    axis    | OUTPUT_STREAM_user_V |    pointer   |
|OUTPUT_STREAM_TLAST        | out |    1|    axis    | OUTPUT_STREAM_last_V |    pointer   |
|OUTPUT_STREAM_TID          | out |    5|    axis    |  OUTPUT_STREAM_id_V  |    pointer   |
+---------------------------+-----+-----+------------+----------------------+--------------+

