Copyright 1986-2018 Xilinx, Inc. All Rights Reserved.
----------------------------------------------------------------------------------------------
| Tool Version : Vivado v.2018.3 (win64) Build 2405991 Thu Dec  6 23:38:27 MST 2018
| Date         : Sun Dec  1 18:23:03 2024
| Host         : LAPTOP-G11L2QA5 running 64-bit major release  (build 9200)
| Command      : report_timing -max_paths 10 -file ./report/HLS_accel_timing_paths_routed.rpt
| Design       : bd_0_wrapper
| Device       : 7z020-clg484
| Speed File   : -1  PRODUCTION 1.11 2014-09-11
----------------------------------------------------------------------------------------------

Timing Report

Slack (MET) :             0.155ns  (required time - arrival time)
  Source:                 bd_0_i/hls_inst/inst/reg_2798_reg[6]/C
                            (rising edge-triggered cell FDRE clocked by ap_clk  {rise@0.000ns fall@5.000ns period=10.000ns})
  Destination:            bd_0_i/hls_inst/inst/out_24_U/HLS_accel_out_0_ram_U/ram_reg_0_31_0_0__5/SP/I
                            (rising edge-triggered cell RAMS32 clocked by ap_clk  {rise@0.000ns fall@5.000ns period=10.000ns})
  Path Group:             ap_clk
  Path Type:              Setup (Max at Slow Process Corner)
  Requirement:            10.000ns  (ap_clk rise@10.000ns - ap_clk rise@0.000ns)
  Data Path Delay:        9.553ns  (logic 0.456ns (4.774%)  route 9.097ns (95.226%))
  Logic Levels:           0  
  Clock Path Skew:        -0.049ns (DCD - SCD + CPR)
    Destination Clock Delay (DCD):    0.924ns = ( 10.924 - 10.000 ) 
    Source Clock Delay      (SCD):    0.973ns
    Clock Pessimism Removal (CPR):    0.000ns
  Clock Uncertainty:      0.035ns  ((TSJ^2 + TIJ^2)^1/2 + DJ) / 2 + PE
    Total System Jitter     (TSJ):    0.071ns
    Total Input Jitter      (TIJ):    0.000ns
    Discrete Jitter          (DJ):    0.000ns
    Phase Error              (PE):    0.000ns

    Location             Delay type                Incr(ns)  Path(ns)    Netlist Resource(s)
  -------------------------------------------------------------------    -------------------
                         (clock ap_clk rise edge)     0.000     0.000 r  
                                                      0.000     0.000 r  ap_clk (IN)
                         net (fo=7017, unset)         0.973     0.973    bd_0_i/hls_inst/inst/ap_clk
    SLICE_X84Y31         FDRE                                         r  bd_0_i/hls_inst/inst/reg_2798_reg[6]/C
  -------------------------------------------------------------------    -------------------
    SLICE_X84Y31         FDRE (Prop_fdre_C_Q)         0.456     1.429 r  bd_0_i/hls_inst/inst/reg_2798_reg[6]/Q
                         net (fo=163, routed)         9.097    10.526    bd_0_i/hls_inst/inst/out_24_U/HLS_accel_out_0_ram_U/ram_reg_0_31_0_0__5/D
    SLICE_X10Y24         RAMS32                                       r  bd_0_i/hls_inst/inst/out_24_U/HLS_accel_out_0_ram_U/ram_reg_0_31_0_0__5/SP/I
  -------------------------------------------------------------------    -------------------

                         (clock ap_clk rise edge)    10.000    10.000 r  
                                                      0.000    10.000 r  ap_clk (IN)
                         net (fo=7017, unset)         0.924    10.924    bd_0_i/hls_inst/inst/out_24_U/HLS_accel_out_0_ram_U/ram_reg_0_31_0_0__5/WCLK
    SLICE_X10Y24         RAMS32                                       r  bd_0_i/hls_inst/inst/out_24_U/HLS_accel_out_0_ram_U/ram_reg_0_31_0_0__5/SP/CLK
                         clock pessimism              0.000    10.924    
                         clock uncertainty           -0.035    10.889    
    SLICE_X10Y24         RAMS32 (Setup_rams32_CLK_I)
                                                     -0.208    10.681    bd_0_i/hls_inst/inst/out_24_U/HLS_accel_out_0_ram_U/ram_reg_0_31_0_0__5/SP
  -------------------------------------------------------------------
                         required time                         10.681    
                         arrival time                         -10.526    
  -------------------------------------------------------------------
                         slack                                  0.155    

Slack (MET) :             0.159ns  (required time - arrival time)
  Source:                 bd_0_i/hls_inst/inst/reg_2798_reg[6]/C
                            (rising edge-triggered cell FDRE clocked by ap_clk  {rise@0.000ns fall@5.000ns period=10.000ns})
  Destination:            bd_0_i/hls_inst/inst/out_29_U/HLS_accel_out_0_ram_U/ram_reg_0_15_0_0__11/SP/I
                            (rising edge-triggered cell RAMS32 clocked by ap_clk  {rise@0.000ns fall@5.000ns period=10.000ns})
  Path Group:             ap_clk
  Path Type:              Setup (Max at Slow Process Corner)
  Requirement:            10.000ns  (ap_clk rise@10.000ns - ap_clk rise@0.000ns)
  Data Path Delay:        9.549ns  (logic 0.456ns (4.775%)  route 9.093ns (95.225%))
  Logic Levels:           0  
  Clock Path Skew:        -0.049ns (DCD - SCD + CPR)
    Destination Clock Delay (DCD):    0.924ns = ( 10.924 - 10.000 ) 
    Source Clock Delay      (SCD):    0.973ns
    Clock Pessimism Removal (CPR):    0.000ns
  Clock Uncertainty:      0.035ns  ((TSJ^2 + TIJ^2)^1/2 + DJ) / 2 + PE
    Total System Jitter     (TSJ):    0.071ns
    Total Input Jitter      (TIJ):    0.000ns
    Discrete Jitter          (DJ):    0.000ns
    Phase Error              (PE):    0.000ns

    Location             Delay type                Incr(ns)  Path(ns)    Netlist Resource(s)
  -------------------------------------------------------------------    -------------------
                         (clock ap_clk rise edge)     0.000     0.000 r  
                                                      0.000     0.000 r  ap_clk (IN)
                         net (fo=7017, unset)         0.973     0.973    bd_0_i/hls_inst/inst/ap_clk
    SLICE_X84Y31         FDRE                                         r  bd_0_i/hls_inst/inst/reg_2798_reg[6]/C
  -------------------------------------------------------------------    -------------------
    SLICE_X84Y31         FDRE (Prop_fdre_C_Q)         0.456     1.429 r  bd_0_i/hls_inst/inst/reg_2798_reg[6]/Q
                         net (fo=163, routed)         9.093    10.522    bd_0_i/hls_inst/inst/out_29_U/HLS_accel_out_0_ram_U/ram_reg_0_15_0_0__11/D
    SLICE_X10Y33         RAMS32                                       r  bd_0_i/hls_inst/inst/out_29_U/HLS_accel_out_0_ram_U/ram_reg_0_15_0_0__11/SP/I
  -------------------------------------------------------------------    -------------------

                         (clock ap_clk rise edge)    10.000    10.000 r  
                                                      0.000    10.000 r  ap_clk (IN)
                         net (fo=7017, unset)         0.924    10.924    bd_0_i/hls_inst/inst/out_29_U/HLS_accel_out_0_ram_U/ram_reg_0_15_0_0__11/WCLK
    SLICE_X10Y33         RAMS32                                       r  bd_0_i/hls_inst/inst/out_29_U/HLS_accel_out_0_ram_U/ram_reg_0_15_0_0__11/SP/CLK
                         clock pessimism              0.000    10.924    
                         clock uncertainty           -0.035    10.889    
    SLICE_X10Y33         RAMS32 (Setup_rams32_CLK_I)
                                                     -0.208    10.681    bd_0_i/hls_inst/inst/out_29_U/HLS_accel_out_0_ram_U/ram_reg_0_15_0_0__11/SP
  -------------------------------------------------------------------
                         required time                         10.681    
                         arrival time                         -10.522    
  -------------------------------------------------------------------
                         slack                                  0.159    

Slack (MET) :             0.169ns  (required time - arrival time)
  Source:                 bd_0_i/hls_inst/inst/reg_2798_reg[6]/C
                            (rising edge-triggered cell FDRE clocked by ap_clk  {rise@0.000ns fall@5.000ns period=10.000ns})
  Destination:            bd_0_i/hls_inst/inst/out_35_U/HLS_accel_out_0_ram_U/ram_reg_0_31_0_0__5/SP/I
                            (rising edge-triggered cell RAMS32 clocked by ap_clk  {rise@0.000ns fall@5.000ns period=10.000ns})
  Path Group:             ap_clk
  Path Type:              Setup (Max at Slow Process Corner)
  Requirement:            10.000ns  (ap_clk rise@10.000ns - ap_clk rise@0.000ns)
  Data Path Delay:        9.539ns  (logic 0.456ns (4.781%)  route 9.083ns (95.219%))
  Logic Levels:           0  
  Clock Path Skew:        -0.049ns (DCD - SCD + CPR)
    Destination Clock Delay (DCD):    0.924ns = ( 10.924 - 10.000 ) 
    Source Clock Delay      (SCD):    0.973ns
    Clock Pessimism Removal (CPR):    0.000ns
  Clock Uncertainty:      0.035ns  ((TSJ^2 + TIJ^2)^1/2 + DJ) / 2 + PE
    Total System Jitter     (TSJ):    0.071ns
    Total Input Jitter      (TIJ):    0.000ns
    Discrete Jitter          (DJ):    0.000ns
    Phase Error              (PE):    0.000ns

    Location             Delay type                Incr(ns)  Path(ns)    Netlist Resource(s)
  -------------------------------------------------------------------    -------------------
                         (clock ap_clk rise edge)     0.000     0.000 r  
                                                      0.000     0.000 r  ap_clk (IN)
                         net (fo=7017, unset)         0.973     0.973    bd_0_i/hls_inst/inst/ap_clk
    SLICE_X84Y31         FDRE                                         r  bd_0_i/hls_inst/inst/reg_2798_reg[6]/C
  -------------------------------------------------------------------    -------------------
    SLICE_X84Y31         FDRE (Prop_fdre_C_Q)         0.456     1.429 r  bd_0_i/hls_inst/inst/reg_2798_reg[6]/Q
                         net (fo=163, routed)         9.083    10.512    bd_0_i/hls_inst/inst/out_35_U/HLS_accel_out_0_ram_U/ram_reg_0_31_0_0__5/D
    SLICE_X10Y21         RAMS32                                       r  bd_0_i/hls_inst/inst/out_35_U/HLS_accel_out_0_ram_U/ram_reg_0_31_0_0__5/SP/I
  -------------------------------------------------------------------    -------------------

                         (clock ap_clk rise edge)    10.000    10.000 r  
                                                      0.000    10.000 r  ap_clk (IN)
                         net (fo=7017, unset)         0.924    10.924    bd_0_i/hls_inst/inst/out_35_U/HLS_accel_out_0_ram_U/ram_reg_0_31_0_0__5/WCLK
    SLICE_X10Y21         RAMS32                                       r  bd_0_i/hls_inst/inst/out_35_U/HLS_accel_out_0_ram_U/ram_reg_0_31_0_0__5/SP/CLK
                         clock pessimism              0.000    10.924    
                         clock uncertainty           -0.035    10.889    
    SLICE_X10Y21         RAMS32 (Setup_rams32_CLK_I)
                                                     -0.208    10.681    bd_0_i/hls_inst/inst/out_35_U/HLS_accel_out_0_ram_U/ram_reg_0_31_0_0__5/SP
  -------------------------------------------------------------------
                         required time                         10.681    
                         arrival time                         -10.512    
  -------------------------------------------------------------------
                         slack                                  0.169    

Slack (MET) :             0.175ns  (required time - arrival time)
  Source:                 bd_0_i/hls_inst/inst/reg_2798_reg[6]/C
                            (rising edge-triggered cell FDRE clocked by ap_clk  {rise@0.000ns fall@5.000ns period=10.000ns})
  Destination:            bd_0_i/hls_inst/inst/out_39_U/HLS_accel_out_0_ram_U/ram_reg_0_15_0_0__12/SP/I
                            (rising edge-triggered cell RAMS32 clocked by ap_clk  {rise@0.000ns fall@5.000ns period=10.000ns})
  Path Group:             ap_clk
  Path Type:              Setup (Max at Slow Process Corner)
  Requirement:            10.000ns  (ap_clk rise@10.000ns - ap_clk rise@0.000ns)
  Data Path Delay:        9.533ns  (logic 0.456ns (4.783%)  route 9.077ns (95.217%))
  Logic Levels:           0  
  Clock Path Skew:        -0.049ns (DCD - SCD + CPR)
    Destination Clock Delay (DCD):    0.924ns = ( 10.924 - 10.000 ) 
    Source Clock Delay      (SCD):    0.973ns
    Clock Pessimism Removal (CPR):    0.000ns
  Clock Uncertainty:      0.035ns  ((TSJ^2 + TIJ^2)^1/2 + DJ) / 2 + PE
    Total System Jitter     (TSJ):    0.071ns
    Total Input Jitter      (TIJ):    0.000ns
    Discrete Jitter          (DJ):    0.000ns
    Phase Error              (PE):    0.000ns

    Location             Delay type                Incr(ns)  Path(ns)    Netlist Resource(s)
  -------------------------------------------------------------------    -------------------
                         (clock ap_clk rise edge)     0.000     0.000 r  
                                                      0.000     0.000 r  ap_clk (IN)
                         net (fo=7017, unset)         0.973     0.973    bd_0_i/hls_inst/inst/ap_clk
    SLICE_X84Y31         FDRE                                         r  bd_0_i/hls_inst/inst/reg_2798_reg[6]/C
  -------------------------------------------------------------------    -------------------
    SLICE_X84Y31         FDRE (Prop_fdre_C_Q)         0.456     1.429 r  bd_0_i/hls_inst/inst/reg_2798_reg[6]/Q
                         net (fo=163, routed)         9.077    10.506    bd_0_i/hls_inst/inst/out_39_U/HLS_accel_out_0_ram_U/ram_reg_0_15_0_0__12/D
    SLICE_X26Y18         RAMS32                                       r  bd_0_i/hls_inst/inst/out_39_U/HLS_accel_out_0_ram_U/ram_reg_0_15_0_0__12/SP/I
  -------------------------------------------------------------------    -------------------

                         (clock ap_clk rise edge)    10.000    10.000 r  
                                                      0.000    10.000 r  ap_clk (IN)
                         net (fo=7017, unset)         0.924    10.924    bd_0_i/hls_inst/inst/out_39_U/HLS_accel_out_0_ram_U/ram_reg_0_15_0_0__12/WCLK
    SLICE_X26Y18         RAMS32                                       r  bd_0_i/hls_inst/inst/out_39_U/HLS_accel_out_0_ram_U/ram_reg_0_15_0_0__12/SP/CLK
                         clock pessimism              0.000    10.924    
                         clock uncertainty           -0.035    10.889    
    SLICE_X26Y18         RAMS32 (Setup_rams32_CLK_I)
                                                     -0.208    10.681    bd_0_i/hls_inst/inst/out_39_U/HLS_accel_out_0_ram_U/ram_reg_0_15_0_0__12/SP
  -------------------------------------------------------------------
                         required time                         10.681    
                         arrival time                         -10.506    
  -------------------------------------------------------------------
                         slack                                  0.175    

Slack (MET) :             0.185ns  (required time - arrival time)
  Source:                 bd_0_i/hls_inst/inst/reg_2798_reg[6]/C
                            (rising edge-triggered cell FDRE clocked by ap_clk  {rise@0.000ns fall@5.000ns period=10.000ns})
  Destination:            bd_0_i/hls_inst/inst/out_21_U/HLS_accel_out_0_ram_U/ram_reg_0_15_0_0__11/SP/I
                            (rising edge-triggered cell RAMS32 clocked by ap_clk  {rise@0.000ns fall@5.000ns period=10.000ns})
  Path Group:             ap_clk
  Path Type:              Setup (Max at Slow Process Corner)
  Requirement:            10.000ns  (ap_clk rise@10.000ns - ap_clk rise@0.000ns)
  Data Path Delay:        9.523ns  (logic 0.456ns (4.789%)  route 9.067ns (95.211%))
  Logic Levels:           0  
  Clock Path Skew:        -0.049ns (DCD - SCD + CPR)
    Destination Clock Delay (DCD):    0.924ns = ( 10.924 - 10.000 ) 
    Source Clock Delay      (SCD):    0.973ns
    Clock Pessimism Removal (CPR):    0.000ns
  Clock Uncertainty:      0.035ns  ((TSJ^2 + TIJ^2)^1/2 + DJ) / 2 + PE
    Total System Jitter     (TSJ):    0.071ns
    Total Input Jitter      (TIJ):    0.000ns
    Discrete Jitter          (DJ):    0.000ns
    Phase Error              (PE):    0.000ns

    Location             Delay type                Incr(ns)  Path(ns)    Netlist Resource(s)
  -------------------------------------------------------------------    -------------------
                         (clock ap_clk rise edge)     0.000     0.000 r  
                                                      0.000     0.000 r  ap_clk (IN)
                         net (fo=7017, unset)         0.973     0.973    bd_0_i/hls_inst/inst/ap_clk
    SLICE_X84Y31         FDRE                                         r  bd_0_i/hls_inst/inst/reg_2798_reg[6]/C
  -------------------------------------------------------------------    -------------------
    SLICE_X84Y31         FDRE (Prop_fdre_C_Q)         0.456     1.429 r  bd_0_i/hls_inst/inst/reg_2798_reg[6]/Q
                         net (fo=163, routed)         9.067    10.496    bd_0_i/hls_inst/inst/out_21_U/HLS_accel_out_0_ram_U/ram_reg_0_15_0_0__11/D
    SLICE_X14Y21         RAMS32                                       r  bd_0_i/hls_inst/inst/out_21_U/HLS_accel_out_0_ram_U/ram_reg_0_15_0_0__11/SP/I
  -------------------------------------------------------------------    -------------------

                         (clock ap_clk rise edge)    10.000    10.000 r  
                                                      0.000    10.000 r  ap_clk (IN)
                         net (fo=7017, unset)         0.924    10.924    bd_0_i/hls_inst/inst/out_21_U/HLS_accel_out_0_ram_U/ram_reg_0_15_0_0__11/WCLK
    SLICE_X14Y21         RAMS32                                       r  bd_0_i/hls_inst/inst/out_21_U/HLS_accel_out_0_ram_U/ram_reg_0_15_0_0__11/SP/CLK
                         clock pessimism              0.000    10.924    
                         clock uncertainty           -0.035    10.889    
    SLICE_X14Y21         RAMS32 (Setup_rams32_CLK_I)
                                                     -0.208    10.681    bd_0_i/hls_inst/inst/out_21_U/HLS_accel_out_0_ram_U/ram_reg_0_15_0_0__11/SP
  -------------------------------------------------------------------
                         required time                         10.681    
                         arrival time                         -10.496    
  -------------------------------------------------------------------
                         slack                                  0.185    

Slack (MET) :             0.187ns  (required time - arrival time)
  Source:                 bd_0_i/hls_inst/inst/reg_2798_reg[6]/C
                            (rising edge-triggered cell FDRE clocked by ap_clk  {rise@0.000ns fall@5.000ns period=10.000ns})
  Destination:            bd_0_i/hls_inst/inst/out_25_U/HLS_accel_out_0_ram_U/ram_reg_0_15_0_0__12/SP/I
                            (rising edge-triggered cell RAMS32 clocked by ap_clk  {rise@0.000ns fall@5.000ns period=10.000ns})
  Path Group:             ap_clk
  Path Type:              Setup (Max at Slow Process Corner)
  Requirement:            10.000ns  (ap_clk rise@10.000ns - ap_clk rise@0.000ns)
  Data Path Delay:        9.521ns  (logic 0.456ns (4.789%)  route 9.065ns (95.211%))
  Logic Levels:           0  
  Clock Path Skew:        -0.049ns (DCD - SCD + CPR)
    Destination Clock Delay (DCD):    0.924ns = ( 10.924 - 10.000 ) 
    Source Clock Delay      (SCD):    0.973ns
    Clock Pessimism Removal (CPR):    0.000ns
  Clock Uncertainty:      0.035ns  ((TSJ^2 + TIJ^2)^1/2 + DJ) / 2 + PE
    Total System Jitter     (TSJ):    0.071ns
    Total Input Jitter      (TIJ):    0.000ns
    Discrete Jitter          (DJ):    0.000ns
    Phase Error              (PE):    0.000ns

    Location             Delay type                Incr(ns)  Path(ns)    Netlist Resource(s)
  -------------------------------------------------------------------    -------------------
                         (clock ap_clk rise edge)     0.000     0.000 r  
                                                      0.000     0.000 r  ap_clk (IN)
                         net (fo=7017, unset)         0.973     0.973    bd_0_i/hls_inst/inst/ap_clk
    SLICE_X84Y31         FDRE                                         r  bd_0_i/hls_inst/inst/reg_2798_reg[6]/C
  -------------------------------------------------------------------    -------------------
    SLICE_X84Y31         FDRE (Prop_fdre_C_Q)         0.456     1.429 r  bd_0_i/hls_inst/inst/reg_2798_reg[6]/Q
                         net (fo=163, routed)         9.065    10.494    bd_0_i/hls_inst/inst/out_25_U/HLS_accel_out_0_ram_U/ram_reg_0_15_0_0__12/D
    SLICE_X26Y31         RAMS32                                       r  bd_0_i/hls_inst/inst/out_25_U/HLS_accel_out_0_ram_U/ram_reg_0_15_0_0__12/SP/I
  -------------------------------------------------------------------    -------------------

                         (clock ap_clk rise edge)    10.000    10.000 r  
                                                      0.000    10.000 r  ap_clk (IN)
                         net (fo=7017, unset)         0.924    10.924    bd_0_i/hls_inst/inst/out_25_U/HLS_accel_out_0_ram_U/ram_reg_0_15_0_0__12/WCLK
    SLICE_X26Y31         RAMS32                                       r  bd_0_i/hls_inst/inst/out_25_U/HLS_accel_out_0_ram_U/ram_reg_0_15_0_0__12/SP/CLK
                         clock pessimism              0.000    10.924    
                         clock uncertainty           -0.035    10.889    
    SLICE_X26Y31         RAMS32 (Setup_rams32_CLK_I)
                                                     -0.208    10.681    bd_0_i/hls_inst/inst/out_25_U/HLS_accel_out_0_ram_U/ram_reg_0_15_0_0__12/SP
  -------------------------------------------------------------------
                         required time                         10.681    
                         arrival time                         -10.494    
  -------------------------------------------------------------------
                         slack                                  0.187    

Slack (MET) :             0.189ns  (required time - arrival time)
  Source:                 bd_0_i/hls_inst/inst/reg_2798_reg[6]/C
                            (rising edge-triggered cell FDRE clocked by ap_clk  {rise@0.000ns fall@5.000ns period=10.000ns})
  Destination:            bd_0_i/hls_inst/inst/out_20_U/HLS_accel_out_0_ram_U/ram_reg_0_15_0_0__12/SP/I
                            (rising edge-triggered cell RAMS32 clocked by ap_clk  {rise@0.000ns fall@5.000ns period=10.000ns})
  Path Group:             ap_clk
  Path Type:              Setup (Max at Slow Process Corner)
  Requirement:            10.000ns  (ap_clk rise@10.000ns - ap_clk rise@0.000ns)
  Data Path Delay:        9.519ns  (logic 0.456ns (4.790%)  route 9.063ns (95.210%))
  Logic Levels:           0  
  Clock Path Skew:        -0.049ns (DCD - SCD + CPR)
    Destination Clock Delay (DCD):    0.924ns = ( 10.924 - 10.000 ) 
    Source Clock Delay      (SCD):    0.973ns
    Clock Pessimism Removal (CPR):    0.000ns
  Clock Uncertainty:      0.035ns  ((TSJ^2 + TIJ^2)^1/2 + DJ) / 2 + PE
    Total System Jitter     (TSJ):    0.071ns
    Total Input Jitter      (TIJ):    0.000ns
    Discrete Jitter          (DJ):    0.000ns
    Phase Error              (PE):    0.000ns

    Location             Delay type                Incr(ns)  Path(ns)    Netlist Resource(s)
  -------------------------------------------------------------------    -------------------
                         (clock ap_clk rise edge)     0.000     0.000 r  
                                                      0.000     0.000 r  ap_clk (IN)
                         net (fo=7017, unset)         0.973     0.973    bd_0_i/hls_inst/inst/ap_clk
    SLICE_X84Y31         FDRE                                         r  bd_0_i/hls_inst/inst/reg_2798_reg[6]/C
  -------------------------------------------------------------------    -------------------
    SLICE_X84Y31         FDRE (Prop_fdre_C_Q)         0.456     1.429 r  bd_0_i/hls_inst/inst/reg_2798_reg[6]/Q
                         net (fo=163, routed)         9.063    10.492    bd_0_i/hls_inst/inst/out_20_U/HLS_accel_out_0_ram_U/ram_reg_0_15_0_0__12/D
    SLICE_X16Y35         RAMS32                                       r  bd_0_i/hls_inst/inst/out_20_U/HLS_accel_out_0_ram_U/ram_reg_0_15_0_0__12/SP/I
  -------------------------------------------------------------------    -------------------

                         (clock ap_clk rise edge)    10.000    10.000 r  
                                                      0.000    10.000 r  ap_clk (IN)
                         net (fo=7017, unset)         0.924    10.924    bd_0_i/hls_inst/inst/out_20_U/HLS_accel_out_0_ram_U/ram_reg_0_15_0_0__12/WCLK
    SLICE_X16Y35         RAMS32                                       r  bd_0_i/hls_inst/inst/out_20_U/HLS_accel_out_0_ram_U/ram_reg_0_15_0_0__12/SP/CLK
                         clock pessimism              0.000    10.924    
                         clock uncertainty           -0.035    10.889    
    SLICE_X16Y35         RAMS32 (Setup_rams32_CLK_I)
                                                     -0.208    10.681    bd_0_i/hls_inst/inst/out_20_U/HLS_accel_out_0_ram_U/ram_reg_0_15_0_0__12/SP
  -------------------------------------------------------------------
                         required time                         10.681    
                         arrival time                         -10.492    
  -------------------------------------------------------------------
                         slack                                  0.189    

Slack (MET) :             0.190ns  (required time - arrival time)
  Source:                 bd_0_i/hls_inst/inst/reg_2798_reg[14]/C
                            (rising edge-triggered cell FDRE clocked by ap_clk  {rise@0.000ns fall@5.000ns period=10.000ns})
  Destination:            bd_0_i/hls_inst/inst/out_24_U/HLS_accel_out_0_ram_U/ram_reg_0_31_0_0__13/SP/I
                            (rising edge-triggered cell RAMS32 clocked by ap_clk  {rise@0.000ns fall@5.000ns period=10.000ns})
  Path Group:             ap_clk
  Path Type:              Setup (Max at Slow Process Corner)
  Requirement:            10.000ns  (ap_clk rise@10.000ns - ap_clk rise@0.000ns)
  Data Path Delay:        9.518ns  (logic 0.456ns (4.791%)  route 9.062ns (95.209%))
  Logic Levels:           0  
  Clock Path Skew:        -0.049ns (DCD - SCD + CPR)
    Destination Clock Delay (DCD):    0.924ns = ( 10.924 - 10.000 ) 
    Source Clock Delay      (SCD):    0.973ns
    Clock Pessimism Removal (CPR):    0.000ns
  Clock Uncertainty:      0.035ns  ((TSJ^2 + TIJ^2)^1/2 + DJ) / 2 + PE
    Total System Jitter     (TSJ):    0.071ns
    Total Input Jitter      (TIJ):    0.000ns
    Discrete Jitter          (DJ):    0.000ns
    Phase Error              (PE):    0.000ns

    Location             Delay type                Incr(ns)  Path(ns)    Netlist Resource(s)
  -------------------------------------------------------------------    -------------------
                         (clock ap_clk rise edge)     0.000     0.000 r  
                                                      0.000     0.000 r  ap_clk (IN)
                         net (fo=7017, unset)         0.973     0.973    bd_0_i/hls_inst/inst/ap_clk
    SLICE_X84Y32         FDRE                                         r  bd_0_i/hls_inst/inst/reg_2798_reg[14]/C
  -------------------------------------------------------------------    -------------------
    SLICE_X84Y32         FDRE (Prop_fdre_C_Q)         0.456     1.429 r  bd_0_i/hls_inst/inst/reg_2798_reg[14]/Q
                         net (fo=163, routed)         9.062    10.491    bd_0_i/hls_inst/inst/out_24_U/HLS_accel_out_0_ram_U/ram_reg_0_31_0_0__13/D
    SLICE_X26Y93         RAMS32                                       r  bd_0_i/hls_inst/inst/out_24_U/HLS_accel_out_0_ram_U/ram_reg_0_31_0_0__13/SP/I
  -------------------------------------------------------------------    -------------------

                         (clock ap_clk rise edge)    10.000    10.000 r  
                                                      0.000    10.000 r  ap_clk (IN)
                         net (fo=7017, unset)         0.924    10.924    bd_0_i/hls_inst/inst/out_24_U/HLS_accel_out_0_ram_U/ram_reg_0_31_0_0__13/WCLK
    SLICE_X26Y93         RAMS32                                       r  bd_0_i/hls_inst/inst/out_24_U/HLS_accel_out_0_ram_U/ram_reg_0_31_0_0__13/SP/CLK
                         clock pessimism              0.000    10.924    
                         clock uncertainty           -0.035    10.889    
    SLICE_X26Y93         RAMS32 (Setup_rams32_CLK_I)
                                                     -0.208    10.681    bd_0_i/hls_inst/inst/out_24_U/HLS_accel_out_0_ram_U/ram_reg_0_31_0_0__13/SP
  -------------------------------------------------------------------
                         required time                         10.681    
                         arrival time                         -10.491    
  -------------------------------------------------------------------
                         slack                                  0.190    

Slack (MET) :             0.190ns  (required time - arrival time)
  Source:                 bd_0_i/hls_inst/inst/reg_2798_reg[6]/C
                            (rising edge-triggered cell FDRE clocked by ap_clk  {rise@0.000ns fall@5.000ns period=10.000ns})
  Destination:            bd_0_i/hls_inst/inst/out_22_U/HLS_accel_out_0_ram_U/ram_reg_0_15_0_0__12/SP/I
                            (rising edge-triggered cell RAMS32 clocked by ap_clk  {rise@0.000ns fall@5.000ns period=10.000ns})
  Path Group:             ap_clk
  Path Type:              Setup (Max at Slow Process Corner)
  Requirement:            10.000ns  (ap_clk rise@10.000ns - ap_clk rise@0.000ns)
  Data Path Delay:        9.518ns  (logic 0.456ns (4.791%)  route 9.062ns (95.209%))
  Logic Levels:           0  
  Clock Path Skew:        -0.049ns (DCD - SCD + CPR)
    Destination Clock Delay (DCD):    0.924ns = ( 10.924 - 10.000 ) 
    Source Clock Delay      (SCD):    0.973ns
    Clock Pessimism Removal (CPR):    0.000ns
  Clock Uncertainty:      0.035ns  ((TSJ^2 + TIJ^2)^1/2 + DJ) / 2 + PE
    Total System Jitter     (TSJ):    0.071ns
    Total Input Jitter      (TIJ):    0.000ns
    Discrete Jitter          (DJ):    0.000ns
    Phase Error              (PE):    0.000ns

    Location             Delay type                Incr(ns)  Path(ns)    Netlist Resource(s)
  -------------------------------------------------------------------    -------------------
                         (clock ap_clk rise edge)     0.000     0.000 r  
                                                      0.000     0.000 r  ap_clk (IN)
                         net (fo=7017, unset)         0.973     0.973    bd_0_i/hls_inst/inst/ap_clk
    SLICE_X84Y31         FDRE                                         r  bd_0_i/hls_inst/inst/reg_2798_reg[6]/C
  -------------------------------------------------------------------    -------------------
    SLICE_X84Y31         FDRE (Prop_fdre_C_Q)         0.456     1.429 r  bd_0_i/hls_inst/inst/reg_2798_reg[6]/Q
                         net (fo=163, routed)         9.062    10.491    bd_0_i/hls_inst/inst/out_22_U/HLS_accel_out_0_ram_U/ram_reg_0_15_0_0__12/D
    SLICE_X14Y30         RAMS32                                       r  bd_0_i/hls_inst/inst/out_22_U/HLS_accel_out_0_ram_U/ram_reg_0_15_0_0__12/SP/I
  -------------------------------------------------------------------    -------------------

                         (clock ap_clk rise edge)    10.000    10.000 r  
                                                      0.000    10.000 r  ap_clk (IN)
                         net (fo=7017, unset)         0.924    10.924    bd_0_i/hls_inst/inst/out_22_U/HLS_accel_out_0_ram_U/ram_reg_0_15_0_0__12/WCLK
    SLICE_X14Y30         RAMS32                                       r  bd_0_i/hls_inst/inst/out_22_U/HLS_accel_out_0_ram_U/ram_reg_0_15_0_0__12/SP/CLK
                         clock pessimism              0.000    10.924    
                         clock uncertainty           -0.035    10.889    
    SLICE_X14Y30         RAMS32 (Setup_rams32_CLK_I)
                                                     -0.208    10.681    bd_0_i/hls_inst/inst/out_22_U/HLS_accel_out_0_ram_U/ram_reg_0_15_0_0__12/SP
  -------------------------------------------------------------------
                         required time                         10.681    
                         arrival time                         -10.491    
  -------------------------------------------------------------------
                         slack                                  0.190    

Slack (MET) :             0.194ns  (required time - arrival time)
  Source:                 bd_0_i/hls_inst/inst/reg_2798_reg[6]/C
                            (rising edge-triggered cell FDRE clocked by ap_clk  {rise@0.000ns fall@5.000ns period=10.000ns})
  Destination:            bd_0_i/hls_inst/inst/out_24_U/HLS_accel_out_0_ram_U/ram_reg_0_15_0_0__12/SP/I
                            (rising edge-triggered cell RAMS32 clocked by ap_clk  {rise@0.000ns fall@5.000ns period=10.000ns})
  Path Group:             ap_clk
  Path Type:              Setup (Max at Slow Process Corner)
  Requirement:            10.000ns  (ap_clk rise@10.000ns - ap_clk rise@0.000ns)
  Data Path Delay:        9.514ns  (logic 0.456ns (4.793%)  route 9.058ns (95.207%))
  Logic Levels:           0  
  Clock Path Skew:        -0.049ns (DCD - SCD + CPR)
    Destination Clock Delay (DCD):    0.924ns = ( 10.924 - 10.000 ) 
    Source Clock Delay      (SCD):    0.973ns
    Clock Pessimism Removal (CPR):    0.000ns
  Clock Uncertainty:      0.035ns  ((TSJ^2 + TIJ^2)^1/2 + DJ) / 2 + PE
    Total System Jitter     (TSJ):    0.071ns
    Total Input Jitter      (TIJ):    0.000ns
    Discrete Jitter          (DJ):    0.000ns
    Phase Error              (PE):    0.000ns

    Location             Delay type                Incr(ns)  Path(ns)    Netlist Resource(s)
  -------------------------------------------------------------------    -------------------
                         (clock ap_clk rise edge)     0.000     0.000 r  
                                                      0.000     0.000 r  ap_clk (IN)
                         net (fo=7017, unset)         0.973     0.973    bd_0_i/hls_inst/inst/ap_clk
    SLICE_X84Y31         FDRE                                         r  bd_0_i/hls_inst/inst/reg_2798_reg[6]/C
  -------------------------------------------------------------------    -------------------
    SLICE_X84Y31         FDRE (Prop_fdre_C_Q)         0.456     1.429 r  bd_0_i/hls_inst/inst/reg_2798_reg[6]/Q
                         net (fo=163, routed)         9.058    10.487    bd_0_i/hls_inst/inst/out_24_U/HLS_accel_out_0_ram_U/ram_reg_0_15_0_0__12/D
    SLICE_X22Y28         RAMS32                                       r  bd_0_i/hls_inst/inst/out_24_U/HLS_accel_out_0_ram_U/ram_reg_0_15_0_0__12/SP/I
  -------------------------------------------------------------------    -------------------

                         (clock ap_clk rise edge)    10.000    10.000 r  
                                                      0.000    10.000 r  ap_clk (IN)
                         net (fo=7017, unset)         0.924    10.924    bd_0_i/hls_inst/inst/out_24_U/HLS_accel_out_0_ram_U/ram_reg_0_15_0_0__12/WCLK
    SLICE_X22Y28         RAMS32                                       r  bd_0_i/hls_inst/inst/out_24_U/HLS_accel_out_0_ram_U/ram_reg_0_15_0_0__12/SP/CLK
                         clock pessimism              0.000    10.924    
                         clock uncertainty           -0.035    10.889    
    SLICE_X22Y28         RAMS32 (Setup_rams32_CLK_I)
                                                     -0.208    10.681    bd_0_i/hls_inst/inst/out_24_U/HLS_accel_out_0_ram_U/ram_reg_0_15_0_0__12/SP
  -------------------------------------------------------------------
                         required time                         10.681    
                         arrival time                         -10.487    
  -------------------------------------------------------------------
                         slack                                  0.194    




