==============================================================
File generated on Thu Nov 28 02:18:26 -0500 2024
Vivado(TM) HLS - High-Level Synthesis from C, C++ and SystemC v2018.3 (64-bit)
SW Build 2405991 on Thu Dec  6 23:38:27 MST 2018
IP Build 2404404 on Fri Dec  7 01:43:56 MST 2018
Copyright 1986-2018 Xilinx, Inc. All Rights Reserved.
==============================================================
INFO: [SYN 201-201] Setting up clock 'default' with a period of 10ns.
INFO: [HLS 200-10] Setting target device to 'xc7z020clg484-1'
INFO: [SCHED 204-61] Option 'relax_ii_for_timing' is enabled, will increase II to preserve clock frequency constraints.
INFO: [HLS 200-10] Analyzing design file 'mmult_accel.cpp' ... 
INFO: [HLS 200-111] Finished Linking Time (s): cpu = 00:00:00 ; elapsed = 00:00:14 . Memory (MB): peak = 103.160 ; gain = 20.891
INFO: [HLS 200-111] Finished Checking Pragmas Time (s): cpu = 00:00:00 ; elapsed = 00:00:14 . Memory (MB): peak = 103.160 ; gain = 20.891
INFO: [HLS 200-10] Starting code transformations ...
INFO: [HLS 200-111] Finished Standard Transforms Time (s): cpu = 00:00:00 ; elapsed = 00:00:14 . Memory (MB): peak = 104.281 ; gain = 22.012
INFO: [HLS 200-10] Checking synthesizability ...
INFO: [HLS 200-111] Finished Checking Synthesizability Time (s): cpu = 00:00:00 ; elapsed = 00:00:14 . Memory (MB): peak = 104.539 ; gain = 22.270
INFO: [XFORM 203-502] Unrolling all sub-loops inside loop 'L2' (mmult_accel.cpp:16) in function 'mmult_hw' for pipelining.
INFO: [HLS 200-489] Unrolling loop 'L3' (mmult_accel.cpp:19) in function 'mmult_hw' completely with a factor of 42.
INFO: [XFORM 203-101] Partitioning array 'a' (mmult_accel.cpp:10) in dimension 2 completely.
INFO: [XFORM 203-101] Partitioning array 'b' (mmult_accel.cpp:10) in dimension 1 completely.
INFO: [HLS 200-111] Finished Pre-synthesis Time (s): cpu = 00:00:01 ; elapsed = 00:00:15 . Memory (MB): peak = 126.578 ; gain = 44.309
INFO: [XFORM 203-541] Flattening a loop nest 'L1' (mmult_accel.cpp:15:3) in function 'mmult_hw'.
INFO: [HLS 200-111] Finished Architecture Synthesis Time (s): cpu = 00:00:01 ; elapsed = 00:00:16 . Memory (MB): peak = 126.582 ; gain = 44.312
INFO: [HLS 200-10] Starting hardware synthesis ...
INFO: [HLS 200-10] Synthesizing 'mmult_hw' ...
WARNING: [SYN 201-107] Renaming port name 'mmult_hw/out' to 'mmult_hw/out_r' to avoid the conflict with HDL keywords or other object names.
INFO: [HLS 200-10] ----------------------------------------------------------------
INFO: [HLS 200-42] -- Implementing module 'mmult_hw' 
INFO: [HLS 200-10] ----------------------------------------------------------------
INFO: [SCHED 204-11] Starting scheduling ...
INFO: [SCHED 204-61] Pipelining loop 'L1_L2'.
INFO: [SCHED 204-61] Pipelining result : Target II = 2, Final II = 2, Depth = 217.
WARNING: [SCHED 204-21] Estimated clock period (9.634ns) exceeds the target (target clock period: 10ns, clock uncertainty: 1.25ns, effective delay budget: 8.75ns).
WARNING: [SCHED 204-21] The critical path in module 'mmult_hw' consists of the following:
	'mul' operation of DSP[195] ('tmp', mmult_accel.cpp:20) [189]  (3.36 ns)
	'add' operation of DSP[195] ('tmp_1', mmult_accel.cpp:20) [195]  (3.02 ns)
	'getelementptr' operation ('out_addr', mmult_accel.cpp:20) [197]  (0 ns)
	'store' operation (mmult_accel.cpp:20) of variable 'sum_1_40', mmult_accel.cpp:19 on array 'out_r' [450]  (3.25 ns)
INFO: [SCHED 204-11] Finished scheduling.
INFO: [HLS 200-111]  Elapsed time: 16.57 seconds; current allocated memory: 80.547 MB.
INFO: [BIND 205-100] Starting micro-architecture generation ...
INFO: [BIND 205-101] Performing variable lifetime analysis.
INFO: [BIND 205-101] Exploring resource sharing.
INFO: [BIND 205-101] Binding ...
INFO: [BIND 205-100] Finished micro-architecture generation.
INFO: [HLS 200-111]  Elapsed time: 1.021 seconds; current allocated memory: 83.006 MB.
INFO: [HLS 200-10] ----------------------------------------------------------------
INFO: [HLS 200-10] -- Generating RTL for module 'mmult_hw' 
INFO: [HLS 200-10] ----------------------------------------------------------------
INFO: [RTGEN 206-500] Setting interface mode on port 'mmult_hw/a_0' to 'ap_memory'.
INFO: [RTGEN 206-500] Setting interface mode on port 'mmult_hw/a_1' to 'ap_memory'.
INFO: [RTGEN 206-500] Setting interface mode on port 'mmult_hw/a_2' to 'ap_memory'.
INFO: [RTGEN 206-500] Setting interface mode on port 'mmult_hw/a_3' to 'ap_memory'.
INFO: [RTGEN 206-500] Setting interface mode on port 'mmult_hw/a_4' to 'ap_memory'.
INFO: [RTGEN 206-500] Setting interface mode on port 'mmult_hw/a_5' to 'ap_memory'.
INFO: [RTGEN 206-500] Setting interface mode on port 'mmult_hw/a_6' to 'ap_memory'.
INFO: [RTGEN 206-500] Setting interface mode on port 'mmult_hw/a_7' to 'ap_memory'.
INFO: [RTGEN 206-500] Setting interface mode on port 'mmult_hw/a_8' to 'ap_memory'.
INFO: [RTGEN 206-500] Setting interface mode on port 'mmult_hw/a_9' to 'ap_memory'.
INFO: [RTGEN 206-500] Setting interface mode on port 'mmult_hw/a_10' to 'ap_memory'.
INFO: [RTGEN 206-500] Setting interface mode on port 'mmult_hw/a_11' to 'ap_memory'.
INFO: [RTGEN 206-500] Setting interface mode on port 'mmult_hw/a_12' to 'ap_memory'.
INFO: [RTGEN 206-500] Setting interface mode on port 'mmult_hw/a_13' to 'ap_memory'.
INFO: [RTGEN 206-500] Setting interface mode on port 'mmult_hw/a_14' to 'ap_memory'.
INFO: [RTGEN 206-500] Setting interface mode on port 'mmult_hw/a_15' to 'ap_memory'.
INFO: [RTGEN 206-500] Setting interface mode on port 'mmult_hw/a_16' to 'ap_memory'.
INFO: [RTGEN 206-500] Setting interface mode on port 'mmult_hw/a_17' to 'ap_memory'.
INFO: [RTGEN 206-500] Setting interface mode on port 'mmult_hw/a_18' to 'ap_memory'.
INFO: [RTGEN 206-500] Setting interface mode on port 'mmult_hw/a_19' to 'ap_memory'.
INFO: [RTGEN 206-500] Setting interface mode on port 'mmult_hw/a_20' to 'ap_memory'.
INFO: [RTGEN 206-500] Setting interface mode on port 'mmult_hw/a_21' to 'ap_memory'.
INFO: [RTGEN 206-500] Setting interface mode on port 'mmult_hw/a_22' to 'ap_memory'.
INFO: [RTGEN 206-500] Setting interface mode on port 'mmult_hw/a_23' to 'ap_memory'.
INFO: [RTGEN 206-500] Setting interface mode on port 'mmult_hw/a_24' to 'ap_memory'.
INFO: [RTGEN 206-500] Setting interface mode on port 'mmult_hw/a_25' to 'ap_memory'.
INFO: [RTGEN 206-500] Setting interface mode on port 'mmult_hw/a_26' to 'ap_memory'.
INFO: [RTGEN 206-500] Setting interface mode on port 'mmult_hw/a_27' to 'ap_memory'.
INFO: [RTGEN 206-500] Setting interface mode on port 'mmult_hw/a_28' to 'ap_memory'.
INFO: [RTGEN 206-500] Setting interface mode on port 'mmult_hw/a_29' to 'ap_memory'.
INFO: [RTGEN 206-500] Setting interface mode on port 'mmult_hw/a_30' to 'ap_memory'.
INFO: [RTGEN 206-500] Setting interface mode on port 'mmult_hw/a_31' to 'ap_memory'.
INFO: [RTGEN 206-500] Setting interface mode on port 'mmult_hw/a_32' to 'ap_memory'.
INFO: [RTGEN 206-500] Setting interface mode on port 'mmult_hw/a_33' to 'ap_memory'.
INFO: [RTGEN 206-500] Setting interface mode on port 'mmult_hw/a_34' to 'ap_memory'.
INFO: [RTGEN 206-500] Setting interface mode on port 'mmult_hw/a_35' to 'ap_memory'.
INFO: [RTGEN 206-500] Setting interface mode on port 'mmult_hw/a_36' to 'ap_memory'.
INFO: [RTGEN 206-500] Setting interface mode on port 'mmult_hw/a_37' to 'ap_memory'.
INFO: [RTGEN 206-500] Setting interface mode on port 'mmult_hw/a_38' to 'ap_memory'.
INFO: [RTGEN 206-500] Setting interface mode on port 'mmult_hw/a_39' to 'ap_memory'.
INFO: [RTGEN 206-500] Setting interface mode on port 'mmult_hw/a_40' to 'ap_memory'.
INFO: [RTGEN 206-500] Setting interface mode on port 'mmult_hw/a_41' to 'ap_memory'.
INFO: [RTGEN 206-500] Setting interface mode on port 'mmult_hw/b_0' to 'ap_memory'.
INFO: [RTGEN 206-500] Setting interface mode on port 'mmult_hw/b_1' to 'ap_memory'.
INFO: [RTGEN 206-500] Setting interface mode on port 'mmult_hw/b_2' to 'ap_memory'.
INFO: [RTGEN 206-500] Setting interface mode on port 'mmult_hw/b_3' to 'ap_memory'.
INFO: [RTGEN 206-500] Setting interface mode on port 'mmult_hw/b_4' to 'ap_memory'.
INFO: [RTGEN 206-500] Setting interface mode on port 'mmult_hw/b_5' to 'ap_memory'.
INFO: [RTGEN 206-500] Setting interface mode on port 'mmult_hw/b_6' to 'ap_memory'.
INFO: [RTGEN 206-500] Setting interface mode on port 'mmult_hw/b_7' to 'ap_memory'.
INFO: [RTGEN 206-500] Setting interface mode on port 'mmult_hw/b_8' to 'ap_memory'.
INFO: [RTGEN 206-500] Setting interface mode on port 'mmult_hw/b_9' to 'ap_memory'.
INFO: [RTGEN 206-500] Setting interface mode on port 'mmult_hw/b_10' to 'ap_memory'.
INFO: [RTGEN 206-500] Setting interface mode on port 'mmult_hw/b_11' to 'ap_memory'.
INFO: [RTGEN 206-500] Setting interface mode on port 'mmult_hw/b_12' to 'ap_memory'.
INFO: [RTGEN 206-500] Setting interface mode on port 'mmult_hw/b_13' to 'ap_memory'.
INFO: [RTGEN 206-500] Setting interface mode on port 'mmult_hw/b_14' to 'ap_memory'.
INFO: [RTGEN 206-500] Setting interface mode on port 'mmult_hw/b_15' to 'ap_memory'.
INFO: [RTGEN 206-500] Setting interface mode on port 'mmult_hw/b_16' to 'ap_memory'.
INFO: [RTGEN 206-500] Setting interface mode on port 'mmult_hw/b_17' to 'ap_memory'.
INFO: [RTGEN 206-500] Setting interface mode on port 'mmult_hw/b_18' to 'ap_memory'.
INFO: [RTGEN 206-500] Setting interface mode on port 'mmult_hw/b_19' to 'ap_memory'.
INFO: [RTGEN 206-500] Setting interface mode on port 'mmult_hw/b_20' to 'ap_memory'.
INFO: [RTGEN 206-500] Setting interface mode on port 'mmult_hw/b_21' to 'ap_memory'.
INFO: [RTGEN 206-500] Setting interface mode on port 'mmult_hw/b_22' to 'ap_memory'.
INFO: [RTGEN 206-500] Setting interface mode on port 'mmult_hw/b_23' to 'ap_memory'.
INFO: [RTGEN 206-500] Setting interface mode on port 'mmult_hw/b_24' to 'ap_memory'.
INFO: [RTGEN 206-500] Setting interface mode on port 'mmult_hw/b_25' to 'ap_memory'.
INFO: [RTGEN 206-500] Setting interface mode on port 'mmult_hw/b_26' to 'ap_memory'.
INFO: [RTGEN 206-500] Setting interface mode on port 'mmult_hw/b_27' to 'ap_memory'.
INFO: [RTGEN 206-500] Setting interface mode on port 'mmult_hw/b_28' to 'ap_memory'.
INFO: [RTGEN 206-500] Setting interface mode on port 'mmult_hw/b_29' to 'ap_memory'.
INFO: [RTGEN 206-500] Setting interface mode on port 'mmult_hw/b_30' to 'ap_memory'.
INFO: [RTGEN 206-500] Setting interface mode on port 'mmult_hw/b_31' to 'ap_memory'.
INFO: [RTGEN 206-500] Setting interface mode on port 'mmult_hw/b_32' to 'ap_memory'.
INFO: [RTGEN 206-500] Setting interface mode on port 'mmult_hw/b_33' to 'ap_memory'.
INFO: [RTGEN 206-500] Setting interface mode on port 'mmult_hw/b_34' to 'ap_memory'.
INFO: [RTGEN 206-500] Setting interface mode on port 'mmult_hw/b_35' to 'ap_memory'.
INFO: [RTGEN 206-500] Setting interface mode on port 'mmult_hw/b_36' to 'ap_memory'.
INFO: [RTGEN 206-500] Setting interface mode on port 'mmult_hw/b_37' to 'ap_memory'.
INFO: [RTGEN 206-500] Setting interface mode on port 'mmult_hw/b_38' to 'ap_memory'.
INFO: [RTGEN 206-500] Setting interface mode on port 'mmult_hw/b_39' to 'ap_memory'.
INFO: [RTGEN 206-500] Setting interface mode on port 'mmult_hw/b_40' to 'ap_memory'.
INFO: [RTGEN 206-500] Setting interface mode on port 'mmult_hw/b_41' to 'ap_memory'.
INFO: [RTGEN 206-500] Setting interface mode on port 'mmult_hw/out_r' to 'ap_memory'.
INFO: [RTGEN 206-500] Setting interface mode on function 'mmult_hw' to 'ap_ctrl_hs'.
INFO: [SYN 201-210] Renamed object name 'mmult_hw_fadd_32ns_32ns_32_5_full_dsp_1' to 'mmult_hw_fadd_32nbkb' due to the length limit 20
INFO: [SYN 201-210] Renamed object name 'mmult_hw_fmul_32ns_32ns_32_4_max_dsp_1' to 'mmult_hw_fmul_32ncud' due to the length limit 20
INFO: [SYN 201-210] Renamed object name 'mmult_hw_mac_muladd_6ns_7ns_6ns_12_1_1' to 'mmult_hw_mac_muladEe' due to the length limit 20
INFO: [RTGEN 206-104] Estimated max fanout for 'mmult_hw' is 52976 from HDL expression: ((1'b0 == ap_block_pp0_stage0_11001) & (1'b1 == ap_CS_fsm_pp0_stage0))
INFO: [RTGEN 206-100] Generating core module 'mmult_hw_fadd_32nbkb': 21 instance(s).
INFO: [RTGEN 206-100] Generating core module 'mmult_hw_fmul_32ncud': 21 instance(s).
INFO: [RTGEN 206-100] Generating core module 'mmult_hw_mac_muladEe': 1 instance(s).
INFO: [RTGEN 206-100] Finished creating RTL model for 'mmult_hw'.
INFO: [HLS 200-111]  Elapsed time: 4.314 seconds; current allocated memory: 90.000 MB.
INFO: [HLS 200-111] Finished generating all RTL models Time (s): cpu = 00:00:10 ; elapsed = 00:00:44 . Memory (MB): peak = 157.852 ; gain = 75.582
INFO: [SYSC 207-301] Generating SystemC RTL for mmult_hw.
INFO: [VHDL 208-304] Generating VHDL RTL for mmult_hw.
INFO: [VLOG 209-307] Generating Verilog RTL for mmult_hw.
INFO: [HLS 200-112] Total elapsed time: 43.921 seconds; peak allocated memory: 90.000 MB.
==============================================================
File generated on Thu Nov 28 03:01:31 -0500 2024
Vivado(TM) HLS - High-Level Synthesis from C, C++ and SystemC v2018.3 (64-bit)
SW Build 2405991 on Thu Dec  6 23:38:27 MST 2018
IP Build 2404404 on Fri Dec  7 01:43:56 MST 2018
Copyright 1986-2018 Xilinx, Inc. All Rights Reserved.
==============================================================
INFO: [SYN 201-201] Setting up clock 'default' with a period of 10ns.
INFO: [HLS 200-10] Setting target device to 'xc7z020clg484-1'
INFO: [SCHED 204-61] Option 'relax_ii_for_timing' is enabled, will increase II to preserve clock frequency constraints.
INFO: [HLS 200-10] Analyzing design file 'mmult_accel.cpp' ... 
INFO: [HLS 200-111] Finished Linking Time (s): cpu = 00:00:01 ; elapsed = 00:00:20 . Memory (MB): peak = 103.301 ; gain = 40.543
INFO: [HLS 200-111] Finished Checking Pragmas Time (s): cpu = 00:00:01 ; elapsed = 00:00:20 . Memory (MB): peak = 103.301 ; gain = 40.543
INFO: [HLS 200-10] Starting code transformations ...
INFO: [HLS 200-111] Finished Standard Transforms Time (s): cpu = 00:00:01 ; elapsed = 00:00:21 . Memory (MB): peak = 104.316 ; gain = 41.559
INFO: [HLS 200-10] Checking synthesizability ...
INFO: [HLS 200-111] Finished Checking Synthesizability Time (s): cpu = 00:00:01 ; elapsed = 00:00:21 . Memory (MB): peak = 104.570 ; gain = 41.812
INFO: [XFORM 203-502] Unrolling all sub-loops inside loop 'L2' (mmult_accel.cpp:16) in function 'mmult_hw' for pipelining.
INFO: [HLS 200-489] Unrolling loop 'L3' (mmult_accel.cpp:19) in function 'mmult_hw' completely with a factor of 42.
INFO: [XFORM 203-101] Partitioning array 'a' (mmult_accel.cpp:10) in dimension 2 completely.
INFO: [XFORM 203-101] Partitioning array 'b' (mmult_accel.cpp:10) in dimension 1 completely.
INFO: [HLS 200-111] Finished Pre-synthesis Time (s): cpu = 00:00:02 ; elapsed = 00:00:22 . Memory (MB): peak = 126.426 ; gain = 63.668
INFO: [XFORM 203-541] Flattening a loop nest 'L1' (mmult_accel.cpp:15:3) in function 'mmult_hw'.
INFO: [HLS 200-111] Finished Architecture Synthesis Time (s): cpu = 00:00:02 ; elapsed = 00:00:22 . Memory (MB): peak = 126.445 ; gain = 63.688
INFO: [HLS 200-10] Starting hardware synthesis ...
INFO: [HLS 200-10] Synthesizing 'mmult_hw' ...
WARNING: [SYN 201-107] Renaming port name 'mmult_hw/out' to 'mmult_hw/out_r' to avoid the conflict with HDL keywords or other object names.
INFO: [HLS 200-10] ----------------------------------------------------------------
INFO: [HLS 200-42] -- Implementing module 'mmult_hw' 
INFO: [HLS 200-10] ----------------------------------------------------------------
INFO: [SCHED 204-11] Starting scheduling ...
INFO: [SCHED 204-61] Pipelining loop 'L1_L2'.
INFO: [SCHED 204-61] Pipelining result : Target II = 3, Final II = 3, Depth = 217.
WARNING: [SCHED 204-21] Estimated clock period (9.634ns) exceeds the target (target clock period: 10ns, clock uncertainty: 1.25ns, effective delay budget: 8.75ns).
WARNING: [SCHED 204-21] The critical path in module 'mmult_hw' consists of the following:
	'mul' operation of DSP[195] ('tmp', mmult_accel.cpp:20) [189]  (3.36 ns)
	'add' operation of DSP[195] ('tmp_1', mmult_accel.cpp:20) [195]  (3.02 ns)
	'getelementptr' operation ('out_addr', mmult_accel.cpp:20) [197]  (0 ns)
	'store' operation (mmult_accel.cpp:20) of variable 'sum_1_40', mmult_accel.cpp:19 on array 'out_r' [450]  (3.25 ns)
INFO: [SCHED 204-11] Finished scheduling.
INFO: [HLS 200-111]  Elapsed time: 23.57 seconds; current allocated memory: 80.530 MB.
INFO: [BIND 205-100] Starting micro-architecture generation ...
INFO: [BIND 205-101] Performing variable lifetime analysis.
INFO: [BIND 205-101] Exploring resource sharing.
INFO: [BIND 205-101] Binding ...
INFO: [BIND 205-100] Finished micro-architecture generation.
INFO: [HLS 200-111]  Elapsed time: 1.171 seconds; current allocated memory: 82.979 MB.
INFO: [HLS 200-10] ----------------------------------------------------------------
INFO: [HLS 200-10] -- Generating RTL for module 'mmult_hw' 
INFO: [HLS 200-10] ----------------------------------------------------------------
INFO: [RTGEN 206-500] Setting interface mode on port 'mmult_hw/a_0' to 'ap_memory'.
INFO: [RTGEN 206-500] Setting interface mode on port 'mmult_hw/a_1' to 'ap_memory'.
INFO: [RTGEN 206-500] Setting interface mode on port 'mmult_hw/a_2' to 'ap_memory'.
INFO: [RTGEN 206-500] Setting interface mode on port 'mmult_hw/a_3' to 'ap_memory'.
INFO: [RTGEN 206-500] Setting interface mode on port 'mmult_hw/a_4' to 'ap_memory'.
INFO: [RTGEN 206-500] Setting interface mode on port 'mmult_hw/a_5' to 'ap_memory'.
INFO: [RTGEN 206-500] Setting interface mode on port 'mmult_hw/a_6' to 'ap_memory'.
INFO: [RTGEN 206-500] Setting interface mode on port 'mmult_hw/a_7' to 'ap_memory'.
INFO: [RTGEN 206-500] Setting interface mode on port 'mmult_hw/a_8' to 'ap_memory'.
INFO: [RTGEN 206-500] Setting interface mode on port 'mmult_hw/a_9' to 'ap_memory'.
INFO: [RTGEN 206-500] Setting interface mode on port 'mmult_hw/a_10' to 'ap_memory'.
INFO: [RTGEN 206-500] Setting interface mode on port 'mmult_hw/a_11' to 'ap_memory'.
INFO: [RTGEN 206-500] Setting interface mode on port 'mmult_hw/a_12' to 'ap_memory'.
INFO: [RTGEN 206-500] Setting interface mode on port 'mmult_hw/a_13' to 'ap_memory'.
INFO: [RTGEN 206-500] Setting interface mode on port 'mmult_hw/a_14' to 'ap_memory'.
INFO: [RTGEN 206-500] Setting interface mode on port 'mmult_hw/a_15' to 'ap_memory'.
INFO: [RTGEN 206-500] Setting interface mode on port 'mmult_hw/a_16' to 'ap_memory'.
INFO: [RTGEN 206-500] Setting interface mode on port 'mmult_hw/a_17' to 'ap_memory'.
INFO: [RTGEN 206-500] Setting interface mode on port 'mmult_hw/a_18' to 'ap_memory'.
INFO: [RTGEN 206-500] Setting interface mode on port 'mmult_hw/a_19' to 'ap_memory'.
INFO: [RTGEN 206-500] Setting interface mode on port 'mmult_hw/a_20' to 'ap_memory'.
INFO: [RTGEN 206-500] Setting interface mode on port 'mmult_hw/a_21' to 'ap_memory'.
INFO: [RTGEN 206-500] Setting interface mode on port 'mmult_hw/a_22' to 'ap_memory'.
INFO: [RTGEN 206-500] Setting interface mode on port 'mmult_hw/a_23' to 'ap_memory'.
INFO: [RTGEN 206-500] Setting interface mode on port 'mmult_hw/a_24' to 'ap_memory'.
INFO: [RTGEN 206-500] Setting interface mode on port 'mmult_hw/a_25' to 'ap_memory'.
INFO: [RTGEN 206-500] Setting interface mode on port 'mmult_hw/a_26' to 'ap_memory'.
INFO: [RTGEN 206-500] Setting interface mode on port 'mmult_hw/a_27' to 'ap_memory'.
INFO: [RTGEN 206-500] Setting interface mode on port 'mmult_hw/a_28' to 'ap_memory'.
INFO: [RTGEN 206-500] Setting interface mode on port 'mmult_hw/a_29' to 'ap_memory'.
INFO: [RTGEN 206-500] Setting interface mode on port 'mmult_hw/a_30' to 'ap_memory'.
INFO: [RTGEN 206-500] Setting interface mode on port 'mmult_hw/a_31' to 'ap_memory'.
INFO: [RTGEN 206-500] Setting interface mode on port 'mmult_hw/a_32' to 'ap_memory'.
INFO: [RTGEN 206-500] Setting interface mode on port 'mmult_hw/a_33' to 'ap_memory'.
INFO: [RTGEN 206-500] Setting interface mode on port 'mmult_hw/a_34' to 'ap_memory'.
INFO: [RTGEN 206-500] Setting interface mode on port 'mmult_hw/a_35' to 'ap_memory'.
INFO: [RTGEN 206-500] Setting interface mode on port 'mmult_hw/a_36' to 'ap_memory'.
INFO: [RTGEN 206-500] Setting interface mode on port 'mmult_hw/a_37' to 'ap_memory'.
INFO: [RTGEN 206-500] Setting interface mode on port 'mmult_hw/a_38' to 'ap_memory'.
INFO: [RTGEN 206-500] Setting interface mode on port 'mmult_hw/a_39' to 'ap_memory'.
INFO: [RTGEN 206-500] Setting interface mode on port 'mmult_hw/a_40' to 'ap_memory'.
INFO: [RTGEN 206-500] Setting interface mode on port 'mmult_hw/a_41' to 'ap_memory'.
INFO: [RTGEN 206-500] Setting interface mode on port 'mmult_hw/b_0' to 'ap_memory'.
INFO: [RTGEN 206-500] Setting interface mode on port 'mmult_hw/b_1' to 'ap_memory'.
INFO: [RTGEN 206-500] Setting interface mode on port 'mmult_hw/b_2' to 'ap_memory'.
INFO: [RTGEN 206-500] Setting interface mode on port 'mmult_hw/b_3' to 'ap_memory'.
INFO: [RTGEN 206-500] Setting interface mode on port 'mmult_hw/b_4' to 'ap_memory'.
INFO: [RTGEN 206-500] Setting interface mode on port 'mmult_hw/b_5' to 'ap_memory'.
INFO: [RTGEN 206-500] Setting interface mode on port 'mmult_hw/b_6' to 'ap_memory'.
INFO: [RTGEN 206-500] Setting interface mode on port 'mmult_hw/b_7' to 'ap_memory'.
INFO: [RTGEN 206-500] Setting interface mode on port 'mmult_hw/b_8' to 'ap_memory'.
INFO: [RTGEN 206-500] Setting interface mode on port 'mmult_hw/b_9' to 'ap_memory'.
INFO: [RTGEN 206-500] Setting interface mode on port 'mmult_hw/b_10' to 'ap_memory'.
INFO: [RTGEN 206-500] Setting interface mode on port 'mmult_hw/b_11' to 'ap_memory'.
INFO: [RTGEN 206-500] Setting interface mode on port 'mmult_hw/b_12' to 'ap_memory'.
INFO: [RTGEN 206-500] Setting interface mode on port 'mmult_hw/b_13' to 'ap_memory'.
INFO: [RTGEN 206-500] Setting interface mode on port 'mmult_hw/b_14' to 'ap_memory'.
INFO: [RTGEN 206-500] Setting interface mode on port 'mmult_hw/b_15' to 'ap_memory'.
INFO: [RTGEN 206-500] Setting interface mode on port 'mmult_hw/b_16' to 'ap_memory'.
INFO: [RTGEN 206-500] Setting interface mode on port 'mmult_hw/b_17' to 'ap_memory'.
INFO: [RTGEN 206-500] Setting interface mode on port 'mmult_hw/b_18' to 'ap_memory'.
INFO: [RTGEN 206-500] Setting interface mode on port 'mmult_hw/b_19' to 'ap_memory'.
INFO: [RTGEN 206-500] Setting interface mode on port 'mmult_hw/b_20' to 'ap_memory'.
INFO: [RTGEN 206-500] Setting interface mode on port 'mmult_hw/b_21' to 'ap_memory'.
INFO: [RTGEN 206-500] Setting interface mode on port 'mmult_hw/b_22' to 'ap_memory'.
INFO: [RTGEN 206-500] Setting interface mode on port 'mmult_hw/b_23' to 'ap_memory'.
INFO: [RTGEN 206-500] Setting interface mode on port 'mmult_hw/b_24' to 'ap_memory'.
INFO: [RTGEN 206-500] Setting interface mode on port 'mmult_hw/b_25' to 'ap_memory'.
INFO: [RTGEN 206-500] Setting interface mode on port 'mmult_hw/b_26' to 'ap_memory'.
INFO: [RTGEN 206-500] Setting interface mode on port 'mmult_hw/b_27' to 'ap_memory'.
INFO: [RTGEN 206-500] Setting interface mode on port 'mmult_hw/b_28' to 'ap_memory'.
INFO: [RTGEN 206-500] Setting interface mode on port 'mmult_hw/b_29' to 'ap_memory'.
INFO: [RTGEN 206-500] Setting interface mode on port 'mmult_hw/b_30' to 'ap_memory'.
INFO: [RTGEN 206-500] Setting interface mode on port 'mmult_hw/b_31' to 'ap_memory'.
INFO: [RTGEN 206-500] Setting interface mode on port 'mmult_hw/b_32' to 'ap_memory'.
INFO: [RTGEN 206-500] Setting interface mode on port 'mmult_hw/b_33' to 'ap_memory'.
INFO: [RTGEN 206-500] Setting interface mode on port 'mmult_hw/b_34' to 'ap_memory'.
INFO: [RTGEN 206-500] Setting interface mode on port 'mmult_hw/b_35' to 'ap_memory'.
INFO: [RTGEN 206-500] Setting interface mode on port 'mmult_hw/b_36' to 'ap_memory'.
INFO: [RTGEN 206-500] Setting interface mode on port 'mmult_hw/b_37' to 'ap_memory'.
INFO: [RTGEN 206-500] Setting interface mode on port 'mmult_hw/b_38' to 'ap_memory'.
INFO: [RTGEN 206-500] Setting interface mode on port 'mmult_hw/b_39' to 'ap_memory'.
INFO: [RTGEN 206-500] Setting interface mode on port 'mmult_hw/b_40' to 'ap_memory'.
INFO: [RTGEN 206-500] Setting interface mode on port 'mmult_hw/b_41' to 'ap_memory'.
INFO: [RTGEN 206-500] Setting interface mode on port 'mmult_hw/out_r' to 'ap_memory'.
INFO: [RTGEN 206-500] Setting interface mode on function 'mmult_hw' to 'ap_ctrl_hs'.
INFO: [SYN 201-210] Renamed object name 'mmult_hw_fadd_32ns_32ns_32_5_full_dsp_1' to 'mmult_hw_fadd_32nbkb' due to the length limit 20
INFO: [SYN 201-210] Renamed object name 'mmult_hw_fmul_32ns_32ns_32_4_max_dsp_1' to 'mmult_hw_fmul_32ncud' due to the length limit 20
INFO: [SYN 201-210] Renamed object name 'mmult_hw_mac_muladd_6ns_7ns_6ns_12_1_1' to 'mmult_hw_mac_muladEe' due to the length limit 20
INFO: [RTGEN 206-104] Estimated max fanout for 'mmult_hw' is 25312 from HDL expression: ((1'b1 == ap_CS_fsm_pp0_stage1) & (1'b0 == ap_block_pp0_stage1_11001))
INFO: [RTGEN 206-100] Generating core module 'mmult_hw_fadd_32nbkb': 14 instance(s).
INFO: [RTGEN 206-100] Generating core module 'mmult_hw_fmul_32ncud': 14 instance(s).
INFO: [RTGEN 206-100] Generating core module 'mmult_hw_mac_muladEe': 1 instance(s).
INFO: [RTGEN 206-100] Finished creating RTL model for 'mmult_hw'.
INFO: [HLS 200-111]  Elapsed time: 4.143 seconds; current allocated memory: 88.343 MB.
INFO: [HLS 200-111] Finished generating all RTL models Time (s): cpu = 00:00:11 ; elapsed = 00:00:55 . Memory (MB): peak = 155.406 ; gain = 92.648
INFO: [SYSC 207-301] Generating SystemC RTL for mmult_hw.
INFO: [VHDL 208-304] Generating VHDL RTL for mmult_hw.
INFO: [VLOG 209-307] Generating Verilog RTL for mmult_hw.
INFO: [HLS 200-112] Total elapsed time: 55.53 seconds; peak allocated memory: 88.343 MB.
==============================================================
File generated on Thu Nov 28 03:05:14 -0500 2024
Vivado(TM) HLS - High-Level Synthesis from C, C++ and SystemC v2018.3 (64-bit)
SW Build 2405991 on Thu Dec  6 23:38:27 MST 2018
IP Build 2404404 on Fri Dec  7 01:43:56 MST 2018
Copyright 1986-2018 Xilinx, Inc. All Rights Reserved.
==============================================================
INFO: [SYN 201-201] Setting up clock 'default' with a period of 10ns.
INFO: [HLS 200-10] Setting target device to 'xc7z020clg484-1'
INFO: [SCHED 204-61] Option 'relax_ii_for_timing' is enabled, will increase II to preserve clock frequency constraints.
INFO: [HLS 200-10] Analyzing design file 'mmult_accel.cpp' ... 
INFO: [HLS 200-111] Finished Linking Time (s): cpu = 00:00:00 ; elapsed = 00:00:12 . Memory (MB): peak = 103.004 ; gain = 18.617
INFO: [HLS 200-111] Finished Checking Pragmas Time (s): cpu = 00:00:00 ; elapsed = 00:00:12 . Memory (MB): peak = 103.004 ; gain = 18.617
INFO: [HLS 200-10] Starting code transformations ...
INFO: [HLS 200-111] Finished Standard Transforms Time (s): cpu = 00:00:00 ; elapsed = 00:00:13 . Memory (MB): peak = 104.160 ; gain = 19.773
INFO: [HLS 200-10] Checking synthesizability ...
INFO: [HLS 200-111] Finished Checking Synthesizability Time (s): cpu = 00:00:00 ; elapsed = 00:00:13 . Memory (MB): peak = 104.414 ; gain = 20.027
INFO: [XFORM 203-502] Unrolling all sub-loops inside loop 'L2' (mmult_accel.cpp:16) in function 'mmult_hw' for pipelining.
INFO: [HLS 200-489] Unrolling loop 'L3' (mmult_accel.cpp:19) in function 'mmult_hw' completely with a factor of 42.
INFO: [XFORM 203-101] Partitioning array 'a' (mmult_accel.cpp:10) in dimension 2 completely.
INFO: [XFORM 203-101] Partitioning array 'b' (mmult_accel.cpp:10) in dimension 1 completely.
INFO: [HLS 200-111] Finished Pre-synthesis Time (s): cpu = 00:00:01 ; elapsed = 00:00:13 . Memory (MB): peak = 126.664 ; gain = 42.277
INFO: [XFORM 203-541] Flattening a loop nest 'L1' (mmult_accel.cpp:15:3) in function 'mmult_hw'.
INFO: [HLS 200-111] Finished Architecture Synthesis Time (s): cpu = 00:00:01 ; elapsed = 00:00:14 . Memory (MB): peak = 127.281 ; gain = 42.895
INFO: [HLS 200-10] Starting hardware synthesis ...
INFO: [HLS 200-10] Synthesizing 'mmult_hw' ...
WARNING: [SYN 201-107] Renaming port name 'mmult_hw/out' to 'mmult_hw/out_r' to avoid the conflict with HDL keywords or other object names.
INFO: [HLS 200-10] ----------------------------------------------------------------
INFO: [HLS 200-42] -- Implementing module 'mmult_hw' 
INFO: [HLS 200-10] ----------------------------------------------------------------
INFO: [SCHED 204-11] Starting scheduling ...
INFO: [SCHED 204-61] Pipelining loop 'L1_L2'.
INFO: [SCHED 204-61] Pipelining result : Target II = 4, Final II = 4, Depth = 217.
WARNING: [SCHED 204-21] Estimated clock period (9.634ns) exceeds the target (target clock period: 10ns, clock uncertainty: 1.25ns, effective delay budget: 8.75ns).
WARNING: [SCHED 204-21] The critical path in module 'mmult_hw' consists of the following:
	'mul' operation of DSP[195] ('tmp', mmult_accel.cpp:20) [189]  (3.36 ns)
	'add' operation of DSP[195] ('tmp_1', mmult_accel.cpp:20) [195]  (3.02 ns)
	'getelementptr' operation ('out_addr', mmult_accel.cpp:20) [197]  (0 ns)
	'store' operation (mmult_accel.cpp:20) of variable 'sum_1_40', mmult_accel.cpp:19 on array 'out_r' [450]  (3.25 ns)
INFO: [SCHED 204-11] Finished scheduling.
INFO: [HLS 200-111]  Elapsed time: 15.142 seconds; current allocated memory: 80.529 MB.
INFO: [BIND 205-100] Starting micro-architecture generation ...
INFO: [BIND 205-101] Performing variable lifetime analysis.
INFO: [BIND 205-101] Exploring resource sharing.
INFO: [BIND 205-101] Binding ...
INFO: [BIND 205-100] Finished micro-architecture generation.
INFO: [HLS 200-111]  Elapsed time: 1.014 seconds; current allocated memory: 82.967 MB.
INFO: [HLS 200-10] ----------------------------------------------------------------
INFO: [HLS 200-10] -- Generating RTL for module 'mmult_hw' 
INFO: [HLS 200-10] ----------------------------------------------------------------
INFO: [RTGEN 206-500] Setting interface mode on port 'mmult_hw/a_0' to 'ap_memory'.
INFO: [RTGEN 206-500] Setting interface mode on port 'mmult_hw/a_1' to 'ap_memory'.
INFO: [RTGEN 206-500] Setting interface mode on port 'mmult_hw/a_2' to 'ap_memory'.
INFO: [RTGEN 206-500] Setting interface mode on port 'mmult_hw/a_3' to 'ap_memory'.
INFO: [RTGEN 206-500] Setting interface mode on port 'mmult_hw/a_4' to 'ap_memory'.
INFO: [RTGEN 206-500] Setting interface mode on port 'mmult_hw/a_5' to 'ap_memory'.
INFO: [RTGEN 206-500] Setting interface mode on port 'mmult_hw/a_6' to 'ap_memory'.
INFO: [RTGEN 206-500] Setting interface mode on port 'mmult_hw/a_7' to 'ap_memory'.
INFO: [RTGEN 206-500] Setting interface mode on port 'mmult_hw/a_8' to 'ap_memory'.
INFO: [RTGEN 206-500] Setting interface mode on port 'mmult_hw/a_9' to 'ap_memory'.
INFO: [RTGEN 206-500] Setting interface mode on port 'mmult_hw/a_10' to 'ap_memory'.
INFO: [RTGEN 206-500] Setting interface mode on port 'mmult_hw/a_11' to 'ap_memory'.
INFO: [RTGEN 206-500] Setting interface mode on port 'mmult_hw/a_12' to 'ap_memory'.
INFO: [RTGEN 206-500] Setting interface mode on port 'mmult_hw/a_13' to 'ap_memory'.
INFO: [RTGEN 206-500] Setting interface mode on port 'mmult_hw/a_14' to 'ap_memory'.
INFO: [RTGEN 206-500] Setting interface mode on port 'mmult_hw/a_15' to 'ap_memory'.
INFO: [RTGEN 206-500] Setting interface mode on port 'mmult_hw/a_16' to 'ap_memory'.
INFO: [RTGEN 206-500] Setting interface mode on port 'mmult_hw/a_17' to 'ap_memory'.
INFO: [RTGEN 206-500] Setting interface mode on port 'mmult_hw/a_18' to 'ap_memory'.
INFO: [RTGEN 206-500] Setting interface mode on port 'mmult_hw/a_19' to 'ap_memory'.
INFO: [RTGEN 206-500] Setting interface mode on port 'mmult_hw/a_20' to 'ap_memory'.
INFO: [RTGEN 206-500] Setting interface mode on port 'mmult_hw/a_21' to 'ap_memory'.
INFO: [RTGEN 206-500] Setting interface mode on port 'mmult_hw/a_22' to 'ap_memory'.
INFO: [RTGEN 206-500] Setting interface mode on port 'mmult_hw/a_23' to 'ap_memory'.
INFO: [RTGEN 206-500] Setting interface mode on port 'mmult_hw/a_24' to 'ap_memory'.
INFO: [RTGEN 206-500] Setting interface mode on port 'mmult_hw/a_25' to 'ap_memory'.
INFO: [RTGEN 206-500] Setting interface mode on port 'mmult_hw/a_26' to 'ap_memory'.
INFO: [RTGEN 206-500] Setting interface mode on port 'mmult_hw/a_27' to 'ap_memory'.
INFO: [RTGEN 206-500] Setting interface mode on port 'mmult_hw/a_28' to 'ap_memory'.
INFO: [RTGEN 206-500] Setting interface mode on port 'mmult_hw/a_29' to 'ap_memory'.
INFO: [RTGEN 206-500] Setting interface mode on port 'mmult_hw/a_30' to 'ap_memory'.
INFO: [RTGEN 206-500] Setting interface mode on port 'mmult_hw/a_31' to 'ap_memory'.
INFO: [RTGEN 206-500] Setting interface mode on port 'mmult_hw/a_32' to 'ap_memory'.
INFO: [RTGEN 206-500] Setting interface mode on port 'mmult_hw/a_33' to 'ap_memory'.
INFO: [RTGEN 206-500] Setting interface mode on port 'mmult_hw/a_34' to 'ap_memory'.
INFO: [RTGEN 206-500] Setting interface mode on port 'mmult_hw/a_35' to 'ap_memory'.
INFO: [RTGEN 206-500] Setting interface mode on port 'mmult_hw/a_36' to 'ap_memory'.
INFO: [RTGEN 206-500] Setting interface mode on port 'mmult_hw/a_37' to 'ap_memory'.
INFO: [RTGEN 206-500] Setting interface mode on port 'mmult_hw/a_38' to 'ap_memory'.
INFO: [RTGEN 206-500] Setting interface mode on port 'mmult_hw/a_39' to 'ap_memory'.
INFO: [RTGEN 206-500] Setting interface mode on port 'mmult_hw/a_40' to 'ap_memory'.
INFO: [RTGEN 206-500] Setting interface mode on port 'mmult_hw/a_41' to 'ap_memory'.
INFO: [RTGEN 206-500] Setting interface mode on port 'mmult_hw/b_0' to 'ap_memory'.
INFO: [RTGEN 206-500] Setting interface mode on port 'mmult_hw/b_1' to 'ap_memory'.
INFO: [RTGEN 206-500] Setting interface mode on port 'mmult_hw/b_2' to 'ap_memory'.
INFO: [RTGEN 206-500] Setting interface mode on port 'mmult_hw/b_3' to 'ap_memory'.
INFO: [RTGEN 206-500] Setting interface mode on port 'mmult_hw/b_4' to 'ap_memory'.
INFO: [RTGEN 206-500] Setting interface mode on port 'mmult_hw/b_5' to 'ap_memory'.
INFO: [RTGEN 206-500] Setting interface mode on port 'mmult_hw/b_6' to 'ap_memory'.
INFO: [RTGEN 206-500] Setting interface mode on port 'mmult_hw/b_7' to 'ap_memory'.
INFO: [RTGEN 206-500] Setting interface mode on port 'mmult_hw/b_8' to 'ap_memory'.
INFO: [RTGEN 206-500] Setting interface mode on port 'mmult_hw/b_9' to 'ap_memory'.
INFO: [RTGEN 206-500] Setting interface mode on port 'mmult_hw/b_10' to 'ap_memory'.
INFO: [RTGEN 206-500] Setting interface mode on port 'mmult_hw/b_11' to 'ap_memory'.
INFO: [RTGEN 206-500] Setting interface mode on port 'mmult_hw/b_12' to 'ap_memory'.
INFO: [RTGEN 206-500] Setting interface mode on port 'mmult_hw/b_13' to 'ap_memory'.
INFO: [RTGEN 206-500] Setting interface mode on port 'mmult_hw/b_14' to 'ap_memory'.
INFO: [RTGEN 206-500] Setting interface mode on port 'mmult_hw/b_15' to 'ap_memory'.
INFO: [RTGEN 206-500] Setting interface mode on port 'mmult_hw/b_16' to 'ap_memory'.
INFO: [RTGEN 206-500] Setting interface mode on port 'mmult_hw/b_17' to 'ap_memory'.
INFO: [RTGEN 206-500] Setting interface mode on port 'mmult_hw/b_18' to 'ap_memory'.
INFO: [RTGEN 206-500] Setting interface mode on port 'mmult_hw/b_19' to 'ap_memory'.
INFO: [RTGEN 206-500] Setting interface mode on port 'mmult_hw/b_20' to 'ap_memory'.
INFO: [RTGEN 206-500] Setting interface mode on port 'mmult_hw/b_21' to 'ap_memory'.
INFO: [RTGEN 206-500] Setting interface mode on port 'mmult_hw/b_22' to 'ap_memory'.
INFO: [RTGEN 206-500] Setting interface mode on port 'mmult_hw/b_23' to 'ap_memory'.
INFO: [RTGEN 206-500] Setting interface mode on port 'mmult_hw/b_24' to 'ap_memory'.
INFO: [RTGEN 206-500] Setting interface mode on port 'mmult_hw/b_25' to 'ap_memory'.
INFO: [RTGEN 206-500] Setting interface mode on port 'mmult_hw/b_26' to 'ap_memory'.
INFO: [RTGEN 206-500] Setting interface mode on port 'mmult_hw/b_27' to 'ap_memory'.
INFO: [RTGEN 206-500] Setting interface mode on port 'mmult_hw/b_28' to 'ap_memory'.
INFO: [RTGEN 206-500] Setting interface mode on port 'mmult_hw/b_29' to 'ap_memory'.
INFO: [RTGEN 206-500] Setting interface mode on port 'mmult_hw/b_30' to 'ap_memory'.
INFO: [RTGEN 206-500] Setting interface mode on port 'mmult_hw/b_31' to 'ap_memory'.
INFO: [RTGEN 206-500] Setting interface mode on port 'mmult_hw/b_32' to 'ap_memory'.
INFO: [RTGEN 206-500] Setting interface mode on port 'mmult_hw/b_33' to 'ap_memory'.
INFO: [RTGEN 206-500] Setting interface mode on port 'mmult_hw/b_34' to 'ap_memory'.
INFO: [RTGEN 206-500] Setting interface mode on port 'mmult_hw/b_35' to 'ap_memory'.
INFO: [RTGEN 206-500] Setting interface mode on port 'mmult_hw/b_36' to 'ap_memory'.
INFO: [RTGEN 206-500] Setting interface mode on port 'mmult_hw/b_37' to 'ap_memory'.
INFO: [RTGEN 206-500] Setting interface mode on port 'mmult_hw/b_38' to 'ap_memory'.
INFO: [RTGEN 206-500] Setting interface mode on port 'mmult_hw/b_39' to 'ap_memory'.
INFO: [RTGEN 206-500] Setting interface mode on port 'mmult_hw/b_40' to 'ap_memory'.
INFO: [RTGEN 206-500] Setting interface mode on port 'mmult_hw/b_41' to 'ap_memory'.
INFO: [RTGEN 206-500] Setting interface mode on port 'mmult_hw/out_r' to 'ap_memory'.
INFO: [RTGEN 206-500] Setting interface mode on function 'mmult_hw' to 'ap_ctrl_hs'.
INFO: [SYN 201-210] Renamed object name 'mmult_hw_fadd_32ns_32ns_32_5_full_dsp_1' to 'mmult_hw_fadd_32nbkb' due to the length limit 20
INFO: [SYN 201-210] Renamed object name 'mmult_hw_fmul_32ns_32ns_32_4_max_dsp_1' to 'mmult_hw_fmul_32ncud' due to the length limit 20
INFO: [SYN 201-210] Renamed object name 'mmult_hw_mac_muladd_6ns_7ns_6ns_12_1_1' to 'mmult_hw_mac_muladEe' due to the length limit 20
INFO: [RTGEN 206-104] Estimated max fanout for 'mmult_hw' is 13682 from HDL expression: ((1'b0 == ap_block_pp0_stage0_11001) & (1'b1 == ap_CS_fsm_pp0_stage0))
INFO: [RTGEN 206-100] Generating core module 'mmult_hw_fadd_32nbkb': 11 instance(s).
INFO: [RTGEN 206-100] Generating core module 'mmult_hw_fmul_32ncud': 11 instance(s).
INFO: [RTGEN 206-100] Generating core module 'mmult_hw_mac_muladEe': 1 instance(s).
INFO: [RTGEN 206-100] Finished creating RTL model for 'mmult_hw'.
INFO: [HLS 200-111]  Elapsed time: 3.395 seconds; current allocated memory: 87.592 MB.
INFO: [HLS 200-111] Finished generating all RTL models Time (s): cpu = 00:00:09 ; elapsed = 00:00:41 . Memory (MB): peak = 153.387 ; gain = 69.000
INFO: [SYSC 207-301] Generating SystemC RTL for mmult_hw.
INFO: [VHDL 208-304] Generating VHDL RTL for mmult_hw.
INFO: [VLOG 209-307] Generating Verilog RTL for mmult_hw.
INFO: [HLS 200-112] Total elapsed time: 40.633 seconds; peak allocated memory: 87.592 MB.
==============================================================
File generated on Thu Nov 28 03:28:40 -0500 2024
Vivado(TM) HLS - High-Level Synthesis from C, C++ and SystemC v2018.3 (64-bit)
SW Build 2405991 on Thu Dec  6 23:38:27 MST 2018
IP Build 2404404 on Fri Dec  7 01:43:56 MST 2018
Copyright 1986-2018 Xilinx, Inc. All Rights Reserved.
==============================================================
INFO: [SYN 201-201] Setting up clock 'default' with a period of 10ns.
INFO: [HLS 200-10] Setting target device to 'xc7z020clg484-1'
INFO: [SCHED 204-61] Option 'relax_ii_for_timing' is enabled, will increase II to preserve clock frequency constraints.
INFO: [HLS 200-10] Analyzing design file 'mmult_accel.cpp' ... 
INFO: [HLS 200-111] Finished Linking Time (s): cpu = 00:00:01 ; elapsed = 00:00:13 . Memory (MB): peak = 103.219 ; gain = 20.621
INFO: [HLS 200-111] Finished Checking Pragmas Time (s): cpu = 00:00:01 ; elapsed = 00:00:13 . Memory (MB): peak = 103.219 ; gain = 20.621
INFO: [HLS 200-10] Starting code transformations ...
INFO: [HLS 200-111] Finished Standard Transforms Time (s): cpu = 00:00:01 ; elapsed = 00:00:14 . Memory (MB): peak = 104.156 ; gain = 21.559
INFO: [HLS 200-10] Checking synthesizability ...
INFO: [HLS 200-111] Finished Checking Synthesizability Time (s): cpu = 00:00:01 ; elapsed = 00:00:14 . Memory (MB): peak = 104.410 ; gain = 21.812
INFO: [XFORM 203-502] Unrolling all sub-loops inside loop 'L2' (mmult_accel.cpp:16) in function 'mmult_hw' for pipelining.
INFO: [HLS 200-489] Unrolling loop 'L3' (mmult_accel.cpp:19) in function 'mmult_hw' completely with a factor of 42.
INFO: [XFORM 203-101] Partitioning array 'a' (mmult_accel.cpp:10) in dimension 2 completely.
INFO: [XFORM 203-101] Partitioning array 'b' (mmult_accel.cpp:10) in dimension 1 completely.
INFO: [HLS 200-111] Finished Pre-synthesis Time (s): cpu = 00:00:01 ; elapsed = 00:00:15 . Memory (MB): peak = 126.875 ; gain = 44.277
INFO: [XFORM 203-541] Flattening a loop nest 'L1' (mmult_accel.cpp:15:3) in function 'mmult_hw'.
INFO: [HLS 200-111] Finished Architecture Synthesis Time (s): cpu = 00:00:02 ; elapsed = 00:00:15 . Memory (MB): peak = 127.262 ; gain = 44.664
INFO: [HLS 200-10] Starting hardware synthesis ...
INFO: [HLS 200-10] Synthesizing 'mmult_hw' ...
WARNING: [SYN 201-107] Renaming port name 'mmult_hw/out' to 'mmult_hw/out_r' to avoid the conflict with HDL keywords or other object names.
INFO: [HLS 200-10] ----------------------------------------------------------------
INFO: [HLS 200-42] -- Implementing module 'mmult_hw' 
INFO: [HLS 200-10] ----------------------------------------------------------------
INFO: [SCHED 204-11] Starting scheduling ...
INFO: [SCHED 204-61] Pipelining loop 'L1_L2'.
INFO: [SCHED 204-61] Pipelining result : Target II = 3, Final II = 3, Depth = 217.
WARNING: [SCHED 204-21] Estimated clock period (9.634ns) exceeds the target (target clock period: 10ns, clock uncertainty: 1.25ns, effective delay budget: 8.75ns).
WARNING: [SCHED 204-21] The critical path in module 'mmult_hw' consists of the following:
	'mul' operation of DSP[195] ('tmp', mmult_accel.cpp:20) [189]  (3.36 ns)
	'add' operation of DSP[195] ('tmp_1', mmult_accel.cpp:20) [195]  (3.02 ns)
	'getelementptr' operation ('out_addr', mmult_accel.cpp:20) [197]  (0 ns)
	'store' operation (mmult_accel.cpp:20) of variable 'sum_1_40', mmult_accel.cpp:19 on array 'out_r' [450]  (3.25 ns)
INFO: [SCHED 204-11] Finished scheduling.
INFO: [HLS 200-111]  Elapsed time: 15.978 seconds; current allocated memory: 80.529 MB.
INFO: [BIND 205-100] Starting micro-architecture generation ...
INFO: [BIND 205-101] Performing variable lifetime analysis.
INFO: [BIND 205-101] Exploring resource sharing.
INFO: [BIND 205-101] Binding ...
INFO: [BIND 205-100] Finished micro-architecture generation.
INFO: [HLS 200-111]  Elapsed time: 1.052 seconds; current allocated memory: 82.978 MB.
INFO: [HLS 200-10] ----------------------------------------------------------------
INFO: [HLS 200-10] -- Generating RTL for module 'mmult_hw' 
INFO: [HLS 200-10] ----------------------------------------------------------------
INFO: [RTGEN 206-500] Setting interface mode on port 'mmult_hw/a_0' to 'ap_memory'.
INFO: [RTGEN 206-500] Setting interface mode on port 'mmult_hw/a_1' to 'ap_memory'.
INFO: [RTGEN 206-500] Setting interface mode on port 'mmult_hw/a_2' to 'ap_memory'.
INFO: [RTGEN 206-500] Setting interface mode on port 'mmult_hw/a_3' to 'ap_memory'.
INFO: [RTGEN 206-500] Setting interface mode on port 'mmult_hw/a_4' to 'ap_memory'.
INFO: [RTGEN 206-500] Setting interface mode on port 'mmult_hw/a_5' to 'ap_memory'.
INFO: [RTGEN 206-500] Setting interface mode on port 'mmult_hw/a_6' to 'ap_memory'.
INFO: [RTGEN 206-500] Setting interface mode on port 'mmult_hw/a_7' to 'ap_memory'.
INFO: [RTGEN 206-500] Setting interface mode on port 'mmult_hw/a_8' to 'ap_memory'.
INFO: [RTGEN 206-500] Setting interface mode on port 'mmult_hw/a_9' to 'ap_memory'.
INFO: [RTGEN 206-500] Setting interface mode on port 'mmult_hw/a_10' to 'ap_memory'.
INFO: [RTGEN 206-500] Setting interface mode on port 'mmult_hw/a_11' to 'ap_memory'.
INFO: [RTGEN 206-500] Setting interface mode on port 'mmult_hw/a_12' to 'ap_memory'.
INFO: [RTGEN 206-500] Setting interface mode on port 'mmult_hw/a_13' to 'ap_memory'.
INFO: [RTGEN 206-500] Setting interface mode on port 'mmult_hw/a_14' to 'ap_memory'.
INFO: [RTGEN 206-500] Setting interface mode on port 'mmult_hw/a_15' to 'ap_memory'.
INFO: [RTGEN 206-500] Setting interface mode on port 'mmult_hw/a_16' to 'ap_memory'.
INFO: [RTGEN 206-500] Setting interface mode on port 'mmult_hw/a_17' to 'ap_memory'.
INFO: [RTGEN 206-500] Setting interface mode on port 'mmult_hw/a_18' to 'ap_memory'.
INFO: [RTGEN 206-500] Setting interface mode on port 'mmult_hw/a_19' to 'ap_memory'.
INFO: [RTGEN 206-500] Setting interface mode on port 'mmult_hw/a_20' to 'ap_memory'.
INFO: [RTGEN 206-500] Setting interface mode on port 'mmult_hw/a_21' to 'ap_memory'.
INFO: [RTGEN 206-500] Setting interface mode on port 'mmult_hw/a_22' to 'ap_memory'.
INFO: [RTGEN 206-500] Setting interface mode on port 'mmult_hw/a_23' to 'ap_memory'.
INFO: [RTGEN 206-500] Setting interface mode on port 'mmult_hw/a_24' to 'ap_memory'.
INFO: [RTGEN 206-500] Setting interface mode on port 'mmult_hw/a_25' to 'ap_memory'.
INFO: [RTGEN 206-500] Setting interface mode on port 'mmult_hw/a_26' to 'ap_memory'.
INFO: [RTGEN 206-500] Setting interface mode on port 'mmult_hw/a_27' to 'ap_memory'.
INFO: [RTGEN 206-500] Setting interface mode on port 'mmult_hw/a_28' to 'ap_memory'.
INFO: [RTGEN 206-500] Setting interface mode on port 'mmult_hw/a_29' to 'ap_memory'.
INFO: [RTGEN 206-500] Setting interface mode on port 'mmult_hw/a_30' to 'ap_memory'.
INFO: [RTGEN 206-500] Setting interface mode on port 'mmult_hw/a_31' to 'ap_memory'.
INFO: [RTGEN 206-500] Setting interface mode on port 'mmult_hw/a_32' to 'ap_memory'.
INFO: [RTGEN 206-500] Setting interface mode on port 'mmult_hw/a_33' to 'ap_memory'.
INFO: [RTGEN 206-500] Setting interface mode on port 'mmult_hw/a_34' to 'ap_memory'.
INFO: [RTGEN 206-500] Setting interface mode on port 'mmult_hw/a_35' to 'ap_memory'.
INFO: [RTGEN 206-500] Setting interface mode on port 'mmult_hw/a_36' to 'ap_memory'.
INFO: [RTGEN 206-500] Setting interface mode on port 'mmult_hw/a_37' to 'ap_memory'.
INFO: [RTGEN 206-500] Setting interface mode on port 'mmult_hw/a_38' to 'ap_memory'.
INFO: [RTGEN 206-500] Setting interface mode on port 'mmult_hw/a_39' to 'ap_memory'.
INFO: [RTGEN 206-500] Setting interface mode on port 'mmult_hw/a_40' to 'ap_memory'.
INFO: [RTGEN 206-500] Setting interface mode on port 'mmult_hw/a_41' to 'ap_memory'.
INFO: [RTGEN 206-500] Setting interface mode on port 'mmult_hw/b_0' to 'ap_memory'.
INFO: [RTGEN 206-500] Setting interface mode on port 'mmult_hw/b_1' to 'ap_memory'.
INFO: [RTGEN 206-500] Setting interface mode on port 'mmult_hw/b_2' to 'ap_memory'.
INFO: [RTGEN 206-500] Setting interface mode on port 'mmult_hw/b_3' to 'ap_memory'.
INFO: [RTGEN 206-500] Setting interface mode on port 'mmult_hw/b_4' to 'ap_memory'.
INFO: [RTGEN 206-500] Setting interface mode on port 'mmult_hw/b_5' to 'ap_memory'.
INFO: [RTGEN 206-500] Setting interface mode on port 'mmult_hw/b_6' to 'ap_memory'.
INFO: [RTGEN 206-500] Setting interface mode on port 'mmult_hw/b_7' to 'ap_memory'.
INFO: [RTGEN 206-500] Setting interface mode on port 'mmult_hw/b_8' to 'ap_memory'.
INFO: [RTGEN 206-500] Setting interface mode on port 'mmult_hw/b_9' to 'ap_memory'.
INFO: [RTGEN 206-500] Setting interface mode on port 'mmult_hw/b_10' to 'ap_memory'.
INFO: [RTGEN 206-500] Setting interface mode on port 'mmult_hw/b_11' to 'ap_memory'.
INFO: [RTGEN 206-500] Setting interface mode on port 'mmult_hw/b_12' to 'ap_memory'.
INFO: [RTGEN 206-500] Setting interface mode on port 'mmult_hw/b_13' to 'ap_memory'.
INFO: [RTGEN 206-500] Setting interface mode on port 'mmult_hw/b_14' to 'ap_memory'.
INFO: [RTGEN 206-500] Setting interface mode on port 'mmult_hw/b_15' to 'ap_memory'.
INFO: [RTGEN 206-500] Setting interface mode on port 'mmult_hw/b_16' to 'ap_memory'.
INFO: [RTGEN 206-500] Setting interface mode on port 'mmult_hw/b_17' to 'ap_memory'.
INFO: [RTGEN 206-500] Setting interface mode on port 'mmult_hw/b_18' to 'ap_memory'.
INFO: [RTGEN 206-500] Setting interface mode on port 'mmult_hw/b_19' to 'ap_memory'.
INFO: [RTGEN 206-500] Setting interface mode on port 'mmult_hw/b_20' to 'ap_memory'.
INFO: [RTGEN 206-500] Setting interface mode on port 'mmult_hw/b_21' to 'ap_memory'.
INFO: [RTGEN 206-500] Setting interface mode on port 'mmult_hw/b_22' to 'ap_memory'.
INFO: [RTGEN 206-500] Setting interface mode on port 'mmult_hw/b_23' to 'ap_memory'.
INFO: [RTGEN 206-500] Setting interface mode on port 'mmult_hw/b_24' to 'ap_memory'.
INFO: [RTGEN 206-500] Setting interface mode on port 'mmult_hw/b_25' to 'ap_memory'.
INFO: [RTGEN 206-500] Setting interface mode on port 'mmult_hw/b_26' to 'ap_memory'.
INFO: [RTGEN 206-500] Setting interface mode on port 'mmult_hw/b_27' to 'ap_memory'.
INFO: [RTGEN 206-500] Setting interface mode on port 'mmult_hw/b_28' to 'ap_memory'.
INFO: [RTGEN 206-500] Setting interface mode on port 'mmult_hw/b_29' to 'ap_memory'.
INFO: [RTGEN 206-500] Setting interface mode on port 'mmult_hw/b_30' to 'ap_memory'.
INFO: [RTGEN 206-500] Setting interface mode on port 'mmult_hw/b_31' to 'ap_memory'.
INFO: [RTGEN 206-500] Setting interface mode on port 'mmult_hw/b_32' to 'ap_memory'.
INFO: [RTGEN 206-500] Setting interface mode on port 'mmult_hw/b_33' to 'ap_memory'.
INFO: [RTGEN 206-500] Setting interface mode on port 'mmult_hw/b_34' to 'ap_memory'.
INFO: [RTGEN 206-500] Setting interface mode on port 'mmult_hw/b_35' to 'ap_memory'.
INFO: [RTGEN 206-500] Setting interface mode on port 'mmult_hw/b_36' to 'ap_memory'.
INFO: [RTGEN 206-500] Setting interface mode on port 'mmult_hw/b_37' to 'ap_memory'.
INFO: [RTGEN 206-500] Setting interface mode on port 'mmult_hw/b_38' to 'ap_memory'.
INFO: [RTGEN 206-500] Setting interface mode on port 'mmult_hw/b_39' to 'ap_memory'.
INFO: [RTGEN 206-500] Setting interface mode on port 'mmult_hw/b_40' to 'ap_memory'.
INFO: [RTGEN 206-500] Setting interface mode on port 'mmult_hw/b_41' to 'ap_memory'.
INFO: [RTGEN 206-500] Setting interface mode on port 'mmult_hw/out_r' to 'ap_memory'.
INFO: [RTGEN 206-500] Setting interface mode on function 'mmult_hw' to 'ap_ctrl_hs'.
INFO: [SYN 201-210] Renamed object name 'mmult_hw_fadd_32ns_32ns_32_5_full_dsp_1' to 'mmult_hw_fadd_32nbkb' due to the length limit 20
INFO: [SYN 201-210] Renamed object name 'mmult_hw_fmul_32ns_32ns_32_4_max_dsp_1' to 'mmult_hw_fmul_32ncud' due to the length limit 20
INFO: [SYN 201-210] Renamed object name 'mmult_hw_mac_muladd_6ns_7ns_6ns_12_1_1' to 'mmult_hw_mac_muladEe' due to the length limit 20
INFO: [RTGEN 206-104] Estimated max fanout for 'mmult_hw' is 25312 from HDL expression: ((1'b1 == ap_CS_fsm_pp0_stage1) & (1'b0 == ap_block_pp0_stage1_11001))
INFO: [RTGEN 206-100] Generating core module 'mmult_hw_fadd_32nbkb': 14 instance(s).
INFO: [RTGEN 206-100] Generating core module 'mmult_hw_fmul_32ncud': 14 instance(s).
INFO: [RTGEN 206-100] Generating core module 'mmult_hw_mac_muladEe': 1 instance(s).
INFO: [RTGEN 206-100] Finished creating RTL model for 'mmult_hw'.
INFO: [HLS 200-111]  Elapsed time: 4.057 seconds; current allocated memory: 88.343 MB.
INFO: [HLS 200-111] Finished generating all RTL models Time (s): cpu = 00:00:10 ; elapsed = 00:00:44 . Memory (MB): peak = 155.184 ; gain = 72.586
INFO: [SYSC 207-301] Generating SystemC RTL for mmult_hw.
INFO: [VHDL 208-304] Generating VHDL RTL for mmult_hw.
INFO: [VLOG 209-307] Generating Verilog RTL for mmult_hw.
INFO: [HLS 200-112] Total elapsed time: 43.747 seconds; peak allocated memory: 88.343 MB.
