19:20:25 INFO  : Registering command handlers for SDK TCF services
19:20:26 INFO  : Launching XSCT server: xsct.bat -interactive C:\Temp\code_de_depart_partie2\projet_sol2_2\projet_sol2_2.sdk\temp_xsdb_launch_script.tcl
19:20:28 INFO  : XSCT server has started successfully.
19:20:28 INFO  : Successfully done setting XSCT server connection channel  
19:20:28 INFO  : Successfully done setting SDK workspace  
19:20:28 INFO  : Processing command line option -hwspec C:/Temp/code_de_depart_partie2/projet_sol2_2/projet_sol2_2.sdk/design_1_wrapper.hdf.
19:38:58 INFO  : Connected to target on host '127.0.0.1' and port '3121'.
19:39:16 INFO  : ----------------XSDB Script----------------
connect -url tcp:127.0.0.1:3121
----------------End of Script----------------

19:39:29 INFO  : Connected to target on host '127.0.0.1' and port '3121'.
19:39:29 INFO  : Jtag cable 'Xilinx HW-FTDI-TEST FT2232H 1234-tulA' is selected.
19:39:29 INFO  : 'jtag frequency' command is executed.
19:39:29 INFO  : Sourcing of 'C:/Temp/code_de_depart_partie2/projet_sol2_2/projet_sol2_2.sdk/design_1_wrapper_hw_platform_0/ps7_init.tcl' is done.
19:39:29 INFO  : Context for 'APU' is selected.
19:39:29 INFO  : System reset is completed.
19:39:32 INFO  : 'after 3000' command is executed.
19:39:32 INFO  : 'targets -set -filter {jtag_cable_name =~ "Xilinx HW-FTDI-TEST FT2232H 1234-tulA" && level==0} -index 1' command is executed.
19:39:34 INFO  : FPGA configured successfully with bitstream "C:/Temp/code_de_depart_partie2/projet_sol2_2/projet_sol2_2.sdk/design_1_wrapper_hw_platform_0/design_1_wrapper.bit"
19:39:34 INFO  : Context for 'APU' is selected.
19:39:34 INFO  : Hardware design information is loaded from 'C:/Temp/code_de_depart_partie2/projet_sol2_2/projet_sol2_2.sdk/design_1_wrapper_hw_platform_0/system.hdf'.
19:39:34 INFO  : 'configparams force-mem-access 1' command is executed.
19:39:34 INFO  : Context for 'APU' is selected.
19:39:35 INFO  : 'ps7_init' command is executed.
19:39:35 INFO  : 'ps7_post_config' command is executed.
19:39:35 INFO  : 'configparams force-mem-access 0' command is executed.
19:39:35 INFO  : ----------------XSDB Script----------------
connect -url tcp:127.0.0.1:3121
source C:/Temp/code_de_depart_partie2/projet_sol2_2/projet_sol2_2.sdk/design_1_wrapper_hw_platform_0/ps7_init.tcl
targets -set -nocase -filter {name =~"APU*" && jtag_cable_name =~ "Xilinx HW-FTDI-TEST FT2232H 1234-tulA"} -index 0
rst -system
after 3000
targets -set -filter {jtag_cable_name =~ "Xilinx HW-FTDI-TEST FT2232H 1234-tulA" && level==0} -index 1
fpga -file C:/Temp/code_de_depart_partie2/projet_sol2_2/projet_sol2_2.sdk/design_1_wrapper_hw_platform_0/design_1_wrapper.bit
targets -set -nocase -filter {name =~"APU*" && jtag_cable_name =~ "Xilinx HW-FTDI-TEST FT2232H 1234-tulA"} -index 0
loadhw -hw C:/Temp/code_de_depart_partie2/projet_sol2_2/projet_sol2_2.sdk/design_1_wrapper_hw_platform_0/system.hdf -mem-ranges [list {0x40000000 0xbfffffff}]
configparams force-mem-access 1
targets -set -nocase -filter {name =~"APU*" && jtag_cable_name =~ "Xilinx HW-FTDI-TEST FT2232H 1234-tulA"} -index 0
ps7_init
ps7_post_config
configparams force-mem-access 0
----------------End of Script----------------

19:39:35 INFO  : Memory regions updated for context APU
19:39:35 INFO  : Launch script is exported to file 'C:\Temp\code_de_depart_partie2\projet_sol2_2\projet_sol2_2.sdk\.sdk\launch_scripts\xilinx_c-c++_application_(system_debugger)\system_debugger_on_local.tcl'
19:40:33 INFO  : Disconnected from the channel tcfchan#1.
19:40:34 INFO  : Connected to target on host '127.0.0.1' and port '3121'.
19:40:34 INFO  : Jtag cable 'Xilinx HW-FTDI-TEST FT2232H 1234-tulA' is selected.
19:40:34 INFO  : 'jtag frequency' command is executed.
19:40:34 INFO  : Sourcing of 'C:/Temp/code_de_depart_partie2/projet_sol2_2/projet_sol2_2.sdk/design_1_wrapper_hw_platform_0/ps7_init.tcl' is done.
19:40:34 INFO  : Context for 'APU' is selected.
19:40:34 INFO  : System reset is completed.
19:40:37 INFO  : 'after 3000' command is executed.
19:40:37 INFO  : 'targets -set -filter {jtag_cable_name =~ "Xilinx HW-FTDI-TEST FT2232H 1234-tulA" && level==0} -index 1' command is executed.
19:40:39 INFO  : FPGA configured successfully with bitstream "C:/Temp/code_de_depart_partie2/projet_sol2_2/projet_sol2_2.sdk/design_1_wrapper_hw_platform_0/design_1_wrapper.bit"
19:40:40 INFO  : Context for 'APU' is selected.
19:40:41 INFO  : Hardware design information is loaded from 'C:/Temp/code_de_depart_partie2/projet_sol2_2/projet_sol2_2.sdk/design_1_wrapper_hw_platform_0/system.hdf'.
19:40:41 INFO  : 'configparams force-mem-access 1' command is executed.
19:40:41 INFO  : Context for 'APU' is selected.
19:40:41 INFO  : 'ps7_init' command is executed.
19:40:41 INFO  : 'ps7_post_config' command is executed.
19:40:41 INFO  : 'configparams force-mem-access 0' command is executed.
19:40:41 INFO  : ----------------XSDB Script----------------
connect -url tcp:127.0.0.1:3121
source C:/Temp/code_de_depart_partie2/projet_sol2_2/projet_sol2_2.sdk/design_1_wrapper_hw_platform_0/ps7_init.tcl
targets -set -nocase -filter {name =~"APU*" && jtag_cable_name =~ "Xilinx HW-FTDI-TEST FT2232H 1234-tulA"} -index 0
rst -system
after 3000
targets -set -filter {jtag_cable_name =~ "Xilinx HW-FTDI-TEST FT2232H 1234-tulA" && level==0} -index 1
fpga -file C:/Temp/code_de_depart_partie2/projet_sol2_2/projet_sol2_2.sdk/design_1_wrapper_hw_platform_0/design_1_wrapper.bit
targets -set -nocase -filter {name =~"APU*" && jtag_cable_name =~ "Xilinx HW-FTDI-TEST FT2232H 1234-tulA"} -index 0
loadhw -hw C:/Temp/code_de_depart_partie2/projet_sol2_2/projet_sol2_2.sdk/design_1_wrapper_hw_platform_0/system.hdf -mem-ranges [list {0x40000000 0xbfffffff}]
configparams force-mem-access 1
targets -set -nocase -filter {name =~"APU*" && jtag_cable_name =~ "Xilinx HW-FTDI-TEST FT2232H 1234-tulA"} -index 0
ps7_init
ps7_post_config
configparams force-mem-access 0
----------------End of Script----------------

19:40:41 INFO  : Memory regions updated for context APU
19:40:41 INFO  : Launch script is exported to file 'C:\Temp\code_de_depart_partie2\projet_sol2_2\projet_sol2_2.sdk\.sdk\launch_scripts\xilinx_c-c++_application_(system_debugger)\system_debugger_on_local.tcl'
19:54:31 INFO  : Disconnected from the channel tcfchan#2.
19:54:32 INFO  : Connected to target on host '127.0.0.1' and port '3121'.
19:54:33 INFO  : Jtag cable 'Xilinx HW-FTDI-TEST FT2232H 1234-tulA' is selected.
19:54:33 INFO  : 'jtag frequency' command is executed.
19:54:33 INFO  : Sourcing of 'C:/Temp/code_de_depart_partie2/projet_sol2_2/projet_sol2_2.sdk/design_1_wrapper_hw_platform_0/ps7_init.tcl' is done.
19:54:33 INFO  : Context for 'APU' is selected.
19:54:33 INFO  : System reset is completed.
19:54:36 INFO  : 'after 3000' command is executed.
19:54:36 INFO  : 'targets -set -filter {jtag_cable_name =~ "Xilinx HW-FTDI-TEST FT2232H 1234-tulA" && level==0} -index 1' command is executed.
19:54:38 INFO  : FPGA configured successfully with bitstream "C:/Temp/code_de_depart_partie2/projet_sol2_2/projet_sol2_2.sdk/design_1_wrapper_hw_platform_0/design_1_wrapper.bit"
19:54:38 INFO  : Context for 'APU' is selected.
19:54:39 INFO  : Hardware design information is loaded from 'C:/Temp/code_de_depart_partie2/projet_sol2_2/projet_sol2_2.sdk/design_1_wrapper_hw_platform_0/system.hdf'.
19:54:39 INFO  : 'configparams force-mem-access 1' command is executed.
19:54:39 INFO  : Context for 'APU' is selected.
19:54:40 INFO  : 'ps7_init' command is executed.
19:54:40 INFO  : 'ps7_post_config' command is executed.
19:54:40 INFO  : 'configparams force-mem-access 0' command is executed.
19:54:40 INFO  : ----------------XSDB Script----------------
connect -url tcp:127.0.0.1:3121
source C:/Temp/code_de_depart_partie2/projet_sol2_2/projet_sol2_2.sdk/design_1_wrapper_hw_platform_0/ps7_init.tcl
targets -set -nocase -filter {name =~"APU*" && jtag_cable_name =~ "Xilinx HW-FTDI-TEST FT2232H 1234-tulA"} -index 0
rst -system
after 3000
targets -set -filter {jtag_cable_name =~ "Xilinx HW-FTDI-TEST FT2232H 1234-tulA" && level==0} -index 1
fpga -file C:/Temp/code_de_depart_partie2/projet_sol2_2/projet_sol2_2.sdk/design_1_wrapper_hw_platform_0/design_1_wrapper.bit
targets -set -nocase -filter {name =~"APU*" && jtag_cable_name =~ "Xilinx HW-FTDI-TEST FT2232H 1234-tulA"} -index 0
loadhw -hw C:/Temp/code_de_depart_partie2/projet_sol2_2/projet_sol2_2.sdk/design_1_wrapper_hw_platform_0/system.hdf -mem-ranges [list {0x40000000 0xbfffffff}]
configparams force-mem-access 1
targets -set -nocase -filter {name =~"APU*" && jtag_cable_name =~ "Xilinx HW-FTDI-TEST FT2232H 1234-tulA"} -index 0
ps7_init
ps7_post_config
configparams force-mem-access 0
----------------End of Script----------------

19:54:40 INFO  : Memory regions updated for context APU
19:54:40 INFO  : Launch script is exported to file 'C:\Temp\code_de_depart_partie2\projet_sol2_2\projet_sol2_2.sdk\.sdk\launch_scripts\xilinx_c-c++_application_(system_debugger)\system_debugger_on_local.tcl'
19:55:32 INFO  : Disconnected from the channel tcfchan#3.
19:55:33 INFO  : Connected to target on host '127.0.0.1' and port '3121'.
19:55:33 INFO  : Jtag cable 'Xilinx HW-FTDI-TEST FT2232H 1234-tulA' is selected.
19:55:33 INFO  : 'jtag frequency' command is executed.
19:55:33 INFO  : Sourcing of 'C:/Temp/code_de_depart_partie2/projet_sol2_2/projet_sol2_2.sdk/design_1_wrapper_hw_platform_0/ps7_init.tcl' is done.
19:55:33 INFO  : Context for 'APU' is selected.
19:55:33 INFO  : System reset is completed.
19:55:36 INFO  : 'after 3000' command is executed.
19:55:36 INFO  : 'targets -set -filter {jtag_cable_name =~ "Xilinx HW-FTDI-TEST FT2232H 1234-tulA" && level==0} -index 1' command is executed.
19:55:39 INFO  : FPGA configured successfully with bitstream "C:/Temp/code_de_depart_partie2/projet_sol2_2/projet_sol2_2.sdk/design_1_wrapper_hw_platform_0/design_1_wrapper.bit"
19:55:39 INFO  : Context for 'APU' is selected.
19:55:40 INFO  : Hardware design information is loaded from 'C:/Temp/code_de_depart_partie2/projet_sol2_2/projet_sol2_2.sdk/design_1_wrapper_hw_platform_0/system.hdf'.
19:55:40 INFO  : 'configparams force-mem-access 1' command is executed.
19:55:40 INFO  : Context for 'APU' is selected.
19:55:40 INFO  : 'ps7_init' command is executed.
19:55:40 INFO  : 'ps7_post_config' command is executed.
19:55:40 INFO  : 'configparams force-mem-access 0' command is executed.
19:55:40 INFO  : ----------------XSDB Script----------------
connect -url tcp:127.0.0.1:3121
source C:/Temp/code_de_depart_partie2/projet_sol2_2/projet_sol2_2.sdk/design_1_wrapper_hw_platform_0/ps7_init.tcl
targets -set -nocase -filter {name =~"APU*" && jtag_cable_name =~ "Xilinx HW-FTDI-TEST FT2232H 1234-tulA"} -index 0
rst -system
after 3000
targets -set -filter {jtag_cable_name =~ "Xilinx HW-FTDI-TEST FT2232H 1234-tulA" && level==0} -index 1
fpga -file C:/Temp/code_de_depart_partie2/projet_sol2_2/projet_sol2_2.sdk/design_1_wrapper_hw_platform_0/design_1_wrapper.bit
targets -set -nocase -filter {name =~"APU*" && jtag_cable_name =~ "Xilinx HW-FTDI-TEST FT2232H 1234-tulA"} -index 0
loadhw -hw C:/Temp/code_de_depart_partie2/projet_sol2_2/projet_sol2_2.sdk/design_1_wrapper_hw_platform_0/system.hdf -mem-ranges [list {0x40000000 0xbfffffff}]
configparams force-mem-access 1
targets -set -nocase -filter {name =~"APU*" && jtag_cable_name =~ "Xilinx HW-FTDI-TEST FT2232H 1234-tulA"} -index 0
ps7_init
ps7_post_config
configparams force-mem-access 0
----------------End of Script----------------

19:55:40 INFO  : Memory regions updated for context APU
19:55:40 INFO  : Launch script is exported to file 'C:\Temp\code_de_depart_partie2\projet_sol2_2\projet_sol2_2.sdk\.sdk\launch_scripts\xilinx_c-c++_application_(system_debugger)\system_debugger_on_local.tcl'
19:57:07 INFO  : Disconnected from the channel tcfchan#4.
19:57:08 INFO  : Connected to target on host '127.0.0.1' and port '3121'.
19:57:08 INFO  : Jtag cable 'Xilinx HW-FTDI-TEST FT2232H 1234-tulA' is selected.
19:57:08 INFO  : 'jtag frequency' command is executed.
19:57:08 INFO  : Sourcing of 'C:/Temp/code_de_depart_partie2/projet_sol2_2/projet_sol2_2.sdk/design_1_wrapper_hw_platform_0/ps7_init.tcl' is done.
19:57:08 INFO  : Context for 'APU' is selected.
19:57:09 INFO  : System reset is completed.
19:57:12 INFO  : 'after 3000' command is executed.
19:57:12 INFO  : 'targets -set -filter {jtag_cable_name =~ "Xilinx HW-FTDI-TEST FT2232H 1234-tulA" && level==0} -index 1' command is executed.
19:57:14 INFO  : FPGA configured successfully with bitstream "C:/Temp/code_de_depart_partie2/projet_sol2_2/projet_sol2_2.sdk/design_1_wrapper_hw_platform_0/design_1_wrapper.bit"
19:57:14 INFO  : Context for 'APU' is selected.
19:57:15 INFO  : Hardware design information is loaded from 'C:/Temp/code_de_depart_partie2/projet_sol2_2/projet_sol2_2.sdk/design_1_wrapper_hw_platform_0/system.hdf'.
19:57:15 INFO  : 'configparams force-mem-access 1' command is executed.
19:57:15 INFO  : Context for 'APU' is selected.
19:57:16 INFO  : 'ps7_init' command is executed.
19:57:16 INFO  : 'ps7_post_config' command is executed.
19:57:16 INFO  : Context for processor 'ps7_cortexa9_0' is selected.
19:57:16 INFO  : The application 'C:/Temp/code_de_depart_partie2/projet_sol2_2/projet_sol2_2.sdk/test2_2/Debug/test2_2.elf' is downloaded to processor 'ps7_cortexa9_0'.
19:57:16 INFO  : 'configparams force-mem-access 0' command is executed.
19:57:16 INFO  : ----------------XSDB Script----------------
connect -url tcp:127.0.0.1:3121
source C:/Temp/code_de_depart_partie2/projet_sol2_2/projet_sol2_2.sdk/design_1_wrapper_hw_platform_0/ps7_init.tcl
targets -set -nocase -filter {name =~"APU*" && jtag_cable_name =~ "Xilinx HW-FTDI-TEST FT2232H 1234-tulA"} -index 0
rst -system
after 3000
targets -set -filter {jtag_cable_name =~ "Xilinx HW-FTDI-TEST FT2232H 1234-tulA" && level==0} -index 1
fpga -file C:/Temp/code_de_depart_partie2/projet_sol2_2/projet_sol2_2.sdk/design_1_wrapper_hw_platform_0/design_1_wrapper.bit
targets -set -nocase -filter {name =~"APU*" && jtag_cable_name =~ "Xilinx HW-FTDI-TEST FT2232H 1234-tulA"} -index 0
loadhw -hw C:/Temp/code_de_depart_partie2/projet_sol2_2/projet_sol2_2.sdk/design_1_wrapper_hw_platform_0/system.hdf -mem-ranges [list {0x40000000 0xbfffffff}]
configparams force-mem-access 1
targets -set -nocase -filter {name =~"APU*" && jtag_cable_name =~ "Xilinx HW-FTDI-TEST FT2232H 1234-tulA"} -index 0
ps7_init
ps7_post_config
targets -set -nocase -filter {name =~ "ARM*#0" && jtag_cable_name =~ "Xilinx HW-FTDI-TEST FT2232H 1234-tulA"} -index 0
dow C:/Temp/code_de_depart_partie2/projet_sol2_2/projet_sol2_2.sdk/test2_2/Debug/test2_2.elf
configparams force-mem-access 0
----------------End of Script----------------

19:57:16 INFO  : Memory regions updated for context APU
19:57:16 INFO  : Context for processor 'ps7_cortexa9_0' is selected.
19:57:16 INFO  : 'con' command is executed.
19:57:16 INFO  : ----------------XSDB Script (After Launch)----------------
targets -set -nocase -filter {name =~ "ARM*#0" && jtag_cable_name =~ "Xilinx HW-FTDI-TEST FT2232H 1234-tulA"} -index 0
con
----------------End of Script----------------

19:57:16 INFO  : Launch script is exported to file 'C:\Temp\code_de_depart_partie2\projet_sol2_2\projet_sol2_2.sdk\.sdk\launch_scripts\xilinx_c-c++_application_(system_debugger)\system_debugger_on_local.tcl'
20:02:43 INFO  : Disconnected from the channel tcfchan#5.
