INFO: [HLS 200-10] Running 'C:/Xilinx/Vivado/2018.3/bin/unwrapped/win64.o/vivado_hls.exe'
INFO: [HLS 200-10] For user 'lexoi' on host 'yacine' (Windows NT_amd64 version 6.2) on Wed Dec 04 01:20:06 -0500 2024
INFO: [HLS 200-10] In directory 'C:/Users/lexoi/OneDrive/Bureau/Automne2024/INF3610/lab2/code_de_depart/hls_architecture2/architecture_exploration'
INFO: [HLS 200-10] Opening project 'C:/Users/lexoi/OneDrive/Bureau/Automne2024/INF3610/lab2/code_de_depart/hls_architecture2/architecture_exploration/hls_mmult_prj'.
INFO: [HLS 200-10] Adding design file 'mmult_accel.cpp' to the project
INFO: [HLS 200-10] Adding test bench file 'mmult_test.cpp' to the project
INFO: [HLS 200-10] Opening solution 'C:/Users/lexoi/OneDrive/Bureau/Automne2024/INF3610/lab2/code_de_depart/hls_architecture2/architecture_exploration/hls_mmult_prj/solution2_2'.
INFO: [SYN 201-201] Setting up clock 'default' with a period of 10ns.
INFO: [HLS 200-10] Setting target device to 'xc7z020clg484-1'
INFO: [SCHED 204-61] Option 'relax_ii_for_timing' is enabled, will increase II to preserve clock frequency constraints.
INFO: [HLS 200-10] Analyzing design file 'mmult_accel.cpp' ... 
INFO: [HLS 200-111] Finished Linking Time (s): cpu = 00:00:01 ; elapsed = 00:00:15 . Memory (MB): peak = 102.934 ; gain = 18.375
INFO: [HLS 200-111] Finished Checking Pragmas Time (s): cpu = 00:00:01 ; elapsed = 00:00:15 . Memory (MB): peak = 102.934 ; gain = 18.375
INFO: [HLS 200-10] Starting code transformations ...
INFO: [HLS 200-111] Finished Standard Transforms Time (s): cpu = 00:00:01 ; elapsed = 00:00:16 . Memory (MB): peak = 104.309 ; gain = 19.750
INFO: [HLS 200-10] Checking synthesizability ...
INFO: [HLS 200-111] Finished Checking Synthesizability Time (s): cpu = 00:00:01 ; elapsed = 00:00:16 . Memory (MB): peak = 104.566 ; gain = 20.008
INFO: [XFORM 203-502] Unrolling all sub-loops inside loop 'L2' (mmult_accel.cpp:17) in function 'mmult_hw' for pipelining.
INFO: [HLS 200-489] Unrolling loop 'L3' (mmult_accel.cpp:21) in function 'mmult_hw' completely with a factor of 54.
INFO: [XFORM 203-101] Partitioning array 'a' (mmult_accel.cpp:11) in dimension 2 completely.
INFO: [XFORM 203-101] Partitioning array 'b' (mmult_accel.cpp:11) in dimension 1 completely.
INFO: [HLS 200-111] Finished Pre-synthesis Time (s): cpu = 00:00:01 ; elapsed = 00:00:16 . Memory (MB): peak = 127.289 ; gain = 42.730
INFO: [XFORM 203-541] Flattening a loop nest 'L1' (mmult_accel.cpp:16:3) in function 'mmult_hw'.
INFO: [HLS 200-111] Finished Architecture Synthesis Time (s): cpu = 00:00:02 ; elapsed = 00:00:17 . Memory (MB): peak = 127.480 ; gain = 42.922
INFO: [HLS 200-10] Starting hardware synthesis ...
INFO: [HLS 200-10] Synthesizing 'mmult_hw' ...
WARNING: [SYN 201-107] Renaming port name 'mmult_hw/out' to 'mmult_hw/out_r' to avoid the conflict with HDL keywords or other object names.
INFO: [HLS 200-10] ----------------------------------------------------------------
INFO: [HLS 200-42] -- Implementing module 'mmult_hw' 
INFO: [HLS 200-10] ----------------------------------------------------------------
INFO: [SCHED 204-11] Starting scheduling ...
INFO: [SCHED 204-61] Pipelining loop 'L1_L2'.
INFO: [SCHED 204-61] Pipelining result : Target II = 1, Final II = 1, Depth = 277.
WARNING: [SCHED 204-21] Estimated clock period (9.634ns) exceeds the target (target clock period: 10ns, clock uncertainty: 1.25ns, effective delay budget: 8.75ns).
WARNING: [SCHED 204-21] The critical path in module 'mmult_hw' consists of the following:
	'mul' operation of DSP[243] ('tmp', mmult_accel.cpp:22) [237]  (3.36 ns)
	'add' operation of DSP[243] ('tmp_1', mmult_accel.cpp:22) [243]  (3.02 ns)
	'getelementptr' operation ('out_addr', mmult_accel.cpp:22) [245]  (0 ns)
	'store' operation (mmult_accel.cpp:22) of variable 'sum_1_52', mmult_accel.cpp:21 on array 'out_r' [570]  (3.25 ns)
INFO: [SCHED 204-11] Finished scheduling.
INFO: [HLS 200-111]  Elapsed time: 18.027 seconds; current allocated memory: 81.568 MB.
INFO: [BIND 205-100] Starting micro-architecture generation ...
INFO: [BIND 205-101] Performing variable lifetime analysis.
INFO: [BIND 205-101] Exploring resource sharing.
INFO: [BIND 205-101] Binding ...
INFO: [BIND 205-100] Finished micro-architecture generation.
INFO: [HLS 200-111]  Elapsed time: 0.976 seconds; current allocated memory: 84.940 MB.
INFO: [HLS 200-10] ----------------------------------------------------------------
INFO: [HLS 200-10] -- Generating RTL for module 'mmult_hw' 
INFO: [HLS 200-10] ----------------------------------------------------------------
INFO: [RTGEN 206-500] Setting interface mode on port 'mmult_hw/a_0' to 'ap_memory'.
INFO: [RTGEN 206-500] Setting interface mode on port 'mmult_hw/a_1' to 'ap_memory'.
INFO: [RTGEN 206-500] Setting interface mode on port 'mmult_hw/a_2' to 'ap_memory'.
INFO: [RTGEN 206-500] Setting interface mode on port 'mmult_hw/a_3' to 'ap_memory'.
INFO: [RTGEN 206-500] Setting interface mode on port 'mmult_hw/a_4' to 'ap_memory'.
INFO: [RTGEN 206-500] Setting interface mode on port 'mmult_hw/a_5' to 'ap_memory'.
INFO: [RTGEN 206-500] Setting interface mode on port 'mmult_hw/a_6' to 'ap_memory'.
INFO: [RTGEN 206-500] Setting interface mode on port 'mmult_hw/a_7' to 'ap_memory'.
INFO: [RTGEN 206-500] Setting interface mode on port 'mmult_hw/a_8' to 'ap_memory'.
INFO: [RTGEN 206-500] Setting interface mode on port 'mmult_hw/a_9' to 'ap_memory'.
INFO: [RTGEN 206-500] Setting interface mode on port 'mmult_hw/a_10' to 'ap_memory'.
INFO: [RTGEN 206-500] Setting interface mode on port 'mmult_hw/a_11' to 'ap_memory'.
INFO: [RTGEN 206-500] Setting interface mode on port 'mmult_hw/a_12' to 'ap_memory'.
INFO: [RTGEN 206-500] Setting interface mode on port 'mmult_hw/a_13' to 'ap_memory'.
INFO: [RTGEN 206-500] Setting interface mode on port 'mmult_hw/a_14' to 'ap_memory'.
INFO: [RTGEN 206-500] Setting interface mode on port 'mmult_hw/a_15' to 'ap_memory'.
INFO: [RTGEN 206-500] Setting interface mode on port 'mmult_hw/a_16' to 'ap_memory'.
INFO: [RTGEN 206-500] Setting interface mode on port 'mmult_hw/a_17' to 'ap_memory'.
INFO: [RTGEN 206-500] Setting interface mode on port 'mmult_hw/a_18' to 'ap_memory'.
INFO: [RTGEN 206-500] Setting interface mode on port 'mmult_hw/a_19' to 'ap_memory'.
INFO: [RTGEN 206-500] Setting interface mode on port 'mmult_hw/a_20' to 'ap_memory'.
INFO: [RTGEN 206-500] Setting interface mode on port 'mmult_hw/a_21' to 'ap_memory'.
INFO: [RTGEN 206-500] Setting interface mode on port 'mmult_hw/a_22' to 'ap_memory'.
INFO: [RTGEN 206-500] Setting interface mode on port 'mmult_hw/a_23' to 'ap_memory'.
INFO: [RTGEN 206-500] Setting interface mode on port 'mmult_hw/a_24' to 'ap_memory'.
INFO: [RTGEN 206-500] Setting interface mode on port 'mmult_hw/a_25' to 'ap_memory'.
INFO: [RTGEN 206-500] Setting interface mode on port 'mmult_hw/a_26' to 'ap_memory'.
INFO: [RTGEN 206-500] Setting interface mode on port 'mmult_hw/a_27' to 'ap_memory'.
INFO: [RTGEN 206-500] Setting interface mode on port 'mmult_hw/a_28' to 'ap_memory'.
INFO: [RTGEN 206-500] Setting interface mode on port 'mmult_hw/a_29' to 'ap_memory'.
INFO: [RTGEN 206-500] Setting interface mode on port 'mmult_hw/a_30' to 'ap_memory'.
INFO: [RTGEN 206-500] Setting interface mode on port 'mmult_hw/a_31' to 'ap_memory'.
INFO: [RTGEN 206-500] Setting interface mode on port 'mmult_hw/a_32' to 'ap_memory'.
INFO: [RTGEN 206-500] Setting interface mode on port 'mmult_hw/a_33' to 'ap_memory'.
INFO: [RTGEN 206-500] Setting interface mode on port 'mmult_hw/a_34' to 'ap_memory'.
INFO: [RTGEN 206-500] Setting interface mode on port 'mmult_hw/a_35' to 'ap_memory'.
INFO: [RTGEN 206-500] Setting interface mode on port 'mmult_hw/a_36' to 'ap_memory'.
INFO: [RTGEN 206-500] Setting interface mode on port 'mmult_hw/a_37' to 'ap_memory'.
INFO: [RTGEN 206-500] Setting interface mode on port 'mmult_hw/a_38' to 'ap_memory'.
INFO: [RTGEN 206-500] Setting interface mode on port 'mmult_hw/a_39' to 'ap_memory'.
INFO: [RTGEN 206-500] Setting interface mode on port 'mmult_hw/a_40' to 'ap_memory'.
INFO: [RTGEN 206-500] Setting interface mode on port 'mmult_hw/a_41' to 'ap_memory'.
INFO: [RTGEN 206-500] Setting interface mode on port 'mmult_hw/a_42' to 'ap_memory'.
INFO: [RTGEN 206-500] Setting interface mode on port 'mmult_hw/a_43' to 'ap_memory'.
INFO: [RTGEN 206-500] Setting interface mode on port 'mmult_hw/a_44' to 'ap_memory'.
INFO: [RTGEN 206-500] Setting interface mode on port 'mmult_hw/a_45' to 'ap_memory'.
INFO: [RTGEN 206-500] Setting interface mode on port 'mmult_hw/a_46' to 'ap_memory'.
INFO: [RTGEN 206-500] Setting interface mode on port 'mmult_hw/a_47' to 'ap_memory'.
INFO: [RTGEN 206-500] Setting interface mode on port 'mmult_hw/a_48' to 'ap_memory'.
INFO: [RTGEN 206-500] Setting interface mode on port 'mmult_hw/a_49' to 'ap_memory'.
INFO: [RTGEN 206-500] Setting interface mode on port 'mmult_hw/a_50' to 'ap_memory'.
INFO: [RTGEN 206-500] Setting interface mode on port 'mmult_hw/a_51' to 'ap_memory'.
INFO: [RTGEN 206-500] Setting interface mode on port 'mmult_hw/a_52' to 'ap_memory'.
INFO: [RTGEN 206-500] Setting interface mode on port 'mmult_hw/a_53' to 'ap_memory'.
INFO: [RTGEN 206-500] Setting interface mode on port 'mmult_hw/b_0' to 'ap_memory'.
INFO: [RTGEN 206-500] Setting interface mode on port 'mmult_hw/b_1' to 'ap_memory'.
INFO: [RTGEN 206-500] Setting interface mode on port 'mmult_hw/b_2' to 'ap_memory'.
INFO: [RTGEN 206-500] Setting interface mode on port 'mmult_hw/b_3' to 'ap_memory'.
INFO: [RTGEN 206-500] Setting interface mode on port 'mmult_hw/b_4' to 'ap_memory'.
INFO: [RTGEN 206-500] Setting interface mode on port 'mmult_hw/b_5' to 'ap_memory'.
INFO: [RTGEN 206-500] Setting interface mode on port 'mmult_hw/b_6' to 'ap_memory'.
INFO: [RTGEN 206-500] Setting interface mode on port 'mmult_hw/b_7' to 'ap_memory'.
INFO: [RTGEN 206-500] Setting interface mode on port 'mmult_hw/b_8' to 'ap_memory'.
INFO: [RTGEN 206-500] Setting interface mode on port 'mmult_hw/b_9' to 'ap_memory'.
INFO: [RTGEN 206-500] Setting interface mode on port 'mmult_hw/b_10' to 'ap_memory'.
INFO: [RTGEN 206-500] Setting interface mode on port 'mmult_hw/b_11' to 'ap_memory'.
INFO: [RTGEN 206-500] Setting interface mode on port 'mmult_hw/b_12' to 'ap_memory'.
INFO: [RTGEN 206-500] Setting interface mode on port 'mmult_hw/b_13' to 'ap_memory'.
INFO: [RTGEN 206-500] Setting interface mode on port 'mmult_hw/b_14' to 'ap_memory'.
INFO: [RTGEN 206-500] Setting interface mode on port 'mmult_hw/b_15' to 'ap_memory'.
INFO: [RTGEN 206-500] Setting interface mode on port 'mmult_hw/b_16' to 'ap_memory'.
INFO: [RTGEN 206-500] Setting interface mode on port 'mmult_hw/b_17' to 'ap_memory'.
INFO: [RTGEN 206-500] Setting interface mode on port 'mmult_hw/b_18' to 'ap_memory'.
INFO: [RTGEN 206-500] Setting interface mode on port 'mmult_hw/b_19' to 'ap_memory'.
INFO: [RTGEN 206-500] Setting interface mode on port 'mmult_hw/b_20' to 'ap_memory'.
INFO: [RTGEN 206-500] Setting interface mode on port 'mmult_hw/b_21' to 'ap_memory'.
INFO: [RTGEN 206-500] Setting interface mode on port 'mmult_hw/b_22' to 'ap_memory'.
INFO: [RTGEN 206-500] Setting interface mode on port 'mmult_hw/b_23' to 'ap_memory'.
INFO: [RTGEN 206-500] Setting interface mode on port 'mmult_hw/b_24' to 'ap_memory'.
INFO: [RTGEN 206-500] Setting interface mode on port 'mmult_hw/b_25' to 'ap_memory'.
INFO: [RTGEN 206-500] Setting interface mode on port 'mmult_hw/b_26' to 'ap_memory'.
INFO: [RTGEN 206-500] Setting interface mode on port 'mmult_hw/b_27' to 'ap_memory'.
INFO: [RTGEN 206-500] Setting interface mode on port 'mmult_hw/b_28' to 'ap_memory'.
INFO: [RTGEN 206-500] Setting interface mode on port 'mmult_hw/b_29' to 'ap_memory'.
INFO: [RTGEN 206-500] Setting interface mode on port 'mmult_hw/b_30' to 'ap_memory'.
INFO: [RTGEN 206-500] Setting interface mode on port 'mmult_hw/b_31' to 'ap_memory'.
INFO: [RTGEN 206-500] Setting interface mode on port 'mmult_hw/b_32' to 'ap_memory'.
INFO: [RTGEN 206-500] Setting interface mode on port 'mmult_hw/b_33' to 'ap_memory'.
INFO: [RTGEN 206-500] Setting interface mode on port 'mmult_hw/b_34' to 'ap_memory'.
INFO: [RTGEN 206-500] Setting interface mode on port 'mmult_hw/b_35' to 'ap_memory'.
INFO: [RTGEN 206-500] Setting interface mode on port 'mmult_hw/b_36' to 'ap_memory'.
INFO: [RTGEN 206-500] Setting interface mode on port 'mmult_hw/b_37' to 'ap_memory'.
INFO: [RTGEN 206-500] Setting interface mode on port 'mmult_hw/b_38' to 'ap_memory'.
INFO: [RTGEN 206-500] Setting interface mode on port 'mmult_hw/b_39' to 'ap_memory'.
INFO: [RTGEN 206-500] Setting interface mode on port 'mmult_hw/b_40' to 'ap_memory'.
INFO: [RTGEN 206-500] Setting interface mode on port 'mmult_hw/b_41' to 'ap_memory'.
INFO: [RTGEN 206-500] Setting interface mode on port 'mmult_hw/b_42' to 'ap_memory'.
INFO: [RTGEN 206-500] Setting interface mode on port 'mmult_hw/b_43' to 'ap_memory'.
INFO: [RTGEN 206-500] Setting interface mode on port 'mmult_hw/b_44' to 'ap_memory'.
INFO: [RTGEN 206-500] Setting interface mode on port 'mmult_hw/b_45' to 'ap_memory'.
INFO: [RTGEN 206-500] Setting interface mode on port 'mmult_hw/b_46' to 'ap_memory'.
INFO: [RTGEN 206-500] Setting interface mode on port 'mmult_hw/b_47' to 'ap_memory'.
INFO: [RTGEN 206-500] Setting interface mode on port 'mmult_hw/b_48' to 'ap_memory'.
INFO: [RTGEN 206-500] Setting interface mode on port 'mmult_hw/b_49' to 'ap_memory'.
INFO: [RTGEN 206-500] Setting interface mode on port 'mmult_hw/b_50' to 'ap_memory'.
INFO: [RTGEN 206-500] Setting interface mode on port 'mmult_hw/b_51' to 'ap_memory'.
INFO: [RTGEN 206-500] Setting interface mode on port 'mmult_hw/b_52' to 'ap_memory'.
INFO: [RTGEN 206-500] Setting interface mode on port 'mmult_hw/b_53' to 'ap_memory'.
INFO: [RTGEN 206-500] Setting interface mode on port 'mmult_hw/out_r' to 'ap_memory'.
INFO: [RTGEN 206-500] Setting interface mode on function 'mmult_hw' to 'ap_ctrl_hs'.
INFO: [SYN 201-210] Renamed object name 'mmult_hw_hadd_16ns_16ns_16_5_full_dsp_1' to 'mmult_hw_hadd_16nbkb' due to the length limit 20
INFO: [SYN 201-210] Renamed object name 'mmult_hw_hmul_16ns_16ns_16_4_max_dsp_1' to 'mmult_hw_hmul_16ncud' due to the length limit 20
INFO: [SYN 201-210] Renamed object name 'mmult_hw_mac_muladd_6ns_7ns_6ns_12_1_1' to 'mmult_hw_mac_muladEe' due to the length limit 20
INFO: [RTGEN 206-104] Estimated max fanout for 'mmult_hw' is 37226 from HDL expression: (1'b0 == ap_block_pp0_stage0_11001)
INFO: [RTGEN 206-100] Generating core module 'mmult_hw_hadd_16nbkb': 54 instance(s).
INFO: [RTGEN 206-100] Generating core module 'mmult_hw_hmul_16ncud': 54 instance(s).
INFO: [RTGEN 206-100] Generating core module 'mmult_hw_mac_muladEe': 1 instance(s).
INFO: [RTGEN 206-100] Finished creating RTL model for 'mmult_hw'.
INFO: [HLS 200-111]  Elapsed time: 4.181 seconds; current allocated memory: 94.875 MB.
INFO: [HLS 200-111] Finished generating all RTL models Time (s): cpu = 00:00:14 ; elapsed = 00:00:50 . Memory (MB): peak = 167.152 ; gain = 82.594
INFO: [SYSC 207-301] Generating SystemC RTL for mmult_hw.
INFO: [VHDL 208-304] Generating VHDL RTL for mmult_hw.
INFO: [VLOG 209-307] Generating Verilog RTL for mmult_hw.
INFO: [HLS 200-112] Total elapsed time: 49.738 seconds; peak allocated memory: 94.875 MB.
